[2021-03-22 03:35:54,008] {taskinstance.py:851} INFO - Dependencies all met for <TaskInstance: Annotation-Pipeline.UploadFilesToS3 2021-03-22T07:35:50.298529+00:00 [queued]>
[2021-03-22 03:35:54,012] {taskinstance.py:851} INFO - Dependencies all met for <TaskInstance: Annotation-Pipeline.UploadFilesToS3 2021-03-22T07:35:50.298529+00:00 [queued]>
[2021-03-22 03:35:54,013] {taskinstance.py:1042} INFO - 
--------------------------------------------------------------------------------
[2021-03-22 03:35:54,013] {taskinstance.py:1043} INFO - Starting attempt 1 of 1
[2021-03-22 03:35:54,013] {taskinstance.py:1044} INFO - 
--------------------------------------------------------------------------------
[2021-03-22 03:35:54,017] {taskinstance.py:1063} INFO - Executing <Task(PythonOperator): UploadFilesToS3> on 2021-03-22T07:35:50.298529+00:00
[2021-03-22 03:35:54,020] {standard_task_runner.py:52} INFO - Started process 29742 to run task
[2021-03-22 03:35:54,026] {standard_task_runner.py:76} INFO - Running: ['airflow', 'tasks', 'run', 'Annotation-Pipeline', 'UploadFilesToS3', '2021-03-22T07:35:50.298529+00:00', '--job-id', '15', '--pool', 'default_pool', '--raw', '--subdir', 'DAGS_FOLDER/annotate_dag.py', '--cfg-path', '/var/folders/72/wg5j0dn16kg6cvrgzdsd9q380000gn/T/tmpi3jrnl8i', '--error-file', '/var/folders/72/wg5j0dn16kg6cvrgzdsd9q380000gn/T/tmp1_qtefxi']
[2021-03-22 03:35:54,027] {standard_task_runner.py:77} INFO - Job 15: Subtask UploadFilesToS3
[2021-03-22 03:35:54,053] {logging_mixin.py:104} INFO - Running <TaskInstance: Annotation-Pipeline.UploadFilesToS3 2021-03-22T07:35:50.298529+00:00 [running]> on host 1.0.0.0.0.0.0.0.0.0.0.0.0.0.0.0.0.0.0.0.0.0.0.0.0.0.0.0.0.0.0.0.ip6.arpa
[2021-03-22 03:35:54,071] {taskinstance.py:1257} INFO - Exporting the following env vars:
AIRFLOW_CTX_DAG_OWNER=airflow
AIRFLOW_CTX_DAG_ID=Annotation-Pipeline
AIRFLOW_CTX_TASK_ID=UploadFilesToS3
AIRFLOW_CTX_EXECUTION_DATE=2021-03-22T07:35:50.298529+00:00
AIRFLOW_CTX_DAG_RUN_ID=manual__2021-03-22T07:35:50.298529+00:00
[2021-03-22 03:35:57,033] {logging_mixin.py:104} INFO - Files uploaded in S3 bucket!
[2021-03-22 03:35:57,035] {python.py:118} INFO - Done. Returned value was: None
[2021-03-22 03:35:57,038] {taskinstance.py:1166} INFO - Marking task as SUCCESS. dag_id=Annotation-Pipeline, task_id=UploadFilesToS3, execution_date=20210322T073550, start_date=20210322T073554, end_date=20210322T073557
[2021-03-22 03:35:57,048] {taskinstance.py:1220} INFO - 1 downstream tasks scheduled from follow-on schedule check
[2021-03-22 03:35:57,066] {local_task_job.py:146} INFO - Task exited with return code 0
