[2021-03-22 02:58:01,915] {taskinstance.py:851} INFO - Dependencies all met for <TaskInstance: CNN-Training-Pipeline.UploadFilesToS3 2021-03-22T06:57:55.628844+00:00 [queued]>
[2021-03-22 02:58:01,923] {taskinstance.py:851} INFO - Dependencies all met for <TaskInstance: CNN-Training-Pipeline.UploadFilesToS3 2021-03-22T06:57:55.628844+00:00 [queued]>
[2021-03-22 02:58:01,923] {taskinstance.py:1042} INFO - 
--------------------------------------------------------------------------------
[2021-03-22 02:58:01,923] {taskinstance.py:1043} INFO - Starting attempt 1 of 1
[2021-03-22 02:58:01,923] {taskinstance.py:1044} INFO - 
--------------------------------------------------------------------------------
[2021-03-22 02:58:01,932] {taskinstance.py:1063} INFO - Executing <Task(PythonOperator): UploadFilesToS3> on 2021-03-22T06:57:55.628844+00:00
[2021-03-22 02:58:01,936] {standard_task_runner.py:52} INFO - Started process 27266 to run task
[2021-03-22 02:58:01,946] {standard_task_runner.py:76} INFO - Running: ['airflow', 'tasks', 'run', 'CNN-Training-Pipeline', 'UploadFilesToS3', '2021-03-22T06:57:55.628844+00:00', '--job-id', '4', '--pool', 'default_pool', '--raw', '--subdir', 'DAGS_FOLDER/annotate_dag.py', '--cfg-path', '/var/folders/72/wg5j0dn16kg6cvrgzdsd9q380000gn/T/tmp06xi9z3r', '--error-file', '/var/folders/72/wg5j0dn16kg6cvrgzdsd9q380000gn/T/tmp8onb6ho1']
[2021-03-22 02:58:01,947] {standard_task_runner.py:77} INFO - Job 4: Subtask UploadFilesToS3
[2021-03-22 02:58:01,992] {logging_mixin.py:104} INFO - Running <TaskInstance: CNN-Training-Pipeline.UploadFilesToS3 2021-03-22T06:57:55.628844+00:00 [running]> on host 1.0.0.0.0.0.0.0.0.0.0.0.0.0.0.0.0.0.0.0.0.0.0.0.0.0.0.0.0.0.0.0.ip6.arpa
[2021-03-22 02:58:02,023] {taskinstance.py:1257} INFO - Exporting the following env vars:
AIRFLOW_CTX_DAG_OWNER=airflow
AIRFLOW_CTX_DAG_ID=CNN-Training-Pipeline
AIRFLOW_CTX_TASK_ID=UploadFilesToS3
AIRFLOW_CTX_EXECUTION_DATE=2021-03-22T06:57:55.628844+00:00
AIRFLOW_CTX_DAG_RUN_ID=manual__2021-03-22T06:57:55.628844+00:00
[2021-03-22 02:58:04,860] {logging_mixin.py:104} INFO - Files uploaded in S3 bucket!
[2021-03-22 02:58:04,863] {python.py:118} INFO - Done. Returned value was: None
[2021-03-22 02:58:04,870] {taskinstance.py:1166} INFO - Marking task as SUCCESS. dag_id=CNN-Training-Pipeline, task_id=UploadFilesToS3, execution_date=20210322T065755, start_date=20210322T065801, end_date=20210322T065804
[2021-03-22 02:58:04,892] {taskinstance.py:1220} INFO - 1 downstream tasks scheduled from follow-on schedule check
[2021-03-22 02:58:04,928] {local_task_job.py:146} INFO - Task exited with return code 0
