[2021-03-22 02:54:36,425] {scheduler_job.py:182} INFO - Started process (PID=26766) to work on /Users/akshaybhoge/PycharmProjects/venvEdgar/lib/python3.7/site-packages/airflow/example_dags/example_xcom.py
[2021-03-22 02:54:36,427] {scheduler_job.py:629} INFO - Processing file /Users/akshaybhoge/PycharmProjects/venvEdgar/lib/python3.7/site-packages/airflow/example_dags/example_xcom.py for tasks to queue
[2021-03-22 02:54:36,430] {logging_mixin.py:104} INFO - [2021-03-22 02:54:36,429] {dagbag.py:448} INFO - Filling up the DagBag from /Users/akshaybhoge/PycharmProjects/venvEdgar/lib/python3.7/site-packages/airflow/example_dags/example_xcom.py
[2021-03-22 02:54:36,453] {scheduler_job.py:639} INFO - DAG(s) dict_keys(['example_xcom']) retrieved from /Users/akshaybhoge/PycharmProjects/venvEdgar/lib/python3.7/site-packages/airflow/example_dags/example_xcom.py
[2021-03-22 02:54:36,470] {logging_mixin.py:104} INFO - [2021-03-22 02:54:36,469] {dag.py:1818} INFO - Sync 1 DAGs
[2021-03-22 02:54:36,488] {logging_mixin.py:104} INFO - [2021-03-22 02:54:36,487] {dag.py:2273} INFO - Setting next_dagrun for example_xcom to 2021-03-20 00:00:00+00:00
[2021-03-22 02:54:36,496] {scheduler_job.py:190} INFO - Processing /Users/akshaybhoge/PycharmProjects/venvEdgar/lib/python3.7/site-packages/airflow/example_dags/example_xcom.py took 0.075 seconds
[2021-03-22 02:55:06,630] {scheduler_job.py:182} INFO - Started process (PID=26845) to work on /Users/akshaybhoge/PycharmProjects/venvEdgar/lib/python3.7/site-packages/airflow/example_dags/example_xcom.py
[2021-03-22 02:55:06,633] {scheduler_job.py:629} INFO - Processing file /Users/akshaybhoge/PycharmProjects/venvEdgar/lib/python3.7/site-packages/airflow/example_dags/example_xcom.py for tasks to queue
[2021-03-22 02:55:06,641] {logging_mixin.py:104} INFO - [2021-03-22 02:55:06,640] {dagbag.py:448} INFO - Filling up the DagBag from /Users/akshaybhoge/PycharmProjects/venvEdgar/lib/python3.7/site-packages/airflow/example_dags/example_xcom.py
[2021-03-22 02:55:06,654] {scheduler_job.py:639} INFO - DAG(s) dict_keys(['example_xcom']) retrieved from /Users/akshaybhoge/PycharmProjects/venvEdgar/lib/python3.7/site-packages/airflow/example_dags/example_xcom.py
[2021-03-22 02:55:06,668] {logging_mixin.py:104} INFO - [2021-03-22 02:55:06,668] {dag.py:1818} INFO - Sync 1 DAGs
[2021-03-22 02:55:06,679] {logging_mixin.py:104} INFO - [2021-03-22 02:55:06,679] {dag.py:2273} INFO - Setting next_dagrun for example_xcom to 2021-03-20 00:00:00+00:00
[2021-03-22 02:55:06,687] {scheduler_job.py:190} INFO - Processing /Users/akshaybhoge/PycharmProjects/venvEdgar/lib/python3.7/site-packages/airflow/example_dags/example_xcom.py took 0.060 seconds
[2021-03-22 02:55:38,803] {scheduler_job.py:182} INFO - Started process (PID=26935) to work on /Users/akshaybhoge/PycharmProjects/venvEdgar/lib/python3.7/site-packages/airflow/example_dags/example_xcom.py
[2021-03-22 02:55:38,804] {scheduler_job.py:629} INFO - Processing file /Users/akshaybhoge/PycharmProjects/venvEdgar/lib/python3.7/site-packages/airflow/example_dags/example_xcom.py for tasks to queue
[2021-03-22 02:55:38,806] {logging_mixin.py:104} INFO - [2021-03-22 02:55:38,805] {dagbag.py:448} INFO - Filling up the DagBag from /Users/akshaybhoge/PycharmProjects/venvEdgar/lib/python3.7/site-packages/airflow/example_dags/example_xcom.py
[2021-03-22 02:55:38,818] {scheduler_job.py:639} INFO - DAG(s) dict_keys(['example_xcom']) retrieved from /Users/akshaybhoge/PycharmProjects/venvEdgar/lib/python3.7/site-packages/airflow/example_dags/example_xcom.py
[2021-03-22 02:55:38,830] {logging_mixin.py:104} INFO - [2021-03-22 02:55:38,830] {dag.py:1818} INFO - Sync 1 DAGs
[2021-03-22 02:55:38,841] {logging_mixin.py:104} INFO - [2021-03-22 02:55:38,840] {dag.py:2273} INFO - Setting next_dagrun for example_xcom to 2021-03-20 00:00:00+00:00
[2021-03-22 02:55:38,847] {scheduler_job.py:190} INFO - Processing /Users/akshaybhoge/PycharmProjects/venvEdgar/lib/python3.7/site-packages/airflow/example_dags/example_xcom.py took 0.048 seconds
[2021-03-22 02:56:12,666] {scheduler_job.py:182} INFO - Started process (PID=27028) to work on /Users/akshaybhoge/PycharmProjects/venvEdgar/lib/python3.7/site-packages/airflow/example_dags/example_xcom.py
[2021-03-22 02:56:12,668] {scheduler_job.py:629} INFO - Processing file /Users/akshaybhoge/PycharmProjects/venvEdgar/lib/python3.7/site-packages/airflow/example_dags/example_xcom.py for tasks to queue
[2021-03-22 02:56:12,669] {logging_mixin.py:104} INFO - [2021-03-22 02:56:12,669] {dagbag.py:448} INFO - Filling up the DagBag from /Users/akshaybhoge/PycharmProjects/venvEdgar/lib/python3.7/site-packages/airflow/example_dags/example_xcom.py
[2021-03-22 02:56:12,687] {scheduler_job.py:639} INFO - DAG(s) dict_keys(['example_xcom']) retrieved from /Users/akshaybhoge/PycharmProjects/venvEdgar/lib/python3.7/site-packages/airflow/example_dags/example_xcom.py
[2021-03-22 02:56:12,705] {logging_mixin.py:104} INFO - [2021-03-22 02:56:12,704] {dag.py:1818} INFO - Sync 1 DAGs
[2021-03-22 02:56:12,719] {logging_mixin.py:104} INFO - [2021-03-22 02:56:12,719] {dag.py:2273} INFO - Setting next_dagrun for example_xcom to 2021-03-20 00:00:00+00:00
[2021-03-22 02:56:12,730] {scheduler_job.py:190} INFO - Processing /Users/akshaybhoge/PycharmProjects/venvEdgar/lib/python3.7/site-packages/airflow/example_dags/example_xcom.py took 0.069 seconds
[2021-03-22 02:56:49,111] {scheduler_job.py:182} INFO - Started process (PID=27109) to work on /Users/akshaybhoge/PycharmProjects/venvEdgar/lib/python3.7/site-packages/airflow/example_dags/example_xcom.py
[2021-03-22 02:56:49,114] {scheduler_job.py:629} INFO - Processing file /Users/akshaybhoge/PycharmProjects/venvEdgar/lib/python3.7/site-packages/airflow/example_dags/example_xcom.py for tasks to queue
[2021-03-22 02:56:49,117] {logging_mixin.py:104} INFO - [2021-03-22 02:56:49,116] {dagbag.py:448} INFO - Filling up the DagBag from /Users/akshaybhoge/PycharmProjects/venvEdgar/lib/python3.7/site-packages/airflow/example_dags/example_xcom.py
[2021-03-22 02:56:49,143] {scheduler_job.py:639} INFO - DAG(s) dict_keys(['example_xcom']) retrieved from /Users/akshaybhoge/PycharmProjects/venvEdgar/lib/python3.7/site-packages/airflow/example_dags/example_xcom.py
[2021-03-22 02:56:49,166] {logging_mixin.py:104} INFO - [2021-03-22 02:56:49,166] {dag.py:1818} INFO - Sync 1 DAGs
[2021-03-22 02:56:49,186] {logging_mixin.py:104} INFO - [2021-03-22 02:56:49,185] {dag.py:2273} INFO - Setting next_dagrun for example_xcom to 2021-03-20 00:00:00+00:00
[2021-03-22 02:56:49,199] {scheduler_job.py:190} INFO - Processing /Users/akshaybhoge/PycharmProjects/venvEdgar/lib/python3.7/site-packages/airflow/example_dags/example_xcom.py took 0.094 seconds
[2021-03-22 02:57:20,511] {scheduler_job.py:182} INFO - Started process (PID=27180) to work on /Users/akshaybhoge/PycharmProjects/venvEdgar/lib/python3.7/site-packages/airflow/example_dags/example_xcom.py
[2021-03-22 02:57:20,514] {scheduler_job.py:629} INFO - Processing file /Users/akshaybhoge/PycharmProjects/venvEdgar/lib/python3.7/site-packages/airflow/example_dags/example_xcom.py for tasks to queue
[2021-03-22 02:57:20,517] {logging_mixin.py:104} INFO - [2021-03-22 02:57:20,516] {dagbag.py:448} INFO - Filling up the DagBag from /Users/akshaybhoge/PycharmProjects/venvEdgar/lib/python3.7/site-packages/airflow/example_dags/example_xcom.py
[2021-03-22 02:57:20,545] {scheduler_job.py:639} INFO - DAG(s) dict_keys(['example_xcom']) retrieved from /Users/akshaybhoge/PycharmProjects/venvEdgar/lib/python3.7/site-packages/airflow/example_dags/example_xcom.py
[2021-03-22 02:57:20,567] {logging_mixin.py:104} INFO - [2021-03-22 02:57:20,566] {dag.py:1818} INFO - Sync 1 DAGs
[2021-03-22 02:57:20,585] {logging_mixin.py:104} INFO - [2021-03-22 02:57:20,585] {dag.py:2273} INFO - Setting next_dagrun for example_xcom to 2021-03-20 00:00:00+00:00
[2021-03-22 02:57:20,598] {scheduler_job.py:190} INFO - Processing /Users/akshaybhoge/PycharmProjects/venvEdgar/lib/python3.7/site-packages/airflow/example_dags/example_xcom.py took 0.093 seconds
[2021-03-22 02:58:10,923] {scheduler_job.py:182} INFO - Started process (PID=27281) to work on /Users/akshaybhoge/PycharmProjects/venvEdgar/lib/python3.7/site-packages/airflow/example_dags/example_xcom.py
[2021-03-22 02:58:10,926] {scheduler_job.py:629} INFO - Processing file /Users/akshaybhoge/PycharmProjects/venvEdgar/lib/python3.7/site-packages/airflow/example_dags/example_xcom.py for tasks to queue
[2021-03-22 02:58:10,928] {logging_mixin.py:104} INFO - [2021-03-22 02:58:10,928] {dagbag.py:448} INFO - Filling up the DagBag from /Users/akshaybhoge/PycharmProjects/venvEdgar/lib/python3.7/site-packages/airflow/example_dags/example_xcom.py
[2021-03-22 02:58:10,946] {scheduler_job.py:639} INFO - DAG(s) dict_keys(['example_xcom']) retrieved from /Users/akshaybhoge/PycharmProjects/venvEdgar/lib/python3.7/site-packages/airflow/example_dags/example_xcom.py
[2021-03-22 02:58:10,966] {logging_mixin.py:104} INFO - [2021-03-22 02:58:10,965] {dag.py:1818} INFO - Sync 1 DAGs
[2021-03-22 02:58:10,981] {logging_mixin.py:104} INFO - [2021-03-22 02:58:10,981] {dag.py:2273} INFO - Setting next_dagrun for example_xcom to 2021-03-20 00:00:00+00:00
[2021-03-22 02:58:10,991] {scheduler_job.py:190} INFO - Processing /Users/akshaybhoge/PycharmProjects/venvEdgar/lib/python3.7/site-packages/airflow/example_dags/example_xcom.py took 0.073 seconds
[2021-03-22 02:58:41,095] {scheduler_job.py:182} INFO - Started process (PID=27327) to work on /Users/akshaybhoge/PycharmProjects/venvEdgar/lib/python3.7/site-packages/airflow/example_dags/example_xcom.py
[2021-03-22 02:58:41,096] {scheduler_job.py:629} INFO - Processing file /Users/akshaybhoge/PycharmProjects/venvEdgar/lib/python3.7/site-packages/airflow/example_dags/example_xcom.py for tasks to queue
[2021-03-22 02:58:41,097] {logging_mixin.py:104} INFO - [2021-03-22 02:58:41,097] {dagbag.py:448} INFO - Filling up the DagBag from /Users/akshaybhoge/PycharmProjects/venvEdgar/lib/python3.7/site-packages/airflow/example_dags/example_xcom.py
[2021-03-22 02:58:41,110] {scheduler_job.py:639} INFO - DAG(s) dict_keys(['example_xcom']) retrieved from /Users/akshaybhoge/PycharmProjects/venvEdgar/lib/python3.7/site-packages/airflow/example_dags/example_xcom.py
[2021-03-22 02:58:41,123] {logging_mixin.py:104} INFO - [2021-03-22 02:58:41,123] {dag.py:1818} INFO - Sync 1 DAGs
[2021-03-22 02:58:41,133] {logging_mixin.py:104} INFO - [2021-03-22 02:58:41,133] {dag.py:2273} INFO - Setting next_dagrun for example_xcom to 2021-03-20 00:00:00+00:00
[2021-03-22 02:58:41,140] {scheduler_job.py:190} INFO - Processing /Users/akshaybhoge/PycharmProjects/venvEdgar/lib/python3.7/site-packages/airflow/example_dags/example_xcom.py took 0.049 seconds
[2021-03-22 02:59:12,124] {scheduler_job.py:182} INFO - Started process (PID=27404) to work on /Users/akshaybhoge/PycharmProjects/venvEdgar/lib/python3.7/site-packages/airflow/example_dags/example_xcom.py
[2021-03-22 02:59:12,126] {scheduler_job.py:629} INFO - Processing file /Users/akshaybhoge/PycharmProjects/venvEdgar/lib/python3.7/site-packages/airflow/example_dags/example_xcom.py for tasks to queue
[2021-03-22 02:59:12,127] {logging_mixin.py:104} INFO - [2021-03-22 02:59:12,127] {dagbag.py:448} INFO - Filling up the DagBag from /Users/akshaybhoge/PycharmProjects/venvEdgar/lib/python3.7/site-packages/airflow/example_dags/example_xcom.py
[2021-03-22 02:59:12,138] {scheduler_job.py:639} INFO - DAG(s) dict_keys(['example_xcom']) retrieved from /Users/akshaybhoge/PycharmProjects/venvEdgar/lib/python3.7/site-packages/airflow/example_dags/example_xcom.py
[2021-03-22 02:59:12,150] {logging_mixin.py:104} INFO - [2021-03-22 02:59:12,150] {dag.py:1818} INFO - Sync 1 DAGs
[2021-03-22 02:59:12,159] {logging_mixin.py:104} INFO - [2021-03-22 02:59:12,159] {dag.py:2273} INFO - Setting next_dagrun for example_xcom to 2021-03-20 00:00:00+00:00
[2021-03-22 02:59:12,165] {scheduler_job.py:190} INFO - Processing /Users/akshaybhoge/PycharmProjects/venvEdgar/lib/python3.7/site-packages/airflow/example_dags/example_xcom.py took 0.044 seconds
[2021-03-22 02:59:43,089] {scheduler_job.py:182} INFO - Started process (PID=27458) to work on /Users/akshaybhoge/PycharmProjects/venvEdgar/lib/python3.7/site-packages/airflow/example_dags/example_xcom.py
[2021-03-22 02:59:43,091] {scheduler_job.py:629} INFO - Processing file /Users/akshaybhoge/PycharmProjects/venvEdgar/lib/python3.7/site-packages/airflow/example_dags/example_xcom.py for tasks to queue
[2021-03-22 02:59:43,092] {logging_mixin.py:104} INFO - [2021-03-22 02:59:43,092] {dagbag.py:448} INFO - Filling up the DagBag from /Users/akshaybhoge/PycharmProjects/venvEdgar/lib/python3.7/site-packages/airflow/example_dags/example_xcom.py
[2021-03-22 02:59:43,104] {scheduler_job.py:639} INFO - DAG(s) dict_keys(['example_xcom']) retrieved from /Users/akshaybhoge/PycharmProjects/venvEdgar/lib/python3.7/site-packages/airflow/example_dags/example_xcom.py
[2021-03-22 02:59:43,116] {logging_mixin.py:104} INFO - [2021-03-22 02:59:43,116] {dag.py:1818} INFO - Sync 1 DAGs
[2021-03-22 02:59:43,126] {logging_mixin.py:104} INFO - [2021-03-22 02:59:43,126] {dag.py:2273} INFO - Setting next_dagrun for example_xcom to 2021-03-20 00:00:00+00:00
[2021-03-22 02:59:43,132] {scheduler_job.py:190} INFO - Processing /Users/akshaybhoge/PycharmProjects/venvEdgar/lib/python3.7/site-packages/airflow/example_dags/example_xcom.py took 0.046 seconds
[2021-03-22 03:00:15,290] {scheduler_job.py:182} INFO - Started process (PID=27509) to work on /Users/akshaybhoge/PycharmProjects/venvEdgar/lib/python3.7/site-packages/airflow/example_dags/example_xcom.py
[2021-03-22 03:00:15,291] {scheduler_job.py:629} INFO - Processing file /Users/akshaybhoge/PycharmProjects/venvEdgar/lib/python3.7/site-packages/airflow/example_dags/example_xcom.py for tasks to queue
[2021-03-22 03:00:15,293] {logging_mixin.py:104} INFO - [2021-03-22 03:00:15,292] {dagbag.py:448} INFO - Filling up the DagBag from /Users/akshaybhoge/PycharmProjects/venvEdgar/lib/python3.7/site-packages/airflow/example_dags/example_xcom.py
[2021-03-22 03:00:15,304] {scheduler_job.py:639} INFO - DAG(s) dict_keys(['example_xcom']) retrieved from /Users/akshaybhoge/PycharmProjects/venvEdgar/lib/python3.7/site-packages/airflow/example_dags/example_xcom.py
[2021-03-22 03:00:15,316] {logging_mixin.py:104} INFO - [2021-03-22 03:00:15,316] {dag.py:1818} INFO - Sync 1 DAGs
[2021-03-22 03:00:15,326] {logging_mixin.py:104} INFO - [2021-03-22 03:00:15,325] {dag.py:2273} INFO - Setting next_dagrun for example_xcom to 2021-03-20 00:00:00+00:00
[2021-03-22 03:00:15,332] {scheduler_job.py:190} INFO - Processing /Users/akshaybhoge/PycharmProjects/venvEdgar/lib/python3.7/site-packages/airflow/example_dags/example_xcom.py took 0.045 seconds
[2021-03-22 03:00:47,501] {scheduler_job.py:182} INFO - Started process (PID=27568) to work on /Users/akshaybhoge/PycharmProjects/venvEdgar/lib/python3.7/site-packages/airflow/example_dags/example_xcom.py
[2021-03-22 03:00:47,503] {scheduler_job.py:629} INFO - Processing file /Users/akshaybhoge/PycharmProjects/venvEdgar/lib/python3.7/site-packages/airflow/example_dags/example_xcom.py for tasks to queue
[2021-03-22 03:00:47,504] {logging_mixin.py:104} INFO - [2021-03-22 03:00:47,504] {dagbag.py:448} INFO - Filling up the DagBag from /Users/akshaybhoge/PycharmProjects/venvEdgar/lib/python3.7/site-packages/airflow/example_dags/example_xcom.py
[2021-03-22 03:00:47,516] {scheduler_job.py:639} INFO - DAG(s) dict_keys(['example_xcom']) retrieved from /Users/akshaybhoge/PycharmProjects/venvEdgar/lib/python3.7/site-packages/airflow/example_dags/example_xcom.py
[2021-03-22 03:00:47,528] {logging_mixin.py:104} INFO - [2021-03-22 03:00:47,528] {dag.py:1818} INFO - Sync 1 DAGs
[2021-03-22 03:00:47,538] {logging_mixin.py:104} INFO - [2021-03-22 03:00:47,537] {dag.py:2273} INFO - Setting next_dagrun for example_xcom to 2021-03-20 00:00:00+00:00
[2021-03-22 03:00:47,543] {scheduler_job.py:190} INFO - Processing /Users/akshaybhoge/PycharmProjects/venvEdgar/lib/python3.7/site-packages/airflow/example_dags/example_xcom.py took 0.045 seconds
[2021-03-22 03:01:19,611] {scheduler_job.py:182} INFO - Started process (PID=27611) to work on /Users/akshaybhoge/PycharmProjects/venvEdgar/lib/python3.7/site-packages/airflow/example_dags/example_xcom.py
[2021-03-22 03:01:19,613] {scheduler_job.py:629} INFO - Processing file /Users/akshaybhoge/PycharmProjects/venvEdgar/lib/python3.7/site-packages/airflow/example_dags/example_xcom.py for tasks to queue
[2021-03-22 03:01:19,614] {logging_mixin.py:104} INFO - [2021-03-22 03:01:19,613] {dagbag.py:448} INFO - Filling up the DagBag from /Users/akshaybhoge/PycharmProjects/venvEdgar/lib/python3.7/site-packages/airflow/example_dags/example_xcom.py
[2021-03-22 03:01:19,626] {scheduler_job.py:639} INFO - DAG(s) dict_keys(['example_xcom']) retrieved from /Users/akshaybhoge/PycharmProjects/venvEdgar/lib/python3.7/site-packages/airflow/example_dags/example_xcom.py
[2021-03-22 03:01:19,640] {logging_mixin.py:104} INFO - [2021-03-22 03:01:19,640] {dag.py:1818} INFO - Sync 1 DAGs
[2021-03-22 03:01:19,650] {logging_mixin.py:104} INFO - [2021-03-22 03:01:19,650] {dag.py:2273} INFO - Setting next_dagrun for example_xcom to 2021-03-20 00:00:00+00:00
[2021-03-22 03:01:19,656] {scheduler_job.py:190} INFO - Processing /Users/akshaybhoge/PycharmProjects/venvEdgar/lib/python3.7/site-packages/airflow/example_dags/example_xcom.py took 0.049 seconds
[2021-03-22 03:01:51,712] {scheduler_job.py:182} INFO - Started process (PID=27641) to work on /Users/akshaybhoge/PycharmProjects/venvEdgar/lib/python3.7/site-packages/airflow/example_dags/example_xcom.py
[2021-03-22 03:01:51,714] {scheduler_job.py:629} INFO - Processing file /Users/akshaybhoge/PycharmProjects/venvEdgar/lib/python3.7/site-packages/airflow/example_dags/example_xcom.py for tasks to queue
[2021-03-22 03:01:51,715] {logging_mixin.py:104} INFO - [2021-03-22 03:01:51,715] {dagbag.py:448} INFO - Filling up the DagBag from /Users/akshaybhoge/PycharmProjects/venvEdgar/lib/python3.7/site-packages/airflow/example_dags/example_xcom.py
[2021-03-22 03:01:51,727] {scheduler_job.py:639} INFO - DAG(s) dict_keys(['example_xcom']) retrieved from /Users/akshaybhoge/PycharmProjects/venvEdgar/lib/python3.7/site-packages/airflow/example_dags/example_xcom.py
[2021-03-22 03:01:51,740] {logging_mixin.py:104} INFO - [2021-03-22 03:01:51,739] {dag.py:1818} INFO - Sync 1 DAGs
[2021-03-22 03:01:51,750] {logging_mixin.py:104} INFO - [2021-03-22 03:01:51,749] {dag.py:2273} INFO - Setting next_dagrun for example_xcom to 2021-03-20 00:00:00+00:00
[2021-03-22 03:01:51,756] {scheduler_job.py:190} INFO - Processing /Users/akshaybhoge/PycharmProjects/venvEdgar/lib/python3.7/site-packages/airflow/example_dags/example_xcom.py took 0.048 seconds
[2021-03-22 03:02:23,720] {scheduler_job.py:182} INFO - Started process (PID=27673) to work on /Users/akshaybhoge/PycharmProjects/venvEdgar/lib/python3.7/site-packages/airflow/example_dags/example_xcom.py
[2021-03-22 03:02:23,722] {scheduler_job.py:629} INFO - Processing file /Users/akshaybhoge/PycharmProjects/venvEdgar/lib/python3.7/site-packages/airflow/example_dags/example_xcom.py for tasks to queue
[2021-03-22 03:02:23,723] {logging_mixin.py:104} INFO - [2021-03-22 03:02:23,723] {dagbag.py:448} INFO - Filling up the DagBag from /Users/akshaybhoge/PycharmProjects/venvEdgar/lib/python3.7/site-packages/airflow/example_dags/example_xcom.py
[2021-03-22 03:02:23,735] {scheduler_job.py:639} INFO - DAG(s) dict_keys(['example_xcom']) retrieved from /Users/akshaybhoge/PycharmProjects/venvEdgar/lib/python3.7/site-packages/airflow/example_dags/example_xcom.py
[2021-03-22 03:02:23,748] {logging_mixin.py:104} INFO - [2021-03-22 03:02:23,748] {dag.py:1818} INFO - Sync 1 DAGs
[2021-03-22 03:02:23,757] {logging_mixin.py:104} INFO - [2021-03-22 03:02:23,757] {dag.py:2273} INFO - Setting next_dagrun for example_xcom to 2021-03-20 00:00:00+00:00
[2021-03-22 03:02:23,763] {scheduler_job.py:190} INFO - Processing /Users/akshaybhoge/PycharmProjects/venvEdgar/lib/python3.7/site-packages/airflow/example_dags/example_xcom.py took 0.047 seconds
[2021-03-22 03:02:55,861] {scheduler_job.py:182} INFO - Started process (PID=27706) to work on /Users/akshaybhoge/PycharmProjects/venvEdgar/lib/python3.7/site-packages/airflow/example_dags/example_xcom.py
[2021-03-22 03:02:55,863] {scheduler_job.py:629} INFO - Processing file /Users/akshaybhoge/PycharmProjects/venvEdgar/lib/python3.7/site-packages/airflow/example_dags/example_xcom.py for tasks to queue
[2021-03-22 03:02:55,864] {logging_mixin.py:104} INFO - [2021-03-22 03:02:55,864] {dagbag.py:448} INFO - Filling up the DagBag from /Users/akshaybhoge/PycharmProjects/venvEdgar/lib/python3.7/site-packages/airflow/example_dags/example_xcom.py
[2021-03-22 03:02:55,876] {scheduler_job.py:639} INFO - DAG(s) dict_keys(['example_xcom']) retrieved from /Users/akshaybhoge/PycharmProjects/venvEdgar/lib/python3.7/site-packages/airflow/example_dags/example_xcom.py
[2021-03-22 03:02:55,888] {logging_mixin.py:104} INFO - [2021-03-22 03:02:55,888] {dag.py:1818} INFO - Sync 1 DAGs
[2021-03-22 03:02:55,897] {logging_mixin.py:104} INFO - [2021-03-22 03:02:55,897] {dag.py:2273} INFO - Setting next_dagrun for example_xcom to 2021-03-20 00:00:00+00:00
[2021-03-22 03:02:55,903] {scheduler_job.py:190} INFO - Processing /Users/akshaybhoge/PycharmProjects/venvEdgar/lib/python3.7/site-packages/airflow/example_dags/example_xcom.py took 0.045 seconds
[2021-03-22 03:03:27,983] {scheduler_job.py:182} INFO - Started process (PID=27754) to work on /Users/akshaybhoge/PycharmProjects/venvEdgar/lib/python3.7/site-packages/airflow/example_dags/example_xcom.py
[2021-03-22 03:03:27,985] {scheduler_job.py:629} INFO - Processing file /Users/akshaybhoge/PycharmProjects/venvEdgar/lib/python3.7/site-packages/airflow/example_dags/example_xcom.py for tasks to queue
[2021-03-22 03:03:27,986] {logging_mixin.py:104} INFO - [2021-03-22 03:03:27,986] {dagbag.py:448} INFO - Filling up the DagBag from /Users/akshaybhoge/PycharmProjects/venvEdgar/lib/python3.7/site-packages/airflow/example_dags/example_xcom.py
[2021-03-22 03:03:27,999] {scheduler_job.py:639} INFO - DAG(s) dict_keys(['example_xcom']) retrieved from /Users/akshaybhoge/PycharmProjects/venvEdgar/lib/python3.7/site-packages/airflow/example_dags/example_xcom.py
[2021-03-22 03:03:28,014] {logging_mixin.py:104} INFO - [2021-03-22 03:03:28,013] {dag.py:1818} INFO - Sync 1 DAGs
[2021-03-22 03:03:28,024] {logging_mixin.py:104} INFO - [2021-03-22 03:03:28,024] {dag.py:2273} INFO - Setting next_dagrun for example_xcom to 2021-03-20 00:00:00+00:00
[2021-03-22 03:03:28,030] {scheduler_job.py:190} INFO - Processing /Users/akshaybhoge/PycharmProjects/venvEdgar/lib/python3.7/site-packages/airflow/example_dags/example_xcom.py took 0.050 seconds
[2021-03-22 03:04:00,091] {scheduler_job.py:182} INFO - Started process (PID=27791) to work on /Users/akshaybhoge/PycharmProjects/venvEdgar/lib/python3.7/site-packages/airflow/example_dags/example_xcom.py
[2021-03-22 03:04:00,094] {scheduler_job.py:629} INFO - Processing file /Users/akshaybhoge/PycharmProjects/venvEdgar/lib/python3.7/site-packages/airflow/example_dags/example_xcom.py for tasks to queue
[2021-03-22 03:04:00,095] {logging_mixin.py:104} INFO - [2021-03-22 03:04:00,095] {dagbag.py:448} INFO - Filling up the DagBag from /Users/akshaybhoge/PycharmProjects/venvEdgar/lib/python3.7/site-packages/airflow/example_dags/example_xcom.py
[2021-03-22 03:04:00,107] {scheduler_job.py:639} INFO - DAG(s) dict_keys(['example_xcom']) retrieved from /Users/akshaybhoge/PycharmProjects/venvEdgar/lib/python3.7/site-packages/airflow/example_dags/example_xcom.py
[2021-03-22 03:04:00,120] {logging_mixin.py:104} INFO - [2021-03-22 03:04:00,120] {dag.py:1818} INFO - Sync 1 DAGs
[2021-03-22 03:04:00,130] {logging_mixin.py:104} INFO - [2021-03-22 03:04:00,129] {dag.py:2273} INFO - Setting next_dagrun for example_xcom to 2021-03-20 00:00:00+00:00
[2021-03-22 03:04:00,136] {scheduler_job.py:190} INFO - Processing /Users/akshaybhoge/PycharmProjects/venvEdgar/lib/python3.7/site-packages/airflow/example_dags/example_xcom.py took 0.049 seconds
[2021-03-22 03:04:32,204] {scheduler_job.py:182} INFO - Started process (PID=27829) to work on /Users/akshaybhoge/PycharmProjects/venvEdgar/lib/python3.7/site-packages/airflow/example_dags/example_xcom.py
[2021-03-22 03:04:32,205] {scheduler_job.py:629} INFO - Processing file /Users/akshaybhoge/PycharmProjects/venvEdgar/lib/python3.7/site-packages/airflow/example_dags/example_xcom.py for tasks to queue
[2021-03-22 03:04:32,207] {logging_mixin.py:104} INFO - [2021-03-22 03:04:32,206] {dagbag.py:448} INFO - Filling up the DagBag from /Users/akshaybhoge/PycharmProjects/venvEdgar/lib/python3.7/site-packages/airflow/example_dags/example_xcom.py
[2021-03-22 03:04:32,219] {scheduler_job.py:639} INFO - DAG(s) dict_keys(['example_xcom']) retrieved from /Users/akshaybhoge/PycharmProjects/venvEdgar/lib/python3.7/site-packages/airflow/example_dags/example_xcom.py
[2021-03-22 03:04:32,233] {logging_mixin.py:104} INFO - [2021-03-22 03:04:32,232] {dag.py:1818} INFO - Sync 1 DAGs
[2021-03-22 03:04:32,243] {logging_mixin.py:104} INFO - [2021-03-22 03:04:32,242] {dag.py:2273} INFO - Setting next_dagrun for example_xcom to 2021-03-20 00:00:00+00:00
[2021-03-22 03:04:32,249] {scheduler_job.py:190} INFO - Processing /Users/akshaybhoge/PycharmProjects/venvEdgar/lib/python3.7/site-packages/airflow/example_dags/example_xcom.py took 0.048 seconds
[2021-03-22 03:05:04,326] {scheduler_job.py:182} INFO - Started process (PID=27870) to work on /Users/akshaybhoge/PycharmProjects/venvEdgar/lib/python3.7/site-packages/airflow/example_dags/example_xcom.py
[2021-03-22 03:05:04,327] {scheduler_job.py:629} INFO - Processing file /Users/akshaybhoge/PycharmProjects/venvEdgar/lib/python3.7/site-packages/airflow/example_dags/example_xcom.py for tasks to queue
[2021-03-22 03:05:04,329] {logging_mixin.py:104} INFO - [2021-03-22 03:05:04,328] {dagbag.py:448} INFO - Filling up the DagBag from /Users/akshaybhoge/PycharmProjects/venvEdgar/lib/python3.7/site-packages/airflow/example_dags/example_xcom.py
[2021-03-22 03:05:04,342] {scheduler_job.py:639} INFO - DAG(s) dict_keys(['example_xcom']) retrieved from /Users/akshaybhoge/PycharmProjects/venvEdgar/lib/python3.7/site-packages/airflow/example_dags/example_xcom.py
[2021-03-22 03:05:04,356] {logging_mixin.py:104} INFO - [2021-03-22 03:05:04,356] {dag.py:1818} INFO - Sync 1 DAGs
[2021-03-22 03:05:04,366] {logging_mixin.py:104} INFO - [2021-03-22 03:05:04,366] {dag.py:2273} INFO - Setting next_dagrun for example_xcom to 2021-03-20 00:00:00+00:00
[2021-03-22 03:05:04,372] {scheduler_job.py:190} INFO - Processing /Users/akshaybhoge/PycharmProjects/venvEdgar/lib/python3.7/site-packages/airflow/example_dags/example_xcom.py took 0.051 seconds
[2021-03-22 03:05:36,442] {scheduler_job.py:182} INFO - Started process (PID=27904) to work on /Users/akshaybhoge/PycharmProjects/venvEdgar/lib/python3.7/site-packages/airflow/example_dags/example_xcom.py
[2021-03-22 03:05:36,444] {scheduler_job.py:629} INFO - Processing file /Users/akshaybhoge/PycharmProjects/venvEdgar/lib/python3.7/site-packages/airflow/example_dags/example_xcom.py for tasks to queue
[2021-03-22 03:05:36,445] {logging_mixin.py:104} INFO - [2021-03-22 03:05:36,445] {dagbag.py:448} INFO - Filling up the DagBag from /Users/akshaybhoge/PycharmProjects/venvEdgar/lib/python3.7/site-packages/airflow/example_dags/example_xcom.py
[2021-03-22 03:05:36,457] {scheduler_job.py:639} INFO - DAG(s) dict_keys(['example_xcom']) retrieved from /Users/akshaybhoge/PycharmProjects/venvEdgar/lib/python3.7/site-packages/airflow/example_dags/example_xcom.py
[2021-03-22 03:05:36,470] {logging_mixin.py:104} INFO - [2021-03-22 03:05:36,470] {dag.py:1818} INFO - Sync 1 DAGs
[2021-03-22 03:05:36,480] {logging_mixin.py:104} INFO - [2021-03-22 03:05:36,479] {dag.py:2273} INFO - Setting next_dagrun for example_xcom to 2021-03-20 00:00:00+00:00
[2021-03-22 03:05:36,485] {scheduler_job.py:190} INFO - Processing /Users/akshaybhoge/PycharmProjects/venvEdgar/lib/python3.7/site-packages/airflow/example_dags/example_xcom.py took 0.047 seconds
[2021-03-22 03:06:08,570] {scheduler_job.py:182} INFO - Started process (PID=27943) to work on /Users/akshaybhoge/PycharmProjects/venvEdgar/lib/python3.7/site-packages/airflow/example_dags/example_xcom.py
[2021-03-22 03:06:08,571] {scheduler_job.py:629} INFO - Processing file /Users/akshaybhoge/PycharmProjects/venvEdgar/lib/python3.7/site-packages/airflow/example_dags/example_xcom.py for tasks to queue
[2021-03-22 03:06:08,573] {logging_mixin.py:104} INFO - [2021-03-22 03:06:08,572] {dagbag.py:448} INFO - Filling up the DagBag from /Users/akshaybhoge/PycharmProjects/venvEdgar/lib/python3.7/site-packages/airflow/example_dags/example_xcom.py
[2021-03-22 03:06:08,586] {scheduler_job.py:639} INFO - DAG(s) dict_keys(['example_xcom']) retrieved from /Users/akshaybhoge/PycharmProjects/venvEdgar/lib/python3.7/site-packages/airflow/example_dags/example_xcom.py
[2021-03-22 03:06:08,599] {logging_mixin.py:104} INFO - [2021-03-22 03:06:08,599] {dag.py:1818} INFO - Sync 1 DAGs
[2021-03-22 03:06:08,609] {logging_mixin.py:104} INFO - [2021-03-22 03:06:08,609] {dag.py:2273} INFO - Setting next_dagrun for example_xcom to 2021-03-20 00:00:00+00:00
[2021-03-22 03:06:08,615] {scheduler_job.py:190} INFO - Processing /Users/akshaybhoge/PycharmProjects/venvEdgar/lib/python3.7/site-packages/airflow/example_dags/example_xcom.py took 0.050 seconds
[2021-03-22 03:06:40,794] {scheduler_job.py:182} INFO - Started process (PID=27978) to work on /Users/akshaybhoge/PycharmProjects/venvEdgar/lib/python3.7/site-packages/airflow/example_dags/example_xcom.py
[2021-03-22 03:06:40,796] {scheduler_job.py:629} INFO - Processing file /Users/akshaybhoge/PycharmProjects/venvEdgar/lib/python3.7/site-packages/airflow/example_dags/example_xcom.py for tasks to queue
[2021-03-22 03:06:40,797] {logging_mixin.py:104} INFO - [2021-03-22 03:06:40,797] {dagbag.py:448} INFO - Filling up the DagBag from /Users/akshaybhoge/PycharmProjects/venvEdgar/lib/python3.7/site-packages/airflow/example_dags/example_xcom.py
[2021-03-22 03:06:40,810] {scheduler_job.py:639} INFO - DAG(s) dict_keys(['example_xcom']) retrieved from /Users/akshaybhoge/PycharmProjects/venvEdgar/lib/python3.7/site-packages/airflow/example_dags/example_xcom.py
[2021-03-22 03:06:40,823] {logging_mixin.py:104} INFO - [2021-03-22 03:06:40,822] {dag.py:1818} INFO - Sync 1 DAGs
[2021-03-22 03:06:40,833] {logging_mixin.py:104} INFO - [2021-03-22 03:06:40,833] {dag.py:2273} INFO - Setting next_dagrun for example_xcom to 2021-03-20 00:00:00+00:00
[2021-03-22 03:06:40,839] {scheduler_job.py:190} INFO - Processing /Users/akshaybhoge/PycharmProjects/venvEdgar/lib/python3.7/site-packages/airflow/example_dags/example_xcom.py took 0.049 seconds
[2021-03-22 03:07:13,037] {scheduler_job.py:182} INFO - Started process (PID=28009) to work on /Users/akshaybhoge/PycharmProjects/venvEdgar/lib/python3.7/site-packages/airflow/example_dags/example_xcom.py
[2021-03-22 03:07:13,040] {scheduler_job.py:629} INFO - Processing file /Users/akshaybhoge/PycharmProjects/venvEdgar/lib/python3.7/site-packages/airflow/example_dags/example_xcom.py for tasks to queue
[2021-03-22 03:07:13,041] {logging_mixin.py:104} INFO - [2021-03-22 03:07:13,041] {dagbag.py:448} INFO - Filling up the DagBag from /Users/akshaybhoge/PycharmProjects/venvEdgar/lib/python3.7/site-packages/airflow/example_dags/example_xcom.py
[2021-03-22 03:07:13,056] {scheduler_job.py:639} INFO - DAG(s) dict_keys(['example_xcom']) retrieved from /Users/akshaybhoge/PycharmProjects/venvEdgar/lib/python3.7/site-packages/airflow/example_dags/example_xcom.py
[2021-03-22 03:07:13,070] {logging_mixin.py:104} INFO - [2021-03-22 03:07:13,069] {dag.py:1818} INFO - Sync 1 DAGs
[2021-03-22 03:07:13,079] {logging_mixin.py:104} INFO - [2021-03-22 03:07:13,079] {dag.py:2273} INFO - Setting next_dagrun for example_xcom to 2021-03-20 00:00:00+00:00
[2021-03-22 03:07:13,085] {scheduler_job.py:190} INFO - Processing /Users/akshaybhoge/PycharmProjects/venvEdgar/lib/python3.7/site-packages/airflow/example_dags/example_xcom.py took 0.052 seconds
[2021-03-22 03:07:45,253] {scheduler_job.py:182} INFO - Started process (PID=28043) to work on /Users/akshaybhoge/PycharmProjects/venvEdgar/lib/python3.7/site-packages/airflow/example_dags/example_xcom.py
[2021-03-22 03:07:45,255] {scheduler_job.py:629} INFO - Processing file /Users/akshaybhoge/PycharmProjects/venvEdgar/lib/python3.7/site-packages/airflow/example_dags/example_xcom.py for tasks to queue
[2021-03-22 03:07:45,256] {logging_mixin.py:104} INFO - [2021-03-22 03:07:45,256] {dagbag.py:448} INFO - Filling up the DagBag from /Users/akshaybhoge/PycharmProjects/venvEdgar/lib/python3.7/site-packages/airflow/example_dags/example_xcom.py
[2021-03-22 03:07:45,269] {scheduler_job.py:639} INFO - DAG(s) dict_keys(['example_xcom']) retrieved from /Users/akshaybhoge/PycharmProjects/venvEdgar/lib/python3.7/site-packages/airflow/example_dags/example_xcom.py
[2021-03-22 03:07:45,282] {logging_mixin.py:104} INFO - [2021-03-22 03:07:45,282] {dag.py:1818} INFO - Sync 1 DAGs
[2021-03-22 03:07:45,292] {logging_mixin.py:104} INFO - [2021-03-22 03:07:45,292] {dag.py:2273} INFO - Setting next_dagrun for example_xcom to 2021-03-20 00:00:00+00:00
[2021-03-22 03:07:45,298] {scheduler_job.py:190} INFO - Processing /Users/akshaybhoge/PycharmProjects/venvEdgar/lib/python3.7/site-packages/airflow/example_dags/example_xcom.py took 0.048 seconds
[2021-03-22 03:08:17,480] {scheduler_job.py:182} INFO - Started process (PID=28078) to work on /Users/akshaybhoge/PycharmProjects/venvEdgar/lib/python3.7/site-packages/airflow/example_dags/example_xcom.py
[2021-03-22 03:08:17,483] {scheduler_job.py:629} INFO - Processing file /Users/akshaybhoge/PycharmProjects/venvEdgar/lib/python3.7/site-packages/airflow/example_dags/example_xcom.py for tasks to queue
[2021-03-22 03:08:17,484] {logging_mixin.py:104} INFO - [2021-03-22 03:08:17,484] {dagbag.py:448} INFO - Filling up the DagBag from /Users/akshaybhoge/PycharmProjects/venvEdgar/lib/python3.7/site-packages/airflow/example_dags/example_xcom.py
[2021-03-22 03:08:17,498] {scheduler_job.py:639} INFO - DAG(s) dict_keys(['example_xcom']) retrieved from /Users/akshaybhoge/PycharmProjects/venvEdgar/lib/python3.7/site-packages/airflow/example_dags/example_xcom.py
[2021-03-22 03:08:17,511] {logging_mixin.py:104} INFO - [2021-03-22 03:08:17,510] {dag.py:1818} INFO - Sync 1 DAGs
[2021-03-22 03:08:17,520] {logging_mixin.py:104} INFO - [2021-03-22 03:08:17,520] {dag.py:2273} INFO - Setting next_dagrun for example_xcom to 2021-03-20 00:00:00+00:00
[2021-03-22 03:08:17,526] {scheduler_job.py:190} INFO - Processing /Users/akshaybhoge/PycharmProjects/venvEdgar/lib/python3.7/site-packages/airflow/example_dags/example_xcom.py took 0.050 seconds
[2021-03-22 03:08:49,757] {scheduler_job.py:182} INFO - Started process (PID=28116) to work on /Users/akshaybhoge/PycharmProjects/venvEdgar/lib/python3.7/site-packages/airflow/example_dags/example_xcom.py
[2021-03-22 03:08:49,759] {scheduler_job.py:629} INFO - Processing file /Users/akshaybhoge/PycharmProjects/venvEdgar/lib/python3.7/site-packages/airflow/example_dags/example_xcom.py for tasks to queue
[2021-03-22 03:08:49,760] {logging_mixin.py:104} INFO - [2021-03-22 03:08:49,760] {dagbag.py:448} INFO - Filling up the DagBag from /Users/akshaybhoge/PycharmProjects/venvEdgar/lib/python3.7/site-packages/airflow/example_dags/example_xcom.py
[2021-03-22 03:08:49,773] {scheduler_job.py:639} INFO - DAG(s) dict_keys(['example_xcom']) retrieved from /Users/akshaybhoge/PycharmProjects/venvEdgar/lib/python3.7/site-packages/airflow/example_dags/example_xcom.py
[2021-03-22 03:08:49,784] {logging_mixin.py:104} INFO - [2021-03-22 03:08:49,784] {dag.py:1818} INFO - Sync 1 DAGs
[2021-03-22 03:08:49,793] {logging_mixin.py:104} INFO - [2021-03-22 03:08:49,793] {dag.py:2273} INFO - Setting next_dagrun for example_xcom to 2021-03-20 00:00:00+00:00
[2021-03-22 03:08:49,798] {scheduler_job.py:190} INFO - Processing /Users/akshaybhoge/PycharmProjects/venvEdgar/lib/python3.7/site-packages/airflow/example_dags/example_xcom.py took 0.045 seconds
[2021-03-22 03:11:39,281] {scheduler_job.py:182} INFO - Started process (PID=28220) to work on /Users/akshaybhoge/PycharmProjects/venvEdgar/lib/python3.7/site-packages/airflow/example_dags/example_xcom.py
[2021-03-22 03:11:39,285] {scheduler_job.py:629} INFO - Processing file /Users/akshaybhoge/PycharmProjects/venvEdgar/lib/python3.7/site-packages/airflow/example_dags/example_xcom.py for tasks to queue
[2021-03-22 03:11:39,289] {logging_mixin.py:104} INFO - [2021-03-22 03:11:39,287] {dagbag.py:448} INFO - Filling up the DagBag from /Users/akshaybhoge/PycharmProjects/venvEdgar/lib/python3.7/site-packages/airflow/example_dags/example_xcom.py
[2021-03-22 03:11:39,325] {scheduler_job.py:639} INFO - DAG(s) dict_keys(['example_xcom']) retrieved from /Users/akshaybhoge/PycharmProjects/venvEdgar/lib/python3.7/site-packages/airflow/example_dags/example_xcom.py
[2021-03-22 03:11:39,362] {logging_mixin.py:104} INFO - [2021-03-22 03:11:39,361] {dag.py:1818} INFO - Sync 1 DAGs
[2021-03-22 03:11:39,395] {logging_mixin.py:104} INFO - [2021-03-22 03:11:39,394] {dag.py:2273} INFO - Setting next_dagrun for example_xcom to 2021-03-20 00:00:00+00:00
[2021-03-22 03:11:39,413] {scheduler_job.py:190} INFO - Processing /Users/akshaybhoge/PycharmProjects/venvEdgar/lib/python3.7/site-packages/airflow/example_dags/example_xcom.py took 0.143 seconds
[2021-03-22 03:12:16,859] {scheduler_job.py:182} INFO - Started process (PID=28271) to work on /Users/akshaybhoge/PycharmProjects/venvEdgar/lib/python3.7/site-packages/airflow/example_dags/example_xcom.py
[2021-03-22 03:12:16,866] {scheduler_job.py:629} INFO - Processing file /Users/akshaybhoge/PycharmProjects/venvEdgar/lib/python3.7/site-packages/airflow/example_dags/example_xcom.py for tasks to queue
[2021-03-22 03:12:16,870] {logging_mixin.py:104} INFO - [2021-03-22 03:12:16,869] {dagbag.py:448} INFO - Filling up the DagBag from /Users/akshaybhoge/PycharmProjects/venvEdgar/lib/python3.7/site-packages/airflow/example_dags/example_xcom.py
[2021-03-22 03:12:16,916] {scheduler_job.py:639} INFO - DAG(s) dict_keys(['example_xcom']) retrieved from /Users/akshaybhoge/PycharmProjects/venvEdgar/lib/python3.7/site-packages/airflow/example_dags/example_xcom.py
[2021-03-22 03:12:16,964] {logging_mixin.py:104} INFO - [2021-03-22 03:12:16,963] {dag.py:1818} INFO - Sync 1 DAGs
[2021-03-22 03:12:17,002] {logging_mixin.py:104} INFO - [2021-03-22 03:12:17,000] {dag.py:2273} INFO - Setting next_dagrun for example_xcom to 2021-03-20 00:00:00+00:00
[2021-03-22 03:12:17,025] {scheduler_job.py:190} INFO - Processing /Users/akshaybhoge/PycharmProjects/venvEdgar/lib/python3.7/site-packages/airflow/example_dags/example_xcom.py took 0.178 seconds
[2021-03-22 03:13:36,153] {scheduler_job.py:182} INFO - Started process (PID=28314) to work on /Users/akshaybhoge/PycharmProjects/venvEdgar/lib/python3.7/site-packages/airflow/example_dags/example_xcom.py
[2021-03-22 03:13:36,154] {scheduler_job.py:629} INFO - Processing file /Users/akshaybhoge/PycharmProjects/venvEdgar/lib/python3.7/site-packages/airflow/example_dags/example_xcom.py for tasks to queue
[2021-03-22 03:13:36,155] {logging_mixin.py:104} INFO - [2021-03-22 03:13:36,155] {dagbag.py:448} INFO - Filling up the DagBag from /Users/akshaybhoge/PycharmProjects/venvEdgar/lib/python3.7/site-packages/airflow/example_dags/example_xcom.py
[2021-03-22 03:13:36,166] {scheduler_job.py:639} INFO - DAG(s) dict_keys(['example_xcom']) retrieved from /Users/akshaybhoge/PycharmProjects/venvEdgar/lib/python3.7/site-packages/airflow/example_dags/example_xcom.py
[2021-03-22 03:13:36,177] {logging_mixin.py:104} INFO - [2021-03-22 03:13:36,176] {dag.py:1818} INFO - Sync 1 DAGs
[2021-03-22 03:13:36,185] {logging_mixin.py:104} INFO - [2021-03-22 03:13:36,185] {dag.py:2273} INFO - Setting next_dagrun for example_xcom to 2021-03-20 00:00:00+00:00
[2021-03-22 03:13:36,190] {scheduler_job.py:190} INFO - Processing /Users/akshaybhoge/PycharmProjects/venvEdgar/lib/python3.7/site-packages/airflow/example_dags/example_xcom.py took 0.040 seconds
[2021-03-22 03:14:06,478] {scheduler_job.py:182} INFO - Started process (PID=28376) to work on /Users/akshaybhoge/PycharmProjects/venvEdgar/lib/python3.7/site-packages/airflow/example_dags/example_xcom.py
[2021-03-22 03:14:06,480] {scheduler_job.py:629} INFO - Processing file /Users/akshaybhoge/PycharmProjects/venvEdgar/lib/python3.7/site-packages/airflow/example_dags/example_xcom.py for tasks to queue
[2021-03-22 03:14:06,482] {logging_mixin.py:104} INFO - [2021-03-22 03:14:06,481] {dagbag.py:448} INFO - Filling up the DagBag from /Users/akshaybhoge/PycharmProjects/venvEdgar/lib/python3.7/site-packages/airflow/example_dags/example_xcom.py
[2021-03-22 03:14:06,497] {scheduler_job.py:639} INFO - DAG(s) dict_keys(['example_xcom']) retrieved from /Users/akshaybhoge/PycharmProjects/venvEdgar/lib/python3.7/site-packages/airflow/example_dags/example_xcom.py
[2021-03-22 03:14:06,513] {logging_mixin.py:104} INFO - [2021-03-22 03:14:06,513] {dag.py:1818} INFO - Sync 1 DAGs
[2021-03-22 03:14:06,524] {logging_mixin.py:104} INFO - [2021-03-22 03:14:06,524] {dag.py:2273} INFO - Setting next_dagrun for example_xcom to 2021-03-20 00:00:00+00:00
[2021-03-22 03:14:06,532] {scheduler_job.py:190} INFO - Processing /Users/akshaybhoge/PycharmProjects/venvEdgar/lib/python3.7/site-packages/airflow/example_dags/example_xcom.py took 0.059 seconds
[2021-03-22 03:14:37,788] {scheduler_job.py:182} INFO - Started process (PID=28429) to work on /Users/akshaybhoge/PycharmProjects/venvEdgar/lib/python3.7/site-packages/airflow/example_dags/example_xcom.py
[2021-03-22 03:14:37,790] {scheduler_job.py:629} INFO - Processing file /Users/akshaybhoge/PycharmProjects/venvEdgar/lib/python3.7/site-packages/airflow/example_dags/example_xcom.py for tasks to queue
[2021-03-22 03:14:37,792] {logging_mixin.py:104} INFO - [2021-03-22 03:14:37,791] {dagbag.py:448} INFO - Filling up the DagBag from /Users/akshaybhoge/PycharmProjects/venvEdgar/lib/python3.7/site-packages/airflow/example_dags/example_xcom.py
[2021-03-22 03:14:37,804] {scheduler_job.py:639} INFO - DAG(s) dict_keys(['example_xcom']) retrieved from /Users/akshaybhoge/PycharmProjects/venvEdgar/lib/python3.7/site-packages/airflow/example_dags/example_xcom.py
[2021-03-22 03:14:37,816] {logging_mixin.py:104} INFO - [2021-03-22 03:14:37,816] {dag.py:1818} INFO - Sync 1 DAGs
[2021-03-22 03:14:37,825] {logging_mixin.py:104} INFO - [2021-03-22 03:14:37,825] {dag.py:2273} INFO - Setting next_dagrun for example_xcom to 2021-03-20 00:00:00+00:00
[2021-03-22 03:14:37,831] {scheduler_job.py:190} INFO - Processing /Users/akshaybhoge/PycharmProjects/venvEdgar/lib/python3.7/site-packages/airflow/example_dags/example_xcom.py took 0.046 seconds
[2021-03-22 03:15:08,062] {scheduler_job.py:182} INFO - Started process (PID=28467) to work on /Users/akshaybhoge/PycharmProjects/venvEdgar/lib/python3.7/site-packages/airflow/example_dags/example_xcom.py
[2021-03-22 03:15:08,065] {scheduler_job.py:629} INFO - Processing file /Users/akshaybhoge/PycharmProjects/venvEdgar/lib/python3.7/site-packages/airflow/example_dags/example_xcom.py for tasks to queue
[2021-03-22 03:15:08,066] {logging_mixin.py:104} INFO - [2021-03-22 03:15:08,066] {dagbag.py:448} INFO - Filling up the DagBag from /Users/akshaybhoge/PycharmProjects/venvEdgar/lib/python3.7/site-packages/airflow/example_dags/example_xcom.py
[2021-03-22 03:15:08,079] {scheduler_job.py:639} INFO - DAG(s) dict_keys(['example_xcom']) retrieved from /Users/akshaybhoge/PycharmProjects/venvEdgar/lib/python3.7/site-packages/airflow/example_dags/example_xcom.py
[2021-03-22 03:15:08,091] {logging_mixin.py:104} INFO - [2021-03-22 03:15:08,091] {dag.py:1818} INFO - Sync 1 DAGs
[2021-03-22 03:15:08,101] {logging_mixin.py:104} INFO - [2021-03-22 03:15:08,101] {dag.py:2273} INFO - Setting next_dagrun for example_xcom to 2021-03-20 00:00:00+00:00
[2021-03-22 03:15:08,106] {scheduler_job.py:190} INFO - Processing /Users/akshaybhoge/PycharmProjects/venvEdgar/lib/python3.7/site-packages/airflow/example_dags/example_xcom.py took 0.048 seconds
[2021-03-22 03:15:38,342] {scheduler_job.py:182} INFO - Started process (PID=28501) to work on /Users/akshaybhoge/PycharmProjects/venvEdgar/lib/python3.7/site-packages/airflow/example_dags/example_xcom.py
[2021-03-22 03:15:38,345] {scheduler_job.py:629} INFO - Processing file /Users/akshaybhoge/PycharmProjects/venvEdgar/lib/python3.7/site-packages/airflow/example_dags/example_xcom.py for tasks to queue
[2021-03-22 03:15:38,346] {logging_mixin.py:104} INFO - [2021-03-22 03:15:38,346] {dagbag.py:448} INFO - Filling up the DagBag from /Users/akshaybhoge/PycharmProjects/venvEdgar/lib/python3.7/site-packages/airflow/example_dags/example_xcom.py
[2021-03-22 03:15:38,360] {scheduler_job.py:639} INFO - DAG(s) dict_keys(['example_xcom']) retrieved from /Users/akshaybhoge/PycharmProjects/venvEdgar/lib/python3.7/site-packages/airflow/example_dags/example_xcom.py
[2021-03-22 03:15:38,374] {logging_mixin.py:104} INFO - [2021-03-22 03:15:38,373] {dag.py:1818} INFO - Sync 1 DAGs
[2021-03-22 03:15:38,384] {logging_mixin.py:104} INFO - [2021-03-22 03:15:38,383] {dag.py:2273} INFO - Setting next_dagrun for example_xcom to 2021-03-20 00:00:00+00:00
[2021-03-22 03:15:38,390] {scheduler_job.py:190} INFO - Processing /Users/akshaybhoge/PycharmProjects/venvEdgar/lib/python3.7/site-packages/airflow/example_dags/example_xcom.py took 0.051 seconds
[2021-03-22 03:16:09,972] {scheduler_job.py:182} INFO - Started process (PID=28542) to work on /Users/akshaybhoge/PycharmProjects/venvEdgar/lib/python3.7/site-packages/airflow/example_dags/example_xcom.py
[2021-03-22 03:16:09,975] {scheduler_job.py:629} INFO - Processing file /Users/akshaybhoge/PycharmProjects/venvEdgar/lib/python3.7/site-packages/airflow/example_dags/example_xcom.py for tasks to queue
[2021-03-22 03:16:09,976] {logging_mixin.py:104} INFO - [2021-03-22 03:16:09,976] {dagbag.py:448} INFO - Filling up the DagBag from /Users/akshaybhoge/PycharmProjects/venvEdgar/lib/python3.7/site-packages/airflow/example_dags/example_xcom.py
[2021-03-22 03:16:09,990] {scheduler_job.py:639} INFO - DAG(s) dict_keys(['example_xcom']) retrieved from /Users/akshaybhoge/PycharmProjects/venvEdgar/lib/python3.7/site-packages/airflow/example_dags/example_xcom.py
[2021-03-22 03:16:10,005] {logging_mixin.py:104} INFO - [2021-03-22 03:16:10,005] {dag.py:1818} INFO - Sync 1 DAGs
[2021-03-22 03:16:10,015] {logging_mixin.py:104} INFO - [2021-03-22 03:16:10,015] {dag.py:2273} INFO - Setting next_dagrun for example_xcom to 2021-03-20 00:00:00+00:00
[2021-03-22 03:16:10,022] {scheduler_job.py:190} INFO - Processing /Users/akshaybhoge/PycharmProjects/venvEdgar/lib/python3.7/site-packages/airflow/example_dags/example_xcom.py took 0.053 seconds
[2021-03-22 03:16:42,195] {scheduler_job.py:182} INFO - Started process (PID=28587) to work on /Users/akshaybhoge/PycharmProjects/venvEdgar/lib/python3.7/site-packages/airflow/example_dags/example_xcom.py
[2021-03-22 03:16:42,198] {scheduler_job.py:629} INFO - Processing file /Users/akshaybhoge/PycharmProjects/venvEdgar/lib/python3.7/site-packages/airflow/example_dags/example_xcom.py for tasks to queue
[2021-03-22 03:16:42,199] {logging_mixin.py:104} INFO - [2021-03-22 03:16:42,199] {dagbag.py:448} INFO - Filling up the DagBag from /Users/akshaybhoge/PycharmProjects/venvEdgar/lib/python3.7/site-packages/airflow/example_dags/example_xcom.py
[2021-03-22 03:16:42,211] {scheduler_job.py:639} INFO - DAG(s) dict_keys(['example_xcom']) retrieved from /Users/akshaybhoge/PycharmProjects/venvEdgar/lib/python3.7/site-packages/airflow/example_dags/example_xcom.py
[2021-03-22 03:16:42,223] {logging_mixin.py:104} INFO - [2021-03-22 03:16:42,223] {dag.py:1818} INFO - Sync 1 DAGs
[2021-03-22 03:16:42,233] {logging_mixin.py:104} INFO - [2021-03-22 03:16:42,232] {dag.py:2273} INFO - Setting next_dagrun for example_xcom to 2021-03-20 00:00:00+00:00
[2021-03-22 03:16:42,238] {scheduler_job.py:190} INFO - Processing /Users/akshaybhoge/PycharmProjects/venvEdgar/lib/python3.7/site-packages/airflow/example_dags/example_xcom.py took 0.047 seconds
[2021-03-22 03:17:14,296] {scheduler_job.py:182} INFO - Started process (PID=28623) to work on /Users/akshaybhoge/PycharmProjects/venvEdgar/lib/python3.7/site-packages/airflow/example_dags/example_xcom.py
[2021-03-22 03:17:14,297] {scheduler_job.py:629} INFO - Processing file /Users/akshaybhoge/PycharmProjects/venvEdgar/lib/python3.7/site-packages/airflow/example_dags/example_xcom.py for tasks to queue
[2021-03-22 03:17:14,298] {logging_mixin.py:104} INFO - [2021-03-22 03:17:14,298] {dagbag.py:448} INFO - Filling up the DagBag from /Users/akshaybhoge/PycharmProjects/venvEdgar/lib/python3.7/site-packages/airflow/example_dags/example_xcom.py
[2021-03-22 03:17:14,310] {scheduler_job.py:639} INFO - DAG(s) dict_keys(['example_xcom']) retrieved from /Users/akshaybhoge/PycharmProjects/venvEdgar/lib/python3.7/site-packages/airflow/example_dags/example_xcom.py
[2021-03-22 03:17:14,323] {logging_mixin.py:104} INFO - [2021-03-22 03:17:14,323] {dag.py:1818} INFO - Sync 1 DAGs
[2021-03-22 03:17:14,333] {logging_mixin.py:104} INFO - [2021-03-22 03:17:14,333] {dag.py:2273} INFO - Setting next_dagrun for example_xcom to 2021-03-20 00:00:00+00:00
[2021-03-22 03:17:14,339] {scheduler_job.py:190} INFO - Processing /Users/akshaybhoge/PycharmProjects/venvEdgar/lib/python3.7/site-packages/airflow/example_dags/example_xcom.py took 0.047 seconds
[2021-03-22 03:17:46,296] {scheduler_job.py:182} INFO - Started process (PID=28656) to work on /Users/akshaybhoge/PycharmProjects/venvEdgar/lib/python3.7/site-packages/airflow/example_dags/example_xcom.py
[2021-03-22 03:17:46,298] {scheduler_job.py:629} INFO - Processing file /Users/akshaybhoge/PycharmProjects/venvEdgar/lib/python3.7/site-packages/airflow/example_dags/example_xcom.py for tasks to queue
[2021-03-22 03:17:46,299] {logging_mixin.py:104} INFO - [2021-03-22 03:17:46,299] {dagbag.py:448} INFO - Filling up the DagBag from /Users/akshaybhoge/PycharmProjects/venvEdgar/lib/python3.7/site-packages/airflow/example_dags/example_xcom.py
[2021-03-22 03:17:46,311] {scheduler_job.py:639} INFO - DAG(s) dict_keys(['example_xcom']) retrieved from /Users/akshaybhoge/PycharmProjects/venvEdgar/lib/python3.7/site-packages/airflow/example_dags/example_xcom.py
[2021-03-22 03:17:46,323] {logging_mixin.py:104} INFO - [2021-03-22 03:17:46,323] {dag.py:1818} INFO - Sync 1 DAGs
[2021-03-22 03:17:46,333] {logging_mixin.py:104} INFO - [2021-03-22 03:17:46,333] {dag.py:2273} INFO - Setting next_dagrun for example_xcom to 2021-03-20 00:00:00+00:00
[2021-03-22 03:17:46,339] {scheduler_job.py:190} INFO - Processing /Users/akshaybhoge/PycharmProjects/venvEdgar/lib/python3.7/site-packages/airflow/example_dags/example_xcom.py took 0.046 seconds
[2021-03-22 03:18:18,314] {scheduler_job.py:182} INFO - Started process (PID=28686) to work on /Users/akshaybhoge/PycharmProjects/venvEdgar/lib/python3.7/site-packages/airflow/example_dags/example_xcom.py
[2021-03-22 03:18:18,316] {scheduler_job.py:629} INFO - Processing file /Users/akshaybhoge/PycharmProjects/venvEdgar/lib/python3.7/site-packages/airflow/example_dags/example_xcom.py for tasks to queue
[2021-03-22 03:18:18,317] {logging_mixin.py:104} INFO - [2021-03-22 03:18:18,317] {dagbag.py:448} INFO - Filling up the DagBag from /Users/akshaybhoge/PycharmProjects/venvEdgar/lib/python3.7/site-packages/airflow/example_dags/example_xcom.py
[2021-03-22 03:18:18,330] {scheduler_job.py:639} INFO - DAG(s) dict_keys(['example_xcom']) retrieved from /Users/akshaybhoge/PycharmProjects/venvEdgar/lib/python3.7/site-packages/airflow/example_dags/example_xcom.py
[2021-03-22 03:18:18,342] {logging_mixin.py:104} INFO - [2021-03-22 03:18:18,342] {dag.py:1818} INFO - Sync 1 DAGs
[2021-03-22 03:18:18,352] {logging_mixin.py:104} INFO - [2021-03-22 03:18:18,351] {dag.py:2273} INFO - Setting next_dagrun for example_xcom to 2021-03-20 00:00:00+00:00
[2021-03-22 03:18:18,357] {scheduler_job.py:190} INFO - Processing /Users/akshaybhoge/PycharmProjects/venvEdgar/lib/python3.7/site-packages/airflow/example_dags/example_xcom.py took 0.046 seconds
[2021-03-22 03:18:50,413] {scheduler_job.py:182} INFO - Started process (PID=28727) to work on /Users/akshaybhoge/PycharmProjects/venvEdgar/lib/python3.7/site-packages/airflow/example_dags/example_xcom.py
[2021-03-22 03:18:50,415] {scheduler_job.py:629} INFO - Processing file /Users/akshaybhoge/PycharmProjects/venvEdgar/lib/python3.7/site-packages/airflow/example_dags/example_xcom.py for tasks to queue
[2021-03-22 03:18:50,416] {logging_mixin.py:104} INFO - [2021-03-22 03:18:50,416] {dagbag.py:448} INFO - Filling up the DagBag from /Users/akshaybhoge/PycharmProjects/venvEdgar/lib/python3.7/site-packages/airflow/example_dags/example_xcom.py
[2021-03-22 03:18:50,427] {scheduler_job.py:639} INFO - DAG(s) dict_keys(['example_xcom']) retrieved from /Users/akshaybhoge/PycharmProjects/venvEdgar/lib/python3.7/site-packages/airflow/example_dags/example_xcom.py
[2021-03-22 03:18:50,437] {logging_mixin.py:104} INFO - [2021-03-22 03:18:50,436] {dag.py:1818} INFO - Sync 1 DAGs
[2021-03-22 03:18:50,444] {logging_mixin.py:104} INFO - [2021-03-22 03:18:50,443] {dag.py:2273} INFO - Setting next_dagrun for example_xcom to 2021-03-20 00:00:00+00:00
[2021-03-22 03:18:50,448] {scheduler_job.py:190} INFO - Processing /Users/akshaybhoge/PycharmProjects/venvEdgar/lib/python3.7/site-packages/airflow/example_dags/example_xcom.py took 0.038 seconds
[2021-03-22 03:19:22,698] {scheduler_job.py:182} INFO - Started process (PID=28770) to work on /Users/akshaybhoge/PycharmProjects/venvEdgar/lib/python3.7/site-packages/airflow/example_dags/example_xcom.py
[2021-03-22 03:19:22,700] {scheduler_job.py:629} INFO - Processing file /Users/akshaybhoge/PycharmProjects/venvEdgar/lib/python3.7/site-packages/airflow/example_dags/example_xcom.py for tasks to queue
[2021-03-22 03:19:22,702] {logging_mixin.py:104} INFO - [2021-03-22 03:19:22,701] {dagbag.py:448} INFO - Filling up the DagBag from /Users/akshaybhoge/PycharmProjects/venvEdgar/lib/python3.7/site-packages/airflow/example_dags/example_xcom.py
[2021-03-22 03:19:22,715] {scheduler_job.py:639} INFO - DAG(s) dict_keys(['example_xcom']) retrieved from /Users/akshaybhoge/PycharmProjects/venvEdgar/lib/python3.7/site-packages/airflow/example_dags/example_xcom.py
[2021-03-22 03:19:22,727] {logging_mixin.py:104} INFO - [2021-03-22 03:19:22,727] {dag.py:1818} INFO - Sync 1 DAGs
[2021-03-22 03:19:22,737] {logging_mixin.py:104} INFO - [2021-03-22 03:19:22,737] {dag.py:2273} INFO - Setting next_dagrun for example_xcom to 2021-03-20 00:00:00+00:00
[2021-03-22 03:19:22,744] {scheduler_job.py:190} INFO - Processing /Users/akshaybhoge/PycharmProjects/venvEdgar/lib/python3.7/site-packages/airflow/example_dags/example_xcom.py took 0.049 seconds
[2021-03-22 03:19:54,823] {scheduler_job.py:182} INFO - Started process (PID=28799) to work on /Users/akshaybhoge/PycharmProjects/venvEdgar/lib/python3.7/site-packages/airflow/example_dags/example_xcom.py
[2021-03-22 03:19:54,826] {scheduler_job.py:629} INFO - Processing file /Users/akshaybhoge/PycharmProjects/venvEdgar/lib/python3.7/site-packages/airflow/example_dags/example_xcom.py for tasks to queue
[2021-03-22 03:19:54,828] {logging_mixin.py:104} INFO - [2021-03-22 03:19:54,827] {dagbag.py:448} INFO - Filling up the DagBag from /Users/akshaybhoge/PycharmProjects/venvEdgar/lib/python3.7/site-packages/airflow/example_dags/example_xcom.py
[2021-03-22 03:19:54,840] {scheduler_job.py:639} INFO - DAG(s) dict_keys(['example_xcom']) retrieved from /Users/akshaybhoge/PycharmProjects/venvEdgar/lib/python3.7/site-packages/airflow/example_dags/example_xcom.py
[2021-03-22 03:19:54,854] {logging_mixin.py:104} INFO - [2021-03-22 03:19:54,853] {dag.py:1818} INFO - Sync 1 DAGs
[2021-03-22 03:19:54,864] {logging_mixin.py:104} INFO - [2021-03-22 03:19:54,863] {dag.py:2273} INFO - Setting next_dagrun for example_xcom to 2021-03-20 00:00:00+00:00
[2021-03-22 03:19:54,870] {scheduler_job.py:190} INFO - Processing /Users/akshaybhoge/PycharmProjects/venvEdgar/lib/python3.7/site-packages/airflow/example_dags/example_xcom.py took 0.051 seconds
[2021-03-22 03:20:26,833] {scheduler_job.py:182} INFO - Started process (PID=28840) to work on /Users/akshaybhoge/PycharmProjects/venvEdgar/lib/python3.7/site-packages/airflow/example_dags/example_xcom.py
[2021-03-22 03:20:26,835] {scheduler_job.py:629} INFO - Processing file /Users/akshaybhoge/PycharmProjects/venvEdgar/lib/python3.7/site-packages/airflow/example_dags/example_xcom.py for tasks to queue
[2021-03-22 03:20:26,836] {logging_mixin.py:104} INFO - [2021-03-22 03:20:26,835] {dagbag.py:448} INFO - Filling up the DagBag from /Users/akshaybhoge/PycharmProjects/venvEdgar/lib/python3.7/site-packages/airflow/example_dags/example_xcom.py
[2021-03-22 03:20:26,848] {scheduler_job.py:639} INFO - DAG(s) dict_keys(['example_xcom']) retrieved from /Users/akshaybhoge/PycharmProjects/venvEdgar/lib/python3.7/site-packages/airflow/example_dags/example_xcom.py
[2021-03-22 03:20:26,860] {logging_mixin.py:104} INFO - [2021-03-22 03:20:26,860] {dag.py:1818} INFO - Sync 1 DAGs
[2021-03-22 03:20:26,870] {logging_mixin.py:104} INFO - [2021-03-22 03:20:26,870] {dag.py:2273} INFO - Setting next_dagrun for example_xcom to 2021-03-20 00:00:00+00:00
[2021-03-22 03:20:26,876] {scheduler_job.py:190} INFO - Processing /Users/akshaybhoge/PycharmProjects/venvEdgar/lib/python3.7/site-packages/airflow/example_dags/example_xcom.py took 0.047 seconds
[2021-03-22 03:20:59,130] {scheduler_job.py:182} INFO - Started process (PID=28886) to work on /Users/akshaybhoge/PycharmProjects/venvEdgar/lib/python3.7/site-packages/airflow/example_dags/example_xcom.py
[2021-03-22 03:20:59,132] {scheduler_job.py:629} INFO - Processing file /Users/akshaybhoge/PycharmProjects/venvEdgar/lib/python3.7/site-packages/airflow/example_dags/example_xcom.py for tasks to queue
[2021-03-22 03:20:59,133] {logging_mixin.py:104} INFO - [2021-03-22 03:20:59,132] {dagbag.py:448} INFO - Filling up the DagBag from /Users/akshaybhoge/PycharmProjects/venvEdgar/lib/python3.7/site-packages/airflow/example_dags/example_xcom.py
[2021-03-22 03:20:59,142] {scheduler_job.py:639} INFO - DAG(s) dict_keys(['example_xcom']) retrieved from /Users/akshaybhoge/PycharmProjects/venvEdgar/lib/python3.7/site-packages/airflow/example_dags/example_xcom.py
[2021-03-22 03:20:59,151] {logging_mixin.py:104} INFO - [2021-03-22 03:20:59,151] {dag.py:1818} INFO - Sync 1 DAGs
[2021-03-22 03:20:59,160] {logging_mixin.py:104} INFO - [2021-03-22 03:20:59,160] {dag.py:2273} INFO - Setting next_dagrun for example_xcom to 2021-03-20 00:00:00+00:00
[2021-03-22 03:20:59,165] {scheduler_job.py:190} INFO - Processing /Users/akshaybhoge/PycharmProjects/venvEdgar/lib/python3.7/site-packages/airflow/example_dags/example_xcom.py took 0.039 seconds
[2021-03-22 03:21:31,235] {scheduler_job.py:182} INFO - Started process (PID=28935) to work on /Users/akshaybhoge/PycharmProjects/venvEdgar/lib/python3.7/site-packages/airflow/example_dags/example_xcom.py
[2021-03-22 03:21:31,237] {scheduler_job.py:629} INFO - Processing file /Users/akshaybhoge/PycharmProjects/venvEdgar/lib/python3.7/site-packages/airflow/example_dags/example_xcom.py for tasks to queue
[2021-03-22 03:21:31,238] {logging_mixin.py:104} INFO - [2021-03-22 03:21:31,238] {dagbag.py:448} INFO - Filling up the DagBag from /Users/akshaybhoge/PycharmProjects/venvEdgar/lib/python3.7/site-packages/airflow/example_dags/example_xcom.py
[2021-03-22 03:21:31,251] {scheduler_job.py:639} INFO - DAG(s) dict_keys(['example_xcom']) retrieved from /Users/akshaybhoge/PycharmProjects/venvEdgar/lib/python3.7/site-packages/airflow/example_dags/example_xcom.py
[2021-03-22 03:21:31,264] {logging_mixin.py:104} INFO - [2021-03-22 03:21:31,263] {dag.py:1818} INFO - Sync 1 DAGs
[2021-03-22 03:21:31,273] {logging_mixin.py:104} INFO - [2021-03-22 03:21:31,273] {dag.py:2273} INFO - Setting next_dagrun for example_xcom to 2021-03-20 00:00:00+00:00
[2021-03-22 03:21:31,279] {scheduler_job.py:190} INFO - Processing /Users/akshaybhoge/PycharmProjects/venvEdgar/lib/python3.7/site-packages/airflow/example_dags/example_xcom.py took 0.048 seconds
[2021-03-22 03:23:24,543] {scheduler_job.py:182} INFO - Started process (PID=29056) to work on /Users/akshaybhoge/PycharmProjects/venvEdgar/lib/python3.7/site-packages/airflow/example_dags/example_xcom.py
[2021-03-22 03:23:24,545] {scheduler_job.py:629} INFO - Processing file /Users/akshaybhoge/PycharmProjects/venvEdgar/lib/python3.7/site-packages/airflow/example_dags/example_xcom.py for tasks to queue
[2021-03-22 03:23:24,550] {logging_mixin.py:104} INFO - [2021-03-22 03:23:24,546] {dagbag.py:448} INFO - Filling up the DagBag from /Users/akshaybhoge/PycharmProjects/venvEdgar/lib/python3.7/site-packages/airflow/example_dags/example_xcom.py
[2021-03-22 03:23:24,561] {scheduler_job.py:639} INFO - DAG(s) dict_keys(['example_xcom']) retrieved from /Users/akshaybhoge/PycharmProjects/venvEdgar/lib/python3.7/site-packages/airflow/example_dags/example_xcom.py
[2021-03-22 03:23:24,573] {logging_mixin.py:104} INFO - [2021-03-22 03:23:24,573] {dag.py:1818} INFO - Sync 1 DAGs
[2021-03-22 03:23:24,583] {logging_mixin.py:104} INFO - [2021-03-22 03:23:24,582] {dag.py:2273} INFO - Setting next_dagrun for example_xcom to 2021-03-20 00:00:00+00:00
[2021-03-22 03:23:24,588] {scheduler_job.py:190} INFO - Processing /Users/akshaybhoge/PycharmProjects/venvEdgar/lib/python3.7/site-packages/airflow/example_dags/example_xcom.py took 0.049 seconds
[2021-03-22 03:28:08,930] {scheduler_job.py:182} INFO - Started process (PID=29250) to work on /Users/akshaybhoge/PycharmProjects/venvEdgar/lib/python3.7/site-packages/airflow/example_dags/example_xcom.py
[2021-03-22 03:28:08,932] {scheduler_job.py:629} INFO - Processing file /Users/akshaybhoge/PycharmProjects/venvEdgar/lib/python3.7/site-packages/airflow/example_dags/example_xcom.py for tasks to queue
[2021-03-22 03:28:08,933] {logging_mixin.py:104} INFO - [2021-03-22 03:28:08,933] {dagbag.py:448} INFO - Filling up the DagBag from /Users/akshaybhoge/PycharmProjects/venvEdgar/lib/python3.7/site-packages/airflow/example_dags/example_xcom.py
[2021-03-22 03:28:08,941] {scheduler_job.py:639} INFO - DAG(s) dict_keys(['example_xcom']) retrieved from /Users/akshaybhoge/PycharmProjects/venvEdgar/lib/python3.7/site-packages/airflow/example_dags/example_xcom.py
[2021-03-22 03:28:08,954] {logging_mixin.py:104} INFO - [2021-03-22 03:28:08,953] {dag.py:1818} INFO - Sync 1 DAGs
[2021-03-22 03:28:08,962] {logging_mixin.py:104} INFO - [2021-03-22 03:28:08,962] {dag.py:2273} INFO - Setting next_dagrun for example_xcom to 2021-03-20 00:00:00+00:00
[2021-03-22 03:28:08,968] {scheduler_job.py:190} INFO - Processing /Users/akshaybhoge/PycharmProjects/venvEdgar/lib/python3.7/site-packages/airflow/example_dags/example_xcom.py took 0.041 seconds
[2021-03-22 03:28:40,948] {scheduler_job.py:182} INFO - Started process (PID=29291) to work on /Users/akshaybhoge/PycharmProjects/venvEdgar/lib/python3.7/site-packages/airflow/example_dags/example_xcom.py
[2021-03-22 03:28:40,951] {scheduler_job.py:629} INFO - Processing file /Users/akshaybhoge/PycharmProjects/venvEdgar/lib/python3.7/site-packages/airflow/example_dags/example_xcom.py for tasks to queue
[2021-03-22 03:28:40,953] {logging_mixin.py:104} INFO - [2021-03-22 03:28:40,953] {dagbag.py:448} INFO - Filling up the DagBag from /Users/akshaybhoge/PycharmProjects/venvEdgar/lib/python3.7/site-packages/airflow/example_dags/example_xcom.py
[2021-03-22 03:28:40,962] {scheduler_job.py:639} INFO - DAG(s) dict_keys(['example_xcom']) retrieved from /Users/akshaybhoge/PycharmProjects/venvEdgar/lib/python3.7/site-packages/airflow/example_dags/example_xcom.py
[2021-03-22 03:28:40,976] {logging_mixin.py:104} INFO - [2021-03-22 03:28:40,976] {dag.py:1818} INFO - Sync 1 DAGs
[2021-03-22 03:28:40,986] {logging_mixin.py:104} INFO - [2021-03-22 03:28:40,986] {dag.py:2273} INFO - Setting next_dagrun for example_xcom to 2021-03-20 00:00:00+00:00
[2021-03-22 03:28:40,994] {scheduler_job.py:190} INFO - Processing /Users/akshaybhoge/PycharmProjects/venvEdgar/lib/python3.7/site-packages/airflow/example_dags/example_xcom.py took 0.049 seconds
[2021-03-22 03:29:12,477] {scheduler_job.py:182} INFO - Started process (PID=29334) to work on /Users/akshaybhoge/PycharmProjects/venvEdgar/lib/python3.7/site-packages/airflow/example_dags/example_xcom.py
[2021-03-22 03:29:12,479] {scheduler_job.py:629} INFO - Processing file /Users/akshaybhoge/PycharmProjects/venvEdgar/lib/python3.7/site-packages/airflow/example_dags/example_xcom.py for tasks to queue
[2021-03-22 03:29:12,481] {logging_mixin.py:104} INFO - [2021-03-22 03:29:12,480] {dagbag.py:448} INFO - Filling up the DagBag from /Users/akshaybhoge/PycharmProjects/venvEdgar/lib/python3.7/site-packages/airflow/example_dags/example_xcom.py
[2021-03-22 03:29:12,489] {scheduler_job.py:639} INFO - DAG(s) dict_keys(['example_xcom']) retrieved from /Users/akshaybhoge/PycharmProjects/venvEdgar/lib/python3.7/site-packages/airflow/example_dags/example_xcom.py
[2021-03-22 03:29:12,501] {logging_mixin.py:104} INFO - [2021-03-22 03:29:12,500] {dag.py:1818} INFO - Sync 1 DAGs
[2021-03-22 03:29:12,509] {logging_mixin.py:104} INFO - [2021-03-22 03:29:12,508] {dag.py:2273} INFO - Setting next_dagrun for example_xcom to 2021-03-20 00:00:00+00:00
[2021-03-22 03:29:12,514] {scheduler_job.py:190} INFO - Processing /Users/akshaybhoge/PycharmProjects/venvEdgar/lib/python3.7/site-packages/airflow/example_dags/example_xcom.py took 0.041 seconds
[2021-03-22 03:29:46,297] {scheduler_job.py:182} INFO - Started process (PID=29370) to work on /Users/akshaybhoge/PycharmProjects/venvEdgar/lib/python3.7/site-packages/airflow/example_dags/example_xcom.py
[2021-03-22 03:29:46,299] {scheduler_job.py:629} INFO - Processing file /Users/akshaybhoge/PycharmProjects/venvEdgar/lib/python3.7/site-packages/airflow/example_dags/example_xcom.py for tasks to queue
[2021-03-22 03:29:46,300] {logging_mixin.py:104} INFO - [2021-03-22 03:29:46,299] {dagbag.py:448} INFO - Filling up the DagBag from /Users/akshaybhoge/PycharmProjects/venvEdgar/lib/python3.7/site-packages/airflow/example_dags/example_xcom.py
[2021-03-22 03:29:46,306] {scheduler_job.py:639} INFO - DAG(s) dict_keys(['example_xcom']) retrieved from /Users/akshaybhoge/PycharmProjects/venvEdgar/lib/python3.7/site-packages/airflow/example_dags/example_xcom.py
[2021-03-22 03:29:46,320] {logging_mixin.py:104} INFO - [2021-03-22 03:29:46,319] {dag.py:1818} INFO - Sync 1 DAGs
[2021-03-22 03:29:46,329] {logging_mixin.py:104} INFO - [2021-03-22 03:29:46,328] {dag.py:2273} INFO - Setting next_dagrun for example_xcom to 2021-03-20 00:00:00+00:00
[2021-03-22 03:29:46,336] {scheduler_job.py:190} INFO - Processing /Users/akshaybhoge/PycharmProjects/venvEdgar/lib/python3.7/site-packages/airflow/example_dags/example_xcom.py took 0.043 seconds
[2021-03-22 03:30:17,836] {scheduler_job.py:182} INFO - Started process (PID=29413) to work on /Users/akshaybhoge/PycharmProjects/venvEdgar/lib/python3.7/site-packages/airflow/example_dags/example_xcom.py
[2021-03-22 03:30:17,838] {scheduler_job.py:629} INFO - Processing file /Users/akshaybhoge/PycharmProjects/venvEdgar/lib/python3.7/site-packages/airflow/example_dags/example_xcom.py for tasks to queue
[2021-03-22 03:30:17,839] {logging_mixin.py:104} INFO - [2021-03-22 03:30:17,839] {dagbag.py:448} INFO - Filling up the DagBag from /Users/akshaybhoge/PycharmProjects/venvEdgar/lib/python3.7/site-packages/airflow/example_dags/example_xcom.py
[2021-03-22 03:30:17,847] {scheduler_job.py:639} INFO - DAG(s) dict_keys(['example_xcom']) retrieved from /Users/akshaybhoge/PycharmProjects/venvEdgar/lib/python3.7/site-packages/airflow/example_dags/example_xcom.py
[2021-03-22 03:30:17,859] {logging_mixin.py:104} INFO - [2021-03-22 03:30:17,859] {dag.py:1818} INFO - Sync 1 DAGs
[2021-03-22 03:30:17,868] {logging_mixin.py:104} INFO - [2021-03-22 03:30:17,868] {dag.py:2273} INFO - Setting next_dagrun for example_xcom to 2021-03-20 00:00:00+00:00
[2021-03-22 03:30:17,876] {scheduler_job.py:190} INFO - Processing /Users/akshaybhoge/PycharmProjects/venvEdgar/lib/python3.7/site-packages/airflow/example_dags/example_xcom.py took 0.043 seconds
[2021-03-22 03:30:49,913] {scheduler_job.py:182} INFO - Started process (PID=29453) to work on /Users/akshaybhoge/PycharmProjects/venvEdgar/lib/python3.7/site-packages/airflow/example_dags/example_xcom.py
[2021-03-22 03:30:49,915] {scheduler_job.py:629} INFO - Processing file /Users/akshaybhoge/PycharmProjects/venvEdgar/lib/python3.7/site-packages/airflow/example_dags/example_xcom.py for tasks to queue
[2021-03-22 03:30:49,916] {logging_mixin.py:104} INFO - [2021-03-22 03:30:49,916] {dagbag.py:448} INFO - Filling up the DagBag from /Users/akshaybhoge/PycharmProjects/venvEdgar/lib/python3.7/site-packages/airflow/example_dags/example_xcom.py
[2021-03-22 03:30:49,924] {scheduler_job.py:639} INFO - DAG(s) dict_keys(['example_xcom']) retrieved from /Users/akshaybhoge/PycharmProjects/venvEdgar/lib/python3.7/site-packages/airflow/example_dags/example_xcom.py
[2021-03-22 03:30:49,937] {logging_mixin.py:104} INFO - [2021-03-22 03:30:49,936] {dag.py:1818} INFO - Sync 1 DAGs
[2021-03-22 03:30:49,945] {logging_mixin.py:104} INFO - [2021-03-22 03:30:49,945] {dag.py:2273} INFO - Setting next_dagrun for example_xcom to 2021-03-20 00:00:00+00:00
[2021-03-22 03:30:49,951] {scheduler_job.py:190} INFO - Processing /Users/akshaybhoge/PycharmProjects/venvEdgar/lib/python3.7/site-packages/airflow/example_dags/example_xcom.py took 0.042 seconds
[2021-03-22 03:31:22,020] {scheduler_job.py:182} INFO - Started process (PID=29486) to work on /Users/akshaybhoge/PycharmProjects/venvEdgar/lib/python3.7/site-packages/airflow/example_dags/example_xcom.py
[2021-03-22 03:31:22,022] {scheduler_job.py:629} INFO - Processing file /Users/akshaybhoge/PycharmProjects/venvEdgar/lib/python3.7/site-packages/airflow/example_dags/example_xcom.py for tasks to queue
[2021-03-22 03:31:22,023] {logging_mixin.py:104} INFO - [2021-03-22 03:31:22,023] {dagbag.py:448} INFO - Filling up the DagBag from /Users/akshaybhoge/PycharmProjects/venvEdgar/lib/python3.7/site-packages/airflow/example_dags/example_xcom.py
[2021-03-22 03:31:22,030] {scheduler_job.py:639} INFO - DAG(s) dict_keys(['example_xcom']) retrieved from /Users/akshaybhoge/PycharmProjects/venvEdgar/lib/python3.7/site-packages/airflow/example_dags/example_xcom.py
[2021-03-22 03:31:22,042] {logging_mixin.py:104} INFO - [2021-03-22 03:31:22,041] {dag.py:1818} INFO - Sync 1 DAGs
[2021-03-22 03:31:22,051] {logging_mixin.py:104} INFO - [2021-03-22 03:31:22,051] {dag.py:2273} INFO - Setting next_dagrun for example_xcom to 2021-03-20 00:00:00+00:00
[2021-03-22 03:31:22,057] {scheduler_job.py:190} INFO - Processing /Users/akshaybhoge/PycharmProjects/venvEdgar/lib/python3.7/site-packages/airflow/example_dags/example_xcom.py took 0.041 seconds
[2021-03-22 03:31:54,018] {scheduler_job.py:182} INFO - Started process (PID=29518) to work on /Users/akshaybhoge/PycharmProjects/venvEdgar/lib/python3.7/site-packages/airflow/example_dags/example_xcom.py
[2021-03-22 03:31:54,019] {scheduler_job.py:629} INFO - Processing file /Users/akshaybhoge/PycharmProjects/venvEdgar/lib/python3.7/site-packages/airflow/example_dags/example_xcom.py for tasks to queue
[2021-03-22 03:31:54,021] {logging_mixin.py:104} INFO - [2021-03-22 03:31:54,020] {dagbag.py:448} INFO - Filling up the DagBag from /Users/akshaybhoge/PycharmProjects/venvEdgar/lib/python3.7/site-packages/airflow/example_dags/example_xcom.py
[2021-03-22 03:31:54,028] {scheduler_job.py:639} INFO - DAG(s) dict_keys(['example_xcom']) retrieved from /Users/akshaybhoge/PycharmProjects/venvEdgar/lib/python3.7/site-packages/airflow/example_dags/example_xcom.py
[2021-03-22 03:31:54,039] {logging_mixin.py:104} INFO - [2021-03-22 03:31:54,038] {dag.py:1818} INFO - Sync 1 DAGs
[2021-03-22 03:31:54,047] {logging_mixin.py:104} INFO - [2021-03-22 03:31:54,047] {dag.py:2273} INFO - Setting next_dagrun for example_xcom to 2021-03-20 00:00:00+00:00
[2021-03-22 03:31:54,054] {scheduler_job.py:190} INFO - Processing /Users/akshaybhoge/PycharmProjects/venvEdgar/lib/python3.7/site-packages/airflow/example_dags/example_xcom.py took 0.040 seconds
[2021-03-22 03:32:26,226] {scheduler_job.py:182} INFO - Started process (PID=29552) to work on /Users/akshaybhoge/PycharmProjects/venvEdgar/lib/python3.7/site-packages/airflow/example_dags/example_xcom.py
[2021-03-22 03:32:26,228] {scheduler_job.py:629} INFO - Processing file /Users/akshaybhoge/PycharmProjects/venvEdgar/lib/python3.7/site-packages/airflow/example_dags/example_xcom.py for tasks to queue
[2021-03-22 03:32:26,230] {logging_mixin.py:104} INFO - [2021-03-22 03:32:26,229] {dagbag.py:448} INFO - Filling up the DagBag from /Users/akshaybhoge/PycharmProjects/venvEdgar/lib/python3.7/site-packages/airflow/example_dags/example_xcom.py
[2021-03-22 03:32:26,238] {scheduler_job.py:639} INFO - DAG(s) dict_keys(['example_xcom']) retrieved from /Users/akshaybhoge/PycharmProjects/venvEdgar/lib/python3.7/site-packages/airflow/example_dags/example_xcom.py
[2021-03-22 03:32:26,250] {logging_mixin.py:104} INFO - [2021-03-22 03:32:26,250] {dag.py:1818} INFO - Sync 1 DAGs
[2021-03-22 03:32:26,259] {logging_mixin.py:104} INFO - [2021-03-22 03:32:26,258] {dag.py:2273} INFO - Setting next_dagrun for example_xcom to 2021-03-20 00:00:00+00:00
[2021-03-22 03:32:26,265] {scheduler_job.py:190} INFO - Processing /Users/akshaybhoge/PycharmProjects/venvEdgar/lib/python3.7/site-packages/airflow/example_dags/example_xcom.py took 0.043 seconds
[2021-03-22 03:32:58,319] {scheduler_job.py:182} INFO - Started process (PID=29588) to work on /Users/akshaybhoge/PycharmProjects/venvEdgar/lib/python3.7/site-packages/airflow/example_dags/example_xcom.py
[2021-03-22 03:32:58,321] {scheduler_job.py:629} INFO - Processing file /Users/akshaybhoge/PycharmProjects/venvEdgar/lib/python3.7/site-packages/airflow/example_dags/example_xcom.py for tasks to queue
[2021-03-22 03:32:58,322] {logging_mixin.py:104} INFO - [2021-03-22 03:32:58,321] {dagbag.py:448} INFO - Filling up the DagBag from /Users/akshaybhoge/PycharmProjects/venvEdgar/lib/python3.7/site-packages/airflow/example_dags/example_xcom.py
[2021-03-22 03:32:58,330] {scheduler_job.py:639} INFO - DAG(s) dict_keys(['example_xcom']) retrieved from /Users/akshaybhoge/PycharmProjects/venvEdgar/lib/python3.7/site-packages/airflow/example_dags/example_xcom.py
[2021-03-22 03:32:58,350] {logging_mixin.py:104} INFO - [2021-03-22 03:32:58,349] {dag.py:1818} INFO - Sync 1 DAGs
[2021-03-22 03:32:58,358] {logging_mixin.py:104} INFO - [2021-03-22 03:32:58,358] {dag.py:2273} INFO - Setting next_dagrun for example_xcom to 2021-03-20 00:00:00+00:00
[2021-03-22 03:32:58,364] {scheduler_job.py:190} INFO - Processing /Users/akshaybhoge/PycharmProjects/venvEdgar/lib/python3.7/site-packages/airflow/example_dags/example_xcom.py took 0.048 seconds
[2021-03-22 03:35:40,533] {scheduler_job.py:182} INFO - Started process (PID=29724) to work on /Users/akshaybhoge/PycharmProjects/venvEdgar/lib/python3.7/site-packages/airflow/example_dags/example_xcom.py
[2021-03-22 03:35:40,535] {scheduler_job.py:629} INFO - Processing file /Users/akshaybhoge/PycharmProjects/venvEdgar/lib/python3.7/site-packages/airflow/example_dags/example_xcom.py for tasks to queue
[2021-03-22 03:35:40,536] {logging_mixin.py:104} INFO - [2021-03-22 03:35:40,536] {dagbag.py:448} INFO - Filling up the DagBag from /Users/akshaybhoge/PycharmProjects/venvEdgar/lib/python3.7/site-packages/airflow/example_dags/example_xcom.py
[2021-03-22 03:35:40,553] {scheduler_job.py:639} INFO - DAG(s) dict_keys(['example_xcom']) retrieved from /Users/akshaybhoge/PycharmProjects/venvEdgar/lib/python3.7/site-packages/airflow/example_dags/example_xcom.py
[2021-03-22 03:35:40,565] {logging_mixin.py:104} INFO - [2021-03-22 03:35:40,565] {dag.py:1818} INFO - Sync 1 DAGs
[2021-03-22 03:35:40,575] {logging_mixin.py:104} INFO - [2021-03-22 03:35:40,574] {dag.py:2273} INFO - Setting next_dagrun for example_xcom to 2021-03-20 00:00:00+00:00
[2021-03-22 03:35:40,581] {scheduler_job.py:190} INFO - Processing /Users/akshaybhoge/PycharmProjects/venvEdgar/lib/python3.7/site-packages/airflow/example_dags/example_xcom.py took 0.051 seconds
[2021-03-22 03:39:31,435] {scheduler_job.py:182} INFO - Started process (PID=29852) to work on /Users/akshaybhoge/PycharmProjects/venvEdgar/lib/python3.7/site-packages/airflow/example_dags/example_xcom.py
[2021-03-22 03:39:31,439] {scheduler_job.py:629} INFO - Processing file /Users/akshaybhoge/PycharmProjects/venvEdgar/lib/python3.7/site-packages/airflow/example_dags/example_xcom.py for tasks to queue
[2021-03-22 03:39:31,440] {logging_mixin.py:104} INFO - [2021-03-22 03:39:31,440] {dagbag.py:448} INFO - Filling up the DagBag from /Users/akshaybhoge/PycharmProjects/venvEdgar/lib/python3.7/site-packages/airflow/example_dags/example_xcom.py
[2021-03-22 03:39:31,447] {scheduler_job.py:639} INFO - DAG(s) dict_keys(['example_xcom']) retrieved from /Users/akshaybhoge/PycharmProjects/venvEdgar/lib/python3.7/site-packages/airflow/example_dags/example_xcom.py
[2021-03-22 03:39:31,458] {logging_mixin.py:104} INFO - [2021-03-22 03:39:31,457] {dag.py:1818} INFO - Sync 1 DAGs
[2021-03-22 03:39:31,466] {logging_mixin.py:104} INFO - [2021-03-22 03:39:31,466] {dag.py:2273} INFO - Setting next_dagrun for example_xcom to 2021-03-20 00:00:00+00:00
[2021-03-22 03:39:31,472] {scheduler_job.py:190} INFO - Processing /Users/akshaybhoge/PycharmProjects/venvEdgar/lib/python3.7/site-packages/airflow/example_dags/example_xcom.py took 0.040 seconds
[2021-03-22 03:40:02,337] {scheduler_job.py:182} INFO - Started process (PID=29888) to work on /Users/akshaybhoge/PycharmProjects/venvEdgar/lib/python3.7/site-packages/airflow/example_dags/example_xcom.py
[2021-03-22 03:40:02,339] {scheduler_job.py:629} INFO - Processing file /Users/akshaybhoge/PycharmProjects/venvEdgar/lib/python3.7/site-packages/airflow/example_dags/example_xcom.py for tasks to queue
[2021-03-22 03:40:02,340] {logging_mixin.py:104} INFO - [2021-03-22 03:40:02,340] {dagbag.py:448} INFO - Filling up the DagBag from /Users/akshaybhoge/PycharmProjects/venvEdgar/lib/python3.7/site-packages/airflow/example_dags/example_xcom.py
[2021-03-22 03:40:02,346] {scheduler_job.py:639} INFO - DAG(s) dict_keys(['example_xcom']) retrieved from /Users/akshaybhoge/PycharmProjects/venvEdgar/lib/python3.7/site-packages/airflow/example_dags/example_xcom.py
[2021-03-22 03:40:02,357] {logging_mixin.py:104} INFO - [2021-03-22 03:40:02,357] {dag.py:1818} INFO - Sync 1 DAGs
[2021-03-22 03:40:02,365] {logging_mixin.py:104} INFO - [2021-03-22 03:40:02,365] {dag.py:2273} INFO - Setting next_dagrun for example_xcom to 2021-03-20 00:00:00+00:00
[2021-03-22 03:40:02,372] {scheduler_job.py:190} INFO - Processing /Users/akshaybhoge/PycharmProjects/venvEdgar/lib/python3.7/site-packages/airflow/example_dags/example_xcom.py took 0.038 seconds
[2021-03-22 03:40:33,163] {scheduler_job.py:182} INFO - Started process (PID=29925) to work on /Users/akshaybhoge/PycharmProjects/venvEdgar/lib/python3.7/site-packages/airflow/example_dags/example_xcom.py
[2021-03-22 03:40:33,164] {scheduler_job.py:629} INFO - Processing file /Users/akshaybhoge/PycharmProjects/venvEdgar/lib/python3.7/site-packages/airflow/example_dags/example_xcom.py for tasks to queue
[2021-03-22 03:40:33,166] {logging_mixin.py:104} INFO - [2021-03-22 03:40:33,165] {dagbag.py:448} INFO - Filling up the DagBag from /Users/akshaybhoge/PycharmProjects/venvEdgar/lib/python3.7/site-packages/airflow/example_dags/example_xcom.py
[2021-03-22 03:40:33,173] {scheduler_job.py:639} INFO - DAG(s) dict_keys(['example_xcom']) retrieved from /Users/akshaybhoge/PycharmProjects/venvEdgar/lib/python3.7/site-packages/airflow/example_dags/example_xcom.py
[2021-03-22 03:40:33,185] {logging_mixin.py:104} INFO - [2021-03-22 03:40:33,185] {dag.py:1818} INFO - Sync 1 DAGs
[2021-03-22 03:40:33,195] {logging_mixin.py:104} INFO - [2021-03-22 03:40:33,194] {dag.py:2273} INFO - Setting next_dagrun for example_xcom to 2021-03-20 00:00:00+00:00
[2021-03-22 03:40:33,200] {scheduler_job.py:190} INFO - Processing /Users/akshaybhoge/PycharmProjects/venvEdgar/lib/python3.7/site-packages/airflow/example_dags/example_xcom.py took 0.041 seconds
[2021-03-22 03:41:04,783] {scheduler_job.py:182} INFO - Started process (PID=29959) to work on /Users/akshaybhoge/PycharmProjects/venvEdgar/lib/python3.7/site-packages/airflow/example_dags/example_xcom.py
[2021-03-22 03:41:04,786] {scheduler_job.py:629} INFO - Processing file /Users/akshaybhoge/PycharmProjects/venvEdgar/lib/python3.7/site-packages/airflow/example_dags/example_xcom.py for tasks to queue
[2021-03-22 03:41:04,787] {logging_mixin.py:104} INFO - [2021-03-22 03:41:04,787] {dagbag.py:448} INFO - Filling up the DagBag from /Users/akshaybhoge/PycharmProjects/venvEdgar/lib/python3.7/site-packages/airflow/example_dags/example_xcom.py
[2021-03-22 03:41:04,794] {scheduler_job.py:639} INFO - DAG(s) dict_keys(['example_xcom']) retrieved from /Users/akshaybhoge/PycharmProjects/venvEdgar/lib/python3.7/site-packages/airflow/example_dags/example_xcom.py
[2021-03-22 03:41:04,808] {logging_mixin.py:104} INFO - [2021-03-22 03:41:04,808] {dag.py:1818} INFO - Sync 1 DAGs
[2021-03-22 03:41:04,818] {logging_mixin.py:104} INFO - [2021-03-22 03:41:04,818] {dag.py:2273} INFO - Setting next_dagrun for example_xcom to 2021-03-20 00:00:00+00:00
[2021-03-22 03:41:04,824] {scheduler_job.py:190} INFO - Processing /Users/akshaybhoge/PycharmProjects/venvEdgar/lib/python3.7/site-packages/airflow/example_dags/example_xcom.py took 0.045 seconds
[2021-03-22 03:41:36,436] {scheduler_job.py:182} INFO - Started process (PID=30004) to work on /Users/akshaybhoge/PycharmProjects/venvEdgar/lib/python3.7/site-packages/airflow/example_dags/example_xcom.py
[2021-03-22 03:41:36,437] {scheduler_job.py:629} INFO - Processing file /Users/akshaybhoge/PycharmProjects/venvEdgar/lib/python3.7/site-packages/airflow/example_dags/example_xcom.py for tasks to queue
[2021-03-22 03:41:36,438] {logging_mixin.py:104} INFO - [2021-03-22 03:41:36,438] {dagbag.py:448} INFO - Filling up the DagBag from /Users/akshaybhoge/PycharmProjects/venvEdgar/lib/python3.7/site-packages/airflow/example_dags/example_xcom.py
[2021-03-22 03:41:36,445] {scheduler_job.py:639} INFO - DAG(s) dict_keys(['example_xcom']) retrieved from /Users/akshaybhoge/PycharmProjects/venvEdgar/lib/python3.7/site-packages/airflow/example_dags/example_xcom.py
[2021-03-22 03:41:36,457] {logging_mixin.py:104} INFO - [2021-03-22 03:41:36,457] {dag.py:1818} INFO - Sync 1 DAGs
[2021-03-22 03:41:36,478] {logging_mixin.py:104} INFO - [2021-03-22 03:41:36,478] {dag.py:2273} INFO - Setting next_dagrun for example_xcom to 2021-03-20 00:00:00+00:00
[2021-03-22 03:41:36,483] {scheduler_job.py:190} INFO - Processing /Users/akshaybhoge/PycharmProjects/venvEdgar/lib/python3.7/site-packages/airflow/example_dags/example_xcom.py took 0.050 seconds
[2021-03-22 03:42:08,979] {scheduler_job.py:182} INFO - Started process (PID=30041) to work on /Users/akshaybhoge/PycharmProjects/venvEdgar/lib/python3.7/site-packages/airflow/example_dags/example_xcom.py
[2021-03-22 03:42:08,980] {scheduler_job.py:629} INFO - Processing file /Users/akshaybhoge/PycharmProjects/venvEdgar/lib/python3.7/site-packages/airflow/example_dags/example_xcom.py for tasks to queue
[2021-03-22 03:42:08,981] {logging_mixin.py:104} INFO - [2021-03-22 03:42:08,981] {dagbag.py:448} INFO - Filling up the DagBag from /Users/akshaybhoge/PycharmProjects/venvEdgar/lib/python3.7/site-packages/airflow/example_dags/example_xcom.py
[2021-03-22 03:42:08,987] {scheduler_job.py:639} INFO - DAG(s) dict_keys(['example_xcom']) retrieved from /Users/akshaybhoge/PycharmProjects/venvEdgar/lib/python3.7/site-packages/airflow/example_dags/example_xcom.py
[2021-03-22 03:42:08,995] {logging_mixin.py:104} INFO - [2021-03-22 03:42:08,995] {dag.py:1818} INFO - Sync 1 DAGs
[2021-03-22 03:42:09,002] {logging_mixin.py:104} INFO - [2021-03-22 03:42:09,002] {dag.py:2273} INFO - Setting next_dagrun for example_xcom to 2021-03-20 00:00:00+00:00
[2021-03-22 03:42:09,007] {scheduler_job.py:190} INFO - Processing /Users/akshaybhoge/PycharmProjects/venvEdgar/lib/python3.7/site-packages/airflow/example_dags/example_xcom.py took 0.031 seconds
[2021-03-22 03:42:41,633] {scheduler_job.py:182} INFO - Started process (PID=30084) to work on /Users/akshaybhoge/PycharmProjects/venvEdgar/lib/python3.7/site-packages/airflow/example_dags/example_xcom.py
[2021-03-22 03:42:41,634] {scheduler_job.py:629} INFO - Processing file /Users/akshaybhoge/PycharmProjects/venvEdgar/lib/python3.7/site-packages/airflow/example_dags/example_xcom.py for tasks to queue
[2021-03-22 03:42:41,635] {logging_mixin.py:104} INFO - [2021-03-22 03:42:41,635] {dagbag.py:448} INFO - Filling up the DagBag from /Users/akshaybhoge/PycharmProjects/venvEdgar/lib/python3.7/site-packages/airflow/example_dags/example_xcom.py
[2021-03-22 03:42:41,643] {scheduler_job.py:639} INFO - DAG(s) dict_keys(['example_xcom']) retrieved from /Users/akshaybhoge/PycharmProjects/venvEdgar/lib/python3.7/site-packages/airflow/example_dags/example_xcom.py
[2021-03-22 03:42:41,655] {logging_mixin.py:104} INFO - [2021-03-22 03:42:41,655] {dag.py:1818} INFO - Sync 1 DAGs
[2021-03-22 03:42:41,664] {logging_mixin.py:104} INFO - [2021-03-22 03:42:41,664] {dag.py:2273} INFO - Setting next_dagrun for example_xcom to 2021-03-20 00:00:00+00:00
[2021-03-22 03:42:41,670] {scheduler_job.py:190} INFO - Processing /Users/akshaybhoge/PycharmProjects/venvEdgar/lib/python3.7/site-packages/airflow/example_dags/example_xcom.py took 0.041 seconds
[2021-03-22 03:43:15,785] {scheduler_job.py:182} INFO - Started process (PID=30124) to work on /Users/akshaybhoge/PycharmProjects/venvEdgar/lib/python3.7/site-packages/airflow/example_dags/example_xcom.py
[2021-03-22 03:43:15,786] {scheduler_job.py:629} INFO - Processing file /Users/akshaybhoge/PycharmProjects/venvEdgar/lib/python3.7/site-packages/airflow/example_dags/example_xcom.py for tasks to queue
[2021-03-22 03:43:15,787] {logging_mixin.py:104} INFO - [2021-03-22 03:43:15,787] {dagbag.py:448} INFO - Filling up the DagBag from /Users/akshaybhoge/PycharmProjects/venvEdgar/lib/python3.7/site-packages/airflow/example_dags/example_xcom.py
[2021-03-22 03:43:15,794] {scheduler_job.py:639} INFO - DAG(s) dict_keys(['example_xcom']) retrieved from /Users/akshaybhoge/PycharmProjects/venvEdgar/lib/python3.7/site-packages/airflow/example_dags/example_xcom.py
[2021-03-22 03:43:15,805] {logging_mixin.py:104} INFO - [2021-03-22 03:43:15,805] {dag.py:1818} INFO - Sync 1 DAGs
[2021-03-22 03:43:15,814] {logging_mixin.py:104} INFO - [2021-03-22 03:43:15,813] {dag.py:2273} INFO - Setting next_dagrun for example_xcom to 2021-03-20 00:00:00+00:00
[2021-03-22 03:43:15,820] {scheduler_job.py:190} INFO - Processing /Users/akshaybhoge/PycharmProjects/venvEdgar/lib/python3.7/site-packages/airflow/example_dags/example_xcom.py took 0.038 seconds
[2021-03-22 03:44:07,455] {scheduler_job.py:182} INFO - Started process (PID=30165) to work on /Users/akshaybhoge/PycharmProjects/venvEdgar/lib/python3.7/site-packages/airflow/example_dags/example_xcom.py
[2021-03-22 03:44:07,457] {scheduler_job.py:629} INFO - Processing file /Users/akshaybhoge/PycharmProjects/venvEdgar/lib/python3.7/site-packages/airflow/example_dags/example_xcom.py for tasks to queue
[2021-03-22 03:44:07,458] {logging_mixin.py:104} INFO - [2021-03-22 03:44:07,458] {dagbag.py:448} INFO - Filling up the DagBag from /Users/akshaybhoge/PycharmProjects/venvEdgar/lib/python3.7/site-packages/airflow/example_dags/example_xcom.py
[2021-03-22 03:44:07,467] {scheduler_job.py:639} INFO - DAG(s) dict_keys(['example_xcom']) retrieved from /Users/akshaybhoge/PycharmProjects/venvEdgar/lib/python3.7/site-packages/airflow/example_dags/example_xcom.py
[2021-03-22 03:44:07,479] {logging_mixin.py:104} INFO - [2021-03-22 03:44:07,479] {dag.py:1818} INFO - Sync 1 DAGs
[2021-03-22 03:44:07,488] {logging_mixin.py:104} INFO - [2021-03-22 03:44:07,488] {dag.py:2273} INFO - Setting next_dagrun for example_xcom to 2021-03-20 00:00:00+00:00
[2021-03-22 03:44:07,494] {scheduler_job.py:190} INFO - Processing /Users/akshaybhoge/PycharmProjects/venvEdgar/lib/python3.7/site-packages/airflow/example_dags/example_xcom.py took 0.042 seconds
[2021-03-22 03:45:07,694] {scheduler_job.py:182} INFO - Started process (PID=30211) to work on /Users/akshaybhoge/PycharmProjects/venvEdgar/lib/python3.7/site-packages/airflow/example_dags/example_xcom.py
[2021-03-22 03:45:07,696] {scheduler_job.py:629} INFO - Processing file /Users/akshaybhoge/PycharmProjects/venvEdgar/lib/python3.7/site-packages/airflow/example_dags/example_xcom.py for tasks to queue
[2021-03-22 03:45:07,697] {logging_mixin.py:104} INFO - [2021-03-22 03:45:07,697] {dagbag.py:448} INFO - Filling up the DagBag from /Users/akshaybhoge/PycharmProjects/venvEdgar/lib/python3.7/site-packages/airflow/example_dags/example_xcom.py
[2021-03-22 03:45:07,705] {scheduler_job.py:639} INFO - DAG(s) dict_keys(['example_xcom']) retrieved from /Users/akshaybhoge/PycharmProjects/venvEdgar/lib/python3.7/site-packages/airflow/example_dags/example_xcom.py
[2021-03-22 03:45:07,719] {logging_mixin.py:104} INFO - [2021-03-22 03:45:07,719] {dag.py:1818} INFO - Sync 1 DAGs
[2021-03-22 03:45:07,729] {logging_mixin.py:104} INFO - [2021-03-22 03:45:07,729] {dag.py:2273} INFO - Setting next_dagrun for example_xcom to 2021-03-20 00:00:00+00:00
[2021-03-22 03:45:07,736] {scheduler_job.py:190} INFO - Processing /Users/akshaybhoge/PycharmProjects/venvEdgar/lib/python3.7/site-packages/airflow/example_dags/example_xcom.py took 0.045 seconds
