[2021-03-22 02:54:55,179] {scheduler_job.py:182} INFO - Started process (PID=26827) to work on /Users/akshaybhoge/PycharmProjects/venvEdgar/lib/python3.7/site-packages/airflow/example_dags/example_branch_operator.py
[2021-03-22 02:54:55,180] {scheduler_job.py:629} INFO - Processing file /Users/akshaybhoge/PycharmProjects/venvEdgar/lib/python3.7/site-packages/airflow/example_dags/example_branch_operator.py for tasks to queue
[2021-03-22 02:54:55,182] {logging_mixin.py:104} INFO - [2021-03-22 02:54:55,181] {dagbag.py:448} INFO - Filling up the DagBag from /Users/akshaybhoge/PycharmProjects/venvEdgar/lib/python3.7/site-packages/airflow/example_dags/example_branch_operator.py
[2021-03-22 02:54:55,205] {scheduler_job.py:639} INFO - DAG(s) dict_keys(['example_branch_operator']) retrieved from /Users/akshaybhoge/PycharmProjects/venvEdgar/lib/python3.7/site-packages/airflow/example_dags/example_branch_operator.py
[2021-03-22 02:54:55,226] {logging_mixin.py:104} INFO - [2021-03-22 02:54:55,225] {dag.py:1818} INFO - Sync 1 DAGs
[2021-03-22 02:54:55,248] {logging_mixin.py:104} INFO - [2021-03-22 02:54:55,247] {dag.py:2273} INFO - Setting next_dagrun for example_branch_operator to 2021-03-20 00:00:00+00:00
[2021-03-22 02:54:55,258] {scheduler_job.py:190} INFO - Processing /Users/akshaybhoge/PycharmProjects/venvEdgar/lib/python3.7/site-packages/airflow/example_dags/example_branch_operator.py took 0.083 seconds
[2021-03-22 02:55:28,519] {scheduler_job.py:182} INFO - Started process (PID=26891) to work on /Users/akshaybhoge/PycharmProjects/venvEdgar/lib/python3.7/site-packages/airflow/example_dags/example_branch_operator.py
[2021-03-22 02:55:28,521] {scheduler_job.py:629} INFO - Processing file /Users/akshaybhoge/PycharmProjects/venvEdgar/lib/python3.7/site-packages/airflow/example_dags/example_branch_operator.py for tasks to queue
[2021-03-22 02:55:28,523] {logging_mixin.py:104} INFO - [2021-03-22 02:55:28,522] {dagbag.py:448} INFO - Filling up the DagBag from /Users/akshaybhoge/PycharmProjects/venvEdgar/lib/python3.7/site-packages/airflow/example_dags/example_branch_operator.py
[2021-03-22 02:55:28,538] {scheduler_job.py:639} INFO - DAG(s) dict_keys(['example_branch_operator']) retrieved from /Users/akshaybhoge/PycharmProjects/venvEdgar/lib/python3.7/site-packages/airflow/example_dags/example_branch_operator.py
[2021-03-22 02:55:28,551] {logging_mixin.py:104} INFO - [2021-03-22 02:55:28,551] {dag.py:1818} INFO - Sync 1 DAGs
[2021-03-22 02:55:28,570] {logging_mixin.py:104} INFO - [2021-03-22 02:55:28,569] {dag.py:2273} INFO - Setting next_dagrun for example_branch_operator to 2021-03-20 00:00:00+00:00
[2021-03-22 02:55:28,577] {scheduler_job.py:190} INFO - Processing /Users/akshaybhoge/PycharmProjects/venvEdgar/lib/python3.7/site-packages/airflow/example_dags/example_branch_operator.py took 0.061 seconds
[2021-03-22 02:56:03,399] {scheduler_job.py:182} INFO - Started process (PID=27005) to work on /Users/akshaybhoge/PycharmProjects/venvEdgar/lib/python3.7/site-packages/airflow/example_dags/example_branch_operator.py
[2021-03-22 02:56:03,402] {scheduler_job.py:629} INFO - Processing file /Users/akshaybhoge/PycharmProjects/venvEdgar/lib/python3.7/site-packages/airflow/example_dags/example_branch_operator.py for tasks to queue
[2021-03-22 02:56:03,403] {logging_mixin.py:104} INFO - [2021-03-22 02:56:03,403] {dagbag.py:448} INFO - Filling up the DagBag from /Users/akshaybhoge/PycharmProjects/venvEdgar/lib/python3.7/site-packages/airflow/example_dags/example_branch_operator.py
[2021-03-22 02:56:03,427] {scheduler_job.py:639} INFO - DAG(s) dict_keys(['example_branch_operator']) retrieved from /Users/akshaybhoge/PycharmProjects/venvEdgar/lib/python3.7/site-packages/airflow/example_dags/example_branch_operator.py
[2021-03-22 02:56:03,450] {logging_mixin.py:104} INFO - [2021-03-22 02:56:03,450] {dag.py:1818} INFO - Sync 1 DAGs
[2021-03-22 02:56:03,476] {logging_mixin.py:104} INFO - [2021-03-22 02:56:03,475] {dag.py:2273} INFO - Setting next_dagrun for example_branch_operator to 2021-03-20 00:00:00+00:00
[2021-03-22 02:56:03,489] {scheduler_job.py:190} INFO - Processing /Users/akshaybhoge/PycharmProjects/venvEdgar/lib/python3.7/site-packages/airflow/example_dags/example_branch_operator.py took 0.095 seconds
[2021-03-22 02:56:41,104] {scheduler_job.py:182} INFO - Started process (PID=27095) to work on /Users/akshaybhoge/PycharmProjects/venvEdgar/lib/python3.7/site-packages/airflow/example_dags/example_branch_operator.py
[2021-03-22 02:56:41,107] {scheduler_job.py:629} INFO - Processing file /Users/akshaybhoge/PycharmProjects/venvEdgar/lib/python3.7/site-packages/airflow/example_dags/example_branch_operator.py for tasks to queue
[2021-03-22 02:56:41,109] {logging_mixin.py:104} INFO - [2021-03-22 02:56:41,109] {dagbag.py:448} INFO - Filling up the DagBag from /Users/akshaybhoge/PycharmProjects/venvEdgar/lib/python3.7/site-packages/airflow/example_dags/example_branch_operator.py
[2021-03-22 02:56:41,142] {scheduler_job.py:639} INFO - DAG(s) dict_keys(['example_branch_operator']) retrieved from /Users/akshaybhoge/PycharmProjects/venvEdgar/lib/python3.7/site-packages/airflow/example_dags/example_branch_operator.py
[2021-03-22 02:56:41,169] {logging_mixin.py:104} INFO - [2021-03-22 02:56:41,169] {dag.py:1818} INFO - Sync 1 DAGs
[2021-03-22 02:56:41,206] {logging_mixin.py:104} INFO - [2021-03-22 02:56:41,205] {dag.py:2273} INFO - Setting next_dagrun for example_branch_operator to 2021-03-20 00:00:00+00:00
[2021-03-22 02:56:41,219] {scheduler_job.py:190} INFO - Processing /Users/akshaybhoge/PycharmProjects/venvEdgar/lib/python3.7/site-packages/airflow/example_dags/example_branch_operator.py took 0.121 seconds
[2021-03-22 02:57:12,936] {scheduler_job.py:182} INFO - Started process (PID=27163) to work on /Users/akshaybhoge/PycharmProjects/venvEdgar/lib/python3.7/site-packages/airflow/example_dags/example_branch_operator.py
[2021-03-22 02:57:12,938] {scheduler_job.py:629} INFO - Processing file /Users/akshaybhoge/PycharmProjects/venvEdgar/lib/python3.7/site-packages/airflow/example_dags/example_branch_operator.py for tasks to queue
[2021-03-22 02:57:12,940] {logging_mixin.py:104} INFO - [2021-03-22 02:57:12,939] {dagbag.py:448} INFO - Filling up the DagBag from /Users/akshaybhoge/PycharmProjects/venvEdgar/lib/python3.7/site-packages/airflow/example_dags/example_branch_operator.py
[2021-03-22 02:57:12,970] {scheduler_job.py:639} INFO - DAG(s) dict_keys(['example_branch_operator']) retrieved from /Users/akshaybhoge/PycharmProjects/venvEdgar/lib/python3.7/site-packages/airflow/example_dags/example_branch_operator.py
[2021-03-22 02:57:12,998] {logging_mixin.py:104} INFO - [2021-03-22 02:57:12,997] {dag.py:1818} INFO - Sync 1 DAGs
[2021-03-22 02:57:13,031] {logging_mixin.py:104} INFO - [2021-03-22 02:57:13,030] {dag.py:2273} INFO - Setting next_dagrun for example_branch_operator to 2021-03-20 00:00:00+00:00
[2021-03-22 02:57:13,045] {scheduler_job.py:190} INFO - Processing /Users/akshaybhoge/PycharmProjects/venvEdgar/lib/python3.7/site-packages/airflow/example_dags/example_branch_operator.py took 0.115 seconds
[2021-03-22 02:57:52,174] {scheduler_job.py:182} INFO - Started process (PID=27234) to work on /Users/akshaybhoge/PycharmProjects/venvEdgar/lib/python3.7/site-packages/airflow/example_dags/example_branch_operator.py
[2021-03-22 02:57:52,177] {scheduler_job.py:629} INFO - Processing file /Users/akshaybhoge/PycharmProjects/venvEdgar/lib/python3.7/site-packages/airflow/example_dags/example_branch_operator.py for tasks to queue
[2021-03-22 02:57:52,179] {logging_mixin.py:104} INFO - [2021-03-22 02:57:52,178] {dagbag.py:448} INFO - Filling up the DagBag from /Users/akshaybhoge/PycharmProjects/venvEdgar/lib/python3.7/site-packages/airflow/example_dags/example_branch_operator.py
[2021-03-22 02:57:52,203] {scheduler_job.py:639} INFO - DAG(s) dict_keys(['example_branch_operator']) retrieved from /Users/akshaybhoge/PycharmProjects/venvEdgar/lib/python3.7/site-packages/airflow/example_dags/example_branch_operator.py
[2021-03-22 02:57:52,225] {logging_mixin.py:104} INFO - [2021-03-22 02:57:52,224] {dag.py:1818} INFO - Sync 1 DAGs
[2021-03-22 02:57:52,253] {logging_mixin.py:104} INFO - [2021-03-22 02:57:52,253] {dag.py:2273} INFO - Setting next_dagrun for example_branch_operator to 2021-03-20 00:00:00+00:00
[2021-03-22 02:57:52,265] {scheduler_job.py:190} INFO - Processing /Users/akshaybhoge/PycharmProjects/venvEdgar/lib/python3.7/site-packages/airflow/example_dags/example_branch_operator.py took 0.096 seconds
[2021-03-22 02:58:38,930] {scheduler_job.py:182} INFO - Started process (PID=27326) to work on /Users/akshaybhoge/PycharmProjects/venvEdgar/lib/python3.7/site-packages/airflow/example_dags/example_branch_operator.py
[2021-03-22 02:58:38,931] {scheduler_job.py:629} INFO - Processing file /Users/akshaybhoge/PycharmProjects/venvEdgar/lib/python3.7/site-packages/airflow/example_dags/example_branch_operator.py for tasks to queue
[2021-03-22 02:58:38,932] {logging_mixin.py:104} INFO - [2021-03-22 02:58:38,932] {dagbag.py:448} INFO - Filling up the DagBag from /Users/akshaybhoge/PycharmProjects/venvEdgar/lib/python3.7/site-packages/airflow/example_dags/example_branch_operator.py
[2021-03-22 02:58:38,947] {scheduler_job.py:639} INFO - DAG(s) dict_keys(['example_branch_operator']) retrieved from /Users/akshaybhoge/PycharmProjects/venvEdgar/lib/python3.7/site-packages/airflow/example_dags/example_branch_operator.py
[2021-03-22 02:58:38,962] {logging_mixin.py:104} INFO - [2021-03-22 02:58:38,961] {dag.py:1818} INFO - Sync 1 DAGs
[2021-03-22 02:58:38,980] {logging_mixin.py:104} INFO - [2021-03-22 02:58:38,980] {dag.py:2273} INFO - Setting next_dagrun for example_branch_operator to 2021-03-20 00:00:00+00:00
[2021-03-22 02:58:38,987] {scheduler_job.py:190} INFO - Processing /Users/akshaybhoge/PycharmProjects/venvEdgar/lib/python3.7/site-packages/airflow/example_dags/example_branch_operator.py took 0.061 seconds
[2021-03-22 02:59:10,992] {scheduler_job.py:182} INFO - Started process (PID=27403) to work on /Users/akshaybhoge/PycharmProjects/venvEdgar/lib/python3.7/site-packages/airflow/example_dags/example_branch_operator.py
[2021-03-22 02:59:10,994] {scheduler_job.py:629} INFO - Processing file /Users/akshaybhoge/PycharmProjects/venvEdgar/lib/python3.7/site-packages/airflow/example_dags/example_branch_operator.py for tasks to queue
[2021-03-22 02:59:10,995] {logging_mixin.py:104} INFO - [2021-03-22 02:59:10,994] {dagbag.py:448} INFO - Filling up the DagBag from /Users/akshaybhoge/PycharmProjects/venvEdgar/lib/python3.7/site-packages/airflow/example_dags/example_branch_operator.py
[2021-03-22 02:59:11,008] {scheduler_job.py:639} INFO - DAG(s) dict_keys(['example_branch_operator']) retrieved from /Users/akshaybhoge/PycharmProjects/venvEdgar/lib/python3.7/site-packages/airflow/example_dags/example_branch_operator.py
[2021-03-22 02:59:11,021] {logging_mixin.py:104} INFO - [2021-03-22 02:59:11,021] {dag.py:1818} INFO - Sync 1 DAGs
[2021-03-22 02:59:11,038] {logging_mixin.py:104} INFO - [2021-03-22 02:59:11,037] {dag.py:2273} INFO - Setting next_dagrun for example_branch_operator to 2021-03-20 00:00:00+00:00
[2021-03-22 02:59:11,044] {scheduler_job.py:190} INFO - Processing /Users/akshaybhoge/PycharmProjects/venvEdgar/lib/python3.7/site-packages/airflow/example_dags/example_branch_operator.py took 0.055 seconds
[2021-03-22 02:59:44,233] {scheduler_job.py:182} INFO - Started process (PID=27459) to work on /Users/akshaybhoge/PycharmProjects/venvEdgar/lib/python3.7/site-packages/airflow/example_dags/example_branch_operator.py
[2021-03-22 02:59:44,235] {scheduler_job.py:629} INFO - Processing file /Users/akshaybhoge/PycharmProjects/venvEdgar/lib/python3.7/site-packages/airflow/example_dags/example_branch_operator.py for tasks to queue
[2021-03-22 02:59:44,236] {logging_mixin.py:104} INFO - [2021-03-22 02:59:44,236] {dagbag.py:448} INFO - Filling up the DagBag from /Users/akshaybhoge/PycharmProjects/venvEdgar/lib/python3.7/site-packages/airflow/example_dags/example_branch_operator.py
[2021-03-22 02:59:44,250] {scheduler_job.py:639} INFO - DAG(s) dict_keys(['example_branch_operator']) retrieved from /Users/akshaybhoge/PycharmProjects/venvEdgar/lib/python3.7/site-packages/airflow/example_dags/example_branch_operator.py
[2021-03-22 02:59:44,264] {logging_mixin.py:104} INFO - [2021-03-22 02:59:44,263] {dag.py:1818} INFO - Sync 1 DAGs
[2021-03-22 02:59:44,281] {logging_mixin.py:104} INFO - [2021-03-22 02:59:44,281] {dag.py:2273} INFO - Setting next_dagrun for example_branch_operator to 2021-03-20 00:00:00+00:00
[2021-03-22 02:59:44,288] {scheduler_job.py:190} INFO - Processing /Users/akshaybhoge/PycharmProjects/venvEdgar/lib/python3.7/site-packages/airflow/example_dags/example_branch_operator.py took 0.058 seconds
[2021-03-22 03:00:16,427] {scheduler_job.py:182} INFO - Started process (PID=27510) to work on /Users/akshaybhoge/PycharmProjects/venvEdgar/lib/python3.7/site-packages/airflow/example_dags/example_branch_operator.py
[2021-03-22 03:00:16,428] {scheduler_job.py:629} INFO - Processing file /Users/akshaybhoge/PycharmProjects/venvEdgar/lib/python3.7/site-packages/airflow/example_dags/example_branch_operator.py for tasks to queue
[2021-03-22 03:00:16,429] {logging_mixin.py:104} INFO - [2021-03-22 03:00:16,429] {dagbag.py:448} INFO - Filling up the DagBag from /Users/akshaybhoge/PycharmProjects/venvEdgar/lib/python3.7/site-packages/airflow/example_dags/example_branch_operator.py
[2021-03-22 03:00:16,446] {scheduler_job.py:639} INFO - DAG(s) dict_keys(['example_branch_operator']) retrieved from /Users/akshaybhoge/PycharmProjects/venvEdgar/lib/python3.7/site-packages/airflow/example_dags/example_branch_operator.py
[2021-03-22 03:00:16,461] {logging_mixin.py:104} INFO - [2021-03-22 03:00:16,461] {dag.py:1818} INFO - Sync 1 DAGs
[2021-03-22 03:00:16,479] {logging_mixin.py:104} INFO - [2021-03-22 03:00:16,479] {dag.py:2273} INFO - Setting next_dagrun for example_branch_operator to 2021-03-20 00:00:00+00:00
[2021-03-22 03:00:16,486] {scheduler_job.py:190} INFO - Processing /Users/akshaybhoge/PycharmProjects/venvEdgar/lib/python3.7/site-packages/airflow/example_dags/example_branch_operator.py took 0.062 seconds
[2021-03-22 03:00:48,638] {scheduler_job.py:182} INFO - Started process (PID=27569) to work on /Users/akshaybhoge/PycharmProjects/venvEdgar/lib/python3.7/site-packages/airflow/example_dags/example_branch_operator.py
[2021-03-22 03:00:48,640] {scheduler_job.py:629} INFO - Processing file /Users/akshaybhoge/PycharmProjects/venvEdgar/lib/python3.7/site-packages/airflow/example_dags/example_branch_operator.py for tasks to queue
[2021-03-22 03:00:48,642] {logging_mixin.py:104} INFO - [2021-03-22 03:00:48,641] {dagbag.py:448} INFO - Filling up the DagBag from /Users/akshaybhoge/PycharmProjects/venvEdgar/lib/python3.7/site-packages/airflow/example_dags/example_branch_operator.py
[2021-03-22 03:00:48,657] {scheduler_job.py:639} INFO - DAG(s) dict_keys(['example_branch_operator']) retrieved from /Users/akshaybhoge/PycharmProjects/venvEdgar/lib/python3.7/site-packages/airflow/example_dags/example_branch_operator.py
[2021-03-22 03:00:48,671] {logging_mixin.py:104} INFO - [2021-03-22 03:00:48,671] {dag.py:1818} INFO - Sync 1 DAGs
[2021-03-22 03:00:48,688] {logging_mixin.py:104} INFO - [2021-03-22 03:00:48,688] {dag.py:2273} INFO - Setting next_dagrun for example_branch_operator to 2021-03-20 00:00:00+00:00
[2021-03-22 03:00:48,694] {scheduler_job.py:190} INFO - Processing /Users/akshaybhoge/PycharmProjects/venvEdgar/lib/python3.7/site-packages/airflow/example_dags/example_branch_operator.py took 0.059 seconds
[2021-03-22 03:01:20,743] {scheduler_job.py:182} INFO - Started process (PID=27612) to work on /Users/akshaybhoge/PycharmProjects/venvEdgar/lib/python3.7/site-packages/airflow/example_dags/example_branch_operator.py
[2021-03-22 03:01:20,745] {scheduler_job.py:629} INFO - Processing file /Users/akshaybhoge/PycharmProjects/venvEdgar/lib/python3.7/site-packages/airflow/example_dags/example_branch_operator.py for tasks to queue
[2021-03-22 03:01:20,746] {logging_mixin.py:104} INFO - [2021-03-22 03:01:20,746] {dagbag.py:448} INFO - Filling up the DagBag from /Users/akshaybhoge/PycharmProjects/venvEdgar/lib/python3.7/site-packages/airflow/example_dags/example_branch_operator.py
[2021-03-22 03:01:20,761] {scheduler_job.py:639} INFO - DAG(s) dict_keys(['example_branch_operator']) retrieved from /Users/akshaybhoge/PycharmProjects/venvEdgar/lib/python3.7/site-packages/airflow/example_dags/example_branch_operator.py
[2021-03-22 03:01:20,775] {logging_mixin.py:104} INFO - [2021-03-22 03:01:20,774] {dag.py:1818} INFO - Sync 1 DAGs
[2021-03-22 03:01:20,791] {logging_mixin.py:104} INFO - [2021-03-22 03:01:20,790] {dag.py:2273} INFO - Setting next_dagrun for example_branch_operator to 2021-03-20 00:00:00+00:00
[2021-03-22 03:01:20,796] {scheduler_job.py:190} INFO - Processing /Users/akshaybhoge/PycharmProjects/venvEdgar/lib/python3.7/site-packages/airflow/example_dags/example_branch_operator.py took 0.057 seconds
[2021-03-22 03:01:52,849] {scheduler_job.py:182} INFO - Started process (PID=27643) to work on /Users/akshaybhoge/PycharmProjects/venvEdgar/lib/python3.7/site-packages/airflow/example_dags/example_branch_operator.py
[2021-03-22 03:01:52,851] {scheduler_job.py:629} INFO - Processing file /Users/akshaybhoge/PycharmProjects/venvEdgar/lib/python3.7/site-packages/airflow/example_dags/example_branch_operator.py for tasks to queue
[2021-03-22 03:01:52,852] {logging_mixin.py:104} INFO - [2021-03-22 03:01:52,852] {dagbag.py:448} INFO - Filling up the DagBag from /Users/akshaybhoge/PycharmProjects/venvEdgar/lib/python3.7/site-packages/airflow/example_dags/example_branch_operator.py
[2021-03-22 03:01:52,867] {scheduler_job.py:639} INFO - DAG(s) dict_keys(['example_branch_operator']) retrieved from /Users/akshaybhoge/PycharmProjects/venvEdgar/lib/python3.7/site-packages/airflow/example_dags/example_branch_operator.py
[2021-03-22 03:01:52,880] {logging_mixin.py:104} INFO - [2021-03-22 03:01:52,880] {dag.py:1818} INFO - Sync 1 DAGs
[2021-03-22 03:01:52,897] {logging_mixin.py:104} INFO - [2021-03-22 03:01:52,896] {dag.py:2273} INFO - Setting next_dagrun for example_branch_operator to 2021-03-20 00:00:00+00:00
[2021-03-22 03:01:52,903] {scheduler_job.py:190} INFO - Processing /Users/akshaybhoge/PycharmProjects/venvEdgar/lib/python3.7/site-packages/airflow/example_dags/example_branch_operator.py took 0.057 seconds
[2021-03-22 03:02:24,860] {scheduler_job.py:182} INFO - Started process (PID=27674) to work on /Users/akshaybhoge/PycharmProjects/venvEdgar/lib/python3.7/site-packages/airflow/example_dags/example_branch_operator.py
[2021-03-22 03:02:24,861] {scheduler_job.py:629} INFO - Processing file /Users/akshaybhoge/PycharmProjects/venvEdgar/lib/python3.7/site-packages/airflow/example_dags/example_branch_operator.py for tasks to queue
[2021-03-22 03:02:24,862] {logging_mixin.py:104} INFO - [2021-03-22 03:02:24,862] {dagbag.py:448} INFO - Filling up the DagBag from /Users/akshaybhoge/PycharmProjects/venvEdgar/lib/python3.7/site-packages/airflow/example_dags/example_branch_operator.py
[2021-03-22 03:02:24,878] {scheduler_job.py:639} INFO - DAG(s) dict_keys(['example_branch_operator']) retrieved from /Users/akshaybhoge/PycharmProjects/venvEdgar/lib/python3.7/site-packages/airflow/example_dags/example_branch_operator.py
[2021-03-22 03:02:24,892] {logging_mixin.py:104} INFO - [2021-03-22 03:02:24,892] {dag.py:1818} INFO - Sync 1 DAGs
[2021-03-22 03:02:24,908] {logging_mixin.py:104} INFO - [2021-03-22 03:02:24,908] {dag.py:2273} INFO - Setting next_dagrun for example_branch_operator to 2021-03-20 00:00:00+00:00
[2021-03-22 03:02:24,914] {scheduler_job.py:190} INFO - Processing /Users/akshaybhoge/PycharmProjects/venvEdgar/lib/python3.7/site-packages/airflow/example_dags/example_branch_operator.py took 0.058 seconds
[2021-03-22 03:02:56,995] {scheduler_job.py:182} INFO - Started process (PID=27707) to work on /Users/akshaybhoge/PycharmProjects/venvEdgar/lib/python3.7/site-packages/airflow/example_dags/example_branch_operator.py
[2021-03-22 03:02:56,997] {scheduler_job.py:629} INFO - Processing file /Users/akshaybhoge/PycharmProjects/venvEdgar/lib/python3.7/site-packages/airflow/example_dags/example_branch_operator.py for tasks to queue
[2021-03-22 03:02:56,998] {logging_mixin.py:104} INFO - [2021-03-22 03:02:56,998] {dagbag.py:448} INFO - Filling up the DagBag from /Users/akshaybhoge/PycharmProjects/venvEdgar/lib/python3.7/site-packages/airflow/example_dags/example_branch_operator.py
[2021-03-22 03:02:57,013] {scheduler_job.py:639} INFO - DAG(s) dict_keys(['example_branch_operator']) retrieved from /Users/akshaybhoge/PycharmProjects/venvEdgar/lib/python3.7/site-packages/airflow/example_dags/example_branch_operator.py
[2021-03-22 03:02:57,025] {logging_mixin.py:104} INFO - [2021-03-22 03:02:57,025] {dag.py:1818} INFO - Sync 1 DAGs
[2021-03-22 03:02:57,041] {logging_mixin.py:104} INFO - [2021-03-22 03:02:57,040] {dag.py:2273} INFO - Setting next_dagrun for example_branch_operator to 2021-03-20 00:00:00+00:00
[2021-03-22 03:02:57,047] {scheduler_job.py:190} INFO - Processing /Users/akshaybhoge/PycharmProjects/venvEdgar/lib/python3.7/site-packages/airflow/example_dags/example_branch_operator.py took 0.055 seconds
[2021-03-22 03:03:29,117] {scheduler_job.py:182} INFO - Started process (PID=27755) to work on /Users/akshaybhoge/PycharmProjects/venvEdgar/lib/python3.7/site-packages/airflow/example_dags/example_branch_operator.py
[2021-03-22 03:03:29,118] {scheduler_job.py:629} INFO - Processing file /Users/akshaybhoge/PycharmProjects/venvEdgar/lib/python3.7/site-packages/airflow/example_dags/example_branch_operator.py for tasks to queue
[2021-03-22 03:03:29,119] {logging_mixin.py:104} INFO - [2021-03-22 03:03:29,119] {dagbag.py:448} INFO - Filling up the DagBag from /Users/akshaybhoge/PycharmProjects/venvEdgar/lib/python3.7/site-packages/airflow/example_dags/example_branch_operator.py
[2021-03-22 03:03:29,133] {scheduler_job.py:639} INFO - DAG(s) dict_keys(['example_branch_operator']) retrieved from /Users/akshaybhoge/PycharmProjects/venvEdgar/lib/python3.7/site-packages/airflow/example_dags/example_branch_operator.py
[2021-03-22 03:03:29,145] {logging_mixin.py:104} INFO - [2021-03-22 03:03:29,144] {dag.py:1818} INFO - Sync 1 DAGs
[2021-03-22 03:03:29,160] {logging_mixin.py:104} INFO - [2021-03-22 03:03:29,160] {dag.py:2273} INFO - Setting next_dagrun for example_branch_operator to 2021-03-20 00:00:00+00:00
[2021-03-22 03:03:29,167] {scheduler_job.py:190} INFO - Processing /Users/akshaybhoge/PycharmProjects/venvEdgar/lib/python3.7/site-packages/airflow/example_dags/example_branch_operator.py took 0.053 seconds
[2021-03-22 03:04:01,232] {scheduler_job.py:182} INFO - Started process (PID=27792) to work on /Users/akshaybhoge/PycharmProjects/venvEdgar/lib/python3.7/site-packages/airflow/example_dags/example_branch_operator.py
[2021-03-22 03:04:01,235] {scheduler_job.py:629} INFO - Processing file /Users/akshaybhoge/PycharmProjects/venvEdgar/lib/python3.7/site-packages/airflow/example_dags/example_branch_operator.py for tasks to queue
[2021-03-22 03:04:01,237] {logging_mixin.py:104} INFO - [2021-03-22 03:04:01,236] {dagbag.py:448} INFO - Filling up the DagBag from /Users/akshaybhoge/PycharmProjects/venvEdgar/lib/python3.7/site-packages/airflow/example_dags/example_branch_operator.py
[2021-03-22 03:04:01,252] {scheduler_job.py:639} INFO - DAG(s) dict_keys(['example_branch_operator']) retrieved from /Users/akshaybhoge/PycharmProjects/venvEdgar/lib/python3.7/site-packages/airflow/example_dags/example_branch_operator.py
[2021-03-22 03:04:01,266] {logging_mixin.py:104} INFO - [2021-03-22 03:04:01,266] {dag.py:1818} INFO - Sync 1 DAGs
[2021-03-22 03:04:01,282] {logging_mixin.py:104} INFO - [2021-03-22 03:04:01,282] {dag.py:2273} INFO - Setting next_dagrun for example_branch_operator to 2021-03-20 00:00:00+00:00
[2021-03-22 03:04:01,288] {scheduler_job.py:190} INFO - Processing /Users/akshaybhoge/PycharmProjects/venvEdgar/lib/python3.7/site-packages/airflow/example_dags/example_branch_operator.py took 0.060 seconds
[2021-03-22 03:04:32,960] {scheduler_job.py:182} INFO - Started process (PID=27830) to work on /Users/akshaybhoge/PycharmProjects/venvEdgar/lib/python3.7/site-packages/airflow/example_dags/example_branch_operator.py
[2021-03-22 03:04:32,962] {scheduler_job.py:629} INFO - Processing file /Users/akshaybhoge/PycharmProjects/venvEdgar/lib/python3.7/site-packages/airflow/example_dags/example_branch_operator.py for tasks to queue
[2021-03-22 03:04:32,963] {logging_mixin.py:104} INFO - [2021-03-22 03:04:32,963] {dagbag.py:448} INFO - Filling up the DagBag from /Users/akshaybhoge/PycharmProjects/venvEdgar/lib/python3.7/site-packages/airflow/example_dags/example_branch_operator.py
[2021-03-22 03:04:32,978] {scheduler_job.py:639} INFO - DAG(s) dict_keys(['example_branch_operator']) retrieved from /Users/akshaybhoge/PycharmProjects/venvEdgar/lib/python3.7/site-packages/airflow/example_dags/example_branch_operator.py
[2021-03-22 03:04:32,992] {logging_mixin.py:104} INFO - [2021-03-22 03:04:32,992] {dag.py:1818} INFO - Sync 1 DAGs
[2021-03-22 03:04:33,008] {logging_mixin.py:104} INFO - [2021-03-22 03:04:33,008] {dag.py:2273} INFO - Setting next_dagrun for example_branch_operator to 2021-03-20 00:00:00+00:00
[2021-03-22 03:04:33,014] {scheduler_job.py:190} INFO - Processing /Users/akshaybhoge/PycharmProjects/venvEdgar/lib/python3.7/site-packages/airflow/example_dags/example_branch_operator.py took 0.058 seconds
[2021-03-22 03:05:06,612] {scheduler_job.py:182} INFO - Started process (PID=27872) to work on /Users/akshaybhoge/PycharmProjects/venvEdgar/lib/python3.7/site-packages/airflow/example_dags/example_branch_operator.py
[2021-03-22 03:05:06,614] {scheduler_job.py:629} INFO - Processing file /Users/akshaybhoge/PycharmProjects/venvEdgar/lib/python3.7/site-packages/airflow/example_dags/example_branch_operator.py for tasks to queue
[2021-03-22 03:05:06,615] {logging_mixin.py:104} INFO - [2021-03-22 03:05:06,615] {dagbag.py:448} INFO - Filling up the DagBag from /Users/akshaybhoge/PycharmProjects/venvEdgar/lib/python3.7/site-packages/airflow/example_dags/example_branch_operator.py
[2021-03-22 03:05:06,629] {scheduler_job.py:639} INFO - DAG(s) dict_keys(['example_branch_operator']) retrieved from /Users/akshaybhoge/PycharmProjects/venvEdgar/lib/python3.7/site-packages/airflow/example_dags/example_branch_operator.py
[2021-03-22 03:05:06,641] {logging_mixin.py:104} INFO - [2021-03-22 03:05:06,640] {dag.py:1818} INFO - Sync 1 DAGs
[2021-03-22 03:05:06,656] {logging_mixin.py:104} INFO - [2021-03-22 03:05:06,656] {dag.py:2273} INFO - Setting next_dagrun for example_branch_operator to 2021-03-20 00:00:00+00:00
[2021-03-22 03:05:06,662] {scheduler_job.py:190} INFO - Processing /Users/akshaybhoge/PycharmProjects/venvEdgar/lib/python3.7/site-packages/airflow/example_dags/example_branch_operator.py took 0.054 seconds
[2021-03-22 03:05:40,445] {scheduler_job.py:182} INFO - Started process (PID=27909) to work on /Users/akshaybhoge/PycharmProjects/venvEdgar/lib/python3.7/site-packages/airflow/example_dags/example_branch_operator.py
[2021-03-22 03:05:40,446] {scheduler_job.py:629} INFO - Processing file /Users/akshaybhoge/PycharmProjects/venvEdgar/lib/python3.7/site-packages/airflow/example_dags/example_branch_operator.py for tasks to queue
[2021-03-22 03:05:40,448] {logging_mixin.py:104} INFO - [2021-03-22 03:05:40,447] {dagbag.py:448} INFO - Filling up the DagBag from /Users/akshaybhoge/PycharmProjects/venvEdgar/lib/python3.7/site-packages/airflow/example_dags/example_branch_operator.py
[2021-03-22 03:05:40,463] {scheduler_job.py:639} INFO - DAG(s) dict_keys(['example_branch_operator']) retrieved from /Users/akshaybhoge/PycharmProjects/venvEdgar/lib/python3.7/site-packages/airflow/example_dags/example_branch_operator.py
[2021-03-22 03:05:40,476] {logging_mixin.py:104} INFO - [2021-03-22 03:05:40,476] {dag.py:1818} INFO - Sync 1 DAGs
[2021-03-22 03:05:40,492] {logging_mixin.py:104} INFO - [2021-03-22 03:05:40,492] {dag.py:2273} INFO - Setting next_dagrun for example_branch_operator to 2021-03-20 00:00:00+00:00
[2021-03-22 03:05:40,514] {scheduler_job.py:190} INFO - Processing /Users/akshaybhoge/PycharmProjects/venvEdgar/lib/python3.7/site-packages/airflow/example_dags/example_branch_operator.py took 0.074 seconds
[2021-03-22 03:06:12,569] {scheduler_job.py:182} INFO - Started process (PID=27947) to work on /Users/akshaybhoge/PycharmProjects/venvEdgar/lib/python3.7/site-packages/airflow/example_dags/example_branch_operator.py
[2021-03-22 03:06:12,571] {scheduler_job.py:629} INFO - Processing file /Users/akshaybhoge/PycharmProjects/venvEdgar/lib/python3.7/site-packages/airflow/example_dags/example_branch_operator.py for tasks to queue
[2021-03-22 03:06:12,572] {logging_mixin.py:104} INFO - [2021-03-22 03:06:12,571] {dagbag.py:448} INFO - Filling up the DagBag from /Users/akshaybhoge/PycharmProjects/venvEdgar/lib/python3.7/site-packages/airflow/example_dags/example_branch_operator.py
[2021-03-22 03:06:12,586] {scheduler_job.py:639} INFO - DAG(s) dict_keys(['example_branch_operator']) retrieved from /Users/akshaybhoge/PycharmProjects/venvEdgar/lib/python3.7/site-packages/airflow/example_dags/example_branch_operator.py
[2021-03-22 03:06:12,600] {logging_mixin.py:104} INFO - [2021-03-22 03:06:12,600] {dag.py:1818} INFO - Sync 1 DAGs
[2021-03-22 03:06:12,616] {logging_mixin.py:104} INFO - [2021-03-22 03:06:12,616] {dag.py:2273} INFO - Setting next_dagrun for example_branch_operator to 2021-03-20 00:00:00+00:00
[2021-03-22 03:06:12,622] {scheduler_job.py:190} INFO - Processing /Users/akshaybhoge/PycharmProjects/venvEdgar/lib/python3.7/site-packages/airflow/example_dags/example_branch_operator.py took 0.057 seconds
[2021-03-22 03:06:44,794] {scheduler_job.py:182} INFO - Started process (PID=27982) to work on /Users/akshaybhoge/PycharmProjects/venvEdgar/lib/python3.7/site-packages/airflow/example_dags/example_branch_operator.py
[2021-03-22 03:06:44,795] {scheduler_job.py:629} INFO - Processing file /Users/akshaybhoge/PycharmProjects/venvEdgar/lib/python3.7/site-packages/airflow/example_dags/example_branch_operator.py for tasks to queue
[2021-03-22 03:06:44,797] {logging_mixin.py:104} INFO - [2021-03-22 03:06:44,796] {dagbag.py:448} INFO - Filling up the DagBag from /Users/akshaybhoge/PycharmProjects/venvEdgar/lib/python3.7/site-packages/airflow/example_dags/example_branch_operator.py
[2021-03-22 03:06:44,813] {scheduler_job.py:639} INFO - DAG(s) dict_keys(['example_branch_operator']) retrieved from /Users/akshaybhoge/PycharmProjects/venvEdgar/lib/python3.7/site-packages/airflow/example_dags/example_branch_operator.py
[2021-03-22 03:06:44,827] {logging_mixin.py:104} INFO - [2021-03-22 03:06:44,827] {dag.py:1818} INFO - Sync 1 DAGs
[2021-03-22 03:06:44,843] {logging_mixin.py:104} INFO - [2021-03-22 03:06:44,843] {dag.py:2273} INFO - Setting next_dagrun for example_branch_operator to 2021-03-20 00:00:00+00:00
[2021-03-22 03:06:44,850] {scheduler_job.py:190} INFO - Processing /Users/akshaybhoge/PycharmProjects/venvEdgar/lib/python3.7/site-packages/airflow/example_dags/example_branch_operator.py took 0.060 seconds
[2021-03-22 03:07:17,038] {scheduler_job.py:182} INFO - Started process (PID=28013) to work on /Users/akshaybhoge/PycharmProjects/venvEdgar/lib/python3.7/site-packages/airflow/example_dags/example_branch_operator.py
[2021-03-22 03:07:17,040] {scheduler_job.py:629} INFO - Processing file /Users/akshaybhoge/PycharmProjects/venvEdgar/lib/python3.7/site-packages/airflow/example_dags/example_branch_operator.py for tasks to queue
[2021-03-22 03:07:17,041] {logging_mixin.py:104} INFO - [2021-03-22 03:07:17,041] {dagbag.py:448} INFO - Filling up the DagBag from /Users/akshaybhoge/PycharmProjects/venvEdgar/lib/python3.7/site-packages/airflow/example_dags/example_branch_operator.py
[2021-03-22 03:07:17,057] {scheduler_job.py:639} INFO - DAG(s) dict_keys(['example_branch_operator']) retrieved from /Users/akshaybhoge/PycharmProjects/venvEdgar/lib/python3.7/site-packages/airflow/example_dags/example_branch_operator.py
[2021-03-22 03:07:17,071] {logging_mixin.py:104} INFO - [2021-03-22 03:07:17,070] {dag.py:1818} INFO - Sync 1 DAGs
[2021-03-22 03:07:17,086] {logging_mixin.py:104} INFO - [2021-03-22 03:07:17,086] {dag.py:2273} INFO - Setting next_dagrun for example_branch_operator to 2021-03-20 00:00:00+00:00
[2021-03-22 03:07:17,092] {scheduler_job.py:190} INFO - Processing /Users/akshaybhoge/PycharmProjects/venvEdgar/lib/python3.7/site-packages/airflow/example_dags/example_branch_operator.py took 0.059 seconds
[2021-03-22 03:07:49,252] {scheduler_job.py:182} INFO - Started process (PID=28048) to work on /Users/akshaybhoge/PycharmProjects/venvEdgar/lib/python3.7/site-packages/airflow/example_dags/example_branch_operator.py
[2021-03-22 03:07:49,254] {scheduler_job.py:629} INFO - Processing file /Users/akshaybhoge/PycharmProjects/venvEdgar/lib/python3.7/site-packages/airflow/example_dags/example_branch_operator.py for tasks to queue
[2021-03-22 03:07:49,255] {logging_mixin.py:104} INFO - [2021-03-22 03:07:49,255] {dagbag.py:448} INFO - Filling up the DagBag from /Users/akshaybhoge/PycharmProjects/venvEdgar/lib/python3.7/site-packages/airflow/example_dags/example_branch_operator.py
[2021-03-22 03:07:49,271] {scheduler_job.py:639} INFO - DAG(s) dict_keys(['example_branch_operator']) retrieved from /Users/akshaybhoge/PycharmProjects/venvEdgar/lib/python3.7/site-packages/airflow/example_dags/example_branch_operator.py
[2021-03-22 03:07:49,285] {logging_mixin.py:104} INFO - [2021-03-22 03:07:49,285] {dag.py:1818} INFO - Sync 1 DAGs
[2021-03-22 03:07:49,302] {logging_mixin.py:104} INFO - [2021-03-22 03:07:49,301] {dag.py:2273} INFO - Setting next_dagrun for example_branch_operator to 2021-03-20 00:00:00+00:00
[2021-03-22 03:07:49,307] {scheduler_job.py:190} INFO - Processing /Users/akshaybhoge/PycharmProjects/venvEdgar/lib/python3.7/site-packages/airflow/example_dags/example_branch_operator.py took 0.059 seconds
[2021-03-22 03:08:21,473] {scheduler_job.py:182} INFO - Started process (PID=28082) to work on /Users/akshaybhoge/PycharmProjects/venvEdgar/lib/python3.7/site-packages/airflow/example_dags/example_branch_operator.py
[2021-03-22 03:08:21,475] {scheduler_job.py:629} INFO - Processing file /Users/akshaybhoge/PycharmProjects/venvEdgar/lib/python3.7/site-packages/airflow/example_dags/example_branch_operator.py for tasks to queue
[2021-03-22 03:08:21,476] {logging_mixin.py:104} INFO - [2021-03-22 03:08:21,476] {dagbag.py:448} INFO - Filling up the DagBag from /Users/akshaybhoge/PycharmProjects/venvEdgar/lib/python3.7/site-packages/airflow/example_dags/example_branch_operator.py
[2021-03-22 03:08:21,492] {scheduler_job.py:639} INFO - DAG(s) dict_keys(['example_branch_operator']) retrieved from /Users/akshaybhoge/PycharmProjects/venvEdgar/lib/python3.7/site-packages/airflow/example_dags/example_branch_operator.py
[2021-03-22 03:08:21,506] {logging_mixin.py:104} INFO - [2021-03-22 03:08:21,505] {dag.py:1818} INFO - Sync 1 DAGs
[2021-03-22 03:08:21,522] {logging_mixin.py:104} INFO - [2021-03-22 03:08:21,521] {dag.py:2273} INFO - Setting next_dagrun for example_branch_operator to 2021-03-20 00:00:00+00:00
[2021-03-22 03:08:21,527] {scheduler_job.py:190} INFO - Processing /Users/akshaybhoge/PycharmProjects/venvEdgar/lib/python3.7/site-packages/airflow/example_dags/example_branch_operator.py took 0.058 seconds
[2021-03-22 03:08:53,755] {scheduler_job.py:182} INFO - Started process (PID=28122) to work on /Users/akshaybhoge/PycharmProjects/venvEdgar/lib/python3.7/site-packages/airflow/example_dags/example_branch_operator.py
[2021-03-22 03:08:53,757] {scheduler_job.py:629} INFO - Processing file /Users/akshaybhoge/PycharmProjects/venvEdgar/lib/python3.7/site-packages/airflow/example_dags/example_branch_operator.py for tasks to queue
[2021-03-22 03:08:53,758] {logging_mixin.py:104} INFO - [2021-03-22 03:08:53,758] {dagbag.py:448} INFO - Filling up the DagBag from /Users/akshaybhoge/PycharmProjects/venvEdgar/lib/python3.7/site-packages/airflow/example_dags/example_branch_operator.py
[2021-03-22 03:08:53,771] {scheduler_job.py:639} INFO - DAG(s) dict_keys(['example_branch_operator']) retrieved from /Users/akshaybhoge/PycharmProjects/venvEdgar/lib/python3.7/site-packages/airflow/example_dags/example_branch_operator.py
[2021-03-22 03:08:53,786] {logging_mixin.py:104} INFO - [2021-03-22 03:08:53,785] {dag.py:1818} INFO - Sync 1 DAGs
[2021-03-22 03:08:53,805] {logging_mixin.py:104} INFO - [2021-03-22 03:08:53,804] {dag.py:2273} INFO - Setting next_dagrun for example_branch_operator to 2021-03-20 00:00:00+00:00
[2021-03-22 03:08:53,811] {scheduler_job.py:190} INFO - Processing /Users/akshaybhoge/PycharmProjects/venvEdgar/lib/python3.7/site-packages/airflow/example_dags/example_branch_operator.py took 0.060 seconds
[2021-03-22 03:12:01,000] {scheduler_job.py:182} INFO - Started process (PID=28254) to work on /Users/akshaybhoge/PycharmProjects/venvEdgar/lib/python3.7/site-packages/airflow/example_dags/example_branch_operator.py
[2021-03-22 03:12:01,006] {scheduler_job.py:629} INFO - Processing file /Users/akshaybhoge/PycharmProjects/venvEdgar/lib/python3.7/site-packages/airflow/example_dags/example_branch_operator.py for tasks to queue
[2021-03-22 03:12:01,012] {logging_mixin.py:104} INFO - [2021-03-22 03:12:01,010] {dagbag.py:448} INFO - Filling up the DagBag from /Users/akshaybhoge/PycharmProjects/venvEdgar/lib/python3.7/site-packages/airflow/example_dags/example_branch_operator.py
[2021-03-22 03:12:01,069] {scheduler_job.py:639} INFO - DAG(s) dict_keys(['example_branch_operator']) retrieved from /Users/akshaybhoge/PycharmProjects/venvEdgar/lib/python3.7/site-packages/airflow/example_dags/example_branch_operator.py
[2021-03-22 03:12:01,121] {logging_mixin.py:104} INFO - [2021-03-22 03:12:01,120] {dag.py:1818} INFO - Sync 1 DAGs
[2021-03-22 03:12:01,186] {logging_mixin.py:104} INFO - [2021-03-22 03:12:01,185] {dag.py:2273} INFO - Setting next_dagrun for example_branch_operator to 2021-03-20 00:00:00+00:00
[2021-03-22 03:12:01,213] {scheduler_job.py:190} INFO - Processing /Users/akshaybhoge/PycharmProjects/venvEdgar/lib/python3.7/site-packages/airflow/example_dags/example_branch_operator.py took 0.225 seconds
[2021-03-22 03:12:38,298] {scheduler_job.py:182} INFO - Started process (PID=28288) to work on /Users/akshaybhoge/PycharmProjects/venvEdgar/lib/python3.7/site-packages/airflow/example_dags/example_branch_operator.py
[2021-03-22 03:12:38,304] {scheduler_job.py:629} INFO - Processing file /Users/akshaybhoge/PycharmProjects/venvEdgar/lib/python3.7/site-packages/airflow/example_dags/example_branch_operator.py for tasks to queue
[2021-03-22 03:12:38,309] {logging_mixin.py:104} INFO - [2021-03-22 03:12:38,308] {dagbag.py:448} INFO - Filling up the DagBag from /Users/akshaybhoge/PycharmProjects/venvEdgar/lib/python3.7/site-packages/airflow/example_dags/example_branch_operator.py
[2021-03-22 03:12:38,364] {scheduler_job.py:639} INFO - DAG(s) dict_keys(['example_branch_operator']) retrieved from /Users/akshaybhoge/PycharmProjects/venvEdgar/lib/python3.7/site-packages/airflow/example_dags/example_branch_operator.py
[2021-03-22 03:12:38,412] {logging_mixin.py:104} INFO - [2021-03-22 03:12:38,411] {dag.py:1818} INFO - Sync 1 DAGs
[2021-03-22 03:12:38,478] {logging_mixin.py:104} INFO - [2021-03-22 03:12:38,477] {dag.py:2273} INFO - Setting next_dagrun for example_branch_operator to 2021-03-20 00:00:00+00:00
[2021-03-22 03:12:38,502] {scheduler_job.py:190} INFO - Processing /Users/akshaybhoge/PycharmProjects/venvEdgar/lib/python3.7/site-packages/airflow/example_dags/example_branch_operator.py took 0.219 seconds
[2021-03-22 03:13:53,600] {scheduler_job.py:182} INFO - Started process (PID=28359) to work on /Users/akshaybhoge/PycharmProjects/venvEdgar/lib/python3.7/site-packages/airflow/example_dags/example_branch_operator.py
[2021-03-22 03:13:53,602] {scheduler_job.py:629} INFO - Processing file /Users/akshaybhoge/PycharmProjects/venvEdgar/lib/python3.7/site-packages/airflow/example_dags/example_branch_operator.py for tasks to queue
[2021-03-22 03:13:53,603] {logging_mixin.py:104} INFO - [2021-03-22 03:13:53,603] {dagbag.py:448} INFO - Filling up the DagBag from /Users/akshaybhoge/PycharmProjects/venvEdgar/lib/python3.7/site-packages/airflow/example_dags/example_branch_operator.py
[2021-03-22 03:13:53,617] {scheduler_job.py:639} INFO - DAG(s) dict_keys(['example_branch_operator']) retrieved from /Users/akshaybhoge/PycharmProjects/venvEdgar/lib/python3.7/site-packages/airflow/example_dags/example_branch_operator.py
[2021-03-22 03:13:53,630] {logging_mixin.py:104} INFO - [2021-03-22 03:13:53,629] {dag.py:1818} INFO - Sync 1 DAGs
[2021-03-22 03:13:53,645] {logging_mixin.py:104} INFO - [2021-03-22 03:13:53,645] {dag.py:2273} INFO - Setting next_dagrun for example_branch_operator to 2021-03-20 00:00:00+00:00
[2021-03-22 03:13:53,651] {scheduler_job.py:190} INFO - Processing /Users/akshaybhoge/PycharmProjects/venvEdgar/lib/python3.7/site-packages/airflow/example_dags/example_branch_operator.py took 0.055 seconds
[2021-03-22 03:14:26,176] {scheduler_job.py:182} INFO - Started process (PID=28409) to work on /Users/akshaybhoge/PycharmProjects/venvEdgar/lib/python3.7/site-packages/airflow/example_dags/example_branch_operator.py
[2021-03-22 03:14:26,177] {scheduler_job.py:629} INFO - Processing file /Users/akshaybhoge/PycharmProjects/venvEdgar/lib/python3.7/site-packages/airflow/example_dags/example_branch_operator.py for tasks to queue
[2021-03-22 03:14:26,179] {logging_mixin.py:104} INFO - [2021-03-22 03:14:26,178] {dagbag.py:448} INFO - Filling up the DagBag from /Users/akshaybhoge/PycharmProjects/venvEdgar/lib/python3.7/site-packages/airflow/example_dags/example_branch_operator.py
[2021-03-22 03:14:26,196] {scheduler_job.py:639} INFO - DAG(s) dict_keys(['example_branch_operator']) retrieved from /Users/akshaybhoge/PycharmProjects/venvEdgar/lib/python3.7/site-packages/airflow/example_dags/example_branch_operator.py
[2021-03-22 03:14:26,210] {logging_mixin.py:104} INFO - [2021-03-22 03:14:26,210] {dag.py:1818} INFO - Sync 1 DAGs
[2021-03-22 03:14:26,227] {logging_mixin.py:104} INFO - [2021-03-22 03:14:26,227] {dag.py:2273} INFO - Setting next_dagrun for example_branch_operator to 2021-03-20 00:00:00+00:00
[2021-03-22 03:14:26,233] {scheduler_job.py:190} INFO - Processing /Users/akshaybhoge/PycharmProjects/venvEdgar/lib/python3.7/site-packages/airflow/example_dags/example_branch_operator.py took 0.061 seconds
[2021-03-22 03:14:58,333] {scheduler_job.py:182} INFO - Started process (PID=28455) to work on /Users/akshaybhoge/PycharmProjects/venvEdgar/lib/python3.7/site-packages/airflow/example_dags/example_branch_operator.py
[2021-03-22 03:14:58,335] {scheduler_job.py:629} INFO - Processing file /Users/akshaybhoge/PycharmProjects/venvEdgar/lib/python3.7/site-packages/airflow/example_dags/example_branch_operator.py for tasks to queue
[2021-03-22 03:14:58,337] {logging_mixin.py:104} INFO - [2021-03-22 03:14:58,336] {dagbag.py:448} INFO - Filling up the DagBag from /Users/akshaybhoge/PycharmProjects/venvEdgar/lib/python3.7/site-packages/airflow/example_dags/example_branch_operator.py
[2021-03-22 03:14:58,352] {scheduler_job.py:639} INFO - DAG(s) dict_keys(['example_branch_operator']) retrieved from /Users/akshaybhoge/PycharmProjects/venvEdgar/lib/python3.7/site-packages/airflow/example_dags/example_branch_operator.py
[2021-03-22 03:14:58,367] {logging_mixin.py:104} INFO - [2021-03-22 03:14:58,367] {dag.py:1818} INFO - Sync 1 DAGs
[2021-03-22 03:14:58,383] {logging_mixin.py:104} INFO - [2021-03-22 03:14:58,383] {dag.py:2273} INFO - Setting next_dagrun for example_branch_operator to 2021-03-20 00:00:00+00:00
[2021-03-22 03:14:58,390] {scheduler_job.py:190} INFO - Processing /Users/akshaybhoge/PycharmProjects/venvEdgar/lib/python3.7/site-packages/airflow/example_dags/example_branch_operator.py took 0.061 seconds
[2021-03-22 03:15:30,909] {scheduler_job.py:182} INFO - Started process (PID=28491) to work on /Users/akshaybhoge/PycharmProjects/venvEdgar/lib/python3.7/site-packages/airflow/example_dags/example_branch_operator.py
[2021-03-22 03:15:30,912] {scheduler_job.py:629} INFO - Processing file /Users/akshaybhoge/PycharmProjects/venvEdgar/lib/python3.7/site-packages/airflow/example_dags/example_branch_operator.py for tasks to queue
[2021-03-22 03:15:30,914] {logging_mixin.py:104} INFO - [2021-03-22 03:15:30,913] {dagbag.py:448} INFO - Filling up the DagBag from /Users/akshaybhoge/PycharmProjects/venvEdgar/lib/python3.7/site-packages/airflow/example_dags/example_branch_operator.py
[2021-03-22 03:15:30,933] {scheduler_job.py:639} INFO - DAG(s) dict_keys(['example_branch_operator']) retrieved from /Users/akshaybhoge/PycharmProjects/venvEdgar/lib/python3.7/site-packages/airflow/example_dags/example_branch_operator.py
[2021-03-22 03:15:30,949] {logging_mixin.py:104} INFO - [2021-03-22 03:15:30,948] {dag.py:1818} INFO - Sync 1 DAGs
[2021-03-22 03:15:30,965] {logging_mixin.py:104} INFO - [2021-03-22 03:15:30,965] {dag.py:2273} INFO - Setting next_dagrun for example_branch_operator to 2021-03-20 00:00:00+00:00
[2021-03-22 03:15:30,972] {scheduler_job.py:190} INFO - Processing /Users/akshaybhoge/PycharmProjects/venvEdgar/lib/python3.7/site-packages/airflow/example_dags/example_branch_operator.py took 0.066 seconds
[2021-03-22 03:16:05,962] {scheduler_job.py:182} INFO - Started process (PID=28531) to work on /Users/akshaybhoge/PycharmProjects/venvEdgar/lib/python3.7/site-packages/airflow/example_dags/example_branch_operator.py
[2021-03-22 03:16:05,964] {scheduler_job.py:629} INFO - Processing file /Users/akshaybhoge/PycharmProjects/venvEdgar/lib/python3.7/site-packages/airflow/example_dags/example_branch_operator.py for tasks to queue
[2021-03-22 03:16:05,965] {logging_mixin.py:104} INFO - [2021-03-22 03:16:05,965] {dagbag.py:448} INFO - Filling up the DagBag from /Users/akshaybhoge/PycharmProjects/venvEdgar/lib/python3.7/site-packages/airflow/example_dags/example_branch_operator.py
[2021-03-22 03:16:05,979] {scheduler_job.py:639} INFO - DAG(s) dict_keys(['example_branch_operator']) retrieved from /Users/akshaybhoge/PycharmProjects/venvEdgar/lib/python3.7/site-packages/airflow/example_dags/example_branch_operator.py
[2021-03-22 03:16:05,990] {logging_mixin.py:104} INFO - [2021-03-22 03:16:05,990] {dag.py:1818} INFO - Sync 1 DAGs
[2021-03-22 03:16:06,006] {logging_mixin.py:104} INFO - [2021-03-22 03:16:06,006] {dag.py:2273} INFO - Setting next_dagrun for example_branch_operator to 2021-03-20 00:00:00+00:00
[2021-03-22 03:16:06,013] {scheduler_job.py:190} INFO - Processing /Users/akshaybhoge/PycharmProjects/venvEdgar/lib/python3.7/site-packages/airflow/example_dags/example_branch_operator.py took 0.054 seconds
[2021-03-22 03:16:38,184] {scheduler_job.py:182} INFO - Started process (PID=28579) to work on /Users/akshaybhoge/PycharmProjects/venvEdgar/lib/python3.7/site-packages/airflow/example_dags/example_branch_operator.py
[2021-03-22 03:16:38,187] {scheduler_job.py:629} INFO - Processing file /Users/akshaybhoge/PycharmProjects/venvEdgar/lib/python3.7/site-packages/airflow/example_dags/example_branch_operator.py for tasks to queue
[2021-03-22 03:16:38,187] {logging_mixin.py:104} INFO - [2021-03-22 03:16:38,187] {dagbag.py:448} INFO - Filling up the DagBag from /Users/akshaybhoge/PycharmProjects/venvEdgar/lib/python3.7/site-packages/airflow/example_dags/example_branch_operator.py
[2021-03-22 03:16:38,202] {scheduler_job.py:639} INFO - DAG(s) dict_keys(['example_branch_operator']) retrieved from /Users/akshaybhoge/PycharmProjects/venvEdgar/lib/python3.7/site-packages/airflow/example_dags/example_branch_operator.py
[2021-03-22 03:16:38,220] {logging_mixin.py:104} INFO - [2021-03-22 03:16:38,219] {dag.py:1818} INFO - Sync 1 DAGs
[2021-03-22 03:16:38,235] {logging_mixin.py:104} INFO - [2021-03-22 03:16:38,234] {dag.py:2273} INFO - Setting next_dagrun for example_branch_operator to 2021-03-20 00:00:00+00:00
[2021-03-22 03:16:38,239] {scheduler_job.py:190} INFO - Processing /Users/akshaybhoge/PycharmProjects/venvEdgar/lib/python3.7/site-packages/airflow/example_dags/example_branch_operator.py took 0.060 seconds
[2021-03-22 03:17:10,283] {scheduler_job.py:182} INFO - Started process (PID=28618) to work on /Users/akshaybhoge/PycharmProjects/venvEdgar/lib/python3.7/site-packages/airflow/example_dags/example_branch_operator.py
[2021-03-22 03:17:10,285] {scheduler_job.py:629} INFO - Processing file /Users/akshaybhoge/PycharmProjects/venvEdgar/lib/python3.7/site-packages/airflow/example_dags/example_branch_operator.py for tasks to queue
[2021-03-22 03:17:10,286] {logging_mixin.py:104} INFO - [2021-03-22 03:17:10,286] {dagbag.py:448} INFO - Filling up the DagBag from /Users/akshaybhoge/PycharmProjects/venvEdgar/lib/python3.7/site-packages/airflow/example_dags/example_branch_operator.py
[2021-03-22 03:17:10,301] {scheduler_job.py:639} INFO - DAG(s) dict_keys(['example_branch_operator']) retrieved from /Users/akshaybhoge/PycharmProjects/venvEdgar/lib/python3.7/site-packages/airflow/example_dags/example_branch_operator.py
[2021-03-22 03:17:10,314] {logging_mixin.py:104} INFO - [2021-03-22 03:17:10,314] {dag.py:1818} INFO - Sync 1 DAGs
[2021-03-22 03:17:10,331] {logging_mixin.py:104} INFO - [2021-03-22 03:17:10,330] {dag.py:2273} INFO - Setting next_dagrun for example_branch_operator to 2021-03-20 00:00:00+00:00
[2021-03-22 03:17:10,336] {scheduler_job.py:190} INFO - Processing /Users/akshaybhoge/PycharmProjects/venvEdgar/lib/python3.7/site-packages/airflow/example_dags/example_branch_operator.py took 0.057 seconds
[2021-03-22 03:17:42,309] {scheduler_job.py:182} INFO - Started process (PID=28651) to work on /Users/akshaybhoge/PycharmProjects/venvEdgar/lib/python3.7/site-packages/airflow/example_dags/example_branch_operator.py
[2021-03-22 03:17:42,310] {scheduler_job.py:629} INFO - Processing file /Users/akshaybhoge/PycharmProjects/venvEdgar/lib/python3.7/site-packages/airflow/example_dags/example_branch_operator.py for tasks to queue
[2021-03-22 03:17:42,311] {logging_mixin.py:104} INFO - [2021-03-22 03:17:42,311] {dagbag.py:448} INFO - Filling up the DagBag from /Users/akshaybhoge/PycharmProjects/venvEdgar/lib/python3.7/site-packages/airflow/example_dags/example_branch_operator.py
[2021-03-22 03:17:42,326] {scheduler_job.py:639} INFO - DAG(s) dict_keys(['example_branch_operator']) retrieved from /Users/akshaybhoge/PycharmProjects/venvEdgar/lib/python3.7/site-packages/airflow/example_dags/example_branch_operator.py
[2021-03-22 03:17:42,339] {logging_mixin.py:104} INFO - [2021-03-22 03:17:42,339] {dag.py:1818} INFO - Sync 1 DAGs
[2021-03-22 03:17:42,355] {logging_mixin.py:104} INFO - [2021-03-22 03:17:42,355] {dag.py:2273} INFO - Setting next_dagrun for example_branch_operator to 2021-03-20 00:00:00+00:00
[2021-03-22 03:17:42,361] {scheduler_job.py:190} INFO - Processing /Users/akshaybhoge/PycharmProjects/venvEdgar/lib/python3.7/site-packages/airflow/example_dags/example_branch_operator.py took 0.056 seconds
[2021-03-22 03:18:14,310] {scheduler_job.py:182} INFO - Started process (PID=28681) to work on /Users/akshaybhoge/PycharmProjects/venvEdgar/lib/python3.7/site-packages/airflow/example_dags/example_branch_operator.py
[2021-03-22 03:18:14,311] {scheduler_job.py:629} INFO - Processing file /Users/akshaybhoge/PycharmProjects/venvEdgar/lib/python3.7/site-packages/airflow/example_dags/example_branch_operator.py for tasks to queue
[2021-03-22 03:18:14,312] {logging_mixin.py:104} INFO - [2021-03-22 03:18:14,312] {dagbag.py:448} INFO - Filling up the DagBag from /Users/akshaybhoge/PycharmProjects/venvEdgar/lib/python3.7/site-packages/airflow/example_dags/example_branch_operator.py
[2021-03-22 03:18:14,328] {scheduler_job.py:639} INFO - DAG(s) dict_keys(['example_branch_operator']) retrieved from /Users/akshaybhoge/PycharmProjects/venvEdgar/lib/python3.7/site-packages/airflow/example_dags/example_branch_operator.py
[2021-03-22 03:18:14,341] {logging_mixin.py:104} INFO - [2021-03-22 03:18:14,341] {dag.py:1818} INFO - Sync 1 DAGs
[2021-03-22 03:18:14,358] {logging_mixin.py:104} INFO - [2021-03-22 03:18:14,357] {dag.py:2273} INFO - Setting next_dagrun for example_branch_operator to 2021-03-20 00:00:00+00:00
[2021-03-22 03:18:14,363] {scheduler_job.py:190} INFO - Processing /Users/akshaybhoge/PycharmProjects/venvEdgar/lib/python3.7/site-packages/airflow/example_dags/example_branch_operator.py took 0.057 seconds
[2021-03-22 03:18:46,421] {scheduler_job.py:182} INFO - Started process (PID=28721) to work on /Users/akshaybhoge/PycharmProjects/venvEdgar/lib/python3.7/site-packages/airflow/example_dags/example_branch_operator.py
[2021-03-22 03:18:46,423] {scheduler_job.py:629} INFO - Processing file /Users/akshaybhoge/PycharmProjects/venvEdgar/lib/python3.7/site-packages/airflow/example_dags/example_branch_operator.py for tasks to queue
[2021-03-22 03:18:46,424] {logging_mixin.py:104} INFO - [2021-03-22 03:18:46,424] {dagbag.py:448} INFO - Filling up the DagBag from /Users/akshaybhoge/PycharmProjects/venvEdgar/lib/python3.7/site-packages/airflow/example_dags/example_branch_operator.py
[2021-03-22 03:18:46,440] {scheduler_job.py:639} INFO - DAG(s) dict_keys(['example_branch_operator']) retrieved from /Users/akshaybhoge/PycharmProjects/venvEdgar/lib/python3.7/site-packages/airflow/example_dags/example_branch_operator.py
[2021-03-22 03:18:46,454] {logging_mixin.py:104} INFO - [2021-03-22 03:18:46,453] {dag.py:1818} INFO - Sync 1 DAGs
[2021-03-22 03:18:46,470] {logging_mixin.py:104} INFO - [2021-03-22 03:18:46,470] {dag.py:2273} INFO - Setting next_dagrun for example_branch_operator to 2021-03-20 00:00:00+00:00
[2021-03-22 03:18:46,476] {scheduler_job.py:190} INFO - Processing /Users/akshaybhoge/PycharmProjects/venvEdgar/lib/python3.7/site-packages/airflow/example_dags/example_branch_operator.py took 0.059 seconds
[2021-03-22 03:19:20,123] {scheduler_job.py:182} INFO - Started process (PID=28766) to work on /Users/akshaybhoge/PycharmProjects/venvEdgar/lib/python3.7/site-packages/airflow/example_dags/example_branch_operator.py
[2021-03-22 03:19:20,124] {scheduler_job.py:629} INFO - Processing file /Users/akshaybhoge/PycharmProjects/venvEdgar/lib/python3.7/site-packages/airflow/example_dags/example_branch_operator.py for tasks to queue
[2021-03-22 03:19:20,126] {logging_mixin.py:104} INFO - [2021-03-22 03:19:20,125] {dagbag.py:448} INFO - Filling up the DagBag from /Users/akshaybhoge/PycharmProjects/venvEdgar/lib/python3.7/site-packages/airflow/example_dags/example_branch_operator.py
[2021-03-22 03:19:20,142] {scheduler_job.py:639} INFO - DAG(s) dict_keys(['example_branch_operator']) retrieved from /Users/akshaybhoge/PycharmProjects/venvEdgar/lib/python3.7/site-packages/airflow/example_dags/example_branch_operator.py
[2021-03-22 03:19:20,156] {logging_mixin.py:104} INFO - [2021-03-22 03:19:20,156] {dag.py:1818} INFO - Sync 1 DAGs
[2021-03-22 03:19:20,173] {logging_mixin.py:104} INFO - [2021-03-22 03:19:20,172] {dag.py:2273} INFO - Setting next_dagrun for example_branch_operator to 2021-03-20 00:00:00+00:00
[2021-03-22 03:19:20,178] {scheduler_job.py:190} INFO - Processing /Users/akshaybhoge/PycharmProjects/venvEdgar/lib/python3.7/site-packages/airflow/example_dags/example_branch_operator.py took 0.059 seconds
[2021-03-22 03:19:52,555] {scheduler_job.py:182} INFO - Started process (PID=28797) to work on /Users/akshaybhoge/PycharmProjects/venvEdgar/lib/python3.7/site-packages/airflow/example_dags/example_branch_operator.py
[2021-03-22 03:19:52,559] {scheduler_job.py:629} INFO - Processing file /Users/akshaybhoge/PycharmProjects/venvEdgar/lib/python3.7/site-packages/airflow/example_dags/example_branch_operator.py for tasks to queue
[2021-03-22 03:19:52,560] {logging_mixin.py:104} INFO - [2021-03-22 03:19:52,560] {dagbag.py:448} INFO - Filling up the DagBag from /Users/akshaybhoge/PycharmProjects/venvEdgar/lib/python3.7/site-packages/airflow/example_dags/example_branch_operator.py
[2021-03-22 03:19:52,576] {scheduler_job.py:639} INFO - DAG(s) dict_keys(['example_branch_operator']) retrieved from /Users/akshaybhoge/PycharmProjects/venvEdgar/lib/python3.7/site-packages/airflow/example_dags/example_branch_operator.py
[2021-03-22 03:19:52,589] {logging_mixin.py:104} INFO - [2021-03-22 03:19:52,589] {dag.py:1818} INFO - Sync 1 DAGs
[2021-03-22 03:19:52,606] {logging_mixin.py:104} INFO - [2021-03-22 03:19:52,606] {dag.py:2273} INFO - Setting next_dagrun for example_branch_operator to 2021-03-20 00:00:00+00:00
[2021-03-22 03:19:52,612] {scheduler_job.py:190} INFO - Processing /Users/akshaybhoge/PycharmProjects/venvEdgar/lib/python3.7/site-packages/airflow/example_dags/example_branch_operator.py took 0.060 seconds
[2021-03-22 03:20:24,561] {scheduler_job.py:182} INFO - Started process (PID=28836) to work on /Users/akshaybhoge/PycharmProjects/venvEdgar/lib/python3.7/site-packages/airflow/example_dags/example_branch_operator.py
[2021-03-22 03:20:24,562] {scheduler_job.py:629} INFO - Processing file /Users/akshaybhoge/PycharmProjects/venvEdgar/lib/python3.7/site-packages/airflow/example_dags/example_branch_operator.py for tasks to queue
[2021-03-22 03:20:24,563] {logging_mixin.py:104} INFO - [2021-03-22 03:20:24,563] {dagbag.py:448} INFO - Filling up the DagBag from /Users/akshaybhoge/PycharmProjects/venvEdgar/lib/python3.7/site-packages/airflow/example_dags/example_branch_operator.py
[2021-03-22 03:20:24,578] {scheduler_job.py:639} INFO - DAG(s) dict_keys(['example_branch_operator']) retrieved from /Users/akshaybhoge/PycharmProjects/venvEdgar/lib/python3.7/site-packages/airflow/example_dags/example_branch_operator.py
[2021-03-22 03:20:24,594] {logging_mixin.py:104} INFO - [2021-03-22 03:20:24,594] {dag.py:1818} INFO - Sync 1 DAGs
[2021-03-22 03:20:24,610] {logging_mixin.py:104} INFO - [2021-03-22 03:20:24,610] {dag.py:2273} INFO - Setting next_dagrun for example_branch_operator to 2021-03-20 00:00:00+00:00
[2021-03-22 03:20:24,617] {scheduler_job.py:190} INFO - Processing /Users/akshaybhoge/PycharmProjects/venvEdgar/lib/python3.7/site-packages/airflow/example_dags/example_branch_operator.py took 0.060 seconds
[2021-03-22 03:20:56,860] {scheduler_job.py:182} INFO - Started process (PID=28883) to work on /Users/akshaybhoge/PycharmProjects/venvEdgar/lib/python3.7/site-packages/airflow/example_dags/example_branch_operator.py
[2021-03-22 03:20:56,862] {scheduler_job.py:629} INFO - Processing file /Users/akshaybhoge/PycharmProjects/venvEdgar/lib/python3.7/site-packages/airflow/example_dags/example_branch_operator.py for tasks to queue
[2021-03-22 03:20:56,863] {logging_mixin.py:104} INFO - [2021-03-22 03:20:56,863] {dagbag.py:448} INFO - Filling up the DagBag from /Users/akshaybhoge/PycharmProjects/venvEdgar/lib/python3.7/site-packages/airflow/example_dags/example_branch_operator.py
[2021-03-22 03:20:56,879] {scheduler_job.py:639} INFO - DAG(s) dict_keys(['example_branch_operator']) retrieved from /Users/akshaybhoge/PycharmProjects/venvEdgar/lib/python3.7/site-packages/airflow/example_dags/example_branch_operator.py
[2021-03-22 03:20:56,892] {logging_mixin.py:104} INFO - [2021-03-22 03:20:56,892] {dag.py:1818} INFO - Sync 1 DAGs
[2021-03-22 03:20:56,908] {logging_mixin.py:104} INFO - [2021-03-22 03:20:56,908] {dag.py:2273} INFO - Setting next_dagrun for example_branch_operator to 2021-03-20 00:00:00+00:00
[2021-03-22 03:20:56,914] {scheduler_job.py:190} INFO - Processing /Users/akshaybhoge/PycharmProjects/venvEdgar/lib/python3.7/site-packages/airflow/example_dags/example_branch_operator.py took 0.058 seconds
[2021-03-22 03:21:28,957] {scheduler_job.py:182} INFO - Started process (PID=28933) to work on /Users/akshaybhoge/PycharmProjects/venvEdgar/lib/python3.7/site-packages/airflow/example_dags/example_branch_operator.py
[2021-03-22 03:21:28,958] {scheduler_job.py:629} INFO - Processing file /Users/akshaybhoge/PycharmProjects/venvEdgar/lib/python3.7/site-packages/airflow/example_dags/example_branch_operator.py for tasks to queue
[2021-03-22 03:21:28,960] {logging_mixin.py:104} INFO - [2021-03-22 03:21:28,959] {dagbag.py:448} INFO - Filling up the DagBag from /Users/akshaybhoge/PycharmProjects/venvEdgar/lib/python3.7/site-packages/airflow/example_dags/example_branch_operator.py
[2021-03-22 03:21:28,977] {scheduler_job.py:639} INFO - DAG(s) dict_keys(['example_branch_operator']) retrieved from /Users/akshaybhoge/PycharmProjects/venvEdgar/lib/python3.7/site-packages/airflow/example_dags/example_branch_operator.py
[2021-03-22 03:21:28,992] {logging_mixin.py:104} INFO - [2021-03-22 03:21:28,992] {dag.py:1818} INFO - Sync 1 DAGs
[2021-03-22 03:21:29,010] {logging_mixin.py:104} INFO - [2021-03-22 03:21:29,010] {dag.py:2273} INFO - Setting next_dagrun for example_branch_operator to 2021-03-20 00:00:00+00:00
[2021-03-22 03:21:29,016] {scheduler_job.py:190} INFO - Processing /Users/akshaybhoge/PycharmProjects/venvEdgar/lib/python3.7/site-packages/airflow/example_dags/example_branch_operator.py took 0.063 seconds
[2021-03-22 03:23:33,095] {scheduler_job.py:182} INFO - Started process (PID=29063) to work on /Users/akshaybhoge/PycharmProjects/venvEdgar/lib/python3.7/site-packages/airflow/example_dags/example_branch_operator.py
[2021-03-22 03:23:33,097] {scheduler_job.py:629} INFO - Processing file /Users/akshaybhoge/PycharmProjects/venvEdgar/lib/python3.7/site-packages/airflow/example_dags/example_branch_operator.py for tasks to queue
[2021-03-22 03:23:33,102] {logging_mixin.py:104} INFO - [2021-03-22 03:23:33,098] {dagbag.py:448} INFO - Filling up the DagBag from /Users/akshaybhoge/PycharmProjects/venvEdgar/lib/python3.7/site-packages/airflow/example_dags/example_branch_operator.py
[2021-03-22 03:23:33,116] {scheduler_job.py:639} INFO - DAG(s) dict_keys(['example_branch_operator']) retrieved from /Users/akshaybhoge/PycharmProjects/venvEdgar/lib/python3.7/site-packages/airflow/example_dags/example_branch_operator.py
[2021-03-22 03:23:33,130] {logging_mixin.py:104} INFO - [2021-03-22 03:23:33,129] {dag.py:1818} INFO - Sync 1 DAGs
[2021-03-22 03:23:33,144] {logging_mixin.py:104} INFO - [2021-03-22 03:23:33,144] {dag.py:2273} INFO - Setting next_dagrun for example_branch_operator to 2021-03-20 00:00:00+00:00
[2021-03-22 03:23:33,152] {scheduler_job.py:190} INFO - Processing /Users/akshaybhoge/PycharmProjects/venvEdgar/lib/python3.7/site-packages/airflow/example_dags/example_branch_operator.py took 0.061 seconds
[2021-03-22 03:28:07,784] {scheduler_job.py:182} INFO - Started process (PID=29249) to work on /Users/akshaybhoge/PycharmProjects/venvEdgar/lib/python3.7/site-packages/airflow/example_dags/example_branch_operator.py
[2021-03-22 03:28:07,787] {scheduler_job.py:629} INFO - Processing file /Users/akshaybhoge/PycharmProjects/venvEdgar/lib/python3.7/site-packages/airflow/example_dags/example_branch_operator.py for tasks to queue
[2021-03-22 03:28:07,788] {logging_mixin.py:104} INFO - [2021-03-22 03:28:07,788] {dagbag.py:448} INFO - Filling up the DagBag from /Users/akshaybhoge/PycharmProjects/venvEdgar/lib/python3.7/site-packages/airflow/example_dags/example_branch_operator.py
[2021-03-22 03:28:07,801] {scheduler_job.py:639} INFO - DAG(s) dict_keys(['example_branch_operator']) retrieved from /Users/akshaybhoge/PycharmProjects/venvEdgar/lib/python3.7/site-packages/airflow/example_dags/example_branch_operator.py
[2021-03-22 03:28:07,817] {logging_mixin.py:104} INFO - [2021-03-22 03:28:07,816] {dag.py:1818} INFO - Sync 1 DAGs
[2021-03-22 03:28:07,832] {logging_mixin.py:104} INFO - [2021-03-22 03:28:07,832] {dag.py:2273} INFO - Setting next_dagrun for example_branch_operator to 2021-03-20 00:00:00+00:00
[2021-03-22 03:28:07,841] {scheduler_job.py:190} INFO - Processing /Users/akshaybhoge/PycharmProjects/venvEdgar/lib/python3.7/site-packages/airflow/example_dags/example_branch_operator.py took 0.062 seconds
[2021-03-22 03:28:39,805] {scheduler_job.py:182} INFO - Started process (PID=29289) to work on /Users/akshaybhoge/PycharmProjects/venvEdgar/lib/python3.7/site-packages/airflow/example_dags/example_branch_operator.py
[2021-03-22 03:28:39,807] {scheduler_job.py:629} INFO - Processing file /Users/akshaybhoge/PycharmProjects/venvEdgar/lib/python3.7/site-packages/airflow/example_dags/example_branch_operator.py for tasks to queue
[2021-03-22 03:28:39,808] {logging_mixin.py:104} INFO - [2021-03-22 03:28:39,807] {dagbag.py:448} INFO - Filling up the DagBag from /Users/akshaybhoge/PycharmProjects/venvEdgar/lib/python3.7/site-packages/airflow/example_dags/example_branch_operator.py
[2021-03-22 03:28:39,818] {scheduler_job.py:639} INFO - DAG(s) dict_keys(['example_branch_operator']) retrieved from /Users/akshaybhoge/PycharmProjects/venvEdgar/lib/python3.7/site-packages/airflow/example_dags/example_branch_operator.py
[2021-03-22 03:28:39,832] {logging_mixin.py:104} INFO - [2021-03-22 03:28:39,831] {dag.py:1818} INFO - Sync 1 DAGs
[2021-03-22 03:28:39,849] {logging_mixin.py:104} INFO - [2021-03-22 03:28:39,849] {dag.py:2273} INFO - Setting next_dagrun for example_branch_operator to 2021-03-20 00:00:00+00:00
[2021-03-22 03:28:39,856] {scheduler_job.py:190} INFO - Processing /Users/akshaybhoge/PycharmProjects/venvEdgar/lib/python3.7/site-packages/airflow/example_dags/example_branch_operator.py took 0.054 seconds
[2021-03-22 03:29:11,885] {scheduler_job.py:182} INFO - Started process (PID=29333) to work on /Users/akshaybhoge/PycharmProjects/venvEdgar/lib/python3.7/site-packages/airflow/example_dags/example_branch_operator.py
[2021-03-22 03:29:11,888] {scheduler_job.py:629} INFO - Processing file /Users/akshaybhoge/PycharmProjects/venvEdgar/lib/python3.7/site-packages/airflow/example_dags/example_branch_operator.py for tasks to queue
[2021-03-22 03:29:11,889] {logging_mixin.py:104} INFO - [2021-03-22 03:29:11,889] {dagbag.py:448} INFO - Filling up the DagBag from /Users/akshaybhoge/PycharmProjects/venvEdgar/lib/python3.7/site-packages/airflow/example_dags/example_branch_operator.py
[2021-03-22 03:29:11,901] {scheduler_job.py:639} INFO - DAG(s) dict_keys(['example_branch_operator']) retrieved from /Users/akshaybhoge/PycharmProjects/venvEdgar/lib/python3.7/site-packages/airflow/example_dags/example_branch_operator.py
[2021-03-22 03:29:11,915] {logging_mixin.py:104} INFO - [2021-03-22 03:29:11,915] {dag.py:1818} INFO - Sync 1 DAGs
[2021-03-22 03:29:11,933] {logging_mixin.py:104} INFO - [2021-03-22 03:29:11,932] {dag.py:2273} INFO - Setting next_dagrun for example_branch_operator to 2021-03-20 00:00:00+00:00
[2021-03-22 03:29:11,939] {scheduler_job.py:190} INFO - Processing /Users/akshaybhoge/PycharmProjects/venvEdgar/lib/python3.7/site-packages/airflow/example_dags/example_branch_operator.py took 0.057 seconds
[2021-03-22 03:29:42,282] {scheduler_job.py:182} INFO - Started process (PID=29366) to work on /Users/akshaybhoge/PycharmProjects/venvEdgar/lib/python3.7/site-packages/airflow/example_dags/example_branch_operator.py
[2021-03-22 03:29:42,283] {scheduler_job.py:629} INFO - Processing file /Users/akshaybhoge/PycharmProjects/venvEdgar/lib/python3.7/site-packages/airflow/example_dags/example_branch_operator.py for tasks to queue
[2021-03-22 03:29:42,285] {logging_mixin.py:104} INFO - [2021-03-22 03:29:42,284] {dagbag.py:448} INFO - Filling up the DagBag from /Users/akshaybhoge/PycharmProjects/venvEdgar/lib/python3.7/site-packages/airflow/example_dags/example_branch_operator.py
[2021-03-22 03:29:42,295] {scheduler_job.py:639} INFO - DAG(s) dict_keys(['example_branch_operator']) retrieved from /Users/akshaybhoge/PycharmProjects/venvEdgar/lib/python3.7/site-packages/airflow/example_dags/example_branch_operator.py
[2021-03-22 03:29:42,308] {logging_mixin.py:104} INFO - [2021-03-22 03:29:42,308] {dag.py:1818} INFO - Sync 1 DAGs
[2021-03-22 03:29:42,325] {logging_mixin.py:104} INFO - [2021-03-22 03:29:42,324] {dag.py:2273} INFO - Setting next_dagrun for example_branch_operator to 2021-03-20 00:00:00+00:00
[2021-03-22 03:29:42,332] {scheduler_job.py:190} INFO - Processing /Users/akshaybhoge/PycharmProjects/venvEdgar/lib/python3.7/site-packages/airflow/example_dags/example_branch_operator.py took 0.053 seconds
[2021-03-22 03:30:13,372] {scheduler_job.py:182} INFO - Started process (PID=29409) to work on /Users/akshaybhoge/PycharmProjects/venvEdgar/lib/python3.7/site-packages/airflow/example_dags/example_branch_operator.py
[2021-03-22 03:30:13,374] {scheduler_job.py:629} INFO - Processing file /Users/akshaybhoge/PycharmProjects/venvEdgar/lib/python3.7/site-packages/airflow/example_dags/example_branch_operator.py for tasks to queue
[2021-03-22 03:30:13,375] {logging_mixin.py:104} INFO - [2021-03-22 03:30:13,375] {dagbag.py:448} INFO - Filling up the DagBag from /Users/akshaybhoge/PycharmProjects/venvEdgar/lib/python3.7/site-packages/airflow/example_dags/example_branch_operator.py
[2021-03-22 03:30:13,385] {scheduler_job.py:639} INFO - DAG(s) dict_keys(['example_branch_operator']) retrieved from /Users/akshaybhoge/PycharmProjects/venvEdgar/lib/python3.7/site-packages/airflow/example_dags/example_branch_operator.py
[2021-03-22 03:30:13,398] {logging_mixin.py:104} INFO - [2021-03-22 03:30:13,397] {dag.py:1818} INFO - Sync 1 DAGs
[2021-03-22 03:30:13,414] {logging_mixin.py:104} INFO - [2021-03-22 03:30:13,413] {dag.py:2273} INFO - Setting next_dagrun for example_branch_operator to 2021-03-20 00:00:00+00:00
[2021-03-22 03:30:13,420] {scheduler_job.py:190} INFO - Processing /Users/akshaybhoge/PycharmProjects/venvEdgar/lib/python3.7/site-packages/airflow/example_dags/example_branch_operator.py took 0.051 seconds
[2021-03-22 03:30:43,638] {scheduler_job.py:182} INFO - Started process (PID=29445) to work on /Users/akshaybhoge/PycharmProjects/venvEdgar/lib/python3.7/site-packages/airflow/example_dags/example_branch_operator.py
[2021-03-22 03:30:43,639] {scheduler_job.py:629} INFO - Processing file /Users/akshaybhoge/PycharmProjects/venvEdgar/lib/python3.7/site-packages/airflow/example_dags/example_branch_operator.py for tasks to queue
[2021-03-22 03:30:43,640] {logging_mixin.py:104} INFO - [2021-03-22 03:30:43,640] {dagbag.py:448} INFO - Filling up the DagBag from /Users/akshaybhoge/PycharmProjects/venvEdgar/lib/python3.7/site-packages/airflow/example_dags/example_branch_operator.py
[2021-03-22 03:30:43,650] {scheduler_job.py:639} INFO - DAG(s) dict_keys(['example_branch_operator']) retrieved from /Users/akshaybhoge/PycharmProjects/venvEdgar/lib/python3.7/site-packages/airflow/example_dags/example_branch_operator.py
[2021-03-22 03:30:43,662] {logging_mixin.py:104} INFO - [2021-03-22 03:30:43,662] {dag.py:1818} INFO - Sync 1 DAGs
[2021-03-22 03:30:43,690] {logging_mixin.py:104} INFO - [2021-03-22 03:30:43,690] {dag.py:2273} INFO - Setting next_dagrun for example_branch_operator to 2021-03-20 00:00:00+00:00
[2021-03-22 03:30:43,698] {scheduler_job.py:190} INFO - Processing /Users/akshaybhoge/PycharmProjects/venvEdgar/lib/python3.7/site-packages/airflow/example_dags/example_branch_operator.py took 0.063 seconds
[2021-03-22 03:31:15,744] {scheduler_job.py:182} INFO - Started process (PID=29478) to work on /Users/akshaybhoge/PycharmProjects/venvEdgar/lib/python3.7/site-packages/airflow/example_dags/example_branch_operator.py
[2021-03-22 03:31:15,746] {scheduler_job.py:629} INFO - Processing file /Users/akshaybhoge/PycharmProjects/venvEdgar/lib/python3.7/site-packages/airflow/example_dags/example_branch_operator.py for tasks to queue
[2021-03-22 03:31:15,747] {logging_mixin.py:104} INFO - [2021-03-22 03:31:15,746] {dagbag.py:448} INFO - Filling up the DagBag from /Users/akshaybhoge/PycharmProjects/venvEdgar/lib/python3.7/site-packages/airflow/example_dags/example_branch_operator.py
[2021-03-22 03:31:15,757] {scheduler_job.py:639} INFO - DAG(s) dict_keys(['example_branch_operator']) retrieved from /Users/akshaybhoge/PycharmProjects/venvEdgar/lib/python3.7/site-packages/airflow/example_dags/example_branch_operator.py
[2021-03-22 03:31:15,769] {logging_mixin.py:104} INFO - [2021-03-22 03:31:15,769] {dag.py:1818} INFO - Sync 1 DAGs
[2021-03-22 03:31:15,786] {logging_mixin.py:104} INFO - [2021-03-22 03:31:15,785] {dag.py:2273} INFO - Setting next_dagrun for example_branch_operator to 2021-03-20 00:00:00+00:00
[2021-03-22 03:31:15,792] {scheduler_job.py:190} INFO - Processing /Users/akshaybhoge/PycharmProjects/venvEdgar/lib/python3.7/site-packages/airflow/example_dags/example_branch_operator.py took 0.052 seconds
[2021-03-22 03:31:47,754] {scheduler_job.py:182} INFO - Started process (PID=29509) to work on /Users/akshaybhoge/PycharmProjects/venvEdgar/lib/python3.7/site-packages/airflow/example_dags/example_branch_operator.py
[2021-03-22 03:31:47,756] {scheduler_job.py:629} INFO - Processing file /Users/akshaybhoge/PycharmProjects/venvEdgar/lib/python3.7/site-packages/airflow/example_dags/example_branch_operator.py for tasks to queue
[2021-03-22 03:31:47,757] {logging_mixin.py:104} INFO - [2021-03-22 03:31:47,756] {dagbag.py:448} INFO - Filling up the DagBag from /Users/akshaybhoge/PycharmProjects/venvEdgar/lib/python3.7/site-packages/airflow/example_dags/example_branch_operator.py
[2021-03-22 03:31:47,767] {scheduler_job.py:639} INFO - DAG(s) dict_keys(['example_branch_operator']) retrieved from /Users/akshaybhoge/PycharmProjects/venvEdgar/lib/python3.7/site-packages/airflow/example_dags/example_branch_operator.py
[2021-03-22 03:31:47,780] {logging_mixin.py:104} INFO - [2021-03-22 03:31:47,780] {dag.py:1818} INFO - Sync 1 DAGs
[2021-03-22 03:31:47,796] {logging_mixin.py:104} INFO - [2021-03-22 03:31:47,796] {dag.py:2273} INFO - Setting next_dagrun for example_branch_operator to 2021-03-20 00:00:00+00:00
[2021-03-22 03:31:47,802] {scheduler_job.py:190} INFO - Processing /Users/akshaybhoge/PycharmProjects/venvEdgar/lib/python3.7/site-packages/airflow/example_dags/example_branch_operator.py took 0.052 seconds
[2021-03-22 03:32:19,965] {scheduler_job.py:182} INFO - Started process (PID=29543) to work on /Users/akshaybhoge/PycharmProjects/venvEdgar/lib/python3.7/site-packages/airflow/example_dags/example_branch_operator.py
[2021-03-22 03:32:19,969] {scheduler_job.py:629} INFO - Processing file /Users/akshaybhoge/PycharmProjects/venvEdgar/lib/python3.7/site-packages/airflow/example_dags/example_branch_operator.py for tasks to queue
[2021-03-22 03:32:19,971] {logging_mixin.py:104} INFO - [2021-03-22 03:32:19,970] {dagbag.py:448} INFO - Filling up the DagBag from /Users/akshaybhoge/PycharmProjects/venvEdgar/lib/python3.7/site-packages/airflow/example_dags/example_branch_operator.py
[2021-03-22 03:32:19,981] {scheduler_job.py:639} INFO - DAG(s) dict_keys(['example_branch_operator']) retrieved from /Users/akshaybhoge/PycharmProjects/venvEdgar/lib/python3.7/site-packages/airflow/example_dags/example_branch_operator.py
[2021-03-22 03:32:19,994] {logging_mixin.py:104} INFO - [2021-03-22 03:32:19,994] {dag.py:1818} INFO - Sync 1 DAGs
[2021-03-22 03:32:20,010] {logging_mixin.py:104} INFO - [2021-03-22 03:32:20,009] {dag.py:2273} INFO - Setting next_dagrun for example_branch_operator to 2021-03-20 00:00:00+00:00
[2021-03-22 03:32:20,017] {scheduler_job.py:190} INFO - Processing /Users/akshaybhoge/PycharmProjects/venvEdgar/lib/python3.7/site-packages/airflow/example_dags/example_branch_operator.py took 0.055 seconds
[2021-03-22 03:32:52,048] {scheduler_job.py:182} INFO - Started process (PID=29578) to work on /Users/akshaybhoge/PycharmProjects/venvEdgar/lib/python3.7/site-packages/airflow/example_dags/example_branch_operator.py
[2021-03-22 03:32:52,049] {scheduler_job.py:629} INFO - Processing file /Users/akshaybhoge/PycharmProjects/venvEdgar/lib/python3.7/site-packages/airflow/example_dags/example_branch_operator.py for tasks to queue
[2021-03-22 03:32:52,050] {logging_mixin.py:104} INFO - [2021-03-22 03:32:52,050] {dagbag.py:448} INFO - Filling up the DagBag from /Users/akshaybhoge/PycharmProjects/venvEdgar/lib/python3.7/site-packages/airflow/example_dags/example_branch_operator.py
[2021-03-22 03:32:52,063] {scheduler_job.py:639} INFO - DAG(s) dict_keys(['example_branch_operator']) retrieved from /Users/akshaybhoge/PycharmProjects/venvEdgar/lib/python3.7/site-packages/airflow/example_dags/example_branch_operator.py
[2021-03-22 03:32:52,078] {logging_mixin.py:104} INFO - [2021-03-22 03:32:52,077] {dag.py:1818} INFO - Sync 1 DAGs
[2021-03-22 03:32:52,093] {logging_mixin.py:104} INFO - [2021-03-22 03:32:52,093] {dag.py:2273} INFO - Setting next_dagrun for example_branch_operator to 2021-03-20 00:00:00+00:00
[2021-03-22 03:32:52,101] {scheduler_job.py:190} INFO - Processing /Users/akshaybhoge/PycharmProjects/venvEdgar/lib/python3.7/site-packages/airflow/example_dags/example_branch_operator.py took 0.056 seconds
[2021-03-22 03:35:46,283] {scheduler_job.py:182} INFO - Started process (PID=29731) to work on /Users/akshaybhoge/PycharmProjects/venvEdgar/lib/python3.7/site-packages/airflow/example_dags/example_branch_operator.py
[2021-03-22 03:35:46,285] {scheduler_job.py:629} INFO - Processing file /Users/akshaybhoge/PycharmProjects/venvEdgar/lib/python3.7/site-packages/airflow/example_dags/example_branch_operator.py for tasks to queue
[2021-03-22 03:35:46,286] {logging_mixin.py:104} INFO - [2021-03-22 03:35:46,286] {dagbag.py:448} INFO - Filling up the DagBag from /Users/akshaybhoge/PycharmProjects/venvEdgar/lib/python3.7/site-packages/airflow/example_dags/example_branch_operator.py
[2021-03-22 03:35:46,303] {scheduler_job.py:639} INFO - DAG(s) dict_keys(['example_branch_operator']) retrieved from /Users/akshaybhoge/PycharmProjects/venvEdgar/lib/python3.7/site-packages/airflow/example_dags/example_branch_operator.py
[2021-03-22 03:35:46,318] {logging_mixin.py:104} INFO - [2021-03-22 03:35:46,318] {dag.py:1818} INFO - Sync 1 DAGs
[2021-03-22 03:35:46,334] {logging_mixin.py:104} INFO - [2021-03-22 03:35:46,334] {dag.py:2273} INFO - Setting next_dagrun for example_branch_operator to 2021-03-20 00:00:00+00:00
[2021-03-22 03:35:46,342] {scheduler_job.py:190} INFO - Processing /Users/akshaybhoge/PycharmProjects/venvEdgar/lib/python3.7/site-packages/airflow/example_dags/example_branch_operator.py took 0.064 seconds
[2021-03-22 03:39:37,184] {scheduler_job.py:182} INFO - Started process (PID=29861) to work on /Users/akshaybhoge/PycharmProjects/venvEdgar/lib/python3.7/site-packages/airflow/example_dags/example_branch_operator.py
[2021-03-22 03:39:37,187] {scheduler_job.py:629} INFO - Processing file /Users/akshaybhoge/PycharmProjects/venvEdgar/lib/python3.7/site-packages/airflow/example_dags/example_branch_operator.py for tasks to queue
[2021-03-22 03:39:37,188] {logging_mixin.py:104} INFO - [2021-03-22 03:39:37,187] {dagbag.py:448} INFO - Filling up the DagBag from /Users/akshaybhoge/PycharmProjects/venvEdgar/lib/python3.7/site-packages/airflow/example_dags/example_branch_operator.py
[2021-03-22 03:39:37,197] {scheduler_job.py:639} INFO - DAG(s) dict_keys(['example_branch_operator']) retrieved from /Users/akshaybhoge/PycharmProjects/venvEdgar/lib/python3.7/site-packages/airflow/example_dags/example_branch_operator.py
[2021-03-22 03:39:37,208] {logging_mixin.py:104} INFO - [2021-03-22 03:39:37,208] {dag.py:1818} INFO - Sync 1 DAGs
[2021-03-22 03:39:37,223] {logging_mixin.py:104} INFO - [2021-03-22 03:39:37,223] {dag.py:2273} INFO - Setting next_dagrun for example_branch_operator to 2021-03-20 00:00:00+00:00
[2021-03-22 03:39:37,229] {scheduler_job.py:190} INFO - Processing /Users/akshaybhoge/PycharmProjects/venvEdgar/lib/python3.7/site-packages/airflow/example_dags/example_branch_operator.py took 0.048 seconds
[2021-03-22 03:40:09,231] {scheduler_job.py:182} INFO - Started process (PID=29899) to work on /Users/akshaybhoge/PycharmProjects/venvEdgar/lib/python3.7/site-packages/airflow/example_dags/example_branch_operator.py
[2021-03-22 03:40:09,233] {scheduler_job.py:629} INFO - Processing file /Users/akshaybhoge/PycharmProjects/venvEdgar/lib/python3.7/site-packages/airflow/example_dags/example_branch_operator.py for tasks to queue
[2021-03-22 03:40:09,234] {logging_mixin.py:104} INFO - [2021-03-22 03:40:09,234] {dagbag.py:448} INFO - Filling up the DagBag from /Users/akshaybhoge/PycharmProjects/venvEdgar/lib/python3.7/site-packages/airflow/example_dags/example_branch_operator.py
[2021-03-22 03:40:09,246] {scheduler_job.py:639} INFO - DAG(s) dict_keys(['example_branch_operator']) retrieved from /Users/akshaybhoge/PycharmProjects/venvEdgar/lib/python3.7/site-packages/airflow/example_dags/example_branch_operator.py
[2021-03-22 03:40:09,261] {logging_mixin.py:104} INFO - [2021-03-22 03:40:09,260] {dag.py:1818} INFO - Sync 1 DAGs
[2021-03-22 03:40:09,277] {logging_mixin.py:104} INFO - [2021-03-22 03:40:09,276] {dag.py:2273} INFO - Setting next_dagrun for example_branch_operator to 2021-03-20 00:00:00+00:00
[2021-03-22 03:40:09,283] {scheduler_job.py:190} INFO - Processing /Users/akshaybhoge/PycharmProjects/venvEdgar/lib/python3.7/site-packages/airflow/example_dags/example_branch_operator.py took 0.057 seconds
[2021-03-22 03:40:40,002] {scheduler_job.py:182} INFO - Started process (PID=29935) to work on /Users/akshaybhoge/PycharmProjects/venvEdgar/lib/python3.7/site-packages/airflow/example_dags/example_branch_operator.py
[2021-03-22 03:40:40,004] {scheduler_job.py:629} INFO - Processing file /Users/akshaybhoge/PycharmProjects/venvEdgar/lib/python3.7/site-packages/airflow/example_dags/example_branch_operator.py for tasks to queue
[2021-03-22 03:40:40,005] {logging_mixin.py:104} INFO - [2021-03-22 03:40:40,005] {dagbag.py:448} INFO - Filling up the DagBag from /Users/akshaybhoge/PycharmProjects/venvEdgar/lib/python3.7/site-packages/airflow/example_dags/example_branch_operator.py
[2021-03-22 03:40:40,016] {scheduler_job.py:639} INFO - DAG(s) dict_keys(['example_branch_operator']) retrieved from /Users/akshaybhoge/PycharmProjects/venvEdgar/lib/python3.7/site-packages/airflow/example_dags/example_branch_operator.py
[2021-03-22 03:40:40,029] {logging_mixin.py:104} INFO - [2021-03-22 03:40:40,029] {dag.py:1818} INFO - Sync 1 DAGs
[2021-03-22 03:40:40,047] {logging_mixin.py:104} INFO - [2021-03-22 03:40:40,046] {dag.py:2273} INFO - Setting next_dagrun for example_branch_operator to 2021-03-20 00:00:00+00:00
[2021-03-22 03:40:40,052] {scheduler_job.py:190} INFO - Processing /Users/akshaybhoge/PycharmProjects/venvEdgar/lib/python3.7/site-packages/airflow/example_dags/example_branch_operator.py took 0.053 seconds
[2021-03-22 03:41:11,648] {scheduler_job.py:182} INFO - Started process (PID=29970) to work on /Users/akshaybhoge/PycharmProjects/venvEdgar/lib/python3.7/site-packages/airflow/example_dags/example_branch_operator.py
[2021-03-22 03:41:11,650] {scheduler_job.py:629} INFO - Processing file /Users/akshaybhoge/PycharmProjects/venvEdgar/lib/python3.7/site-packages/airflow/example_dags/example_branch_operator.py for tasks to queue
[2021-03-22 03:41:11,651] {logging_mixin.py:104} INFO - [2021-03-22 03:41:11,651] {dagbag.py:448} INFO - Filling up the DagBag from /Users/akshaybhoge/PycharmProjects/venvEdgar/lib/python3.7/site-packages/airflow/example_dags/example_branch_operator.py
[2021-03-22 03:41:11,663] {scheduler_job.py:639} INFO - DAG(s) dict_keys(['example_branch_operator']) retrieved from /Users/akshaybhoge/PycharmProjects/venvEdgar/lib/python3.7/site-packages/airflow/example_dags/example_branch_operator.py
[2021-03-22 03:41:11,676] {logging_mixin.py:104} INFO - [2021-03-22 03:41:11,675] {dag.py:1818} INFO - Sync 1 DAGs
[2021-03-22 03:41:11,692] {logging_mixin.py:104} INFO - [2021-03-22 03:41:11,692] {dag.py:2273} INFO - Setting next_dagrun for example_branch_operator to 2021-03-20 00:00:00+00:00
[2021-03-22 03:41:11,698] {scheduler_job.py:190} INFO - Processing /Users/akshaybhoge/PycharmProjects/venvEdgar/lib/python3.7/site-packages/airflow/example_dags/example_branch_operator.py took 0.054 seconds
[2021-03-22 03:41:43,876] {scheduler_job.py:182} INFO - Started process (PID=30012) to work on /Users/akshaybhoge/PycharmProjects/venvEdgar/lib/python3.7/site-packages/airflow/example_dags/example_branch_operator.py
[2021-03-22 03:41:43,878] {scheduler_job.py:629} INFO - Processing file /Users/akshaybhoge/PycharmProjects/venvEdgar/lib/python3.7/site-packages/airflow/example_dags/example_branch_operator.py for tasks to queue
[2021-03-22 03:41:43,879] {logging_mixin.py:104} INFO - [2021-03-22 03:41:43,879] {dagbag.py:448} INFO - Filling up the DagBag from /Users/akshaybhoge/PycharmProjects/venvEdgar/lib/python3.7/site-packages/airflow/example_dags/example_branch_operator.py
[2021-03-22 03:41:43,891] {scheduler_job.py:639} INFO - DAG(s) dict_keys(['example_branch_operator']) retrieved from /Users/akshaybhoge/PycharmProjects/venvEdgar/lib/python3.7/site-packages/airflow/example_dags/example_branch_operator.py
[2021-03-22 03:41:43,904] {logging_mixin.py:104} INFO - [2021-03-22 03:41:43,903] {dag.py:1818} INFO - Sync 1 DAGs
[2021-03-22 03:41:43,920] {logging_mixin.py:104} INFO - [2021-03-22 03:41:43,920] {dag.py:2273} INFO - Setting next_dagrun for example_branch_operator to 2021-03-20 00:00:00+00:00
[2021-03-22 03:41:43,926] {scheduler_job.py:190} INFO - Processing /Users/akshaybhoge/PycharmProjects/venvEdgar/lib/python3.7/site-packages/airflow/example_dags/example_branch_operator.py took 0.053 seconds
[2021-03-22 03:42:16,461] {scheduler_job.py:182} INFO - Started process (PID=30052) to work on /Users/akshaybhoge/PycharmProjects/venvEdgar/lib/python3.7/site-packages/airflow/example_dags/example_branch_operator.py
[2021-03-22 03:42:16,463] {scheduler_job.py:629} INFO - Processing file /Users/akshaybhoge/PycharmProjects/venvEdgar/lib/python3.7/site-packages/airflow/example_dags/example_branch_operator.py for tasks to queue
[2021-03-22 03:42:16,464] {logging_mixin.py:104} INFO - [2021-03-22 03:42:16,464] {dagbag.py:448} INFO - Filling up the DagBag from /Users/akshaybhoge/PycharmProjects/venvEdgar/lib/python3.7/site-packages/airflow/example_dags/example_branch_operator.py
[2021-03-22 03:42:16,475] {scheduler_job.py:639} INFO - DAG(s) dict_keys(['example_branch_operator']) retrieved from /Users/akshaybhoge/PycharmProjects/venvEdgar/lib/python3.7/site-packages/airflow/example_dags/example_branch_operator.py
[2021-03-22 03:42:16,488] {logging_mixin.py:104} INFO - [2021-03-22 03:42:16,488] {dag.py:1818} INFO - Sync 1 DAGs
[2021-03-22 03:42:16,505] {logging_mixin.py:104} INFO - [2021-03-22 03:42:16,504] {dag.py:2273} INFO - Setting next_dagrun for example_branch_operator to 2021-03-20 00:00:00+00:00
[2021-03-22 03:42:16,510] {scheduler_job.py:190} INFO - Processing /Users/akshaybhoge/PycharmProjects/venvEdgar/lib/python3.7/site-packages/airflow/example_dags/example_branch_operator.py took 0.052 seconds
[2021-03-22 03:42:49,078] {scheduler_job.py:182} INFO - Started process (PID=30097) to work on /Users/akshaybhoge/PycharmProjects/venvEdgar/lib/python3.7/site-packages/airflow/example_dags/example_branch_operator.py
[2021-03-22 03:42:49,080] {scheduler_job.py:629} INFO - Processing file /Users/akshaybhoge/PycharmProjects/venvEdgar/lib/python3.7/site-packages/airflow/example_dags/example_branch_operator.py for tasks to queue
[2021-03-22 03:42:49,082] {logging_mixin.py:104} INFO - [2021-03-22 03:42:49,081] {dagbag.py:448} INFO - Filling up the DagBag from /Users/akshaybhoge/PycharmProjects/venvEdgar/lib/python3.7/site-packages/airflow/example_dags/example_branch_operator.py
[2021-03-22 03:42:49,094] {scheduler_job.py:639} INFO - DAG(s) dict_keys(['example_branch_operator']) retrieved from /Users/akshaybhoge/PycharmProjects/venvEdgar/lib/python3.7/site-packages/airflow/example_dags/example_branch_operator.py
[2021-03-22 03:42:49,107] {logging_mixin.py:104} INFO - [2021-03-22 03:42:49,107] {dag.py:1818} INFO - Sync 1 DAGs
[2021-03-22 03:42:49,124] {logging_mixin.py:104} INFO - [2021-03-22 03:42:49,124] {dag.py:2273} INFO - Setting next_dagrun for example_branch_operator to 2021-03-20 00:00:00+00:00
[2021-03-22 03:42:49,130] {scheduler_job.py:190} INFO - Processing /Users/akshaybhoge/PycharmProjects/venvEdgar/lib/python3.7/site-packages/airflow/example_dags/example_branch_operator.py took 0.055 seconds
[2021-03-22 03:43:22,079] {scheduler_job.py:182} INFO - Started process (PID=30132) to work on /Users/akshaybhoge/PycharmProjects/venvEdgar/lib/python3.7/site-packages/airflow/example_dags/example_branch_operator.py
[2021-03-22 03:43:22,081] {scheduler_job.py:629} INFO - Processing file /Users/akshaybhoge/PycharmProjects/venvEdgar/lib/python3.7/site-packages/airflow/example_dags/example_branch_operator.py for tasks to queue
[2021-03-22 03:43:22,082] {logging_mixin.py:104} INFO - [2021-03-22 03:43:22,082] {dagbag.py:448} INFO - Filling up the DagBag from /Users/akshaybhoge/PycharmProjects/venvEdgar/lib/python3.7/site-packages/airflow/example_dags/example_branch_operator.py
[2021-03-22 03:43:22,093] {scheduler_job.py:639} INFO - DAG(s) dict_keys(['example_branch_operator']) retrieved from /Users/akshaybhoge/PycharmProjects/venvEdgar/lib/python3.7/site-packages/airflow/example_dags/example_branch_operator.py
[2021-03-22 03:43:22,106] {logging_mixin.py:104} INFO - [2021-03-22 03:43:22,105] {dag.py:1818} INFO - Sync 1 DAGs
[2021-03-22 03:43:22,121] {logging_mixin.py:104} INFO - [2021-03-22 03:43:22,121] {dag.py:2273} INFO - Setting next_dagrun for example_branch_operator to 2021-03-20 00:00:00+00:00
[2021-03-22 03:43:22,127] {scheduler_job.py:190} INFO - Processing /Users/akshaybhoge/PycharmProjects/venvEdgar/lib/python3.7/site-packages/airflow/example_dags/example_branch_operator.py took 0.051 seconds
[2021-03-22 03:44:13,734] {scheduler_job.py:182} INFO - Started process (PID=30176) to work on /Users/akshaybhoge/PycharmProjects/venvEdgar/lib/python3.7/site-packages/airflow/example_dags/example_branch_operator.py
[2021-03-22 03:44:13,736] {scheduler_job.py:629} INFO - Processing file /Users/akshaybhoge/PycharmProjects/venvEdgar/lib/python3.7/site-packages/airflow/example_dags/example_branch_operator.py for tasks to queue
[2021-03-22 03:44:13,737] {logging_mixin.py:104} INFO - [2021-03-22 03:44:13,737] {dagbag.py:448} INFO - Filling up the DagBag from /Users/akshaybhoge/PycharmProjects/venvEdgar/lib/python3.7/site-packages/airflow/example_dags/example_branch_operator.py
[2021-03-22 03:44:13,747] {scheduler_job.py:639} INFO - DAG(s) dict_keys(['example_branch_operator']) retrieved from /Users/akshaybhoge/PycharmProjects/venvEdgar/lib/python3.7/site-packages/airflow/example_dags/example_branch_operator.py
[2021-03-22 03:44:13,765] {logging_mixin.py:104} INFO - [2021-03-22 03:44:13,764] {dag.py:1818} INFO - Sync 1 DAGs
[2021-03-22 03:44:13,782] {logging_mixin.py:104} INFO - [2021-03-22 03:44:13,782] {dag.py:2273} INFO - Setting next_dagrun for example_branch_operator to 2021-03-20 00:00:00+00:00
[2021-03-22 03:44:13,788] {scheduler_job.py:190} INFO - Processing /Users/akshaybhoge/PycharmProjects/venvEdgar/lib/python3.7/site-packages/airflow/example_dags/example_branch_operator.py took 0.057 seconds
[2021-03-22 03:45:13,979] {scheduler_job.py:182} INFO - Started process (PID=30219) to work on /Users/akshaybhoge/PycharmProjects/venvEdgar/lib/python3.7/site-packages/airflow/example_dags/example_branch_operator.py
[2021-03-22 03:45:13,981] {scheduler_job.py:629} INFO - Processing file /Users/akshaybhoge/PycharmProjects/venvEdgar/lib/python3.7/site-packages/airflow/example_dags/example_branch_operator.py for tasks to queue
[2021-03-22 03:45:13,982] {logging_mixin.py:104} INFO - [2021-03-22 03:45:13,981] {dagbag.py:448} INFO - Filling up the DagBag from /Users/akshaybhoge/PycharmProjects/venvEdgar/lib/python3.7/site-packages/airflow/example_dags/example_branch_operator.py
[2021-03-22 03:45:13,991] {scheduler_job.py:639} INFO - DAG(s) dict_keys(['example_branch_operator']) retrieved from /Users/akshaybhoge/PycharmProjects/venvEdgar/lib/python3.7/site-packages/airflow/example_dags/example_branch_operator.py
[2021-03-22 03:45:14,002] {logging_mixin.py:104} INFO - [2021-03-22 03:45:14,001] {dag.py:1818} INFO - Sync 1 DAGs
[2021-03-22 03:45:14,016] {logging_mixin.py:104} INFO - [2021-03-22 03:45:14,016] {dag.py:2273} INFO - Setting next_dagrun for example_branch_operator to 2021-03-20 00:00:00+00:00
[2021-03-22 03:45:14,022] {scheduler_job.py:190} INFO - Processing /Users/akshaybhoge/PycharmProjects/venvEdgar/lib/python3.7/site-packages/airflow/example_dags/example_branch_operator.py took 0.046 seconds
