[2021-03-22 02:54:56,339] {scheduler_job.py:182} INFO - Started process (PID=26828) to work on /Users/akshaybhoge/PycharmProjects/venvEdgar/lib/python3.7/site-packages/airflow/example_dags/example_kubernetes_executor.py
[2021-03-22 02:54:56,341] {scheduler_job.py:629} INFO - Processing file /Users/akshaybhoge/PycharmProjects/venvEdgar/lib/python3.7/site-packages/airflow/example_dags/example_kubernetes_executor.py for tasks to queue
[2021-03-22 02:54:56,342] {logging_mixin.py:104} INFO - [2021-03-22 02:54:56,342] {dagbag.py:448} INFO - Filling up the DagBag from /Users/akshaybhoge/PycharmProjects/venvEdgar/lib/python3.7/site-packages/airflow/example_dags/example_kubernetes_executor.py
[2021-03-22 02:54:56,362] {scheduler_job.py:639} INFO - DAG(s) dict_keys(['example_kubernetes_executor']) retrieved from /Users/akshaybhoge/PycharmProjects/venvEdgar/lib/python3.7/site-packages/airflow/example_dags/example_kubernetes_executor.py
[2021-03-22 02:54:56,382] {logging_mixin.py:104} INFO - [2021-03-22 02:54:56,381] {dag.py:1818} INFO - Sync 1 DAGs
[2021-03-22 02:54:56,393] {logging_mixin.py:104} INFO - [2021-03-22 02:54:56,393] {dag.py:2273} INFO - Setting next_dagrun for example_kubernetes_executor to None
[2021-03-22 02:54:56,405] {scheduler_job.py:190} INFO - Processing /Users/akshaybhoge/PycharmProjects/venvEdgar/lib/python3.7/site-packages/airflow/example_dags/example_kubernetes_executor.py took 0.070 seconds
[2021-03-22 02:55:26,768] {scheduler_job.py:182} INFO - Started process (PID=26878) to work on /Users/akshaybhoge/PycharmProjects/venvEdgar/lib/python3.7/site-packages/airflow/example_dags/example_kubernetes_executor.py
[2021-03-22 02:55:26,774] {scheduler_job.py:629} INFO - Processing file /Users/akshaybhoge/PycharmProjects/venvEdgar/lib/python3.7/site-packages/airflow/example_dags/example_kubernetes_executor.py for tasks to queue
[2021-03-22 02:55:26,776] {logging_mixin.py:104} INFO - [2021-03-22 02:55:26,775] {dagbag.py:448} INFO - Filling up the DagBag from /Users/akshaybhoge/PycharmProjects/venvEdgar/lib/python3.7/site-packages/airflow/example_dags/example_kubernetes_executor.py
[2021-03-22 02:55:26,788] {scheduler_job.py:639} INFO - DAG(s) dict_keys(['example_kubernetes_executor']) retrieved from /Users/akshaybhoge/PycharmProjects/venvEdgar/lib/python3.7/site-packages/airflow/example_dags/example_kubernetes_executor.py
[2021-03-22 02:55:26,802] {logging_mixin.py:104} INFO - [2021-03-22 02:55:26,802] {dag.py:1818} INFO - Sync 1 DAGs
[2021-03-22 02:55:26,812] {logging_mixin.py:104} INFO - [2021-03-22 02:55:26,812] {dag.py:2273} INFO - Setting next_dagrun for example_kubernetes_executor to None
[2021-03-22 02:55:26,819] {scheduler_job.py:190} INFO - Processing /Users/akshaybhoge/PycharmProjects/venvEdgar/lib/python3.7/site-packages/airflow/example_dags/example_kubernetes_executor.py took 0.055 seconds
[2021-03-22 02:56:00,574] {scheduler_job.py:182} INFO - Started process (PID=26998) to work on /Users/akshaybhoge/PycharmProjects/venvEdgar/lib/python3.7/site-packages/airflow/example_dags/example_kubernetes_executor.py
[2021-03-22 02:56:00,577] {scheduler_job.py:629} INFO - Processing file /Users/akshaybhoge/PycharmProjects/venvEdgar/lib/python3.7/site-packages/airflow/example_dags/example_kubernetes_executor.py for tasks to queue
[2021-03-22 02:56:00,580] {logging_mixin.py:104} INFO - [2021-03-22 02:56:00,578] {dagbag.py:448} INFO - Filling up the DagBag from /Users/akshaybhoge/PycharmProjects/venvEdgar/lib/python3.7/site-packages/airflow/example_dags/example_kubernetes_executor.py
[2021-03-22 02:56:00,599] {scheduler_job.py:639} INFO - DAG(s) dict_keys(['example_kubernetes_executor']) retrieved from /Users/akshaybhoge/PycharmProjects/venvEdgar/lib/python3.7/site-packages/airflow/example_dags/example_kubernetes_executor.py
[2021-03-22 02:56:00,618] {logging_mixin.py:104} INFO - [2021-03-22 02:56:00,618] {dag.py:1818} INFO - Sync 1 DAGs
[2021-03-22 02:56:00,635] {logging_mixin.py:104} INFO - [2021-03-22 02:56:00,634] {dag.py:2273} INFO - Setting next_dagrun for example_kubernetes_executor to None
[2021-03-22 02:56:00,645] {scheduler_job.py:190} INFO - Processing /Users/akshaybhoge/PycharmProjects/venvEdgar/lib/python3.7/site-packages/airflow/example_dags/example_kubernetes_executor.py took 0.076 seconds
[2021-03-22 02:56:33,312] {scheduler_job.py:182} INFO - Started process (PID=27074) to work on /Users/akshaybhoge/PycharmProjects/venvEdgar/lib/python3.7/site-packages/airflow/example_dags/example_kubernetes_executor.py
[2021-03-22 02:56:33,315] {scheduler_job.py:629} INFO - Processing file /Users/akshaybhoge/PycharmProjects/venvEdgar/lib/python3.7/site-packages/airflow/example_dags/example_kubernetes_executor.py for tasks to queue
[2021-03-22 02:56:33,318] {logging_mixin.py:104} INFO - [2021-03-22 02:56:33,317] {dagbag.py:448} INFO - Filling up the DagBag from /Users/akshaybhoge/PycharmProjects/venvEdgar/lib/python3.7/site-packages/airflow/example_dags/example_kubernetes_executor.py
[2021-03-22 02:56:33,344] {scheduler_job.py:639} INFO - DAG(s) dict_keys(['example_kubernetes_executor']) retrieved from /Users/akshaybhoge/PycharmProjects/venvEdgar/lib/python3.7/site-packages/airflow/example_dags/example_kubernetes_executor.py
[2021-03-22 02:56:33,370] {logging_mixin.py:104} INFO - [2021-03-22 02:56:33,369] {dag.py:1818} INFO - Sync 1 DAGs
[2021-03-22 02:56:33,390] {logging_mixin.py:104} INFO - [2021-03-22 02:56:33,389] {dag.py:2273} INFO - Setting next_dagrun for example_kubernetes_executor to None
[2021-03-22 02:56:33,405] {scheduler_job.py:190} INFO - Processing /Users/akshaybhoge/PycharmProjects/venvEdgar/lib/python3.7/site-packages/airflow/example_dags/example_kubernetes_executor.py took 0.098 seconds
[2021-03-22 02:57:03,653] {scheduler_job.py:182} INFO - Started process (PID=27133) to work on /Users/akshaybhoge/PycharmProjects/venvEdgar/lib/python3.7/site-packages/airflow/example_dags/example_kubernetes_executor.py
[2021-03-22 02:57:03,656] {scheduler_job.py:629} INFO - Processing file /Users/akshaybhoge/PycharmProjects/venvEdgar/lib/python3.7/site-packages/airflow/example_dags/example_kubernetes_executor.py for tasks to queue
[2021-03-22 02:57:03,658] {logging_mixin.py:104} INFO - [2021-03-22 02:57:03,658] {dagbag.py:448} INFO - Filling up the DagBag from /Users/akshaybhoge/PycharmProjects/venvEdgar/lib/python3.7/site-packages/airflow/example_dags/example_kubernetes_executor.py
[2021-03-22 02:57:03,686] {scheduler_job.py:639} INFO - DAG(s) dict_keys(['example_kubernetes_executor']) retrieved from /Users/akshaybhoge/PycharmProjects/venvEdgar/lib/python3.7/site-packages/airflow/example_dags/example_kubernetes_executor.py
[2021-03-22 02:57:03,713] {logging_mixin.py:104} INFO - [2021-03-22 02:57:03,712] {dag.py:1818} INFO - Sync 1 DAGs
[2021-03-22 02:57:03,733] {logging_mixin.py:104} INFO - [2021-03-22 02:57:03,732] {dag.py:2273} INFO - Setting next_dagrun for example_kubernetes_executor to None
[2021-03-22 02:57:03,748] {scheduler_job.py:190} INFO - Processing /Users/akshaybhoge/PycharmProjects/venvEdgar/lib/python3.7/site-packages/airflow/example_dags/example_kubernetes_executor.py took 0.102 seconds
[2021-03-22 02:57:36,716] {scheduler_job.py:182} INFO - Started process (PID=27209) to work on /Users/akshaybhoge/PycharmProjects/venvEdgar/lib/python3.7/site-packages/airflow/example_dags/example_kubernetes_executor.py
[2021-03-22 02:57:36,720] {scheduler_job.py:629} INFO - Processing file /Users/akshaybhoge/PycharmProjects/venvEdgar/lib/python3.7/site-packages/airflow/example_dags/example_kubernetes_executor.py for tasks to queue
[2021-03-22 02:57:36,723] {logging_mixin.py:104} INFO - [2021-03-22 02:57:36,722] {dagbag.py:448} INFO - Filling up the DagBag from /Users/akshaybhoge/PycharmProjects/venvEdgar/lib/python3.7/site-packages/airflow/example_dags/example_kubernetes_executor.py
[2021-03-22 02:57:36,750] {scheduler_job.py:639} INFO - DAG(s) dict_keys(['example_kubernetes_executor']) retrieved from /Users/akshaybhoge/PycharmProjects/venvEdgar/lib/python3.7/site-packages/airflow/example_dags/example_kubernetes_executor.py
[2021-03-22 02:57:36,777] {logging_mixin.py:104} INFO - [2021-03-22 02:57:36,777] {dag.py:1818} INFO - Sync 1 DAGs
[2021-03-22 02:57:36,797] {logging_mixin.py:104} INFO - [2021-03-22 02:57:36,796] {dag.py:2273} INFO - Setting next_dagrun for example_kubernetes_executor to None
[2021-03-22 02:57:36,810] {scheduler_job.py:190} INFO - Processing /Users/akshaybhoge/PycharmProjects/venvEdgar/lib/python3.7/site-packages/airflow/example_dags/example_kubernetes_executor.py took 0.100 seconds
[2021-03-22 02:58:32,038] {scheduler_job.py:182} INFO - Started process (PID=27310) to work on /Users/akshaybhoge/PycharmProjects/venvEdgar/lib/python3.7/site-packages/airflow/example_dags/example_kubernetes_executor.py
[2021-03-22 02:58:32,040] {scheduler_job.py:629} INFO - Processing file /Users/akshaybhoge/PycharmProjects/venvEdgar/lib/python3.7/site-packages/airflow/example_dags/example_kubernetes_executor.py for tasks to queue
[2021-03-22 02:58:32,042] {logging_mixin.py:104} INFO - [2021-03-22 02:58:32,041] {dagbag.py:448} INFO - Filling up the DagBag from /Users/akshaybhoge/PycharmProjects/venvEdgar/lib/python3.7/site-packages/airflow/example_dags/example_kubernetes_executor.py
[2021-03-22 02:58:32,056] {scheduler_job.py:639} INFO - DAG(s) dict_keys(['example_kubernetes_executor']) retrieved from /Users/akshaybhoge/PycharmProjects/venvEdgar/lib/python3.7/site-packages/airflow/example_dags/example_kubernetes_executor.py
[2021-03-22 02:58:32,070] {logging_mixin.py:104} INFO - [2021-03-22 02:58:32,069] {dag.py:1818} INFO - Sync 1 DAGs
[2021-03-22 02:58:32,080] {logging_mixin.py:104} INFO - [2021-03-22 02:58:32,080] {dag.py:2273} INFO - Setting next_dagrun for example_kubernetes_executor to None
[2021-03-22 02:58:32,087] {scheduler_job.py:190} INFO - Processing /Users/akshaybhoge/PycharmProjects/venvEdgar/lib/python3.7/site-packages/airflow/example_dags/example_kubernetes_executor.py took 0.053 seconds
[2021-03-22 02:59:02,971] {scheduler_job.py:182} INFO - Started process (PID=27378) to work on /Users/akshaybhoge/PycharmProjects/venvEdgar/lib/python3.7/site-packages/airflow/example_dags/example_kubernetes_executor.py
[2021-03-22 02:59:02,973] {scheduler_job.py:629} INFO - Processing file /Users/akshaybhoge/PycharmProjects/venvEdgar/lib/python3.7/site-packages/airflow/example_dags/example_kubernetes_executor.py for tasks to queue
[2021-03-22 02:59:02,974] {logging_mixin.py:104} INFO - [2021-03-22 02:59:02,973] {dagbag.py:448} INFO - Filling up the DagBag from /Users/akshaybhoge/PycharmProjects/venvEdgar/lib/python3.7/site-packages/airflow/example_dags/example_kubernetes_executor.py
[2021-03-22 02:59:02,986] {scheduler_job.py:639} INFO - DAG(s) dict_keys(['example_kubernetes_executor']) retrieved from /Users/akshaybhoge/PycharmProjects/venvEdgar/lib/python3.7/site-packages/airflow/example_dags/example_kubernetes_executor.py
[2021-03-22 02:59:02,998] {logging_mixin.py:104} INFO - [2021-03-22 02:59:02,998] {dag.py:1818} INFO - Sync 1 DAGs
[2021-03-22 02:59:03,007] {logging_mixin.py:104} INFO - [2021-03-22 02:59:03,007] {dag.py:2273} INFO - Setting next_dagrun for example_kubernetes_executor to None
[2021-03-22 02:59:03,013] {scheduler_job.py:190} INFO - Processing /Users/akshaybhoge/PycharmProjects/venvEdgar/lib/python3.7/site-packages/airflow/example_dags/example_kubernetes_executor.py took 0.046 seconds
[2021-03-22 02:59:35,101] {scheduler_job.py:182} INFO - Started process (PID=27440) to work on /Users/akshaybhoge/PycharmProjects/venvEdgar/lib/python3.7/site-packages/airflow/example_dags/example_kubernetes_executor.py
[2021-03-22 02:59:35,102] {scheduler_job.py:629} INFO - Processing file /Users/akshaybhoge/PycharmProjects/venvEdgar/lib/python3.7/site-packages/airflow/example_dags/example_kubernetes_executor.py for tasks to queue
[2021-03-22 02:59:35,103] {logging_mixin.py:104} INFO - [2021-03-22 02:59:35,103] {dagbag.py:448} INFO - Filling up the DagBag from /Users/akshaybhoge/PycharmProjects/venvEdgar/lib/python3.7/site-packages/airflow/example_dags/example_kubernetes_executor.py
[2021-03-22 02:59:35,115] {scheduler_job.py:639} INFO - DAG(s) dict_keys(['example_kubernetes_executor']) retrieved from /Users/akshaybhoge/PycharmProjects/venvEdgar/lib/python3.7/site-packages/airflow/example_dags/example_kubernetes_executor.py
[2021-03-22 02:59:35,127] {logging_mixin.py:104} INFO - [2021-03-22 02:59:35,127] {dag.py:1818} INFO - Sync 1 DAGs
[2021-03-22 02:59:35,136] {logging_mixin.py:104} INFO - [2021-03-22 02:59:35,136] {dag.py:2273} INFO - Setting next_dagrun for example_kubernetes_executor to None
[2021-03-22 02:59:35,142] {scheduler_job.py:190} INFO - Processing /Users/akshaybhoge/PycharmProjects/venvEdgar/lib/python3.7/site-packages/airflow/example_dags/example_kubernetes_executor.py took 0.045 seconds
[2021-03-22 03:00:07,274] {scheduler_job.py:182} INFO - Started process (PID=27493) to work on /Users/akshaybhoge/PycharmProjects/venvEdgar/lib/python3.7/site-packages/airflow/example_dags/example_kubernetes_executor.py
[2021-03-22 03:00:07,276] {scheduler_job.py:629} INFO - Processing file /Users/akshaybhoge/PycharmProjects/venvEdgar/lib/python3.7/site-packages/airflow/example_dags/example_kubernetes_executor.py for tasks to queue
[2021-03-22 03:00:07,277] {logging_mixin.py:104} INFO - [2021-03-22 03:00:07,277] {dagbag.py:448} INFO - Filling up the DagBag from /Users/akshaybhoge/PycharmProjects/venvEdgar/lib/python3.7/site-packages/airflow/example_dags/example_kubernetes_executor.py
[2021-03-22 03:00:07,292] {scheduler_job.py:639} INFO - DAG(s) dict_keys(['example_kubernetes_executor']) retrieved from /Users/akshaybhoge/PycharmProjects/venvEdgar/lib/python3.7/site-packages/airflow/example_dags/example_kubernetes_executor.py
[2021-03-22 03:00:07,305] {logging_mixin.py:104} INFO - [2021-03-22 03:00:07,305] {dag.py:1818} INFO - Sync 1 DAGs
[2021-03-22 03:00:07,315] {logging_mixin.py:104} INFO - [2021-03-22 03:00:07,315] {dag.py:2273} INFO - Setting next_dagrun for example_kubernetes_executor to None
[2021-03-22 03:00:07,322] {scheduler_job.py:190} INFO - Processing /Users/akshaybhoge/PycharmProjects/venvEdgar/lib/python3.7/site-packages/airflow/example_dags/example_kubernetes_executor.py took 0.051 seconds
[2021-03-22 03:00:39,478] {scheduler_job.py:182} INFO - Started process (PID=27558) to work on /Users/akshaybhoge/PycharmProjects/venvEdgar/lib/python3.7/site-packages/airflow/example_dags/example_kubernetes_executor.py
[2021-03-22 03:00:39,480] {scheduler_job.py:629} INFO - Processing file /Users/akshaybhoge/PycharmProjects/venvEdgar/lib/python3.7/site-packages/airflow/example_dags/example_kubernetes_executor.py for tasks to queue
[2021-03-22 03:00:39,481] {logging_mixin.py:104} INFO - [2021-03-22 03:00:39,481] {dagbag.py:448} INFO - Filling up the DagBag from /Users/akshaybhoge/PycharmProjects/venvEdgar/lib/python3.7/site-packages/airflow/example_dags/example_kubernetes_executor.py
[2021-03-22 03:00:39,493] {scheduler_job.py:639} INFO - DAG(s) dict_keys(['example_kubernetes_executor']) retrieved from /Users/akshaybhoge/PycharmProjects/venvEdgar/lib/python3.7/site-packages/airflow/example_dags/example_kubernetes_executor.py
[2021-03-22 03:00:39,505] {logging_mixin.py:104} INFO - [2021-03-22 03:00:39,505] {dag.py:1818} INFO - Sync 1 DAGs
[2021-03-22 03:00:39,514] {logging_mixin.py:104} INFO - [2021-03-22 03:00:39,514] {dag.py:2273} INFO - Setting next_dagrun for example_kubernetes_executor to None
[2021-03-22 03:00:39,520] {scheduler_job.py:190} INFO - Processing /Users/akshaybhoge/PycharmProjects/venvEdgar/lib/python3.7/site-packages/airflow/example_dags/example_kubernetes_executor.py took 0.046 seconds
[2021-03-22 03:01:11,580] {scheduler_job.py:182} INFO - Started process (PID=27589) to work on /Users/akshaybhoge/PycharmProjects/venvEdgar/lib/python3.7/site-packages/airflow/example_dags/example_kubernetes_executor.py
[2021-03-22 03:01:11,582] {scheduler_job.py:629} INFO - Processing file /Users/akshaybhoge/PycharmProjects/venvEdgar/lib/python3.7/site-packages/airflow/example_dags/example_kubernetes_executor.py for tasks to queue
[2021-03-22 03:01:11,583] {logging_mixin.py:104} INFO - [2021-03-22 03:01:11,583] {dagbag.py:448} INFO - Filling up the DagBag from /Users/akshaybhoge/PycharmProjects/venvEdgar/lib/python3.7/site-packages/airflow/example_dags/example_kubernetes_executor.py
[2021-03-22 03:01:11,597] {scheduler_job.py:639} INFO - DAG(s) dict_keys(['example_kubernetes_executor']) retrieved from /Users/akshaybhoge/PycharmProjects/venvEdgar/lib/python3.7/site-packages/airflow/example_dags/example_kubernetes_executor.py
[2021-03-22 03:01:11,611] {logging_mixin.py:104} INFO - [2021-03-22 03:01:11,611] {dag.py:1818} INFO - Sync 1 DAGs
[2021-03-22 03:01:11,637] {logging_mixin.py:104} INFO - [2021-03-22 03:01:11,637] {dag.py:2273} INFO - Setting next_dagrun for example_kubernetes_executor to None
[2021-03-22 03:01:11,644] {scheduler_job.py:190} INFO - Processing /Users/akshaybhoge/PycharmProjects/venvEdgar/lib/python3.7/site-packages/airflow/example_dags/example_kubernetes_executor.py took 0.067 seconds
[2021-03-22 03:01:43,684] {scheduler_job.py:182} INFO - Started process (PID=27632) to work on /Users/akshaybhoge/PycharmProjects/venvEdgar/lib/python3.7/site-packages/airflow/example_dags/example_kubernetes_executor.py
[2021-03-22 03:01:43,686] {scheduler_job.py:629} INFO - Processing file /Users/akshaybhoge/PycharmProjects/venvEdgar/lib/python3.7/site-packages/airflow/example_dags/example_kubernetes_executor.py for tasks to queue
[2021-03-22 03:01:43,687] {logging_mixin.py:104} INFO - [2021-03-22 03:01:43,687] {dagbag.py:448} INFO - Filling up the DagBag from /Users/akshaybhoge/PycharmProjects/venvEdgar/lib/python3.7/site-packages/airflow/example_dags/example_kubernetes_executor.py
[2021-03-22 03:01:43,701] {scheduler_job.py:639} INFO - DAG(s) dict_keys(['example_kubernetes_executor']) retrieved from /Users/akshaybhoge/PycharmProjects/venvEdgar/lib/python3.7/site-packages/airflow/example_dags/example_kubernetes_executor.py
[2021-03-22 03:01:43,715] {logging_mixin.py:104} INFO - [2021-03-22 03:01:43,714] {dag.py:1818} INFO - Sync 1 DAGs
[2021-03-22 03:01:43,725] {logging_mixin.py:104} INFO - [2021-03-22 03:01:43,724] {dag.py:2273} INFO - Setting next_dagrun for example_kubernetes_executor to None
[2021-03-22 03:01:43,731] {scheduler_job.py:190} INFO - Processing /Users/akshaybhoge/PycharmProjects/venvEdgar/lib/python3.7/site-packages/airflow/example_dags/example_kubernetes_executor.py took 0.051 seconds
[2021-03-22 03:02:15,702] {scheduler_job.py:182} INFO - Started process (PID=27663) to work on /Users/akshaybhoge/PycharmProjects/venvEdgar/lib/python3.7/site-packages/airflow/example_dags/example_kubernetes_executor.py
[2021-03-22 03:02:15,703] {scheduler_job.py:629} INFO - Processing file /Users/akshaybhoge/PycharmProjects/venvEdgar/lib/python3.7/site-packages/airflow/example_dags/example_kubernetes_executor.py for tasks to queue
[2021-03-22 03:02:15,704] {logging_mixin.py:104} INFO - [2021-03-22 03:02:15,704] {dagbag.py:448} INFO - Filling up the DagBag from /Users/akshaybhoge/PycharmProjects/venvEdgar/lib/python3.7/site-packages/airflow/example_dags/example_kubernetes_executor.py
[2021-03-22 03:02:15,717] {scheduler_job.py:639} INFO - DAG(s) dict_keys(['example_kubernetes_executor']) retrieved from /Users/akshaybhoge/PycharmProjects/venvEdgar/lib/python3.7/site-packages/airflow/example_dags/example_kubernetes_executor.py
[2021-03-22 03:02:15,730] {logging_mixin.py:104} INFO - [2021-03-22 03:02:15,730] {dag.py:1818} INFO - Sync 1 DAGs
[2021-03-22 03:02:15,740] {logging_mixin.py:104} INFO - [2021-03-22 03:02:15,739] {dag.py:2273} INFO - Setting next_dagrun for example_kubernetes_executor to None
[2021-03-22 03:02:15,746] {scheduler_job.py:190} INFO - Processing /Users/akshaybhoge/PycharmProjects/venvEdgar/lib/python3.7/site-packages/airflow/example_dags/example_kubernetes_executor.py took 0.048 seconds
[2021-03-22 03:02:47,834] {scheduler_job.py:182} INFO - Started process (PID=27694) to work on /Users/akshaybhoge/PycharmProjects/venvEdgar/lib/python3.7/site-packages/airflow/example_dags/example_kubernetes_executor.py
[2021-03-22 03:02:47,836] {scheduler_job.py:629} INFO - Processing file /Users/akshaybhoge/PycharmProjects/venvEdgar/lib/python3.7/site-packages/airflow/example_dags/example_kubernetes_executor.py for tasks to queue
[2021-03-22 03:02:47,837] {logging_mixin.py:104} INFO - [2021-03-22 03:02:47,836] {dagbag.py:448} INFO - Filling up the DagBag from /Users/akshaybhoge/PycharmProjects/venvEdgar/lib/python3.7/site-packages/airflow/example_dags/example_kubernetes_executor.py
[2021-03-22 03:02:47,850] {scheduler_job.py:639} INFO - DAG(s) dict_keys(['example_kubernetes_executor']) retrieved from /Users/akshaybhoge/PycharmProjects/venvEdgar/lib/python3.7/site-packages/airflow/example_dags/example_kubernetes_executor.py
[2021-03-22 03:02:47,863] {logging_mixin.py:104} INFO - [2021-03-22 03:02:47,862] {dag.py:1818} INFO - Sync 1 DAGs
[2021-03-22 03:02:47,872] {logging_mixin.py:104} INFO - [2021-03-22 03:02:47,872] {dag.py:2273} INFO - Setting next_dagrun for example_kubernetes_executor to None
[2021-03-22 03:02:47,878] {scheduler_job.py:190} INFO - Processing /Users/akshaybhoge/PycharmProjects/venvEdgar/lib/python3.7/site-packages/airflow/example_dags/example_kubernetes_executor.py took 0.048 seconds
[2021-03-22 03:03:19,981] {scheduler_job.py:182} INFO - Started process (PID=27734) to work on /Users/akshaybhoge/PycharmProjects/venvEdgar/lib/python3.7/site-packages/airflow/example_dags/example_kubernetes_executor.py
[2021-03-22 03:03:19,983] {scheduler_job.py:629} INFO - Processing file /Users/akshaybhoge/PycharmProjects/venvEdgar/lib/python3.7/site-packages/airflow/example_dags/example_kubernetes_executor.py for tasks to queue
[2021-03-22 03:03:19,984] {logging_mixin.py:104} INFO - [2021-03-22 03:03:19,984] {dagbag.py:448} INFO - Filling up the DagBag from /Users/akshaybhoge/PycharmProjects/venvEdgar/lib/python3.7/site-packages/airflow/example_dags/example_kubernetes_executor.py
[2021-03-22 03:03:19,999] {scheduler_job.py:639} INFO - DAG(s) dict_keys(['example_kubernetes_executor']) retrieved from /Users/akshaybhoge/PycharmProjects/venvEdgar/lib/python3.7/site-packages/airflow/example_dags/example_kubernetes_executor.py
[2021-03-22 03:03:20,013] {logging_mixin.py:104} INFO - [2021-03-22 03:03:20,013] {dag.py:1818} INFO - Sync 1 DAGs
[2021-03-22 03:03:20,023] {logging_mixin.py:104} INFO - [2021-03-22 03:03:20,023] {dag.py:2273} INFO - Setting next_dagrun for example_kubernetes_executor to None
[2021-03-22 03:03:20,029] {scheduler_job.py:190} INFO - Processing /Users/akshaybhoge/PycharmProjects/venvEdgar/lib/python3.7/site-packages/airflow/example_dags/example_kubernetes_executor.py took 0.052 seconds
[2021-03-22 03:03:52,082] {scheduler_job.py:182} INFO - Started process (PID=27777) to work on /Users/akshaybhoge/PycharmProjects/venvEdgar/lib/python3.7/site-packages/airflow/example_dags/example_kubernetes_executor.py
[2021-03-22 03:03:52,086] {scheduler_job.py:629} INFO - Processing file /Users/akshaybhoge/PycharmProjects/venvEdgar/lib/python3.7/site-packages/airflow/example_dags/example_kubernetes_executor.py for tasks to queue
[2021-03-22 03:03:52,087] {logging_mixin.py:104} INFO - [2021-03-22 03:03:52,087] {dagbag.py:448} INFO - Filling up the DagBag from /Users/akshaybhoge/PycharmProjects/venvEdgar/lib/python3.7/site-packages/airflow/example_dags/example_kubernetes_executor.py
[2021-03-22 03:03:52,100] {scheduler_job.py:639} INFO - DAG(s) dict_keys(['example_kubernetes_executor']) retrieved from /Users/akshaybhoge/PycharmProjects/venvEdgar/lib/python3.7/site-packages/airflow/example_dags/example_kubernetes_executor.py
[2021-03-22 03:03:52,112] {logging_mixin.py:104} INFO - [2021-03-22 03:03:52,111] {dag.py:1818} INFO - Sync 1 DAGs
[2021-03-22 03:03:52,121] {logging_mixin.py:104} INFO - [2021-03-22 03:03:52,120] {dag.py:2273} INFO - Setting next_dagrun for example_kubernetes_executor to None
[2021-03-22 03:03:52,127] {scheduler_job.py:190} INFO - Processing /Users/akshaybhoge/PycharmProjects/venvEdgar/lib/python3.7/site-packages/airflow/example_dags/example_kubernetes_executor.py took 0.048 seconds
[2021-03-22 03:04:24,183] {scheduler_job.py:182} INFO - Started process (PID=27820) to work on /Users/akshaybhoge/PycharmProjects/venvEdgar/lib/python3.7/site-packages/airflow/example_dags/example_kubernetes_executor.py
[2021-03-22 03:04:24,185] {scheduler_job.py:629} INFO - Processing file /Users/akshaybhoge/PycharmProjects/venvEdgar/lib/python3.7/site-packages/airflow/example_dags/example_kubernetes_executor.py for tasks to queue
[2021-03-22 03:04:24,186] {logging_mixin.py:104} INFO - [2021-03-22 03:04:24,185] {dagbag.py:448} INFO - Filling up the DagBag from /Users/akshaybhoge/PycharmProjects/venvEdgar/lib/python3.7/site-packages/airflow/example_dags/example_kubernetes_executor.py
[2021-03-22 03:04:24,198] {scheduler_job.py:639} INFO - DAG(s) dict_keys(['example_kubernetes_executor']) retrieved from /Users/akshaybhoge/PycharmProjects/venvEdgar/lib/python3.7/site-packages/airflow/example_dags/example_kubernetes_executor.py
[2021-03-22 03:04:24,211] {logging_mixin.py:104} INFO - [2021-03-22 03:04:24,211] {dag.py:1818} INFO - Sync 1 DAGs
[2021-03-22 03:04:24,221] {logging_mixin.py:104} INFO - [2021-03-22 03:04:24,220] {dag.py:2273} INFO - Setting next_dagrun for example_kubernetes_executor to None
[2021-03-22 03:04:24,226] {scheduler_job.py:190} INFO - Processing /Users/akshaybhoge/PycharmProjects/venvEdgar/lib/python3.7/site-packages/airflow/example_dags/example_kubernetes_executor.py took 0.047 seconds
[2021-03-22 03:04:56,300] {scheduler_job.py:182} INFO - Started process (PID=27861) to work on /Users/akshaybhoge/PycharmProjects/venvEdgar/lib/python3.7/site-packages/airflow/example_dags/example_kubernetes_executor.py
[2021-03-22 03:04:56,302] {scheduler_job.py:629} INFO - Processing file /Users/akshaybhoge/PycharmProjects/venvEdgar/lib/python3.7/site-packages/airflow/example_dags/example_kubernetes_executor.py for tasks to queue
[2021-03-22 03:04:56,303] {logging_mixin.py:104} INFO - [2021-03-22 03:04:56,303] {dagbag.py:448} INFO - Filling up the DagBag from /Users/akshaybhoge/PycharmProjects/venvEdgar/lib/python3.7/site-packages/airflow/example_dags/example_kubernetes_executor.py
[2021-03-22 03:04:56,316] {scheduler_job.py:639} INFO - DAG(s) dict_keys(['example_kubernetes_executor']) retrieved from /Users/akshaybhoge/PycharmProjects/venvEdgar/lib/python3.7/site-packages/airflow/example_dags/example_kubernetes_executor.py
[2021-03-22 03:04:56,329] {logging_mixin.py:104} INFO - [2021-03-22 03:04:56,329] {dag.py:1818} INFO - Sync 1 DAGs
[2021-03-22 03:04:56,338] {logging_mixin.py:104} INFO - [2021-03-22 03:04:56,338] {dag.py:2273} INFO - Setting next_dagrun for example_kubernetes_executor to None
[2021-03-22 03:04:56,344] {scheduler_job.py:190} INFO - Processing /Users/akshaybhoge/PycharmProjects/venvEdgar/lib/python3.7/site-packages/airflow/example_dags/example_kubernetes_executor.py took 0.048 seconds
[2021-03-22 03:05:28,427] {scheduler_job.py:182} INFO - Started process (PID=27895) to work on /Users/akshaybhoge/PycharmProjects/venvEdgar/lib/python3.7/site-packages/airflow/example_dags/example_kubernetes_executor.py
[2021-03-22 03:05:28,429] {scheduler_job.py:629} INFO - Processing file /Users/akshaybhoge/PycharmProjects/venvEdgar/lib/python3.7/site-packages/airflow/example_dags/example_kubernetes_executor.py for tasks to queue
[2021-03-22 03:05:28,430] {logging_mixin.py:104} INFO - [2021-03-22 03:05:28,429] {dagbag.py:448} INFO - Filling up the DagBag from /Users/akshaybhoge/PycharmProjects/venvEdgar/lib/python3.7/site-packages/airflow/example_dags/example_kubernetes_executor.py
[2021-03-22 03:05:28,444] {scheduler_job.py:639} INFO - DAG(s) dict_keys(['example_kubernetes_executor']) retrieved from /Users/akshaybhoge/PycharmProjects/venvEdgar/lib/python3.7/site-packages/airflow/example_dags/example_kubernetes_executor.py
[2021-03-22 03:05:28,457] {logging_mixin.py:104} INFO - [2021-03-22 03:05:28,457] {dag.py:1818} INFO - Sync 1 DAGs
[2021-03-22 03:05:28,466] {logging_mixin.py:104} INFO - [2021-03-22 03:05:28,466] {dag.py:2273} INFO - Setting next_dagrun for example_kubernetes_executor to None
[2021-03-22 03:05:28,472] {scheduler_job.py:190} INFO - Processing /Users/akshaybhoge/PycharmProjects/venvEdgar/lib/python3.7/site-packages/airflow/example_dags/example_kubernetes_executor.py took 0.049 seconds
[2021-03-22 03:06:00,543] {scheduler_job.py:182} INFO - Started process (PID=27933) to work on /Users/akshaybhoge/PycharmProjects/venvEdgar/lib/python3.7/site-packages/airflow/example_dags/example_kubernetes_executor.py
[2021-03-22 03:06:00,546] {scheduler_job.py:629} INFO - Processing file /Users/akshaybhoge/PycharmProjects/venvEdgar/lib/python3.7/site-packages/airflow/example_dags/example_kubernetes_executor.py for tasks to queue
[2021-03-22 03:06:00,548] {logging_mixin.py:104} INFO - [2021-03-22 03:06:00,547] {dagbag.py:448} INFO - Filling up the DagBag from /Users/akshaybhoge/PycharmProjects/venvEdgar/lib/python3.7/site-packages/airflow/example_dags/example_kubernetes_executor.py
[2021-03-22 03:06:00,561] {scheduler_job.py:639} INFO - DAG(s) dict_keys(['example_kubernetes_executor']) retrieved from /Users/akshaybhoge/PycharmProjects/venvEdgar/lib/python3.7/site-packages/airflow/example_dags/example_kubernetes_executor.py
[2021-03-22 03:06:00,573] {logging_mixin.py:104} INFO - [2021-03-22 03:06:00,573] {dag.py:1818} INFO - Sync 1 DAGs
[2021-03-22 03:06:00,582] {logging_mixin.py:104} INFO - [2021-03-22 03:06:00,581] {dag.py:2273} INFO - Setting next_dagrun for example_kubernetes_executor to None
[2021-03-22 03:06:00,588] {scheduler_job.py:190} INFO - Processing /Users/akshaybhoge/PycharmProjects/venvEdgar/lib/python3.7/site-packages/airflow/example_dags/example_kubernetes_executor.py took 0.048 seconds
[2021-03-22 03:06:32,770] {scheduler_job.py:182} INFO - Started process (PID=27963) to work on /Users/akshaybhoge/PycharmProjects/venvEdgar/lib/python3.7/site-packages/airflow/example_dags/example_kubernetes_executor.py
[2021-03-22 03:06:32,773] {scheduler_job.py:629} INFO - Processing file /Users/akshaybhoge/PycharmProjects/venvEdgar/lib/python3.7/site-packages/airflow/example_dags/example_kubernetes_executor.py for tasks to queue
[2021-03-22 03:06:32,774] {logging_mixin.py:104} INFO - [2021-03-22 03:06:32,774] {dagbag.py:448} INFO - Filling up the DagBag from /Users/akshaybhoge/PycharmProjects/venvEdgar/lib/python3.7/site-packages/airflow/example_dags/example_kubernetes_executor.py
[2021-03-22 03:06:32,788] {scheduler_job.py:639} INFO - DAG(s) dict_keys(['example_kubernetes_executor']) retrieved from /Users/akshaybhoge/PycharmProjects/venvEdgar/lib/python3.7/site-packages/airflow/example_dags/example_kubernetes_executor.py
[2021-03-22 03:06:32,801] {logging_mixin.py:104} INFO - [2021-03-22 03:06:32,800] {dag.py:1818} INFO - Sync 1 DAGs
[2021-03-22 03:06:32,810] {logging_mixin.py:104} INFO - [2021-03-22 03:06:32,810] {dag.py:2273} INFO - Setting next_dagrun for example_kubernetes_executor to None
[2021-03-22 03:06:32,816] {scheduler_job.py:190} INFO - Processing /Users/akshaybhoge/PycharmProjects/venvEdgar/lib/python3.7/site-packages/airflow/example_dags/example_kubernetes_executor.py took 0.050 seconds
[2021-03-22 03:07:05,002] {scheduler_job.py:182} INFO - Started process (PID=27998) to work on /Users/akshaybhoge/PycharmProjects/venvEdgar/lib/python3.7/site-packages/airflow/example_dags/example_kubernetes_executor.py
[2021-03-22 03:07:05,004] {scheduler_job.py:629} INFO - Processing file /Users/akshaybhoge/PycharmProjects/venvEdgar/lib/python3.7/site-packages/airflow/example_dags/example_kubernetes_executor.py for tasks to queue
[2021-03-22 03:07:05,006] {logging_mixin.py:104} INFO - [2021-03-22 03:07:05,005] {dagbag.py:448} INFO - Filling up the DagBag from /Users/akshaybhoge/PycharmProjects/venvEdgar/lib/python3.7/site-packages/airflow/example_dags/example_kubernetes_executor.py
[2021-03-22 03:07:05,020] {scheduler_job.py:639} INFO - DAG(s) dict_keys(['example_kubernetes_executor']) retrieved from /Users/akshaybhoge/PycharmProjects/venvEdgar/lib/python3.7/site-packages/airflow/example_dags/example_kubernetes_executor.py
[2021-03-22 03:07:05,032] {logging_mixin.py:104} INFO - [2021-03-22 03:07:05,032] {dag.py:1818} INFO - Sync 1 DAGs
[2021-03-22 03:07:05,041] {logging_mixin.py:104} INFO - [2021-03-22 03:07:05,041] {dag.py:2273} INFO - Setting next_dagrun for example_kubernetes_executor to None
[2021-03-22 03:07:05,047] {scheduler_job.py:190} INFO - Processing /Users/akshaybhoge/PycharmProjects/venvEdgar/lib/python3.7/site-packages/airflow/example_dags/example_kubernetes_executor.py took 0.049 seconds
[2021-03-22 03:07:37,240] {scheduler_job.py:182} INFO - Started process (PID=28033) to work on /Users/akshaybhoge/PycharmProjects/venvEdgar/lib/python3.7/site-packages/airflow/example_dags/example_kubernetes_executor.py
[2021-03-22 03:07:37,242] {scheduler_job.py:629} INFO - Processing file /Users/akshaybhoge/PycharmProjects/venvEdgar/lib/python3.7/site-packages/airflow/example_dags/example_kubernetes_executor.py for tasks to queue
[2021-03-22 03:07:37,243] {logging_mixin.py:104} INFO - [2021-03-22 03:07:37,242] {dagbag.py:448} INFO - Filling up the DagBag from /Users/akshaybhoge/PycharmProjects/venvEdgar/lib/python3.7/site-packages/airflow/example_dags/example_kubernetes_executor.py
[2021-03-22 03:07:37,256] {scheduler_job.py:639} INFO - DAG(s) dict_keys(['example_kubernetes_executor']) retrieved from /Users/akshaybhoge/PycharmProjects/venvEdgar/lib/python3.7/site-packages/airflow/example_dags/example_kubernetes_executor.py
[2021-03-22 03:07:37,270] {logging_mixin.py:104} INFO - [2021-03-22 03:07:37,269] {dag.py:1818} INFO - Sync 1 DAGs
[2021-03-22 03:07:37,280] {logging_mixin.py:104} INFO - [2021-03-22 03:07:37,279] {dag.py:2273} INFO - Setting next_dagrun for example_kubernetes_executor to None
[2021-03-22 03:07:37,285] {scheduler_job.py:190} INFO - Processing /Users/akshaybhoge/PycharmProjects/venvEdgar/lib/python3.7/site-packages/airflow/example_dags/example_kubernetes_executor.py took 0.050 seconds
[2021-03-22 03:08:09,463] {scheduler_job.py:182} INFO - Started process (PID=28065) to work on /Users/akshaybhoge/PycharmProjects/venvEdgar/lib/python3.7/site-packages/airflow/example_dags/example_kubernetes_executor.py
[2021-03-22 03:08:09,466] {scheduler_job.py:629} INFO - Processing file /Users/akshaybhoge/PycharmProjects/venvEdgar/lib/python3.7/site-packages/airflow/example_dags/example_kubernetes_executor.py for tasks to queue
[2021-03-22 03:08:09,468] {logging_mixin.py:104} INFO - [2021-03-22 03:08:09,468] {dagbag.py:448} INFO - Filling up the DagBag from /Users/akshaybhoge/PycharmProjects/venvEdgar/lib/python3.7/site-packages/airflow/example_dags/example_kubernetes_executor.py
[2021-03-22 03:08:09,483] {scheduler_job.py:639} INFO - DAG(s) dict_keys(['example_kubernetes_executor']) retrieved from /Users/akshaybhoge/PycharmProjects/venvEdgar/lib/python3.7/site-packages/airflow/example_dags/example_kubernetes_executor.py
[2021-03-22 03:08:09,496] {logging_mixin.py:104} INFO - [2021-03-22 03:08:09,495] {dag.py:1818} INFO - Sync 1 DAGs
[2021-03-22 03:08:09,505] {logging_mixin.py:104} INFO - [2021-03-22 03:08:09,505] {dag.py:2273} INFO - Setting next_dagrun for example_kubernetes_executor to None
[2021-03-22 03:08:09,512] {scheduler_job.py:190} INFO - Processing /Users/akshaybhoge/PycharmProjects/venvEdgar/lib/python3.7/site-packages/airflow/example_dags/example_kubernetes_executor.py took 0.052 seconds
[2021-03-22 03:08:41,731] {scheduler_job.py:182} INFO - Started process (PID=28105) to work on /Users/akshaybhoge/PycharmProjects/venvEdgar/lib/python3.7/site-packages/airflow/example_dags/example_kubernetes_executor.py
[2021-03-22 03:08:41,733] {scheduler_job.py:629} INFO - Processing file /Users/akshaybhoge/PycharmProjects/venvEdgar/lib/python3.7/site-packages/airflow/example_dags/example_kubernetes_executor.py for tasks to queue
[2021-03-22 03:08:41,735] {logging_mixin.py:104} INFO - [2021-03-22 03:08:41,734] {dagbag.py:448} INFO - Filling up the DagBag from /Users/akshaybhoge/PycharmProjects/venvEdgar/lib/python3.7/site-packages/airflow/example_dags/example_kubernetes_executor.py
[2021-03-22 03:08:41,748] {scheduler_job.py:639} INFO - DAG(s) dict_keys(['example_kubernetes_executor']) retrieved from /Users/akshaybhoge/PycharmProjects/venvEdgar/lib/python3.7/site-packages/airflow/example_dags/example_kubernetes_executor.py
[2021-03-22 03:08:41,761] {logging_mixin.py:104} INFO - [2021-03-22 03:08:41,760] {dag.py:1818} INFO - Sync 1 DAGs
[2021-03-22 03:08:41,770] {logging_mixin.py:104} INFO - [2021-03-22 03:08:41,770] {dag.py:2273} INFO - Setting next_dagrun for example_kubernetes_executor to None
[2021-03-22 03:08:41,776] {scheduler_job.py:190} INFO - Processing /Users/akshaybhoge/PycharmProjects/venvEdgar/lib/python3.7/site-packages/airflow/example_dags/example_kubernetes_executor.py took 0.048 seconds
[2021-03-22 03:09:14,090] {scheduler_job.py:182} INFO - Started process (PID=28144) to work on /Users/akshaybhoge/PycharmProjects/venvEdgar/lib/python3.7/site-packages/airflow/example_dags/example_kubernetes_executor.py
[2021-03-22 03:09:14,094] {scheduler_job.py:629} INFO - Processing file /Users/akshaybhoge/PycharmProjects/venvEdgar/lib/python3.7/site-packages/airflow/example_dags/example_kubernetes_executor.py for tasks to queue
[2021-03-22 03:09:14,095] {logging_mixin.py:104} INFO - [2021-03-22 03:09:14,095] {dagbag.py:448} INFO - Filling up the DagBag from /Users/akshaybhoge/PycharmProjects/venvEdgar/lib/python3.7/site-packages/airflow/example_dags/example_kubernetes_executor.py
[2021-03-22 03:09:14,108] {scheduler_job.py:639} INFO - DAG(s) dict_keys(['example_kubernetes_executor']) retrieved from /Users/akshaybhoge/PycharmProjects/venvEdgar/lib/python3.7/site-packages/airflow/example_dags/example_kubernetes_executor.py
[2021-03-22 03:09:14,120] {logging_mixin.py:104} INFO - [2021-03-22 03:09:14,120] {dag.py:1818} INFO - Sync 1 DAGs
[2021-03-22 03:09:14,129] {logging_mixin.py:104} INFO - [2021-03-22 03:09:14,128] {dag.py:2273} INFO - Setting next_dagrun for example_kubernetes_executor to None
[2021-03-22 03:11:31,902] {scheduler_job.py:190} INFO - Processing /Users/akshaybhoge/PycharmProjects/venvEdgar/lib/python3.7/site-packages/airflow/example_dags/example_kubernetes_executor.py took 2.011 seconds
[2021-03-22 03:12:10,243] {scheduler_job.py:182} INFO - Started process (PID=28265) to work on /Users/akshaybhoge/PycharmProjects/venvEdgar/lib/python3.7/site-packages/airflow/example_dags/example_kubernetes_executor.py
[2021-03-22 03:12:10,249] {scheduler_job.py:629} INFO - Processing file /Users/akshaybhoge/PycharmProjects/venvEdgar/lib/python3.7/site-packages/airflow/example_dags/example_kubernetes_executor.py for tasks to queue
[2021-03-22 03:12:10,253] {logging_mixin.py:104} INFO - [2021-03-22 03:12:10,252] {dagbag.py:448} INFO - Filling up the DagBag from /Users/akshaybhoge/PycharmProjects/venvEdgar/lib/python3.7/site-packages/airflow/example_dags/example_kubernetes_executor.py
[2021-03-22 03:12:10,302] {scheduler_job.py:639} INFO - DAG(s) dict_keys(['example_kubernetes_executor']) retrieved from /Users/akshaybhoge/PycharmProjects/venvEdgar/lib/python3.7/site-packages/airflow/example_dags/example_kubernetes_executor.py
[2021-03-22 03:12:10,348] {logging_mixin.py:104} INFO - [2021-03-22 03:12:10,346] {dag.py:1818} INFO - Sync 1 DAGs
[2021-03-22 03:12:10,384] {logging_mixin.py:104} INFO - [2021-03-22 03:12:10,382] {dag.py:2273} INFO - Setting next_dagrun for example_kubernetes_executor to None
[2021-03-22 03:12:10,407] {scheduler_job.py:190} INFO - Processing /Users/akshaybhoge/PycharmProjects/venvEdgar/lib/python3.7/site-packages/airflow/example_dags/example_kubernetes_executor.py took 0.177 seconds
[2021-03-22 03:12:46,888] {scheduler_job.py:182} INFO - Started process (PID=28296) to work on /Users/akshaybhoge/PycharmProjects/venvEdgar/lib/python3.7/site-packages/airflow/example_dags/example_kubernetes_executor.py
[2021-03-22 03:12:46,894] {scheduler_job.py:629} INFO - Processing file /Users/akshaybhoge/PycharmProjects/venvEdgar/lib/python3.7/site-packages/airflow/example_dags/example_kubernetes_executor.py for tasks to queue
[2021-03-22 03:12:46,899] {logging_mixin.py:104} INFO - [2021-03-22 03:12:46,897] {dagbag.py:448} INFO - Filling up the DagBag from /Users/akshaybhoge/PycharmProjects/venvEdgar/lib/python3.7/site-packages/airflow/example_dags/example_kubernetes_executor.py
[2021-03-22 03:12:46,946] {scheduler_job.py:639} INFO - DAG(s) dict_keys(['example_kubernetes_executor']) retrieved from /Users/akshaybhoge/PycharmProjects/venvEdgar/lib/python3.7/site-packages/airflow/example_dags/example_kubernetes_executor.py
[2021-03-22 03:12:46,992] {logging_mixin.py:104} INFO - [2021-03-22 03:12:46,991] {dag.py:1818} INFO - Sync 1 DAGs
[2021-03-22 03:12:47,028] {logging_mixin.py:104} INFO - [2021-03-22 03:12:47,027] {dag.py:2273} INFO - Setting next_dagrun for example_kubernetes_executor to None
[2021-03-22 03:12:47,052] {scheduler_job.py:190} INFO - Processing /Users/akshaybhoge/PycharmProjects/venvEdgar/lib/python3.7/site-packages/airflow/example_dags/example_kubernetes_executor.py took 0.176 seconds
[2021-03-22 03:13:54,736] {scheduler_job.py:182} INFO - Started process (PID=28360) to work on /Users/akshaybhoge/PycharmProjects/venvEdgar/lib/python3.7/site-packages/airflow/example_dags/example_kubernetes_executor.py
[2021-03-22 03:13:54,739] {scheduler_job.py:629} INFO - Processing file /Users/akshaybhoge/PycharmProjects/venvEdgar/lib/python3.7/site-packages/airflow/example_dags/example_kubernetes_executor.py for tasks to queue
[2021-03-22 03:13:54,741] {logging_mixin.py:104} INFO - [2021-03-22 03:13:54,740] {dagbag.py:448} INFO - Filling up the DagBag from /Users/akshaybhoge/PycharmProjects/venvEdgar/lib/python3.7/site-packages/airflow/example_dags/example_kubernetes_executor.py
[2021-03-22 03:13:54,755] {scheduler_job.py:639} INFO - DAG(s) dict_keys(['example_kubernetes_executor']) retrieved from /Users/akshaybhoge/PycharmProjects/venvEdgar/lib/python3.7/site-packages/airflow/example_dags/example_kubernetes_executor.py
[2021-03-22 03:13:54,770] {logging_mixin.py:104} INFO - [2021-03-22 03:13:54,769] {dag.py:1818} INFO - Sync 1 DAGs
[2021-03-22 03:13:54,780] {logging_mixin.py:104} INFO - [2021-03-22 03:13:54,780] {dag.py:2273} INFO - Setting next_dagrun for example_kubernetes_executor to None
[2021-03-22 03:13:54,787] {scheduler_job.py:190} INFO - Processing /Users/akshaybhoge/PycharmProjects/venvEdgar/lib/python3.7/site-packages/airflow/example_dags/example_kubernetes_executor.py took 0.055 seconds
[2021-03-22 03:14:25,041] {scheduler_job.py:182} INFO - Started process (PID=28408) to work on /Users/akshaybhoge/PycharmProjects/venvEdgar/lib/python3.7/site-packages/airflow/example_dags/example_kubernetes_executor.py
[2021-03-22 03:14:25,042] {scheduler_job.py:629} INFO - Processing file /Users/akshaybhoge/PycharmProjects/venvEdgar/lib/python3.7/site-packages/airflow/example_dags/example_kubernetes_executor.py for tasks to queue
[2021-03-22 03:14:25,043] {logging_mixin.py:104} INFO - [2021-03-22 03:14:25,043] {dagbag.py:448} INFO - Filling up the DagBag from /Users/akshaybhoge/PycharmProjects/venvEdgar/lib/python3.7/site-packages/airflow/example_dags/example_kubernetes_executor.py
[2021-03-22 03:14:25,058] {scheduler_job.py:639} INFO - DAG(s) dict_keys(['example_kubernetes_executor']) retrieved from /Users/akshaybhoge/PycharmProjects/venvEdgar/lib/python3.7/site-packages/airflow/example_dags/example_kubernetes_executor.py
[2021-03-22 03:14:25,071] {logging_mixin.py:104} INFO - [2021-03-22 03:14:25,070] {dag.py:1818} INFO - Sync 1 DAGs
[2021-03-22 03:14:25,081] {logging_mixin.py:104} INFO - [2021-03-22 03:14:25,080] {dag.py:2273} INFO - Setting next_dagrun for example_kubernetes_executor to None
[2021-03-22 03:14:25,087] {scheduler_job.py:190} INFO - Processing /Users/akshaybhoge/PycharmProjects/venvEdgar/lib/python3.7/site-packages/airflow/example_dags/example_kubernetes_executor.py took 0.050 seconds
[2021-03-22 03:14:55,469] {scheduler_job.py:182} INFO - Started process (PID=28452) to work on /Users/akshaybhoge/PycharmProjects/venvEdgar/lib/python3.7/site-packages/airflow/example_dags/example_kubernetes_executor.py
[2021-03-22 03:14:55,471] {scheduler_job.py:629} INFO - Processing file /Users/akshaybhoge/PycharmProjects/venvEdgar/lib/python3.7/site-packages/airflow/example_dags/example_kubernetes_executor.py for tasks to queue
[2021-03-22 03:14:55,472] {logging_mixin.py:104} INFO - [2021-03-22 03:14:55,472] {dagbag.py:448} INFO - Filling up the DagBag from /Users/akshaybhoge/PycharmProjects/venvEdgar/lib/python3.7/site-packages/airflow/example_dags/example_kubernetes_executor.py
[2021-03-22 03:14:55,486] {scheduler_job.py:639} INFO - DAG(s) dict_keys(['example_kubernetes_executor']) retrieved from /Users/akshaybhoge/PycharmProjects/venvEdgar/lib/python3.7/site-packages/airflow/example_dags/example_kubernetes_executor.py
[2021-03-22 03:14:55,499] {logging_mixin.py:104} INFO - [2021-03-22 03:14:55,499] {dag.py:1818} INFO - Sync 1 DAGs
[2021-03-22 03:14:55,508] {logging_mixin.py:104} INFO - [2021-03-22 03:14:55,508] {dag.py:2273} INFO - Setting next_dagrun for example_kubernetes_executor to None
[2021-03-22 03:14:55,514] {scheduler_job.py:190} INFO - Processing /Users/akshaybhoge/PycharmProjects/venvEdgar/lib/python3.7/site-packages/airflow/example_dags/example_kubernetes_executor.py took 0.049 seconds
[2021-03-22 03:15:26,910] {scheduler_job.py:182} INFO - Started process (PID=28486) to work on /Users/akshaybhoge/PycharmProjects/venvEdgar/lib/python3.7/site-packages/airflow/example_dags/example_kubernetes_executor.py
[2021-03-22 03:15:26,912] {scheduler_job.py:629} INFO - Processing file /Users/akshaybhoge/PycharmProjects/venvEdgar/lib/python3.7/site-packages/airflow/example_dags/example_kubernetes_executor.py for tasks to queue
[2021-03-22 03:15:26,914] {logging_mixin.py:104} INFO - [2021-03-22 03:15:26,913] {dagbag.py:448} INFO - Filling up the DagBag from /Users/akshaybhoge/PycharmProjects/venvEdgar/lib/python3.7/site-packages/airflow/example_dags/example_kubernetes_executor.py
[2021-03-22 03:15:26,928] {scheduler_job.py:639} INFO - DAG(s) dict_keys(['example_kubernetes_executor']) retrieved from /Users/akshaybhoge/PycharmProjects/venvEdgar/lib/python3.7/site-packages/airflow/example_dags/example_kubernetes_executor.py
[2021-03-22 03:15:26,941] {logging_mixin.py:104} INFO - [2021-03-22 03:15:26,941] {dag.py:1818} INFO - Sync 1 DAGs
[2021-03-22 03:15:26,951] {logging_mixin.py:104} INFO - [2021-03-22 03:15:26,951] {dag.py:2273} INFO - Setting next_dagrun for example_kubernetes_executor to None
[2021-03-22 03:15:26,958] {scheduler_job.py:190} INFO - Processing /Users/akshaybhoge/PycharmProjects/venvEdgar/lib/python3.7/site-packages/airflow/example_dags/example_kubernetes_executor.py took 0.052 seconds
[2021-03-22 03:15:58,538] {scheduler_job.py:182} INFO - Started process (PID=28523) to work on /Users/akshaybhoge/PycharmProjects/venvEdgar/lib/python3.7/site-packages/airflow/example_dags/example_kubernetes_executor.py
[2021-03-22 03:15:58,540] {scheduler_job.py:629} INFO - Processing file /Users/akshaybhoge/PycharmProjects/venvEdgar/lib/python3.7/site-packages/airflow/example_dags/example_kubernetes_executor.py for tasks to queue
[2021-03-22 03:15:58,541] {logging_mixin.py:104} INFO - [2021-03-22 03:15:58,540] {dagbag.py:448} INFO - Filling up the DagBag from /Users/akshaybhoge/PycharmProjects/venvEdgar/lib/python3.7/site-packages/airflow/example_dags/example_kubernetes_executor.py
[2021-03-22 03:15:58,555] {scheduler_job.py:639} INFO - DAG(s) dict_keys(['example_kubernetes_executor']) retrieved from /Users/akshaybhoge/PycharmProjects/venvEdgar/lib/python3.7/site-packages/airflow/example_dags/example_kubernetes_executor.py
[2021-03-22 03:15:58,567] {logging_mixin.py:104} INFO - [2021-03-22 03:15:58,567] {dag.py:1818} INFO - Sync 1 DAGs
[2021-03-22 03:15:58,576] {logging_mixin.py:104} INFO - [2021-03-22 03:15:58,576] {dag.py:2273} INFO - Setting next_dagrun for example_kubernetes_executor to None
[2021-03-22 03:15:58,582] {scheduler_job.py:190} INFO - Processing /Users/akshaybhoge/PycharmProjects/venvEdgar/lib/python3.7/site-packages/airflow/example_dags/example_kubernetes_executor.py took 0.048 seconds
[2021-03-22 03:16:29,045] {scheduler_job.py:182} INFO - Started process (PID=28568) to work on /Users/akshaybhoge/PycharmProjects/venvEdgar/lib/python3.7/site-packages/airflow/example_dags/example_kubernetes_executor.py
[2021-03-22 03:16:29,048] {scheduler_job.py:629} INFO - Processing file /Users/akshaybhoge/PycharmProjects/venvEdgar/lib/python3.7/site-packages/airflow/example_dags/example_kubernetes_executor.py for tasks to queue
[2021-03-22 03:16:29,050] {logging_mixin.py:104} INFO - [2021-03-22 03:16:29,049] {dagbag.py:448} INFO - Filling up the DagBag from /Users/akshaybhoge/PycharmProjects/venvEdgar/lib/python3.7/site-packages/airflow/example_dags/example_kubernetes_executor.py
[2021-03-22 03:16:29,064] {scheduler_job.py:639} INFO - DAG(s) dict_keys(['example_kubernetes_executor']) retrieved from /Users/akshaybhoge/PycharmProjects/venvEdgar/lib/python3.7/site-packages/airflow/example_dags/example_kubernetes_executor.py
[2021-03-22 03:16:29,077] {logging_mixin.py:104} INFO - [2021-03-22 03:16:29,077] {dag.py:1818} INFO - Sync 1 DAGs
[2021-03-22 03:16:29,087] {logging_mixin.py:104} INFO - [2021-03-22 03:16:29,086] {dag.py:2273} INFO - Setting next_dagrun for example_kubernetes_executor to None
[2021-03-22 03:16:29,093] {scheduler_job.py:190} INFO - Processing /Users/akshaybhoge/PycharmProjects/venvEdgar/lib/python3.7/site-packages/airflow/example_dags/example_kubernetes_executor.py took 0.051 seconds
[2021-03-22 03:17:01,139] {scheduler_job.py:182} INFO - Started process (PID=28607) to work on /Users/akshaybhoge/PycharmProjects/venvEdgar/lib/python3.7/site-packages/airflow/example_dags/example_kubernetes_executor.py
[2021-03-22 03:17:01,141] {scheduler_job.py:629} INFO - Processing file /Users/akshaybhoge/PycharmProjects/venvEdgar/lib/python3.7/site-packages/airflow/example_dags/example_kubernetes_executor.py for tasks to queue
[2021-03-22 03:17:01,143] {logging_mixin.py:104} INFO - [2021-03-22 03:17:01,142] {dagbag.py:448} INFO - Filling up the DagBag from /Users/akshaybhoge/PycharmProjects/venvEdgar/lib/python3.7/site-packages/airflow/example_dags/example_kubernetes_executor.py
[2021-03-22 03:17:01,156] {scheduler_job.py:639} INFO - DAG(s) dict_keys(['example_kubernetes_executor']) retrieved from /Users/akshaybhoge/PycharmProjects/venvEdgar/lib/python3.7/site-packages/airflow/example_dags/example_kubernetes_executor.py
[2021-03-22 03:17:01,169] {logging_mixin.py:104} INFO - [2021-03-22 03:17:01,168] {dag.py:1818} INFO - Sync 1 DAGs
[2021-03-22 03:17:01,178] {logging_mixin.py:104} INFO - [2021-03-22 03:17:01,178] {dag.py:2273} INFO - Setting next_dagrun for example_kubernetes_executor to None
[2021-03-22 03:17:01,184] {scheduler_job.py:190} INFO - Processing /Users/akshaybhoge/PycharmProjects/venvEdgar/lib/python3.7/site-packages/airflow/example_dags/example_kubernetes_executor.py took 0.048 seconds
[2021-03-22 03:17:33,158] {scheduler_job.py:182} INFO - Started process (PID=28640) to work on /Users/akshaybhoge/PycharmProjects/venvEdgar/lib/python3.7/site-packages/airflow/example_dags/example_kubernetes_executor.py
[2021-03-22 03:17:33,159] {scheduler_job.py:629} INFO - Processing file /Users/akshaybhoge/PycharmProjects/venvEdgar/lib/python3.7/site-packages/airflow/example_dags/example_kubernetes_executor.py for tasks to queue
[2021-03-22 03:17:33,160] {logging_mixin.py:104} INFO - [2021-03-22 03:17:33,160] {dagbag.py:448} INFO - Filling up the DagBag from /Users/akshaybhoge/PycharmProjects/venvEdgar/lib/python3.7/site-packages/airflow/example_dags/example_kubernetes_executor.py
[2021-03-22 03:17:33,174] {scheduler_job.py:639} INFO - DAG(s) dict_keys(['example_kubernetes_executor']) retrieved from /Users/akshaybhoge/PycharmProjects/venvEdgar/lib/python3.7/site-packages/airflow/example_dags/example_kubernetes_executor.py
[2021-03-22 03:17:33,187] {logging_mixin.py:104} INFO - [2021-03-22 03:17:33,186] {dag.py:1818} INFO - Sync 1 DAGs
[2021-03-22 03:17:33,197] {logging_mixin.py:104} INFO - [2021-03-22 03:17:33,196] {dag.py:2273} INFO - Setting next_dagrun for example_kubernetes_executor to None
[2021-03-22 03:17:33,204] {scheduler_job.py:190} INFO - Processing /Users/akshaybhoge/PycharmProjects/venvEdgar/lib/python3.7/site-packages/airflow/example_dags/example_kubernetes_executor.py took 0.050 seconds
[2021-03-22 03:18:05,148] {scheduler_job.py:182} INFO - Started process (PID=28670) to work on /Users/akshaybhoge/PycharmProjects/venvEdgar/lib/python3.7/site-packages/airflow/example_dags/example_kubernetes_executor.py
[2021-03-22 03:18:05,150] {scheduler_job.py:629} INFO - Processing file /Users/akshaybhoge/PycharmProjects/venvEdgar/lib/python3.7/site-packages/airflow/example_dags/example_kubernetes_executor.py for tasks to queue
[2021-03-22 03:18:05,151] {logging_mixin.py:104} INFO - [2021-03-22 03:18:05,151] {dagbag.py:448} INFO - Filling up the DagBag from /Users/akshaybhoge/PycharmProjects/venvEdgar/lib/python3.7/site-packages/airflow/example_dags/example_kubernetes_executor.py
[2021-03-22 03:18:05,166] {scheduler_job.py:639} INFO - DAG(s) dict_keys(['example_kubernetes_executor']) retrieved from /Users/akshaybhoge/PycharmProjects/venvEdgar/lib/python3.7/site-packages/airflow/example_dags/example_kubernetes_executor.py
[2021-03-22 03:18:05,180] {logging_mixin.py:104} INFO - [2021-03-22 03:18:05,180] {dag.py:1818} INFO - Sync 1 DAGs
[2021-03-22 03:18:05,190] {logging_mixin.py:104} INFO - [2021-03-22 03:18:05,190] {dag.py:2273} INFO - Setting next_dagrun for example_kubernetes_executor to None
[2021-03-22 03:18:05,196] {scheduler_job.py:190} INFO - Processing /Users/akshaybhoge/PycharmProjects/venvEdgar/lib/python3.7/site-packages/airflow/example_dags/example_kubernetes_executor.py took 0.052 seconds
[2021-03-22 03:18:37,263] {scheduler_job.py:182} INFO - Started process (PID=28702) to work on /Users/akshaybhoge/PycharmProjects/venvEdgar/lib/python3.7/site-packages/airflow/example_dags/example_kubernetes_executor.py
[2021-03-22 03:18:37,266] {scheduler_job.py:629} INFO - Processing file /Users/akshaybhoge/PycharmProjects/venvEdgar/lib/python3.7/site-packages/airflow/example_dags/example_kubernetes_executor.py for tasks to queue
[2021-03-22 03:18:37,267] {logging_mixin.py:104} INFO - [2021-03-22 03:18:37,267] {dagbag.py:448} INFO - Filling up the DagBag from /Users/akshaybhoge/PycharmProjects/venvEdgar/lib/python3.7/site-packages/airflow/example_dags/example_kubernetes_executor.py
[2021-03-22 03:18:37,282] {scheduler_job.py:639} INFO - DAG(s) dict_keys(['example_kubernetes_executor']) retrieved from /Users/akshaybhoge/PycharmProjects/venvEdgar/lib/python3.7/site-packages/airflow/example_dags/example_kubernetes_executor.py
[2021-03-22 03:18:37,295] {logging_mixin.py:104} INFO - [2021-03-22 03:18:37,295] {dag.py:1818} INFO - Sync 1 DAGs
[2021-03-22 03:18:37,304] {logging_mixin.py:104} INFO - [2021-03-22 03:18:37,304] {dag.py:2273} INFO - Setting next_dagrun for example_kubernetes_executor to None
[2021-03-22 03:18:37,310] {scheduler_job.py:190} INFO - Processing /Users/akshaybhoge/PycharmProjects/venvEdgar/lib/python3.7/site-packages/airflow/example_dags/example_kubernetes_executor.py took 0.051 seconds
[2021-03-22 03:19:08,708] {scheduler_job.py:182} INFO - Started process (PID=28740) to work on /Users/akshaybhoge/PycharmProjects/venvEdgar/lib/python3.7/site-packages/airflow/example_dags/example_kubernetes_executor.py
[2021-03-22 03:19:08,709] {scheduler_job.py:629} INFO - Processing file /Users/akshaybhoge/PycharmProjects/venvEdgar/lib/python3.7/site-packages/airflow/example_dags/example_kubernetes_executor.py for tasks to queue
[2021-03-22 03:19:08,710] {logging_mixin.py:104} INFO - [2021-03-22 03:19:08,710] {dagbag.py:448} INFO - Filling up the DagBag from /Users/akshaybhoge/PycharmProjects/venvEdgar/lib/python3.7/site-packages/airflow/example_dags/example_kubernetes_executor.py
[2021-03-22 03:19:08,725] {scheduler_job.py:639} INFO - DAG(s) dict_keys(['example_kubernetes_executor']) retrieved from /Users/akshaybhoge/PycharmProjects/venvEdgar/lib/python3.7/site-packages/airflow/example_dags/example_kubernetes_executor.py
[2021-03-22 03:19:08,739] {logging_mixin.py:104} INFO - [2021-03-22 03:19:08,739] {dag.py:1818} INFO - Sync 1 DAGs
[2021-03-22 03:19:08,751] {logging_mixin.py:104} INFO - [2021-03-22 03:19:08,751] {dag.py:2273} INFO - Setting next_dagrun for example_kubernetes_executor to None
[2021-03-22 03:19:08,759] {scheduler_job.py:190} INFO - Processing /Users/akshaybhoge/PycharmProjects/venvEdgar/lib/python3.7/site-packages/airflow/example_dags/example_kubernetes_executor.py took 0.055 seconds
[2021-03-22 03:19:41,114] {scheduler_job.py:182} INFO - Started process (PID=28784) to work on /Users/akshaybhoge/PycharmProjects/venvEdgar/lib/python3.7/site-packages/airflow/example_dags/example_kubernetes_executor.py
[2021-03-22 03:19:41,117] {scheduler_job.py:629} INFO - Processing file /Users/akshaybhoge/PycharmProjects/venvEdgar/lib/python3.7/site-packages/airflow/example_dags/example_kubernetes_executor.py for tasks to queue
[2021-03-22 03:19:41,118] {logging_mixin.py:104} INFO - [2021-03-22 03:19:41,118] {dagbag.py:448} INFO - Filling up the DagBag from /Users/akshaybhoge/PycharmProjects/venvEdgar/lib/python3.7/site-packages/airflow/example_dags/example_kubernetes_executor.py
[2021-03-22 03:19:41,131] {scheduler_job.py:639} INFO - DAG(s) dict_keys(['example_kubernetes_executor']) retrieved from /Users/akshaybhoge/PycharmProjects/venvEdgar/lib/python3.7/site-packages/airflow/example_dags/example_kubernetes_executor.py
[2021-03-22 03:19:41,143] {logging_mixin.py:104} INFO - [2021-03-22 03:19:41,143] {dag.py:1818} INFO - Sync 1 DAGs
[2021-03-22 03:19:41,153] {logging_mixin.py:104} INFO - [2021-03-22 03:19:41,152] {dag.py:2273} INFO - Setting next_dagrun for example_kubernetes_executor to None
[2021-03-22 03:19:41,159] {scheduler_job.py:190} INFO - Processing /Users/akshaybhoge/PycharmProjects/venvEdgar/lib/python3.7/site-packages/airflow/example_dags/example_kubernetes_executor.py took 0.048 seconds
[2021-03-22 03:20:13,118] {scheduler_job.py:182} INFO - Started process (PID=28823) to work on /Users/akshaybhoge/PycharmProjects/venvEdgar/lib/python3.7/site-packages/airflow/example_dags/example_kubernetes_executor.py
[2021-03-22 03:20:13,119] {scheduler_job.py:629} INFO - Processing file /Users/akshaybhoge/PycharmProjects/venvEdgar/lib/python3.7/site-packages/airflow/example_dags/example_kubernetes_executor.py for tasks to queue
[2021-03-22 03:20:13,120] {logging_mixin.py:104} INFO - [2021-03-22 03:20:13,120] {dagbag.py:448} INFO - Filling up the DagBag from /Users/akshaybhoge/PycharmProjects/venvEdgar/lib/python3.7/site-packages/airflow/example_dags/example_kubernetes_executor.py
[2021-03-22 03:20:13,130] {scheduler_job.py:639} INFO - DAG(s) dict_keys(['example_kubernetes_executor']) retrieved from /Users/akshaybhoge/PycharmProjects/venvEdgar/lib/python3.7/site-packages/airflow/example_dags/example_kubernetes_executor.py
[2021-03-22 03:20:13,139] {logging_mixin.py:104} INFO - [2021-03-22 03:20:13,139] {dag.py:1818} INFO - Sync 1 DAGs
[2021-03-22 03:20:13,147] {logging_mixin.py:104} INFO - [2021-03-22 03:20:13,146] {dag.py:2273} INFO - Setting next_dagrun for example_kubernetes_executor to None
[2021-03-22 03:20:13,151] {scheduler_job.py:190} INFO - Processing /Users/akshaybhoge/PycharmProjects/venvEdgar/lib/python3.7/site-packages/airflow/example_dags/example_kubernetes_executor.py took 0.036 seconds
[2021-03-22 03:20:45,429] {scheduler_job.py:182} INFO - Started process (PID=28869) to work on /Users/akshaybhoge/PycharmProjects/venvEdgar/lib/python3.7/site-packages/airflow/example_dags/example_kubernetes_executor.py
[2021-03-22 03:20:45,431] {scheduler_job.py:629} INFO - Processing file /Users/akshaybhoge/PycharmProjects/venvEdgar/lib/python3.7/site-packages/airflow/example_dags/example_kubernetes_executor.py for tasks to queue
[2021-03-22 03:20:45,431] {logging_mixin.py:104} INFO - [2021-03-22 03:20:45,431] {dagbag.py:448} INFO - Filling up the DagBag from /Users/akshaybhoge/PycharmProjects/venvEdgar/lib/python3.7/site-packages/airflow/example_dags/example_kubernetes_executor.py
[2021-03-22 03:20:45,443] {scheduler_job.py:639} INFO - DAG(s) dict_keys(['example_kubernetes_executor']) retrieved from /Users/akshaybhoge/PycharmProjects/venvEdgar/lib/python3.7/site-packages/airflow/example_dags/example_kubernetes_executor.py
[2021-03-22 03:20:45,452] {logging_mixin.py:104} INFO - [2021-03-22 03:20:45,452] {dag.py:1818} INFO - Sync 1 DAGs
[2021-03-22 03:20:45,460] {logging_mixin.py:104} INFO - [2021-03-22 03:20:45,460] {dag.py:2273} INFO - Setting next_dagrun for example_kubernetes_executor to None
[2021-03-22 03:20:45,465] {scheduler_job.py:190} INFO - Processing /Users/akshaybhoge/PycharmProjects/venvEdgar/lib/python3.7/site-packages/airflow/example_dags/example_kubernetes_executor.py took 0.039 seconds
[2021-03-22 03:21:17,524] {scheduler_job.py:182} INFO - Started process (PID=28914) to work on /Users/akshaybhoge/PycharmProjects/venvEdgar/lib/python3.7/site-packages/airflow/example_dags/example_kubernetes_executor.py
[2021-03-22 03:21:17,525] {scheduler_job.py:629} INFO - Processing file /Users/akshaybhoge/PycharmProjects/venvEdgar/lib/python3.7/site-packages/airflow/example_dags/example_kubernetes_executor.py for tasks to queue
[2021-03-22 03:21:17,527] {logging_mixin.py:104} INFO - [2021-03-22 03:21:17,526] {dagbag.py:448} INFO - Filling up the DagBag from /Users/akshaybhoge/PycharmProjects/venvEdgar/lib/python3.7/site-packages/airflow/example_dags/example_kubernetes_executor.py
[2021-03-22 03:21:17,539] {scheduler_job.py:639} INFO - DAG(s) dict_keys(['example_kubernetes_executor']) retrieved from /Users/akshaybhoge/PycharmProjects/venvEdgar/lib/python3.7/site-packages/airflow/example_dags/example_kubernetes_executor.py
[2021-03-22 03:21:17,550] {logging_mixin.py:104} INFO - [2021-03-22 03:21:17,550] {dag.py:1818} INFO - Sync 1 DAGs
[2021-03-22 03:21:17,558] {logging_mixin.py:104} INFO - [2021-03-22 03:21:17,558] {dag.py:2273} INFO - Setting next_dagrun for example_kubernetes_executor to None
[2021-03-22 03:21:17,564] {scheduler_job.py:190} INFO - Processing /Users/akshaybhoge/PycharmProjects/venvEdgar/lib/python3.7/site-packages/airflow/example_dags/example_kubernetes_executor.py took 0.043 seconds
[2021-03-22 03:21:49,637] {scheduler_job.py:182} INFO - Started process (PID=28956) to work on /Users/akshaybhoge/PycharmProjects/venvEdgar/lib/python3.7/site-packages/airflow/example_dags/example_kubernetes_executor.py
[2021-03-22 03:21:49,640] {scheduler_job.py:629} INFO - Processing file /Users/akshaybhoge/PycharmProjects/venvEdgar/lib/python3.7/site-packages/airflow/example_dags/example_kubernetes_executor.py for tasks to queue
[2021-03-22 03:21:49,642] {logging_mixin.py:104} INFO - [2021-03-22 03:21:49,642] {dagbag.py:448} INFO - Filling up the DagBag from /Users/akshaybhoge/PycharmProjects/venvEdgar/lib/python3.7/site-packages/airflow/example_dags/example_kubernetes_executor.py
[2021-03-22 03:21:49,657] {scheduler_job.py:639} INFO - DAG(s) dict_keys(['example_kubernetes_executor']) retrieved from /Users/akshaybhoge/PycharmProjects/venvEdgar/lib/python3.7/site-packages/airflow/example_dags/example_kubernetes_executor.py
[2021-03-22 03:21:49,670] {logging_mixin.py:104} INFO - [2021-03-22 03:21:49,670] {dag.py:1818} INFO - Sync 1 DAGs
[2021-03-22 03:21:49,680] {logging_mixin.py:104} INFO - [2021-03-22 03:21:49,679] {dag.py:2273} INFO - Setting next_dagrun for example_kubernetes_executor to None
[2021-03-22 03:21:49,685] {scheduler_job.py:190} INFO - Processing /Users/akshaybhoge/PycharmProjects/venvEdgar/lib/python3.7/site-packages/airflow/example_dags/example_kubernetes_executor.py took 0.052 seconds
[2021-03-22 03:23:35,377] {scheduler_job.py:182} INFO - Started process (PID=29065) to work on /Users/akshaybhoge/PycharmProjects/venvEdgar/lib/python3.7/site-packages/airflow/example_dags/example_kubernetes_executor.py
[2021-03-22 03:23:35,383] {scheduler_job.py:629} INFO - Processing file /Users/akshaybhoge/PycharmProjects/venvEdgar/lib/python3.7/site-packages/airflow/example_dags/example_kubernetes_executor.py for tasks to queue
[2021-03-22 03:23:35,385] {logging_mixin.py:104} INFO - [2021-03-22 03:23:35,384] {dagbag.py:448} INFO - Filling up the DagBag from /Users/akshaybhoge/PycharmProjects/venvEdgar/lib/python3.7/site-packages/airflow/example_dags/example_kubernetes_executor.py
[2021-03-22 03:23:35,397] {scheduler_job.py:639} INFO - DAG(s) dict_keys(['example_kubernetes_executor']) retrieved from /Users/akshaybhoge/PycharmProjects/venvEdgar/lib/python3.7/site-packages/airflow/example_dags/example_kubernetes_executor.py
[2021-03-22 03:23:35,411] {logging_mixin.py:104} INFO - [2021-03-22 03:23:35,411] {dag.py:1818} INFO - Sync 1 DAGs
[2021-03-22 03:23:35,420] {logging_mixin.py:104} INFO - [2021-03-22 03:23:35,420] {dag.py:2273} INFO - Setting next_dagrun for example_kubernetes_executor to None
[2021-03-22 03:23:35,428] {scheduler_job.py:190} INFO - Processing /Users/akshaybhoge/PycharmProjects/venvEdgar/lib/python3.7/site-packages/airflow/example_dags/example_kubernetes_executor.py took 0.055 seconds
[2021-03-22 03:24:31,058] {scheduler_job.py:182} INFO - Started process (PID=29142) to work on /Users/akshaybhoge/PycharmProjects/venvEdgar/lib/python3.7/site-packages/airflow/example_dags/example_kubernetes_executor.py
[2021-03-22 03:24:31,059] {scheduler_job.py:629} INFO - Processing file /Users/akshaybhoge/PycharmProjects/venvEdgar/lib/python3.7/site-packages/airflow/example_dags/example_kubernetes_executor.py for tasks to queue
[2021-03-22 03:24:31,060] {logging_mixin.py:104} INFO - [2021-03-22 03:24:31,060] {dagbag.py:448} INFO - Filling up the DagBag from /Users/akshaybhoge/PycharmProjects/venvEdgar/lib/python3.7/site-packages/airflow/example_dags/example_kubernetes_executor.py
[2021-03-22 03:24:31,075] {scheduler_job.py:639} INFO - DAG(s) dict_keys(['example_kubernetes_executor']) retrieved from /Users/akshaybhoge/PycharmProjects/venvEdgar/lib/python3.7/site-packages/airflow/example_dags/example_kubernetes_executor.py
[2021-03-22 03:24:31,087] {logging_mixin.py:104} INFO - [2021-03-22 03:24:31,087] {dag.py:1818} INFO - Sync 1 DAGs
[2021-03-22 03:24:31,096] {logging_mixin.py:104} INFO - [2021-03-22 03:24:31,096] {dag.py:2273} INFO - Setting next_dagrun for example_kubernetes_executor to None
[2021-03-22 03:24:31,105] {scheduler_job.py:190} INFO - Processing /Users/akshaybhoge/PycharmProjects/venvEdgar/lib/python3.7/site-packages/airflow/example_dags/example_kubernetes_executor.py took 0.050 seconds
[2021-03-22 03:27:57,482] {scheduler_job.py:182} INFO - Started process (PID=29235) to work on /Users/akshaybhoge/PycharmProjects/venvEdgar/lib/python3.7/site-packages/airflow/example_dags/example_kubernetes_executor.py
[2021-03-22 03:27:57,484] {scheduler_job.py:629} INFO - Processing file /Users/akshaybhoge/PycharmProjects/venvEdgar/lib/python3.7/site-packages/airflow/example_dags/example_kubernetes_executor.py for tasks to queue
[2021-03-22 03:27:57,485] {logging_mixin.py:104} INFO - [2021-03-22 03:27:57,484] {dagbag.py:448} INFO - Filling up the DagBag from /Users/akshaybhoge/PycharmProjects/venvEdgar/lib/python3.7/site-packages/airflow/example_dags/example_kubernetes_executor.py
[2021-03-22 03:27:57,493] {scheduler_job.py:639} INFO - DAG(s) dict_keys(['example_kubernetes_executor']) retrieved from /Users/akshaybhoge/PycharmProjects/venvEdgar/lib/python3.7/site-packages/airflow/example_dags/example_kubernetes_executor.py
[2021-03-22 03:27:57,505] {logging_mixin.py:104} INFO - [2021-03-22 03:27:57,505] {dag.py:1818} INFO - Sync 1 DAGs
[2021-03-22 03:27:57,514] {logging_mixin.py:104} INFO - [2021-03-22 03:27:57,513] {dag.py:2273} INFO - Setting next_dagrun for example_kubernetes_executor to None
[2021-03-22 03:27:57,520] {scheduler_job.py:190} INFO - Processing /Users/akshaybhoge/PycharmProjects/venvEdgar/lib/python3.7/site-packages/airflow/example_dags/example_kubernetes_executor.py took 0.041 seconds
[2021-03-22 03:28:34,074] {scheduler_job.py:182} INFO - Started process (PID=29281) to work on /Users/akshaybhoge/PycharmProjects/venvEdgar/lib/python3.7/site-packages/airflow/example_dags/example_kubernetes_executor.py
[2021-03-22 03:28:34,076] {scheduler_job.py:629} INFO - Processing file /Users/akshaybhoge/PycharmProjects/venvEdgar/lib/python3.7/site-packages/airflow/example_dags/example_kubernetes_executor.py for tasks to queue
[2021-03-22 03:28:34,077] {logging_mixin.py:104} INFO - [2021-03-22 03:28:34,076] {dagbag.py:448} INFO - Filling up the DagBag from /Users/akshaybhoge/PycharmProjects/venvEdgar/lib/python3.7/site-packages/airflow/example_dags/example_kubernetes_executor.py
[2021-03-22 03:28:34,085] {scheduler_job.py:639} INFO - DAG(s) dict_keys(['example_kubernetes_executor']) retrieved from /Users/akshaybhoge/PycharmProjects/venvEdgar/lib/python3.7/site-packages/airflow/example_dags/example_kubernetes_executor.py
[2021-03-22 03:28:34,100] {logging_mixin.py:104} INFO - [2021-03-22 03:28:34,100] {dag.py:1818} INFO - Sync 1 DAGs
[2021-03-22 03:28:34,110] {logging_mixin.py:104} INFO - [2021-03-22 03:28:34,109] {dag.py:2273} INFO - Setting next_dagrun for example_kubernetes_executor to None
[2021-03-22 03:28:34,118] {scheduler_job.py:190} INFO - Processing /Users/akshaybhoge/PycharmProjects/venvEdgar/lib/python3.7/site-packages/airflow/example_dags/example_kubernetes_executor.py took 0.047 seconds
[2021-03-22 03:29:06,755] {scheduler_job.py:182} INFO - Started process (PID=29328) to work on /Users/akshaybhoge/PycharmProjects/venvEdgar/lib/python3.7/site-packages/airflow/example_dags/example_kubernetes_executor.py
[2021-03-22 03:29:06,757] {scheduler_job.py:629} INFO - Processing file /Users/akshaybhoge/PycharmProjects/venvEdgar/lib/python3.7/site-packages/airflow/example_dags/example_kubernetes_executor.py for tasks to queue
[2021-03-22 03:29:06,758] {logging_mixin.py:104} INFO - [2021-03-22 03:29:06,758] {dagbag.py:448} INFO - Filling up the DagBag from /Users/akshaybhoge/PycharmProjects/venvEdgar/lib/python3.7/site-packages/airflow/example_dags/example_kubernetes_executor.py
[2021-03-22 03:29:06,766] {scheduler_job.py:639} INFO - DAG(s) dict_keys(['example_kubernetes_executor']) retrieved from /Users/akshaybhoge/PycharmProjects/venvEdgar/lib/python3.7/site-packages/airflow/example_dags/example_kubernetes_executor.py
[2021-03-22 03:29:06,777] {logging_mixin.py:104} INFO - [2021-03-22 03:29:06,777] {dag.py:1818} INFO - Sync 1 DAGs
[2021-03-22 03:29:06,785] {logging_mixin.py:104} INFO - [2021-03-22 03:29:06,785] {dag.py:2273} INFO - Setting next_dagrun for example_kubernetes_executor to None
[2021-03-22 03:29:06,792] {scheduler_job.py:190} INFO - Processing /Users/akshaybhoge/PycharmProjects/venvEdgar/lib/python3.7/site-packages/airflow/example_dags/example_kubernetes_executor.py took 0.039 seconds
[2021-03-22 03:29:40,001] {scheduler_job.py:182} INFO - Started process (PID=29364) to work on /Users/akshaybhoge/PycharmProjects/venvEdgar/lib/python3.7/site-packages/airflow/example_dags/example_kubernetes_executor.py
[2021-03-22 03:29:40,003] {scheduler_job.py:629} INFO - Processing file /Users/akshaybhoge/PycharmProjects/venvEdgar/lib/python3.7/site-packages/airflow/example_dags/example_kubernetes_executor.py for tasks to queue
[2021-03-22 03:29:40,004] {logging_mixin.py:104} INFO - [2021-03-22 03:29:40,004] {dagbag.py:448} INFO - Filling up the DagBag from /Users/akshaybhoge/PycharmProjects/venvEdgar/lib/python3.7/site-packages/airflow/example_dags/example_kubernetes_executor.py
[2021-03-22 03:29:40,013] {scheduler_job.py:639} INFO - DAG(s) dict_keys(['example_kubernetes_executor']) retrieved from /Users/akshaybhoge/PycharmProjects/venvEdgar/lib/python3.7/site-packages/airflow/example_dags/example_kubernetes_executor.py
[2021-03-22 03:29:40,028] {logging_mixin.py:104} INFO - [2021-03-22 03:29:40,028] {dag.py:1818} INFO - Sync 1 DAGs
[2021-03-22 03:29:40,037] {logging_mixin.py:104} INFO - [2021-03-22 03:29:40,037] {dag.py:2273} INFO - Setting next_dagrun for example_kubernetes_executor to None
[2021-03-22 03:29:40,044] {scheduler_job.py:190} INFO - Processing /Users/akshaybhoge/PycharmProjects/venvEdgar/lib/python3.7/site-packages/airflow/example_dags/example_kubernetes_executor.py took 0.046 seconds
[2021-03-22 03:30:12,693] {scheduler_job.py:182} INFO - Started process (PID=29408) to work on /Users/akshaybhoge/PycharmProjects/venvEdgar/lib/python3.7/site-packages/airflow/example_dags/example_kubernetes_executor.py
[2021-03-22 03:30:12,695] {scheduler_job.py:629} INFO - Processing file /Users/akshaybhoge/PycharmProjects/venvEdgar/lib/python3.7/site-packages/airflow/example_dags/example_kubernetes_executor.py for tasks to queue
[2021-03-22 03:30:12,697] {logging_mixin.py:104} INFO - [2021-03-22 03:30:12,696] {dagbag.py:448} INFO - Filling up the DagBag from /Users/akshaybhoge/PycharmProjects/venvEdgar/lib/python3.7/site-packages/airflow/example_dags/example_kubernetes_executor.py
[2021-03-22 03:30:12,706] {scheduler_job.py:639} INFO - DAG(s) dict_keys(['example_kubernetes_executor']) retrieved from /Users/akshaybhoge/PycharmProjects/venvEdgar/lib/python3.7/site-packages/airflow/example_dags/example_kubernetes_executor.py
[2021-03-22 03:30:12,720] {logging_mixin.py:104} INFO - [2021-03-22 03:30:12,719] {dag.py:1818} INFO - Sync 1 DAGs
[2021-03-22 03:30:12,728] {logging_mixin.py:104} INFO - [2021-03-22 03:30:12,728] {dag.py:2273} INFO - Setting next_dagrun for example_kubernetes_executor to None
[2021-03-22 03:30:12,734] {scheduler_job.py:190} INFO - Processing /Users/akshaybhoge/PycharmProjects/venvEdgar/lib/python3.7/site-packages/airflow/example_dags/example_kubernetes_executor.py took 0.045 seconds
[2021-03-22 03:30:45,363] {scheduler_job.py:182} INFO - Started process (PID=29448) to work on /Users/akshaybhoge/PycharmProjects/venvEdgar/lib/python3.7/site-packages/airflow/example_dags/example_kubernetes_executor.py
[2021-03-22 03:30:45,365] {scheduler_job.py:629} INFO - Processing file /Users/akshaybhoge/PycharmProjects/venvEdgar/lib/python3.7/site-packages/airflow/example_dags/example_kubernetes_executor.py for tasks to queue
[2021-03-22 03:30:45,366] {logging_mixin.py:104} INFO - [2021-03-22 03:30:45,366] {dagbag.py:448} INFO - Filling up the DagBag from /Users/akshaybhoge/PycharmProjects/venvEdgar/lib/python3.7/site-packages/airflow/example_dags/example_kubernetes_executor.py
[2021-03-22 03:30:45,374] {scheduler_job.py:639} INFO - DAG(s) dict_keys(['example_kubernetes_executor']) retrieved from /Users/akshaybhoge/PycharmProjects/venvEdgar/lib/python3.7/site-packages/airflow/example_dags/example_kubernetes_executor.py
[2021-03-22 03:30:45,385] {logging_mixin.py:104} INFO - [2021-03-22 03:30:45,385] {dag.py:1818} INFO - Sync 1 DAGs
[2021-03-22 03:30:45,394] {logging_mixin.py:104} INFO - [2021-03-22 03:30:45,393] {dag.py:2273} INFO - Setting next_dagrun for example_kubernetes_executor to None
[2021-03-22 03:30:45,400] {scheduler_job.py:190} INFO - Processing /Users/akshaybhoge/PycharmProjects/venvEdgar/lib/python3.7/site-packages/airflow/example_dags/example_kubernetes_executor.py took 0.040 seconds
[2021-03-22 03:31:17,472] {scheduler_job.py:182} INFO - Started process (PID=29481) to work on /Users/akshaybhoge/PycharmProjects/venvEdgar/lib/python3.7/site-packages/airflow/example_dags/example_kubernetes_executor.py
[2021-03-22 03:31:17,473] {scheduler_job.py:629} INFO - Processing file /Users/akshaybhoge/PycharmProjects/venvEdgar/lib/python3.7/site-packages/airflow/example_dags/example_kubernetes_executor.py for tasks to queue
[2021-03-22 03:31:17,475] {logging_mixin.py:104} INFO - [2021-03-22 03:31:17,474] {dagbag.py:448} INFO - Filling up the DagBag from /Users/akshaybhoge/PycharmProjects/venvEdgar/lib/python3.7/site-packages/airflow/example_dags/example_kubernetes_executor.py
[2021-03-22 03:31:17,484] {scheduler_job.py:639} INFO - DAG(s) dict_keys(['example_kubernetes_executor']) retrieved from /Users/akshaybhoge/PycharmProjects/venvEdgar/lib/python3.7/site-packages/airflow/example_dags/example_kubernetes_executor.py
[2021-03-22 03:31:17,502] {logging_mixin.py:104} INFO - [2021-03-22 03:31:17,501] {dag.py:1818} INFO - Sync 1 DAGs
[2021-03-22 03:31:17,517] {logging_mixin.py:104} INFO - [2021-03-22 03:31:17,516] {dag.py:2273} INFO - Setting next_dagrun for example_kubernetes_executor to None
[2021-03-22 03:31:17,525] {scheduler_job.py:190} INFO - Processing /Users/akshaybhoge/PycharmProjects/venvEdgar/lib/python3.7/site-packages/airflow/example_dags/example_kubernetes_executor.py took 0.057 seconds
[2021-03-22 03:31:49,463] {scheduler_job.py:182} INFO - Started process (PID=29512) to work on /Users/akshaybhoge/PycharmProjects/venvEdgar/lib/python3.7/site-packages/airflow/example_dags/example_kubernetes_executor.py
[2021-03-22 03:31:49,465] {scheduler_job.py:629} INFO - Processing file /Users/akshaybhoge/PycharmProjects/venvEdgar/lib/python3.7/site-packages/airflow/example_dags/example_kubernetes_executor.py for tasks to queue
[2021-03-22 03:31:49,466] {logging_mixin.py:104} INFO - [2021-03-22 03:31:49,465] {dagbag.py:448} INFO - Filling up the DagBag from /Users/akshaybhoge/PycharmProjects/venvEdgar/lib/python3.7/site-packages/airflow/example_dags/example_kubernetes_executor.py
[2021-03-22 03:31:49,474] {scheduler_job.py:639} INFO - DAG(s) dict_keys(['example_kubernetes_executor']) retrieved from /Users/akshaybhoge/PycharmProjects/venvEdgar/lib/python3.7/site-packages/airflow/example_dags/example_kubernetes_executor.py
[2021-03-22 03:31:49,485] {logging_mixin.py:104} INFO - [2021-03-22 03:31:49,485] {dag.py:1818} INFO - Sync 1 DAGs
[2021-03-22 03:31:49,494] {logging_mixin.py:104} INFO - [2021-03-22 03:31:49,494] {dag.py:2273} INFO - Setting next_dagrun for example_kubernetes_executor to None
[2021-03-22 03:31:49,500] {scheduler_job.py:190} INFO - Processing /Users/akshaybhoge/PycharmProjects/venvEdgar/lib/python3.7/site-packages/airflow/example_dags/example_kubernetes_executor.py took 0.040 seconds
[2021-03-22 03:32:21,674] {scheduler_job.py:182} INFO - Started process (PID=29547) to work on /Users/akshaybhoge/PycharmProjects/venvEdgar/lib/python3.7/site-packages/airflow/example_dags/example_kubernetes_executor.py
[2021-03-22 03:32:21,679] {scheduler_job.py:629} INFO - Processing file /Users/akshaybhoge/PycharmProjects/venvEdgar/lib/python3.7/site-packages/airflow/example_dags/example_kubernetes_executor.py for tasks to queue
[2021-03-22 03:32:21,680] {logging_mixin.py:104} INFO - [2021-03-22 03:32:21,680] {dagbag.py:448} INFO - Filling up the DagBag from /Users/akshaybhoge/PycharmProjects/venvEdgar/lib/python3.7/site-packages/airflow/example_dags/example_kubernetes_executor.py
[2021-03-22 03:32:21,690] {scheduler_job.py:639} INFO - DAG(s) dict_keys(['example_kubernetes_executor']) retrieved from /Users/akshaybhoge/PycharmProjects/venvEdgar/lib/python3.7/site-packages/airflow/example_dags/example_kubernetes_executor.py
[2021-03-22 03:32:21,707] {logging_mixin.py:104} INFO - [2021-03-22 03:32:21,706] {dag.py:1818} INFO - Sync 1 DAGs
[2021-03-22 03:32:21,717] {logging_mixin.py:104} INFO - [2021-03-22 03:32:21,716] {dag.py:2273} INFO - Setting next_dagrun for example_kubernetes_executor to None
[2021-03-22 03:32:21,724] {scheduler_job.py:190} INFO - Processing /Users/akshaybhoge/PycharmProjects/venvEdgar/lib/python3.7/site-packages/airflow/example_dags/example_kubernetes_executor.py took 0.053 seconds
[2021-03-22 03:32:53,773] {scheduler_job.py:182} INFO - Started process (PID=29581) to work on /Users/akshaybhoge/PycharmProjects/venvEdgar/lib/python3.7/site-packages/airflow/example_dags/example_kubernetes_executor.py
[2021-03-22 03:32:53,774] {scheduler_job.py:629} INFO - Processing file /Users/akshaybhoge/PycharmProjects/venvEdgar/lib/python3.7/site-packages/airflow/example_dags/example_kubernetes_executor.py for tasks to queue
[2021-03-22 03:32:53,776] {logging_mixin.py:104} INFO - [2021-03-22 03:32:53,775] {dagbag.py:448} INFO - Filling up the DagBag from /Users/akshaybhoge/PycharmProjects/venvEdgar/lib/python3.7/site-packages/airflow/example_dags/example_kubernetes_executor.py
[2021-03-22 03:32:53,785] {scheduler_job.py:639} INFO - DAG(s) dict_keys(['example_kubernetes_executor']) retrieved from /Users/akshaybhoge/PycharmProjects/venvEdgar/lib/python3.7/site-packages/airflow/example_dags/example_kubernetes_executor.py
[2021-03-22 03:32:53,800] {logging_mixin.py:104} INFO - [2021-03-22 03:32:53,799] {dag.py:1818} INFO - Sync 1 DAGs
[2021-03-22 03:32:53,810] {logging_mixin.py:104} INFO - [2021-03-22 03:32:53,809] {dag.py:2273} INFO - Setting next_dagrun for example_kubernetes_executor to None
[2021-03-22 03:32:53,818] {scheduler_job.py:190} INFO - Processing /Users/akshaybhoge/PycharmProjects/venvEdgar/lib/python3.7/site-packages/airflow/example_dags/example_kubernetes_executor.py took 0.048 seconds
[2021-03-22 03:39:49,755] {scheduler_job.py:182} INFO - Started process (PID=29876) to work on /Users/akshaybhoge/PycharmProjects/venvEdgar/lib/python3.7/site-packages/airflow/example_dags/example_kubernetes_executor.py
[2021-03-22 03:39:49,758] {scheduler_job.py:629} INFO - Processing file /Users/akshaybhoge/PycharmProjects/venvEdgar/lib/python3.7/site-packages/airflow/example_dags/example_kubernetes_executor.py for tasks to queue
[2021-03-22 03:39:49,759] {logging_mixin.py:104} INFO - [2021-03-22 03:39:49,759] {dagbag.py:448} INFO - Filling up the DagBag from /Users/akshaybhoge/PycharmProjects/venvEdgar/lib/python3.7/site-packages/airflow/example_dags/example_kubernetes_executor.py
[2021-03-22 03:39:49,768] {scheduler_job.py:639} INFO - DAG(s) dict_keys(['example_kubernetes_executor']) retrieved from /Users/akshaybhoge/PycharmProjects/venvEdgar/lib/python3.7/site-packages/airflow/example_dags/example_kubernetes_executor.py
[2021-03-22 03:39:49,782] {logging_mixin.py:104} INFO - [2021-03-22 03:39:49,782] {dag.py:1818} INFO - Sync 1 DAGs
[2021-03-22 03:39:49,792] {logging_mixin.py:104} INFO - [2021-03-22 03:39:49,791] {dag.py:2273} INFO - Setting next_dagrun for example_kubernetes_executor to None
[2021-03-22 03:39:49,800] {scheduler_job.py:190} INFO - Processing /Users/akshaybhoge/PycharmProjects/venvEdgar/lib/python3.7/site-packages/airflow/example_dags/example_kubernetes_executor.py took 0.049 seconds
[2021-03-22 03:40:21,785] {scheduler_job.py:182} INFO - Started process (PID=29911) to work on /Users/akshaybhoge/PycharmProjects/venvEdgar/lib/python3.7/site-packages/airflow/example_dags/example_kubernetes_executor.py
[2021-03-22 03:40:21,787] {scheduler_job.py:629} INFO - Processing file /Users/akshaybhoge/PycharmProjects/venvEdgar/lib/python3.7/site-packages/airflow/example_dags/example_kubernetes_executor.py for tasks to queue
[2021-03-22 03:40:21,788] {logging_mixin.py:104} INFO - [2021-03-22 03:40:21,788] {dagbag.py:448} INFO - Filling up the DagBag from /Users/akshaybhoge/PycharmProjects/venvEdgar/lib/python3.7/site-packages/airflow/example_dags/example_kubernetes_executor.py
[2021-03-22 03:40:21,797] {scheduler_job.py:639} INFO - DAG(s) dict_keys(['example_kubernetes_executor']) retrieved from /Users/akshaybhoge/PycharmProjects/venvEdgar/lib/python3.7/site-packages/airflow/example_dags/example_kubernetes_executor.py
[2021-03-22 03:40:21,811] {logging_mixin.py:104} INFO - [2021-03-22 03:40:21,811] {dag.py:1818} INFO - Sync 1 DAGs
[2021-03-22 03:40:21,821] {logging_mixin.py:104} INFO - [2021-03-22 03:40:21,821] {dag.py:2273} INFO - Setting next_dagrun for example_kubernetes_executor to None
[2021-03-22 03:40:21,828] {scheduler_job.py:190} INFO - Processing /Users/akshaybhoge/PycharmProjects/venvEdgar/lib/python3.7/site-packages/airflow/example_dags/example_kubernetes_executor.py took 0.046 seconds
[2021-03-22 03:40:54,497] {scheduler_job.py:182} INFO - Started process (PID=29947) to work on /Users/akshaybhoge/PycharmProjects/venvEdgar/lib/python3.7/site-packages/airflow/example_dags/example_kubernetes_executor.py
[2021-03-22 03:40:54,498] {scheduler_job.py:629} INFO - Processing file /Users/akshaybhoge/PycharmProjects/venvEdgar/lib/python3.7/site-packages/airflow/example_dags/example_kubernetes_executor.py for tasks to queue
[2021-03-22 03:40:54,499] {logging_mixin.py:104} INFO - [2021-03-22 03:40:54,499] {dagbag.py:448} INFO - Filling up the DagBag from /Users/akshaybhoge/PycharmProjects/venvEdgar/lib/python3.7/site-packages/airflow/example_dags/example_kubernetes_executor.py
[2021-03-22 03:40:54,510] {scheduler_job.py:639} INFO - DAG(s) dict_keys(['example_kubernetes_executor']) retrieved from /Users/akshaybhoge/PycharmProjects/venvEdgar/lib/python3.7/site-packages/airflow/example_dags/example_kubernetes_executor.py
[2021-03-22 03:40:54,523] {logging_mixin.py:104} INFO - [2021-03-22 03:40:54,523] {dag.py:1818} INFO - Sync 1 DAGs
[2021-03-22 03:40:54,532] {logging_mixin.py:104} INFO - [2021-03-22 03:40:54,532] {dag.py:2273} INFO - Setting next_dagrun for example_kubernetes_executor to None
[2021-03-22 03:40:54,538] {scheduler_job.py:190} INFO - Processing /Users/akshaybhoge/PycharmProjects/venvEdgar/lib/python3.7/site-packages/airflow/example_dags/example_kubernetes_executor.py took 0.045 seconds
[2021-03-22 03:41:26,136] {scheduler_job.py:182} INFO - Started process (PID=29986) to work on /Users/akshaybhoge/PycharmProjects/venvEdgar/lib/python3.7/site-packages/airflow/example_dags/example_kubernetes_executor.py
[2021-03-22 03:41:26,139] {scheduler_job.py:629} INFO - Processing file /Users/akshaybhoge/PycharmProjects/venvEdgar/lib/python3.7/site-packages/airflow/example_dags/example_kubernetes_executor.py for tasks to queue
[2021-03-22 03:41:26,140] {logging_mixin.py:104} INFO - [2021-03-22 03:41:26,140] {dagbag.py:448} INFO - Filling up the DagBag from /Users/akshaybhoge/PycharmProjects/venvEdgar/lib/python3.7/site-packages/airflow/example_dags/example_kubernetes_executor.py
[2021-03-22 03:41:26,148] {scheduler_job.py:639} INFO - DAG(s) dict_keys(['example_kubernetes_executor']) retrieved from /Users/akshaybhoge/PycharmProjects/venvEdgar/lib/python3.7/site-packages/airflow/example_dags/example_kubernetes_executor.py
[2021-03-22 03:41:26,162] {logging_mixin.py:104} INFO - [2021-03-22 03:41:26,162] {dag.py:1818} INFO - Sync 1 DAGs
[2021-03-22 03:41:26,171] {logging_mixin.py:104} INFO - [2021-03-22 03:41:26,170] {dag.py:2273} INFO - Setting next_dagrun for example_kubernetes_executor to None
[2021-03-22 03:41:26,177] {scheduler_job.py:190} INFO - Processing /Users/akshaybhoge/PycharmProjects/venvEdgar/lib/python3.7/site-packages/airflow/example_dags/example_kubernetes_executor.py took 0.043 seconds
[2021-03-22 03:41:59,878] {scheduler_job.py:182} INFO - Started process (PID=30030) to work on /Users/akshaybhoge/PycharmProjects/venvEdgar/lib/python3.7/site-packages/airflow/example_dags/example_kubernetes_executor.py
[2021-03-22 03:41:59,879] {scheduler_job.py:629} INFO - Processing file /Users/akshaybhoge/PycharmProjects/venvEdgar/lib/python3.7/site-packages/airflow/example_dags/example_kubernetes_executor.py for tasks to queue
[2021-03-22 03:41:59,880] {logging_mixin.py:104} INFO - [2021-03-22 03:41:59,880] {dagbag.py:448} INFO - Filling up the DagBag from /Users/akshaybhoge/PycharmProjects/venvEdgar/lib/python3.7/site-packages/airflow/example_dags/example_kubernetes_executor.py
[2021-03-22 03:41:59,889] {scheduler_job.py:639} INFO - DAG(s) dict_keys(['example_kubernetes_executor']) retrieved from /Users/akshaybhoge/PycharmProjects/venvEdgar/lib/python3.7/site-packages/airflow/example_dags/example_kubernetes_executor.py
[2021-03-22 03:41:59,902] {logging_mixin.py:104} INFO - [2021-03-22 03:41:59,901] {dag.py:1818} INFO - Sync 1 DAGs
[2021-03-22 03:41:59,911] {logging_mixin.py:104} INFO - [2021-03-22 03:41:59,911] {dag.py:2273} INFO - Setting next_dagrun for example_kubernetes_executor to None
[2021-03-22 03:41:59,918] {scheduler_job.py:190} INFO - Processing /Users/akshaybhoge/PycharmProjects/venvEdgar/lib/python3.7/site-packages/airflow/example_dags/example_kubernetes_executor.py took 0.043 seconds
[2021-03-22 03:42:35,374] {scheduler_job.py:182} INFO - Started process (PID=30072) to work on /Users/akshaybhoge/PycharmProjects/venvEdgar/lib/python3.7/site-packages/airflow/example_dags/example_kubernetes_executor.py
[2021-03-22 03:42:35,376] {scheduler_job.py:629} INFO - Processing file /Users/akshaybhoge/PycharmProjects/venvEdgar/lib/python3.7/site-packages/airflow/example_dags/example_kubernetes_executor.py for tasks to queue
[2021-03-22 03:42:35,377] {logging_mixin.py:104} INFO - [2021-03-22 03:42:35,377] {dagbag.py:448} INFO - Filling up the DagBag from /Users/akshaybhoge/PycharmProjects/venvEdgar/lib/python3.7/site-packages/airflow/example_dags/example_kubernetes_executor.py
[2021-03-22 03:42:35,386] {scheduler_job.py:639} INFO - DAG(s) dict_keys(['example_kubernetes_executor']) retrieved from /Users/akshaybhoge/PycharmProjects/venvEdgar/lib/python3.7/site-packages/airflow/example_dags/example_kubernetes_executor.py
[2021-03-22 03:42:35,398] {logging_mixin.py:104} INFO - [2021-03-22 03:42:35,398] {dag.py:1818} INFO - Sync 1 DAGs
[2021-03-22 03:42:35,407] {logging_mixin.py:104} INFO - [2021-03-22 03:42:35,407] {dag.py:2273} INFO - Setting next_dagrun for example_kubernetes_executor to None
[2021-03-22 03:42:35,413] {scheduler_job.py:190} INFO - Processing /Users/akshaybhoge/PycharmProjects/venvEdgar/lib/python3.7/site-packages/airflow/example_dags/example_kubernetes_executor.py took 0.042 seconds
[2021-03-22 03:43:08,373] {scheduler_job.py:182} INFO - Started process (PID=30114) to work on /Users/akshaybhoge/PycharmProjects/venvEdgar/lib/python3.7/site-packages/airflow/example_dags/example_kubernetes_executor.py
[2021-03-22 03:43:08,374] {scheduler_job.py:629} INFO - Processing file /Users/akshaybhoge/PycharmProjects/venvEdgar/lib/python3.7/site-packages/airflow/example_dags/example_kubernetes_executor.py for tasks to queue
[2021-03-22 03:43:08,375] {logging_mixin.py:104} INFO - [2021-03-22 03:43:08,375] {dagbag.py:448} INFO - Filling up the DagBag from /Users/akshaybhoge/PycharmProjects/venvEdgar/lib/python3.7/site-packages/airflow/example_dags/example_kubernetes_executor.py
[2021-03-22 03:43:08,383] {scheduler_job.py:639} INFO - DAG(s) dict_keys(['example_kubernetes_executor']) retrieved from /Users/akshaybhoge/PycharmProjects/venvEdgar/lib/python3.7/site-packages/airflow/example_dags/example_kubernetes_executor.py
[2021-03-22 03:43:08,394] {logging_mixin.py:104} INFO - [2021-03-22 03:43:08,393] {dag.py:1818} INFO - Sync 1 DAGs
[2021-03-22 03:43:08,402] {logging_mixin.py:104} INFO - [2021-03-22 03:43:08,401] {dag.py:2273} INFO - Setting next_dagrun for example_kubernetes_executor to None
[2021-03-22 03:43:08,407] {scheduler_job.py:190} INFO - Processing /Users/akshaybhoge/PycharmProjects/venvEdgar/lib/python3.7/site-packages/airflow/example_dags/example_kubernetes_executor.py took 0.037 seconds
[2021-03-22 03:44:22,891] {scheduler_job.py:182} INFO - Started process (PID=30193) to work on /Users/akshaybhoge/PycharmProjects/venvEdgar/lib/python3.7/site-packages/airflow/example_dags/example_kubernetes_executor.py
[2021-03-22 03:44:22,892] {scheduler_job.py:629} INFO - Processing file /Users/akshaybhoge/PycharmProjects/venvEdgar/lib/python3.7/site-packages/airflow/example_dags/example_kubernetes_executor.py for tasks to queue
[2021-03-22 03:44:22,894] {logging_mixin.py:104} INFO - [2021-03-22 03:44:22,893] {dagbag.py:448} INFO - Filling up the DagBag from /Users/akshaybhoge/PycharmProjects/venvEdgar/lib/python3.7/site-packages/airflow/example_dags/example_kubernetes_executor.py
[2021-03-22 03:44:22,901] {scheduler_job.py:639} INFO - DAG(s) dict_keys(['example_kubernetes_executor']) retrieved from /Users/akshaybhoge/PycharmProjects/venvEdgar/lib/python3.7/site-packages/airflow/example_dags/example_kubernetes_executor.py
[2021-03-22 03:44:22,914] {logging_mixin.py:104} INFO - [2021-03-22 03:44:22,914] {dag.py:1818} INFO - Sync 1 DAGs
[2021-03-22 03:44:22,924] {logging_mixin.py:104} INFO - [2021-03-22 03:44:22,924] {dag.py:2273} INFO - Setting next_dagrun for example_kubernetes_executor to None
[2021-03-22 03:44:22,930] {scheduler_job.py:190} INFO - Processing /Users/akshaybhoge/PycharmProjects/venvEdgar/lib/python3.7/site-packages/airflow/example_dags/example_kubernetes_executor.py took 0.043 seconds
[2021-03-22 03:45:23,125] {scheduler_job.py:182} INFO - Started process (PID=30229) to work on /Users/akshaybhoge/PycharmProjects/venvEdgar/lib/python3.7/site-packages/airflow/example_dags/example_kubernetes_executor.py
[2021-03-22 03:45:23,127] {scheduler_job.py:629} INFO - Processing file /Users/akshaybhoge/PycharmProjects/venvEdgar/lib/python3.7/site-packages/airflow/example_dags/example_kubernetes_executor.py for tasks to queue
[2021-03-22 03:45:23,129] {logging_mixin.py:104} INFO - [2021-03-22 03:45:23,129] {dagbag.py:448} INFO - Filling up the DagBag from /Users/akshaybhoge/PycharmProjects/venvEdgar/lib/python3.7/site-packages/airflow/example_dags/example_kubernetes_executor.py
[2021-03-22 03:45:23,140] {scheduler_job.py:639} INFO - DAG(s) dict_keys(['example_kubernetes_executor']) retrieved from /Users/akshaybhoge/PycharmProjects/venvEdgar/lib/python3.7/site-packages/airflow/example_dags/example_kubernetes_executor.py
[2021-03-22 03:45:23,155] {logging_mixin.py:104} INFO - [2021-03-22 03:45:23,154] {dag.py:1818} INFO - Sync 1 DAGs
[2021-03-22 03:45:23,164] {logging_mixin.py:104} INFO - [2021-03-22 03:45:23,164] {dag.py:2273} INFO - Setting next_dagrun for example_kubernetes_executor to None
[2021-03-22 03:45:23,171] {scheduler_job.py:190} INFO - Processing /Users/akshaybhoge/PycharmProjects/venvEdgar/lib/python3.7/site-packages/airflow/example_dags/example_kubernetes_executor.py took 0.049 seconds
