[2021-03-22 02:54:40,389] {scheduler_job.py:182} INFO - Started process (PID=26796) to work on /Users/akshaybhoge/PycharmProjects/venvEdgar/lib/python3.7/site-packages/airflow/example_dags/example_trigger_target_dag.py
[2021-03-22 02:54:40,391] {scheduler_job.py:629} INFO - Processing file /Users/akshaybhoge/PycharmProjects/venvEdgar/lib/python3.7/site-packages/airflow/example_dags/example_trigger_target_dag.py for tasks to queue
[2021-03-22 02:54:40,392] {logging_mixin.py:104} INFO - [2021-03-22 02:54:40,392] {dagbag.py:448} INFO - Filling up the DagBag from /Users/akshaybhoge/PycharmProjects/venvEdgar/lib/python3.7/site-packages/airflow/example_dags/example_trigger_target_dag.py
[2021-03-22 02:54:40,411] {scheduler_job.py:639} INFO - DAG(s) dict_keys(['example_trigger_target_dag']) retrieved from /Users/akshaybhoge/PycharmProjects/venvEdgar/lib/python3.7/site-packages/airflow/example_dags/example_trigger_target_dag.py
[2021-03-22 02:54:40,426] {logging_mixin.py:104} INFO - [2021-03-22 02:54:40,426] {dag.py:1818} INFO - Sync 1 DAGs
[2021-03-22 02:54:40,440] {logging_mixin.py:104} INFO - [2021-03-22 02:54:40,439] {dag.py:2273} INFO - Setting next_dagrun for example_trigger_target_dag to None
[2021-03-22 02:54:40,448] {scheduler_job.py:190} INFO - Processing /Users/akshaybhoge/PycharmProjects/venvEdgar/lib/python3.7/site-packages/airflow/example_dags/example_trigger_target_dag.py took 0.063 seconds
[2021-03-22 02:55:11,768] {scheduler_job.py:182} INFO - Started process (PID=26853) to work on /Users/akshaybhoge/PycharmProjects/venvEdgar/lib/python3.7/site-packages/airflow/example_dags/example_trigger_target_dag.py
[2021-03-22 02:55:11,770] {scheduler_job.py:629} INFO - Processing file /Users/akshaybhoge/PycharmProjects/venvEdgar/lib/python3.7/site-packages/airflow/example_dags/example_trigger_target_dag.py for tasks to queue
[2021-03-22 02:55:11,776] {logging_mixin.py:104} INFO - [2021-03-22 02:55:11,775] {dagbag.py:448} INFO - Filling up the DagBag from /Users/akshaybhoge/PycharmProjects/venvEdgar/lib/python3.7/site-packages/airflow/example_dags/example_trigger_target_dag.py
[2021-03-22 02:55:11,788] {scheduler_job.py:639} INFO - DAG(s) dict_keys(['example_trigger_target_dag']) retrieved from /Users/akshaybhoge/PycharmProjects/venvEdgar/lib/python3.7/site-packages/airflow/example_dags/example_trigger_target_dag.py
[2021-03-22 02:55:11,802] {logging_mixin.py:104} INFO - [2021-03-22 02:55:11,801] {dag.py:1818} INFO - Sync 1 DAGs
[2021-03-22 02:55:11,812] {logging_mixin.py:104} INFO - [2021-03-22 02:55:11,812] {dag.py:2273} INFO - Setting next_dagrun for example_trigger_target_dag to None
[2021-03-22 02:55:11,819] {scheduler_job.py:190} INFO - Processing /Users/akshaybhoge/PycharmProjects/venvEdgar/lib/python3.7/site-packages/airflow/example_dags/example_trigger_target_dag.py took 0.055 seconds
[2021-03-22 02:55:42,794] {scheduler_job.py:182} INFO - Started process (PID=26946) to work on /Users/akshaybhoge/PycharmProjects/venvEdgar/lib/python3.7/site-packages/airflow/example_dags/example_trigger_target_dag.py
[2021-03-22 02:55:42,795] {scheduler_job.py:629} INFO - Processing file /Users/akshaybhoge/PycharmProjects/venvEdgar/lib/python3.7/site-packages/airflow/example_dags/example_trigger_target_dag.py for tasks to queue
[2021-03-22 02:55:42,797] {logging_mixin.py:104} INFO - [2021-03-22 02:55:42,796] {dagbag.py:448} INFO - Filling up the DagBag from /Users/akshaybhoge/PycharmProjects/venvEdgar/lib/python3.7/site-packages/airflow/example_dags/example_trigger_target_dag.py
[2021-03-22 02:55:42,809] {scheduler_job.py:639} INFO - DAG(s) dict_keys(['example_trigger_target_dag']) retrieved from /Users/akshaybhoge/PycharmProjects/venvEdgar/lib/python3.7/site-packages/airflow/example_dags/example_trigger_target_dag.py
[2021-03-22 02:55:42,822] {logging_mixin.py:104} INFO - [2021-03-22 02:55:42,821] {dag.py:1818} INFO - Sync 1 DAGs
[2021-03-22 02:55:42,832] {logging_mixin.py:104} INFO - [2021-03-22 02:55:42,832] {dag.py:2273} INFO - Setting next_dagrun for example_trigger_target_dag to None
[2021-03-22 02:55:42,839] {scheduler_job.py:190} INFO - Processing /Users/akshaybhoge/PycharmProjects/venvEdgar/lib/python3.7/site-packages/airflow/example_dags/example_trigger_target_dag.py took 0.049 seconds
[2021-03-22 02:56:15,050] {scheduler_job.py:182} INFO - Started process (PID=27031) to work on /Users/akshaybhoge/PycharmProjects/venvEdgar/lib/python3.7/site-packages/airflow/example_dags/example_trigger_target_dag.py
[2021-03-22 02:56:15,053] {scheduler_job.py:629} INFO - Processing file /Users/akshaybhoge/PycharmProjects/venvEdgar/lib/python3.7/site-packages/airflow/example_dags/example_trigger_target_dag.py for tasks to queue
[2021-03-22 02:56:15,054] {logging_mixin.py:104} INFO - [2021-03-22 02:56:15,054] {dagbag.py:448} INFO - Filling up the DagBag from /Users/akshaybhoge/PycharmProjects/venvEdgar/lib/python3.7/site-packages/airflow/example_dags/example_trigger_target_dag.py
[2021-03-22 02:56:15,073] {scheduler_job.py:639} INFO - DAG(s) dict_keys(['example_trigger_target_dag']) retrieved from /Users/akshaybhoge/PycharmProjects/venvEdgar/lib/python3.7/site-packages/airflow/example_dags/example_trigger_target_dag.py
[2021-03-22 02:56:15,093] {logging_mixin.py:104} INFO - [2021-03-22 02:56:15,092] {dag.py:1818} INFO - Sync 1 DAGs
[2021-03-22 02:56:15,108] {logging_mixin.py:104} INFO - [2021-03-22 02:56:15,107] {dag.py:2273} INFO - Setting next_dagrun for example_trigger_target_dag to None
[2021-03-22 02:56:15,117] {scheduler_job.py:190} INFO - Processing /Users/akshaybhoge/PycharmProjects/venvEdgar/lib/python3.7/site-packages/airflow/example_dags/example_trigger_target_dag.py took 0.073 seconds
[2021-03-22 02:56:47,519] {scheduler_job.py:182} INFO - Started process (PID=27107) to work on /Users/akshaybhoge/PycharmProjects/venvEdgar/lib/python3.7/site-packages/airflow/example_dags/example_trigger_target_dag.py
[2021-03-22 02:56:47,522] {scheduler_job.py:629} INFO - Processing file /Users/akshaybhoge/PycharmProjects/venvEdgar/lib/python3.7/site-packages/airflow/example_dags/example_trigger_target_dag.py for tasks to queue
[2021-03-22 02:56:47,524] {logging_mixin.py:104} INFO - [2021-03-22 02:56:47,524] {dagbag.py:448} INFO - Filling up the DagBag from /Users/akshaybhoge/PycharmProjects/venvEdgar/lib/python3.7/site-packages/airflow/example_dags/example_trigger_target_dag.py
[2021-03-22 02:56:47,549] {scheduler_job.py:639} INFO - DAG(s) dict_keys(['example_trigger_target_dag']) retrieved from /Users/akshaybhoge/PycharmProjects/venvEdgar/lib/python3.7/site-packages/airflow/example_dags/example_trigger_target_dag.py
[2021-03-22 02:56:47,574] {logging_mixin.py:104} INFO - [2021-03-22 02:56:47,573] {dag.py:1818} INFO - Sync 1 DAGs
[2021-03-22 02:56:47,592] {logging_mixin.py:104} INFO - [2021-03-22 02:56:47,592] {dag.py:2273} INFO - Setting next_dagrun for example_trigger_target_dag to None
[2021-03-22 02:56:47,604] {scheduler_job.py:190} INFO - Processing /Users/akshaybhoge/PycharmProjects/venvEdgar/lib/python3.7/site-packages/airflow/example_dags/example_trigger_target_dag.py took 0.091 seconds
[2021-03-22 02:57:19,364] {scheduler_job.py:182} INFO - Started process (PID=27174) to work on /Users/akshaybhoge/PycharmProjects/venvEdgar/lib/python3.7/site-packages/airflow/example_dags/example_trigger_target_dag.py
[2021-03-22 02:57:19,366] {scheduler_job.py:629} INFO - Processing file /Users/akshaybhoge/PycharmProjects/venvEdgar/lib/python3.7/site-packages/airflow/example_dags/example_trigger_target_dag.py for tasks to queue
[2021-03-22 02:57:19,369] {logging_mixin.py:104} INFO - [2021-03-22 02:57:19,368] {dagbag.py:448} INFO - Filling up the DagBag from /Users/akshaybhoge/PycharmProjects/venvEdgar/lib/python3.7/site-packages/airflow/example_dags/example_trigger_target_dag.py
[2021-03-22 02:57:19,391] {scheduler_job.py:639} INFO - DAG(s) dict_keys(['example_trigger_target_dag']) retrieved from /Users/akshaybhoge/PycharmProjects/venvEdgar/lib/python3.7/site-packages/airflow/example_dags/example_trigger_target_dag.py
[2021-03-22 02:57:19,412] {logging_mixin.py:104} INFO - [2021-03-22 02:57:19,412] {dag.py:1818} INFO - Sync 1 DAGs
[2021-03-22 02:57:19,430] {logging_mixin.py:104} INFO - [2021-03-22 02:57:19,429] {dag.py:2273} INFO - Setting next_dagrun for example_trigger_target_dag to None
[2021-03-22 02:57:19,444] {scheduler_job.py:190} INFO - Processing /Users/akshaybhoge/PycharmProjects/venvEdgar/lib/python3.7/site-packages/airflow/example_dags/example_trigger_target_dag.py took 0.086 seconds
[2021-03-22 02:58:15,923] {scheduler_job.py:182} INFO - Started process (PID=27286) to work on /Users/akshaybhoge/PycharmProjects/venvEdgar/lib/python3.7/site-packages/airflow/example_dags/example_trigger_target_dag.py
[2021-03-22 02:58:15,925] {scheduler_job.py:629} INFO - Processing file /Users/akshaybhoge/PycharmProjects/venvEdgar/lib/python3.7/site-packages/airflow/example_dags/example_trigger_target_dag.py for tasks to queue
[2021-03-22 02:58:15,927] {logging_mixin.py:104} INFO - [2021-03-22 02:58:15,927] {dagbag.py:448} INFO - Filling up the DagBag from /Users/akshaybhoge/PycharmProjects/venvEdgar/lib/python3.7/site-packages/airflow/example_dags/example_trigger_target_dag.py
[2021-03-22 02:58:15,944] {scheduler_job.py:639} INFO - DAG(s) dict_keys(['example_trigger_target_dag']) retrieved from /Users/akshaybhoge/PycharmProjects/venvEdgar/lib/python3.7/site-packages/airflow/example_dags/example_trigger_target_dag.py
[2021-03-22 02:58:15,961] {logging_mixin.py:104} INFO - [2021-03-22 02:58:15,961] {dag.py:1818} INFO - Sync 1 DAGs
[2021-03-22 02:58:15,975] {logging_mixin.py:104} INFO - [2021-03-22 02:58:15,975] {dag.py:2273} INFO - Setting next_dagrun for example_trigger_target_dag to None
[2021-03-22 02:58:15,984] {scheduler_job.py:190} INFO - Processing /Users/akshaybhoge/PycharmProjects/venvEdgar/lib/python3.7/site-packages/airflow/example_dags/example_trigger_target_dag.py took 0.065 seconds
[2021-03-22 02:58:47,478] {scheduler_job.py:182} INFO - Started process (PID=27341) to work on /Users/akshaybhoge/PycharmProjects/venvEdgar/lib/python3.7/site-packages/airflow/example_dags/example_trigger_target_dag.py
[2021-03-22 02:58:47,479] {scheduler_job.py:629} INFO - Processing file /Users/akshaybhoge/PycharmProjects/venvEdgar/lib/python3.7/site-packages/airflow/example_dags/example_trigger_target_dag.py for tasks to queue
[2021-03-22 02:58:47,480] {logging_mixin.py:104} INFO - [2021-03-22 02:58:47,480] {dagbag.py:448} INFO - Filling up the DagBag from /Users/akshaybhoge/PycharmProjects/venvEdgar/lib/python3.7/site-packages/airflow/example_dags/example_trigger_target_dag.py
[2021-03-22 02:58:47,492] {scheduler_job.py:639} INFO - DAG(s) dict_keys(['example_trigger_target_dag']) retrieved from /Users/akshaybhoge/PycharmProjects/venvEdgar/lib/python3.7/site-packages/airflow/example_dags/example_trigger_target_dag.py
[2021-03-22 02:58:47,505] {logging_mixin.py:104} INFO - [2021-03-22 02:58:47,505] {dag.py:1818} INFO - Sync 1 DAGs
[2021-03-22 02:58:47,515] {logging_mixin.py:104} INFO - [2021-03-22 02:58:47,514] {dag.py:2273} INFO - Setting next_dagrun for example_trigger_target_dag to None
[2021-03-22 02:58:47,521] {scheduler_job.py:190} INFO - Processing /Users/akshaybhoge/PycharmProjects/venvEdgar/lib/python3.7/site-packages/airflow/example_dags/example_trigger_target_dag.py took 0.047 seconds
[2021-03-22 02:59:18,299] {scheduler_job.py:182} INFO - Started process (PID=27415) to work on /Users/akshaybhoge/PycharmProjects/venvEdgar/lib/python3.7/site-packages/airflow/example_dags/example_trigger_target_dag.py
[2021-03-22 02:59:18,301] {scheduler_job.py:629} INFO - Processing file /Users/akshaybhoge/PycharmProjects/venvEdgar/lib/python3.7/site-packages/airflow/example_dags/example_trigger_target_dag.py for tasks to queue
[2021-03-22 02:59:18,302] {logging_mixin.py:104} INFO - [2021-03-22 02:59:18,301] {dagbag.py:448} INFO - Filling up the DagBag from /Users/akshaybhoge/PycharmProjects/venvEdgar/lib/python3.7/site-packages/airflow/example_dags/example_trigger_target_dag.py
[2021-03-22 02:59:18,313] {scheduler_job.py:639} INFO - DAG(s) dict_keys(['example_trigger_target_dag']) retrieved from /Users/akshaybhoge/PycharmProjects/venvEdgar/lib/python3.7/site-packages/airflow/example_dags/example_trigger_target_dag.py
[2021-03-22 02:59:18,325] {logging_mixin.py:104} INFO - [2021-03-22 02:59:18,325] {dag.py:1818} INFO - Sync 1 DAGs
[2021-03-22 02:59:18,334] {logging_mixin.py:104} INFO - [2021-03-22 02:59:18,334] {dag.py:2273} INFO - Setting next_dagrun for example_trigger_target_dag to None
[2021-03-22 02:59:18,340] {scheduler_job.py:190} INFO - Processing /Users/akshaybhoge/PycharmProjects/venvEdgar/lib/python3.7/site-packages/airflow/example_dags/example_trigger_target_dag.py took 0.044 seconds
[2021-03-22 02:59:49,379] {scheduler_job.py:182} INFO - Started process (PID=27467) to work on /Users/akshaybhoge/PycharmProjects/venvEdgar/lib/python3.7/site-packages/airflow/example_dags/example_trigger_target_dag.py
[2021-03-22 02:59:49,381] {scheduler_job.py:629} INFO - Processing file /Users/akshaybhoge/PycharmProjects/venvEdgar/lib/python3.7/site-packages/airflow/example_dags/example_trigger_target_dag.py for tasks to queue
[2021-03-22 02:59:49,382] {logging_mixin.py:104} INFO - [2021-03-22 02:59:49,382] {dagbag.py:448} INFO - Filling up the DagBag from /Users/akshaybhoge/PycharmProjects/venvEdgar/lib/python3.7/site-packages/airflow/example_dags/example_trigger_target_dag.py
[2021-03-22 02:59:49,394] {scheduler_job.py:639} INFO - DAG(s) dict_keys(['example_trigger_target_dag']) retrieved from /Users/akshaybhoge/PycharmProjects/venvEdgar/lib/python3.7/site-packages/airflow/example_dags/example_trigger_target_dag.py
[2021-03-22 02:59:49,407] {logging_mixin.py:104} INFO - [2021-03-22 02:59:49,407] {dag.py:1818} INFO - Sync 1 DAGs
[2021-03-22 02:59:49,418] {logging_mixin.py:104} INFO - [2021-03-22 02:59:49,417] {dag.py:2273} INFO - Setting next_dagrun for example_trigger_target_dag to None
[2021-03-22 02:59:49,425] {scheduler_job.py:190} INFO - Processing /Users/akshaybhoge/PycharmProjects/venvEdgar/lib/python3.7/site-packages/airflow/example_dags/example_trigger_target_dag.py took 0.050 seconds
[2021-03-22 03:00:21,573] {scheduler_job.py:182} INFO - Started process (PID=27522) to work on /Users/akshaybhoge/PycharmProjects/venvEdgar/lib/python3.7/site-packages/airflow/example_dags/example_trigger_target_dag.py
[2021-03-22 03:00:21,576] {scheduler_job.py:629} INFO - Processing file /Users/akshaybhoge/PycharmProjects/venvEdgar/lib/python3.7/site-packages/airflow/example_dags/example_trigger_target_dag.py for tasks to queue
[2021-03-22 03:00:21,577] {logging_mixin.py:104} INFO - [2021-03-22 03:00:21,576] {dagbag.py:448} INFO - Filling up the DagBag from /Users/akshaybhoge/PycharmProjects/venvEdgar/lib/python3.7/site-packages/airflow/example_dags/example_trigger_target_dag.py
[2021-03-22 03:00:21,588] {scheduler_job.py:639} INFO - DAG(s) dict_keys(['example_trigger_target_dag']) retrieved from /Users/akshaybhoge/PycharmProjects/venvEdgar/lib/python3.7/site-packages/airflow/example_dags/example_trigger_target_dag.py
[2021-03-22 03:00:21,600] {logging_mixin.py:104} INFO - [2021-03-22 03:00:21,600] {dag.py:1818} INFO - Sync 1 DAGs
[2021-03-22 03:00:21,609] {logging_mixin.py:104} INFO - [2021-03-22 03:00:21,609] {dag.py:2273} INFO - Setting next_dagrun for example_trigger_target_dag to None
[2021-03-22 03:00:21,615] {scheduler_job.py:190} INFO - Processing /Users/akshaybhoge/PycharmProjects/venvEdgar/lib/python3.7/site-packages/airflow/example_dags/example_trigger_target_dag.py took 0.045 seconds
[2021-03-22 03:00:53,786] {scheduler_job.py:182} INFO - Started process (PID=27575) to work on /Users/akshaybhoge/PycharmProjects/venvEdgar/lib/python3.7/site-packages/airflow/example_dags/example_trigger_target_dag.py
[2021-03-22 03:00:53,787] {scheduler_job.py:629} INFO - Processing file /Users/akshaybhoge/PycharmProjects/venvEdgar/lib/python3.7/site-packages/airflow/example_dags/example_trigger_target_dag.py for tasks to queue
[2021-03-22 03:00:53,788] {logging_mixin.py:104} INFO - [2021-03-22 03:00:53,788] {dagbag.py:448} INFO - Filling up the DagBag from /Users/akshaybhoge/PycharmProjects/venvEdgar/lib/python3.7/site-packages/airflow/example_dags/example_trigger_target_dag.py
[2021-03-22 03:00:53,801] {scheduler_job.py:639} INFO - DAG(s) dict_keys(['example_trigger_target_dag']) retrieved from /Users/akshaybhoge/PycharmProjects/venvEdgar/lib/python3.7/site-packages/airflow/example_dags/example_trigger_target_dag.py
[2021-03-22 03:00:53,814] {logging_mixin.py:104} INFO - [2021-03-22 03:00:53,813] {dag.py:1818} INFO - Sync 1 DAGs
[2021-03-22 03:00:53,824] {logging_mixin.py:104} INFO - [2021-03-22 03:00:53,823] {dag.py:2273} INFO - Setting next_dagrun for example_trigger_target_dag to None
[2021-03-22 03:00:53,830] {scheduler_job.py:190} INFO - Processing /Users/akshaybhoge/PycharmProjects/venvEdgar/lib/python3.7/site-packages/airflow/example_dags/example_trigger_target_dag.py took 0.048 seconds
[2021-03-22 03:01:25,904] {scheduler_job.py:182} INFO - Started process (PID=27618) to work on /Users/akshaybhoge/PycharmProjects/venvEdgar/lib/python3.7/site-packages/airflow/example_dags/example_trigger_target_dag.py
[2021-03-22 03:01:25,906] {scheduler_job.py:629} INFO - Processing file /Users/akshaybhoge/PycharmProjects/venvEdgar/lib/python3.7/site-packages/airflow/example_dags/example_trigger_target_dag.py for tasks to queue
[2021-03-22 03:01:25,907] {logging_mixin.py:104} INFO - [2021-03-22 03:01:25,907] {dagbag.py:448} INFO - Filling up the DagBag from /Users/akshaybhoge/PycharmProjects/venvEdgar/lib/python3.7/site-packages/airflow/example_dags/example_trigger_target_dag.py
[2021-03-22 03:01:25,920] {scheduler_job.py:639} INFO - DAG(s) dict_keys(['example_trigger_target_dag']) retrieved from /Users/akshaybhoge/PycharmProjects/venvEdgar/lib/python3.7/site-packages/airflow/example_dags/example_trigger_target_dag.py
[2021-03-22 03:01:25,933] {logging_mixin.py:104} INFO - [2021-03-22 03:01:25,933] {dag.py:1818} INFO - Sync 1 DAGs
[2021-03-22 03:01:25,942] {logging_mixin.py:104} INFO - [2021-03-22 03:01:25,942] {dag.py:2273} INFO - Setting next_dagrun for example_trigger_target_dag to None
[2021-03-22 03:01:25,948] {scheduler_job.py:190} INFO - Processing /Users/akshaybhoge/PycharmProjects/venvEdgar/lib/python3.7/site-packages/airflow/example_dags/example_trigger_target_dag.py took 0.048 seconds
[2021-03-22 03:01:58,005] {scheduler_job.py:182} INFO - Started process (PID=27648) to work on /Users/akshaybhoge/PycharmProjects/venvEdgar/lib/python3.7/site-packages/airflow/example_dags/example_trigger_target_dag.py
[2021-03-22 03:01:58,007] {scheduler_job.py:629} INFO - Processing file /Users/akshaybhoge/PycharmProjects/venvEdgar/lib/python3.7/site-packages/airflow/example_dags/example_trigger_target_dag.py for tasks to queue
[2021-03-22 03:01:58,008] {logging_mixin.py:104} INFO - [2021-03-22 03:01:58,008] {dagbag.py:448} INFO - Filling up the DagBag from /Users/akshaybhoge/PycharmProjects/venvEdgar/lib/python3.7/site-packages/airflow/example_dags/example_trigger_target_dag.py
[2021-03-22 03:01:58,020] {scheduler_job.py:639} INFO - DAG(s) dict_keys(['example_trigger_target_dag']) retrieved from /Users/akshaybhoge/PycharmProjects/venvEdgar/lib/python3.7/site-packages/airflow/example_dags/example_trigger_target_dag.py
[2021-03-22 03:01:58,033] {logging_mixin.py:104} INFO - [2021-03-22 03:01:58,032] {dag.py:1818} INFO - Sync 1 DAGs
[2021-03-22 03:01:58,042] {logging_mixin.py:104} INFO - [2021-03-22 03:01:58,042] {dag.py:2273} INFO - Setting next_dagrun for example_trigger_target_dag to None
[2021-03-22 03:01:58,048] {scheduler_job.py:190} INFO - Processing /Users/akshaybhoge/PycharmProjects/venvEdgar/lib/python3.7/site-packages/airflow/example_dags/example_trigger_target_dag.py took 0.046 seconds
[2021-03-22 03:02:30,014] {scheduler_job.py:182} INFO - Started process (PID=27679) to work on /Users/akshaybhoge/PycharmProjects/venvEdgar/lib/python3.7/site-packages/airflow/example_dags/example_trigger_target_dag.py
[2021-03-22 03:02:30,015] {scheduler_job.py:629} INFO - Processing file /Users/akshaybhoge/PycharmProjects/venvEdgar/lib/python3.7/site-packages/airflow/example_dags/example_trigger_target_dag.py for tasks to queue
[2021-03-22 03:02:30,017] {logging_mixin.py:104} INFO - [2021-03-22 03:02:30,016] {dagbag.py:448} INFO - Filling up the DagBag from /Users/akshaybhoge/PycharmProjects/venvEdgar/lib/python3.7/site-packages/airflow/example_dags/example_trigger_target_dag.py
[2021-03-22 03:02:30,029] {scheduler_job.py:639} INFO - DAG(s) dict_keys(['example_trigger_target_dag']) retrieved from /Users/akshaybhoge/PycharmProjects/venvEdgar/lib/python3.7/site-packages/airflow/example_dags/example_trigger_target_dag.py
[2021-03-22 03:02:30,042] {logging_mixin.py:104} INFO - [2021-03-22 03:02:30,041] {dag.py:1818} INFO - Sync 1 DAGs
[2021-03-22 03:02:30,052] {logging_mixin.py:104} INFO - [2021-03-22 03:02:30,051] {dag.py:2273} INFO - Setting next_dagrun for example_trigger_target_dag to None
[2021-03-22 03:02:30,058] {scheduler_job.py:190} INFO - Processing /Users/akshaybhoge/PycharmProjects/venvEdgar/lib/python3.7/site-packages/airflow/example_dags/example_trigger_target_dag.py took 0.048 seconds
[2021-03-22 03:03:02,155] {scheduler_job.py:182} INFO - Started process (PID=27712) to work on /Users/akshaybhoge/PycharmProjects/venvEdgar/lib/python3.7/site-packages/airflow/example_dags/example_trigger_target_dag.py
[2021-03-22 03:03:02,157] {scheduler_job.py:629} INFO - Processing file /Users/akshaybhoge/PycharmProjects/venvEdgar/lib/python3.7/site-packages/airflow/example_dags/example_trigger_target_dag.py for tasks to queue
[2021-03-22 03:03:02,158] {logging_mixin.py:104} INFO - [2021-03-22 03:03:02,158] {dagbag.py:448} INFO - Filling up the DagBag from /Users/akshaybhoge/PycharmProjects/venvEdgar/lib/python3.7/site-packages/airflow/example_dags/example_trigger_target_dag.py
[2021-03-22 03:03:02,171] {scheduler_job.py:639} INFO - DAG(s) dict_keys(['example_trigger_target_dag']) retrieved from /Users/akshaybhoge/PycharmProjects/venvEdgar/lib/python3.7/site-packages/airflow/example_dags/example_trigger_target_dag.py
[2021-03-22 03:03:02,183] {logging_mixin.py:104} INFO - [2021-03-22 03:03:02,183] {dag.py:1818} INFO - Sync 1 DAGs
[2021-03-22 03:03:02,193] {logging_mixin.py:104} INFO - [2021-03-22 03:03:02,192] {dag.py:2273} INFO - Setting next_dagrun for example_trigger_target_dag to None
[2021-03-22 03:03:02,198] {scheduler_job.py:190} INFO - Processing /Users/akshaybhoge/PycharmProjects/venvEdgar/lib/python3.7/site-packages/airflow/example_dags/example_trigger_target_dag.py took 0.046 seconds
[2021-03-22 03:03:34,282] {scheduler_job.py:182} INFO - Started process (PID=27760) to work on /Users/akshaybhoge/PycharmProjects/venvEdgar/lib/python3.7/site-packages/airflow/example_dags/example_trigger_target_dag.py
[2021-03-22 03:03:34,285] {scheduler_job.py:629} INFO - Processing file /Users/akshaybhoge/PycharmProjects/venvEdgar/lib/python3.7/site-packages/airflow/example_dags/example_trigger_target_dag.py for tasks to queue
[2021-03-22 03:03:34,286] {logging_mixin.py:104} INFO - [2021-03-22 03:03:34,285] {dagbag.py:448} INFO - Filling up the DagBag from /Users/akshaybhoge/PycharmProjects/venvEdgar/lib/python3.7/site-packages/airflow/example_dags/example_trigger_target_dag.py
[2021-03-22 03:03:34,297] {scheduler_job.py:639} INFO - DAG(s) dict_keys(['example_trigger_target_dag']) retrieved from /Users/akshaybhoge/PycharmProjects/venvEdgar/lib/python3.7/site-packages/airflow/example_dags/example_trigger_target_dag.py
[2021-03-22 03:03:34,310] {logging_mixin.py:104} INFO - [2021-03-22 03:03:34,310] {dag.py:1818} INFO - Sync 1 DAGs
[2021-03-22 03:03:34,319] {logging_mixin.py:104} INFO - [2021-03-22 03:03:34,319] {dag.py:2273} INFO - Setting next_dagrun for example_trigger_target_dag to None
[2021-03-22 03:03:34,325] {scheduler_job.py:190} INFO - Processing /Users/akshaybhoge/PycharmProjects/venvEdgar/lib/python3.7/site-packages/airflow/example_dags/example_trigger_target_dag.py took 0.048 seconds
[2021-03-22 03:04:06,398] {scheduler_job.py:182} INFO - Started process (PID=27801) to work on /Users/akshaybhoge/PycharmProjects/venvEdgar/lib/python3.7/site-packages/airflow/example_dags/example_trigger_target_dag.py
[2021-03-22 03:04:06,401] {scheduler_job.py:629} INFO - Processing file /Users/akshaybhoge/PycharmProjects/venvEdgar/lib/python3.7/site-packages/airflow/example_dags/example_trigger_target_dag.py for tasks to queue
[2021-03-22 03:04:06,403] {logging_mixin.py:104} INFO - [2021-03-22 03:04:06,402] {dagbag.py:448} INFO - Filling up the DagBag from /Users/akshaybhoge/PycharmProjects/venvEdgar/lib/python3.7/site-packages/airflow/example_dags/example_trigger_target_dag.py
[2021-03-22 03:04:06,415] {scheduler_job.py:639} INFO - DAG(s) dict_keys(['example_trigger_target_dag']) retrieved from /Users/akshaybhoge/PycharmProjects/venvEdgar/lib/python3.7/site-packages/airflow/example_dags/example_trigger_target_dag.py
[2021-03-22 03:04:06,429] {logging_mixin.py:104} INFO - [2021-03-22 03:04:06,429] {dag.py:1818} INFO - Sync 1 DAGs
[2021-03-22 03:04:06,457] {logging_mixin.py:104} INFO - [2021-03-22 03:04:06,456] {dag.py:2273} INFO - Setting next_dagrun for example_trigger_target_dag to None
[2021-03-22 03:04:06,462] {scheduler_job.py:190} INFO - Processing /Users/akshaybhoge/PycharmProjects/venvEdgar/lib/python3.7/site-packages/airflow/example_dags/example_trigger_target_dag.py took 0.067 seconds
[2021-03-22 03:04:38,502] {scheduler_job.py:182} INFO - Started process (PID=27838) to work on /Users/akshaybhoge/PycharmProjects/venvEdgar/lib/python3.7/site-packages/airflow/example_dags/example_trigger_target_dag.py
[2021-03-22 03:04:38,503] {scheduler_job.py:629} INFO - Processing file /Users/akshaybhoge/PycharmProjects/venvEdgar/lib/python3.7/site-packages/airflow/example_dags/example_trigger_target_dag.py for tasks to queue
[2021-03-22 03:04:38,504] {logging_mixin.py:104} INFO - [2021-03-22 03:04:38,504] {dagbag.py:448} INFO - Filling up the DagBag from /Users/akshaybhoge/PycharmProjects/venvEdgar/lib/python3.7/site-packages/airflow/example_dags/example_trigger_target_dag.py
[2021-03-22 03:04:38,515] {scheduler_job.py:639} INFO - DAG(s) dict_keys(['example_trigger_target_dag']) retrieved from /Users/akshaybhoge/PycharmProjects/venvEdgar/lib/python3.7/site-packages/airflow/example_dags/example_trigger_target_dag.py
[2021-03-22 03:04:38,528] {logging_mixin.py:104} INFO - [2021-03-22 03:04:38,527] {dag.py:1818} INFO - Sync 1 DAGs
[2021-03-22 03:04:38,536] {logging_mixin.py:104} INFO - [2021-03-22 03:04:38,536] {dag.py:2273} INFO - Setting next_dagrun for example_trigger_target_dag to None
[2021-03-22 03:04:38,542] {scheduler_job.py:190} INFO - Processing /Users/akshaybhoge/PycharmProjects/venvEdgar/lib/python3.7/site-packages/airflow/example_dags/example_trigger_target_dag.py took 0.043 seconds
[2021-03-22 03:05:10,617] {scheduler_job.py:182} INFO - Started process (PID=27877) to work on /Users/akshaybhoge/PycharmProjects/venvEdgar/lib/python3.7/site-packages/airflow/example_dags/example_trigger_target_dag.py
[2021-03-22 03:05:10,619] {scheduler_job.py:629} INFO - Processing file /Users/akshaybhoge/PycharmProjects/venvEdgar/lib/python3.7/site-packages/airflow/example_dags/example_trigger_target_dag.py for tasks to queue
[2021-03-22 03:05:10,620] {logging_mixin.py:104} INFO - [2021-03-22 03:05:10,620] {dagbag.py:448} INFO - Filling up the DagBag from /Users/akshaybhoge/PycharmProjects/venvEdgar/lib/python3.7/site-packages/airflow/example_dags/example_trigger_target_dag.py
[2021-03-22 03:05:10,633] {scheduler_job.py:639} INFO - DAG(s) dict_keys(['example_trigger_target_dag']) retrieved from /Users/akshaybhoge/PycharmProjects/venvEdgar/lib/python3.7/site-packages/airflow/example_dags/example_trigger_target_dag.py
[2021-03-22 03:05:10,645] {logging_mixin.py:104} INFO - [2021-03-22 03:05:10,645] {dag.py:1818} INFO - Sync 1 DAGs
[2021-03-22 03:05:10,654] {logging_mixin.py:104} INFO - [2021-03-22 03:05:10,654] {dag.py:2273} INFO - Setting next_dagrun for example_trigger_target_dag to None
[2021-03-22 03:05:10,660] {scheduler_job.py:190} INFO - Processing /Users/akshaybhoge/PycharmProjects/venvEdgar/lib/python3.7/site-packages/airflow/example_dags/example_trigger_target_dag.py took 0.046 seconds
[2021-03-22 03:05:41,626] {scheduler_job.py:182} INFO - Started process (PID=27910) to work on /Users/akshaybhoge/PycharmProjects/venvEdgar/lib/python3.7/site-packages/airflow/example_dags/example_trigger_target_dag.py
[2021-03-22 03:05:41,627] {scheduler_job.py:629} INFO - Processing file /Users/akshaybhoge/PycharmProjects/venvEdgar/lib/python3.7/site-packages/airflow/example_dags/example_trigger_target_dag.py for tasks to queue
[2021-03-22 03:05:41,628] {logging_mixin.py:104} INFO - [2021-03-22 03:05:41,628] {dagbag.py:448} INFO - Filling up the DagBag from /Users/akshaybhoge/PycharmProjects/venvEdgar/lib/python3.7/site-packages/airflow/example_dags/example_trigger_target_dag.py
[2021-03-22 03:05:41,642] {scheduler_job.py:639} INFO - DAG(s) dict_keys(['example_trigger_target_dag']) retrieved from /Users/akshaybhoge/PycharmProjects/venvEdgar/lib/python3.7/site-packages/airflow/example_dags/example_trigger_target_dag.py
[2021-03-22 03:05:41,655] {logging_mixin.py:104} INFO - [2021-03-22 03:05:41,655] {dag.py:1818} INFO - Sync 1 DAGs
[2021-03-22 03:05:41,665] {logging_mixin.py:104} INFO - [2021-03-22 03:05:41,664] {dag.py:2273} INFO - Setting next_dagrun for example_trigger_target_dag to None
[2021-03-22 03:05:41,670] {scheduler_job.py:190} INFO - Processing /Users/akshaybhoge/PycharmProjects/venvEdgar/lib/python3.7/site-packages/airflow/example_dags/example_trigger_target_dag.py took 0.048 seconds
[2021-03-22 03:06:13,726] {scheduler_job.py:182} INFO - Started process (PID=27948) to work on /Users/akshaybhoge/PycharmProjects/venvEdgar/lib/python3.7/site-packages/airflow/example_dags/example_trigger_target_dag.py
[2021-03-22 03:06:13,727] {scheduler_job.py:629} INFO - Processing file /Users/akshaybhoge/PycharmProjects/venvEdgar/lib/python3.7/site-packages/airflow/example_dags/example_trigger_target_dag.py for tasks to queue
[2021-03-22 03:06:13,728] {logging_mixin.py:104} INFO - [2021-03-22 03:06:13,728] {dagbag.py:448} INFO - Filling up the DagBag from /Users/akshaybhoge/PycharmProjects/venvEdgar/lib/python3.7/site-packages/airflow/example_dags/example_trigger_target_dag.py
[2021-03-22 03:06:13,740] {scheduler_job.py:639} INFO - DAG(s) dict_keys(['example_trigger_target_dag']) retrieved from /Users/akshaybhoge/PycharmProjects/venvEdgar/lib/python3.7/site-packages/airflow/example_dags/example_trigger_target_dag.py
[2021-03-22 03:06:13,752] {logging_mixin.py:104} INFO - [2021-03-22 03:06:13,751] {dag.py:1818} INFO - Sync 1 DAGs
[2021-03-22 03:06:13,760] {logging_mixin.py:104} INFO - [2021-03-22 03:06:13,760] {dag.py:2273} INFO - Setting next_dagrun for example_trigger_target_dag to None
[2021-03-22 03:06:13,766] {scheduler_job.py:190} INFO - Processing /Users/akshaybhoge/PycharmProjects/venvEdgar/lib/python3.7/site-packages/airflow/example_dags/example_trigger_target_dag.py took 0.044 seconds
[2021-03-22 03:06:45,952] {scheduler_job.py:182} INFO - Started process (PID=27983) to work on /Users/akshaybhoge/PycharmProjects/venvEdgar/lib/python3.7/site-packages/airflow/example_dags/example_trigger_target_dag.py
[2021-03-22 03:06:45,953] {scheduler_job.py:629} INFO - Processing file /Users/akshaybhoge/PycharmProjects/venvEdgar/lib/python3.7/site-packages/airflow/example_dags/example_trigger_target_dag.py for tasks to queue
[2021-03-22 03:06:45,954] {logging_mixin.py:104} INFO - [2021-03-22 03:06:45,954] {dagbag.py:448} INFO - Filling up the DagBag from /Users/akshaybhoge/PycharmProjects/venvEdgar/lib/python3.7/site-packages/airflow/example_dags/example_trigger_target_dag.py
[2021-03-22 03:06:45,967] {scheduler_job.py:639} INFO - DAG(s) dict_keys(['example_trigger_target_dag']) retrieved from /Users/akshaybhoge/PycharmProjects/venvEdgar/lib/python3.7/site-packages/airflow/example_dags/example_trigger_target_dag.py
[2021-03-22 03:06:45,980] {logging_mixin.py:104} INFO - [2021-03-22 03:06:45,979] {dag.py:1818} INFO - Sync 1 DAGs
[2021-03-22 03:06:45,988] {logging_mixin.py:104} INFO - [2021-03-22 03:06:45,988] {dag.py:2273} INFO - Setting next_dagrun for example_trigger_target_dag to None
[2021-03-22 03:06:45,994] {scheduler_job.py:190} INFO - Processing /Users/akshaybhoge/PycharmProjects/venvEdgar/lib/python3.7/site-packages/airflow/example_dags/example_trigger_target_dag.py took 0.046 seconds
[2021-03-22 03:07:18,195] {scheduler_job.py:182} INFO - Started process (PID=28014) to work on /Users/akshaybhoge/PycharmProjects/venvEdgar/lib/python3.7/site-packages/airflow/example_dags/example_trigger_target_dag.py
[2021-03-22 03:07:18,196] {scheduler_job.py:629} INFO - Processing file /Users/akshaybhoge/PycharmProjects/venvEdgar/lib/python3.7/site-packages/airflow/example_dags/example_trigger_target_dag.py for tasks to queue
[2021-03-22 03:07:18,197] {logging_mixin.py:104} INFO - [2021-03-22 03:07:18,197] {dagbag.py:448} INFO - Filling up the DagBag from /Users/akshaybhoge/PycharmProjects/venvEdgar/lib/python3.7/site-packages/airflow/example_dags/example_trigger_target_dag.py
[2021-03-22 03:07:18,209] {scheduler_job.py:639} INFO - DAG(s) dict_keys(['example_trigger_target_dag']) retrieved from /Users/akshaybhoge/PycharmProjects/venvEdgar/lib/python3.7/site-packages/airflow/example_dags/example_trigger_target_dag.py
[2021-03-22 03:07:18,222] {logging_mixin.py:104} INFO - [2021-03-22 03:07:18,221] {dag.py:1818} INFO - Sync 1 DAGs
[2021-03-22 03:07:18,230] {logging_mixin.py:104} INFO - [2021-03-22 03:07:18,230] {dag.py:2273} INFO - Setting next_dagrun for example_trigger_target_dag to None
[2021-03-22 03:07:18,236] {scheduler_job.py:190} INFO - Processing /Users/akshaybhoge/PycharmProjects/venvEdgar/lib/python3.7/site-packages/airflow/example_dags/example_trigger_target_dag.py took 0.045 seconds
[2021-03-22 03:07:50,416] {scheduler_job.py:182} INFO - Started process (PID=28049) to work on /Users/akshaybhoge/PycharmProjects/venvEdgar/lib/python3.7/site-packages/airflow/example_dags/example_trigger_target_dag.py
[2021-03-22 03:07:50,418] {scheduler_job.py:629} INFO - Processing file /Users/akshaybhoge/PycharmProjects/venvEdgar/lib/python3.7/site-packages/airflow/example_dags/example_trigger_target_dag.py for tasks to queue
[2021-03-22 03:07:50,419] {logging_mixin.py:104} INFO - [2021-03-22 03:07:50,419] {dagbag.py:448} INFO - Filling up the DagBag from /Users/akshaybhoge/PycharmProjects/venvEdgar/lib/python3.7/site-packages/airflow/example_dags/example_trigger_target_dag.py
[2021-03-22 03:07:50,431] {scheduler_job.py:639} INFO - DAG(s) dict_keys(['example_trigger_target_dag']) retrieved from /Users/akshaybhoge/PycharmProjects/venvEdgar/lib/python3.7/site-packages/airflow/example_dags/example_trigger_target_dag.py
[2021-03-22 03:07:50,445] {logging_mixin.py:104} INFO - [2021-03-22 03:07:50,444] {dag.py:1818} INFO - Sync 1 DAGs
[2021-03-22 03:07:50,454] {logging_mixin.py:104} INFO - [2021-03-22 03:07:50,454] {dag.py:2273} INFO - Setting next_dagrun for example_trigger_target_dag to None
[2021-03-22 03:07:50,460] {scheduler_job.py:190} INFO - Processing /Users/akshaybhoge/PycharmProjects/venvEdgar/lib/python3.7/site-packages/airflow/example_dags/example_trigger_target_dag.py took 0.047 seconds
[2021-03-22 03:08:22,631] {scheduler_job.py:182} INFO - Started process (PID=28085) to work on /Users/akshaybhoge/PycharmProjects/venvEdgar/lib/python3.7/site-packages/airflow/example_dags/example_trigger_target_dag.py
[2021-03-22 03:08:22,632] {scheduler_job.py:629} INFO - Processing file /Users/akshaybhoge/PycharmProjects/venvEdgar/lib/python3.7/site-packages/airflow/example_dags/example_trigger_target_dag.py for tasks to queue
[2021-03-22 03:08:22,633] {logging_mixin.py:104} INFO - [2021-03-22 03:08:22,633] {dagbag.py:448} INFO - Filling up the DagBag from /Users/akshaybhoge/PycharmProjects/venvEdgar/lib/python3.7/site-packages/airflow/example_dags/example_trigger_target_dag.py
[2021-03-22 03:08:22,645] {scheduler_job.py:639} INFO - DAG(s) dict_keys(['example_trigger_target_dag']) retrieved from /Users/akshaybhoge/PycharmProjects/venvEdgar/lib/python3.7/site-packages/airflow/example_dags/example_trigger_target_dag.py
[2021-03-22 03:08:22,656] {logging_mixin.py:104} INFO - [2021-03-22 03:08:22,656] {dag.py:1818} INFO - Sync 1 DAGs
[2021-03-22 03:08:22,665] {logging_mixin.py:104} INFO - [2021-03-22 03:08:22,665] {dag.py:2273} INFO - Setting next_dagrun for example_trigger_target_dag to None
[2021-03-22 03:08:22,670] {scheduler_job.py:190} INFO - Processing /Users/akshaybhoge/PycharmProjects/venvEdgar/lib/python3.7/site-packages/airflow/example_dags/example_trigger_target_dag.py took 0.042 seconds
[2021-03-22 03:08:54,908] {scheduler_job.py:182} INFO - Started process (PID=28123) to work on /Users/akshaybhoge/PycharmProjects/venvEdgar/lib/python3.7/site-packages/airflow/example_dags/example_trigger_target_dag.py
[2021-03-22 03:08:54,913] {scheduler_job.py:629} INFO - Processing file /Users/akshaybhoge/PycharmProjects/venvEdgar/lib/python3.7/site-packages/airflow/example_dags/example_trigger_target_dag.py for tasks to queue
[2021-03-22 03:08:54,915] {logging_mixin.py:104} INFO - [2021-03-22 03:08:54,915] {dagbag.py:448} INFO - Filling up the DagBag from /Users/akshaybhoge/PycharmProjects/venvEdgar/lib/python3.7/site-packages/airflow/example_dags/example_trigger_target_dag.py
[2021-03-22 03:08:54,931] {scheduler_job.py:639} INFO - DAG(s) dict_keys(['example_trigger_target_dag']) retrieved from /Users/akshaybhoge/PycharmProjects/venvEdgar/lib/python3.7/site-packages/airflow/example_dags/example_trigger_target_dag.py
[2021-03-22 03:08:54,946] {logging_mixin.py:104} INFO - [2021-03-22 03:08:54,946] {dag.py:1818} INFO - Sync 1 DAGs
[2021-03-22 03:08:54,957] {logging_mixin.py:104} INFO - [2021-03-22 03:08:54,956] {dag.py:2273} INFO - Setting next_dagrun for example_trigger_target_dag to None
[2021-03-22 03:08:54,963] {scheduler_job.py:190} INFO - Processing /Users/akshaybhoge/PycharmProjects/venvEdgar/lib/python3.7/site-packages/airflow/example_dags/example_trigger_target_dag.py took 0.062 seconds
[2021-03-22 03:11:44,633] {scheduler_job.py:182} INFO - Started process (PID=28229) to work on /Users/akshaybhoge/PycharmProjects/venvEdgar/lib/python3.7/site-packages/airflow/example_dags/example_trigger_target_dag.py
[2021-03-22 03:11:44,639] {scheduler_job.py:629} INFO - Processing file /Users/akshaybhoge/PycharmProjects/venvEdgar/lib/python3.7/site-packages/airflow/example_dags/example_trigger_target_dag.py for tasks to queue
[2021-03-22 03:11:44,645] {logging_mixin.py:104} INFO - [2021-03-22 03:11:44,643] {dagbag.py:448} INFO - Filling up the DagBag from /Users/akshaybhoge/PycharmProjects/venvEdgar/lib/python3.7/site-packages/airflow/example_dags/example_trigger_target_dag.py
[2021-03-22 03:11:44,699] {scheduler_job.py:639} INFO - DAG(s) dict_keys(['example_trigger_target_dag']) retrieved from /Users/akshaybhoge/PycharmProjects/venvEdgar/lib/python3.7/site-packages/airflow/example_dags/example_trigger_target_dag.py
[2021-03-22 03:11:44,744] {logging_mixin.py:104} INFO - [2021-03-22 03:11:44,743] {dag.py:1818} INFO - Sync 1 DAGs
[2021-03-22 03:11:44,781] {logging_mixin.py:104} INFO - [2021-03-22 03:11:44,780] {dag.py:2273} INFO - Setting next_dagrun for example_trigger_target_dag to None
[2021-03-22 03:11:44,805] {scheduler_job.py:190} INFO - Processing /Users/akshaybhoge/PycharmProjects/venvEdgar/lib/python3.7/site-packages/airflow/example_dags/example_trigger_target_dag.py took 0.184 seconds
[2021-03-22 03:12:20,875] {scheduler_job.py:182} INFO - Started process (PID=28275) to work on /Users/akshaybhoge/PycharmProjects/venvEdgar/lib/python3.7/site-packages/airflow/example_dags/example_trigger_target_dag.py
[2021-03-22 03:12:20,880] {scheduler_job.py:629} INFO - Processing file /Users/akshaybhoge/PycharmProjects/venvEdgar/lib/python3.7/site-packages/airflow/example_dags/example_trigger_target_dag.py for tasks to queue
[2021-03-22 03:12:20,885] {logging_mixin.py:104} INFO - [2021-03-22 03:12:20,883] {dagbag.py:448} INFO - Filling up the DagBag from /Users/akshaybhoge/PycharmProjects/venvEdgar/lib/python3.7/site-packages/airflow/example_dags/example_trigger_target_dag.py
[2021-03-22 03:12:20,934] {scheduler_job.py:639} INFO - DAG(s) dict_keys(['example_trigger_target_dag']) retrieved from /Users/akshaybhoge/PycharmProjects/venvEdgar/lib/python3.7/site-packages/airflow/example_dags/example_trigger_target_dag.py
[2021-03-22 03:12:20,982] {logging_mixin.py:104} INFO - [2021-03-22 03:12:20,980] {dag.py:1818} INFO - Sync 1 DAGs
[2021-03-22 03:12:21,018] {logging_mixin.py:104} INFO - [2021-03-22 03:12:21,017] {dag.py:2273} INFO - Setting next_dagrun for example_trigger_target_dag to None
[2021-03-22 03:12:21,042] {scheduler_job.py:190} INFO - Processing /Users/akshaybhoge/PycharmProjects/venvEdgar/lib/python3.7/site-packages/airflow/example_dags/example_trigger_target_dag.py took 0.179 seconds
[2021-03-22 03:13:39,798] {scheduler_job.py:182} INFO - Started process (PID=28342) to work on /Users/akshaybhoge/PycharmProjects/venvEdgar/lib/python3.7/site-packages/airflow/example_dags/example_trigger_target_dag.py
[2021-03-22 03:13:39,800] {scheduler_job.py:629} INFO - Processing file /Users/akshaybhoge/PycharmProjects/venvEdgar/lib/python3.7/site-packages/airflow/example_dags/example_trigger_target_dag.py for tasks to queue
[2021-03-22 03:13:39,801] {logging_mixin.py:104} INFO - [2021-03-22 03:13:39,801] {dagbag.py:448} INFO - Filling up the DagBag from /Users/akshaybhoge/PycharmProjects/venvEdgar/lib/python3.7/site-packages/airflow/example_dags/example_trigger_target_dag.py
[2021-03-22 03:13:39,815] {scheduler_job.py:639} INFO - DAG(s) dict_keys(['example_trigger_target_dag']) retrieved from /Users/akshaybhoge/PycharmProjects/venvEdgar/lib/python3.7/site-packages/airflow/example_dags/example_trigger_target_dag.py
[2021-03-22 03:13:39,827] {logging_mixin.py:104} INFO - [2021-03-22 03:13:39,827] {dag.py:1818} INFO - Sync 1 DAGs
[2021-03-22 03:13:39,862] {logging_mixin.py:104} INFO - [2021-03-22 03:13:39,861] {dag.py:2273} INFO - Setting next_dagrun for example_trigger_target_dag to None
[2021-03-22 03:13:39,869] {scheduler_job.py:190} INFO - Processing /Users/akshaybhoge/PycharmProjects/venvEdgar/lib/python3.7/site-packages/airflow/example_dags/example_trigger_target_dag.py took 0.074 seconds
[2021-03-22 03:14:11,956] {scheduler_job.py:182} INFO - Started process (PID=28386) to work on /Users/akshaybhoge/PycharmProjects/venvEdgar/lib/python3.7/site-packages/airflow/example_dags/example_trigger_target_dag.py
[2021-03-22 03:14:11,958] {scheduler_job.py:629} INFO - Processing file /Users/akshaybhoge/PycharmProjects/venvEdgar/lib/python3.7/site-packages/airflow/example_dags/example_trigger_target_dag.py for tasks to queue
[2021-03-22 03:14:11,959] {logging_mixin.py:104} INFO - [2021-03-22 03:14:11,959] {dagbag.py:448} INFO - Filling up the DagBag from /Users/akshaybhoge/PycharmProjects/venvEdgar/lib/python3.7/site-packages/airflow/example_dags/example_trigger_target_dag.py
[2021-03-22 03:14:11,970] {scheduler_job.py:639} INFO - DAG(s) dict_keys(['example_trigger_target_dag']) retrieved from /Users/akshaybhoge/PycharmProjects/venvEdgar/lib/python3.7/site-packages/airflow/example_dags/example_trigger_target_dag.py
[2021-03-22 03:14:11,982] {logging_mixin.py:104} INFO - [2021-03-22 03:14:11,982] {dag.py:1818} INFO - Sync 1 DAGs
[2021-03-22 03:14:11,990] {logging_mixin.py:104} INFO - [2021-03-22 03:14:11,990] {dag.py:2273} INFO - Setting next_dagrun for example_trigger_target_dag to None
[2021-03-22 03:14:11,996] {scheduler_job.py:190} INFO - Processing /Users/akshaybhoge/PycharmProjects/venvEdgar/lib/python3.7/site-packages/airflow/example_dags/example_trigger_target_dag.py took 0.043 seconds
[2021-03-22 03:14:42,928] {scheduler_job.py:182} INFO - Started process (PID=28438) to work on /Users/akshaybhoge/PycharmProjects/venvEdgar/lib/python3.7/site-packages/airflow/example_dags/example_trigger_target_dag.py
[2021-03-22 03:14:42,930] {scheduler_job.py:629} INFO - Processing file /Users/akshaybhoge/PycharmProjects/venvEdgar/lib/python3.7/site-packages/airflow/example_dags/example_trigger_target_dag.py for tasks to queue
[2021-03-22 03:14:42,931] {logging_mixin.py:104} INFO - [2021-03-22 03:14:42,931] {dagbag.py:448} INFO - Filling up the DagBag from /Users/akshaybhoge/PycharmProjects/venvEdgar/lib/python3.7/site-packages/airflow/example_dags/example_trigger_target_dag.py
[2021-03-22 03:14:42,944] {scheduler_job.py:639} INFO - DAG(s) dict_keys(['example_trigger_target_dag']) retrieved from /Users/akshaybhoge/PycharmProjects/venvEdgar/lib/python3.7/site-packages/airflow/example_dags/example_trigger_target_dag.py
[2021-03-22 03:14:42,957] {logging_mixin.py:104} INFO - [2021-03-22 03:14:42,956] {dag.py:1818} INFO - Sync 1 DAGs
[2021-03-22 03:14:42,966] {logging_mixin.py:104} INFO - [2021-03-22 03:14:42,966] {dag.py:2273} INFO - Setting next_dagrun for example_trigger_target_dag to None
[2021-03-22 03:14:42,973] {scheduler_job.py:190} INFO - Processing /Users/akshaybhoge/PycharmProjects/venvEdgar/lib/python3.7/site-packages/airflow/example_dags/example_trigger_target_dag.py took 0.050 seconds
[2021-03-22 03:15:13,659] {scheduler_job.py:182} INFO - Started process (PID=28476) to work on /Users/akshaybhoge/PycharmProjects/venvEdgar/lib/python3.7/site-packages/airflow/example_dags/example_trigger_target_dag.py
[2021-03-22 03:15:13,661] {scheduler_job.py:629} INFO - Processing file /Users/akshaybhoge/PycharmProjects/venvEdgar/lib/python3.7/site-packages/airflow/example_dags/example_trigger_target_dag.py for tasks to queue
[2021-03-22 03:15:13,663] {logging_mixin.py:104} INFO - [2021-03-22 03:15:13,662] {dagbag.py:448} INFO - Filling up the DagBag from /Users/akshaybhoge/PycharmProjects/venvEdgar/lib/python3.7/site-packages/airflow/example_dags/example_trigger_target_dag.py
[2021-03-22 03:15:13,675] {scheduler_job.py:639} INFO - DAG(s) dict_keys(['example_trigger_target_dag']) retrieved from /Users/akshaybhoge/PycharmProjects/venvEdgar/lib/python3.7/site-packages/airflow/example_dags/example_trigger_target_dag.py
[2021-03-22 03:15:13,688] {logging_mixin.py:104} INFO - [2021-03-22 03:15:13,688] {dag.py:1818} INFO - Sync 1 DAGs
[2021-03-22 03:15:13,697] {logging_mixin.py:104} INFO - [2021-03-22 03:15:13,697] {dag.py:2273} INFO - Setting next_dagrun for example_trigger_target_dag to None
[2021-03-22 03:15:13,703] {scheduler_job.py:190} INFO - Processing /Users/akshaybhoge/PycharmProjects/venvEdgar/lib/python3.7/site-packages/airflow/example_dags/example_trigger_target_dag.py took 0.048 seconds
[2021-03-22 03:15:45,756] {scheduler_job.py:182} INFO - Started process (PID=28512) to work on /Users/akshaybhoge/PycharmProjects/venvEdgar/lib/python3.7/site-packages/airflow/example_dags/example_trigger_target_dag.py
[2021-03-22 03:15:45,758] {scheduler_job.py:629} INFO - Processing file /Users/akshaybhoge/PycharmProjects/venvEdgar/lib/python3.7/site-packages/airflow/example_dags/example_trigger_target_dag.py for tasks to queue
[2021-03-22 03:15:45,759] {logging_mixin.py:104} INFO - [2021-03-22 03:15:45,759] {dagbag.py:448} INFO - Filling up the DagBag from /Users/akshaybhoge/PycharmProjects/venvEdgar/lib/python3.7/site-packages/airflow/example_dags/example_trigger_target_dag.py
[2021-03-22 03:15:45,772] {scheduler_job.py:639} INFO - DAG(s) dict_keys(['example_trigger_target_dag']) retrieved from /Users/akshaybhoge/PycharmProjects/venvEdgar/lib/python3.7/site-packages/airflow/example_dags/example_trigger_target_dag.py
[2021-03-22 03:15:45,784] {logging_mixin.py:104} INFO - [2021-03-22 03:15:45,783] {dag.py:1818} INFO - Sync 1 DAGs
[2021-03-22 03:15:45,792] {logging_mixin.py:104} INFO - [2021-03-22 03:15:45,792] {dag.py:2273} INFO - Setting next_dagrun for example_trigger_target_dag to None
[2021-03-22 03:15:45,798] {scheduler_job.py:190} INFO - Processing /Users/akshaybhoge/PycharmProjects/venvEdgar/lib/python3.7/site-packages/airflow/example_dags/example_trigger_target_dag.py took 0.046 seconds
[2021-03-22 03:16:17,398] {scheduler_job.py:182} INFO - Started process (PID=28557) to work on /Users/akshaybhoge/PycharmProjects/venvEdgar/lib/python3.7/site-packages/airflow/example_dags/example_trigger_target_dag.py
[2021-03-22 03:16:17,400] {scheduler_job.py:629} INFO - Processing file /Users/akshaybhoge/PycharmProjects/venvEdgar/lib/python3.7/site-packages/airflow/example_dags/example_trigger_target_dag.py for tasks to queue
[2021-03-22 03:16:17,401] {logging_mixin.py:104} INFO - [2021-03-22 03:16:17,401] {dagbag.py:448} INFO - Filling up the DagBag from /Users/akshaybhoge/PycharmProjects/venvEdgar/lib/python3.7/site-packages/airflow/example_dags/example_trigger_target_dag.py
[2021-03-22 03:16:17,413] {scheduler_job.py:639} INFO - DAG(s) dict_keys(['example_trigger_target_dag']) retrieved from /Users/akshaybhoge/PycharmProjects/venvEdgar/lib/python3.7/site-packages/airflow/example_dags/example_trigger_target_dag.py
[2021-03-22 03:16:17,424] {logging_mixin.py:104} INFO - [2021-03-22 03:16:17,424] {dag.py:1818} INFO - Sync 1 DAGs
[2021-03-22 03:16:17,433] {logging_mixin.py:104} INFO - [2021-03-22 03:16:17,433] {dag.py:2273} INFO - Setting next_dagrun for example_trigger_target_dag to None
[2021-03-22 03:16:17,440] {scheduler_job.py:190} INFO - Processing /Users/akshaybhoge/PycharmProjects/venvEdgar/lib/python3.7/site-packages/airflow/example_dags/example_trigger_target_dag.py took 0.045 seconds
[2021-03-22 03:16:49,620] {scheduler_job.py:182} INFO - Started process (PID=28600) to work on /Users/akshaybhoge/PycharmProjects/venvEdgar/lib/python3.7/site-packages/airflow/example_dags/example_trigger_target_dag.py
[2021-03-22 03:16:49,625] {scheduler_job.py:629} INFO - Processing file /Users/akshaybhoge/PycharmProjects/venvEdgar/lib/python3.7/site-packages/airflow/example_dags/example_trigger_target_dag.py for tasks to queue
[2021-03-22 03:16:49,627] {logging_mixin.py:104} INFO - [2021-03-22 03:16:49,626] {dagbag.py:448} INFO - Filling up the DagBag from /Users/akshaybhoge/PycharmProjects/venvEdgar/lib/python3.7/site-packages/airflow/example_dags/example_trigger_target_dag.py
[2021-03-22 03:16:49,638] {scheduler_job.py:639} INFO - DAG(s) dict_keys(['example_trigger_target_dag']) retrieved from /Users/akshaybhoge/PycharmProjects/venvEdgar/lib/python3.7/site-packages/airflow/example_dags/example_trigger_target_dag.py
[2021-03-22 03:16:49,651] {logging_mixin.py:104} INFO - [2021-03-22 03:16:49,651] {dag.py:1818} INFO - Sync 1 DAGs
[2021-03-22 03:16:49,660] {logging_mixin.py:104} INFO - [2021-03-22 03:16:49,660] {dag.py:2273} INFO - Setting next_dagrun for example_trigger_target_dag to None
[2021-03-22 03:16:49,665] {scheduler_job.py:190} INFO - Processing /Users/akshaybhoge/PycharmProjects/venvEdgar/lib/python3.7/site-packages/airflow/example_dags/example_trigger_target_dag.py took 0.049 seconds
[2021-03-22 03:17:21,722] {scheduler_job.py:182} INFO - Started process (PID=28634) to work on /Users/akshaybhoge/PycharmProjects/venvEdgar/lib/python3.7/site-packages/airflow/example_dags/example_trigger_target_dag.py
[2021-03-22 03:17:21,724] {scheduler_job.py:629} INFO - Processing file /Users/akshaybhoge/PycharmProjects/venvEdgar/lib/python3.7/site-packages/airflow/example_dags/example_trigger_target_dag.py for tasks to queue
[2021-03-22 03:17:21,725] {logging_mixin.py:104} INFO - [2021-03-22 03:17:21,725] {dagbag.py:448} INFO - Filling up the DagBag from /Users/akshaybhoge/PycharmProjects/venvEdgar/lib/python3.7/site-packages/airflow/example_dags/example_trigger_target_dag.py
[2021-03-22 03:17:21,738] {scheduler_job.py:639} INFO - DAG(s) dict_keys(['example_trigger_target_dag']) retrieved from /Users/akshaybhoge/PycharmProjects/venvEdgar/lib/python3.7/site-packages/airflow/example_dags/example_trigger_target_dag.py
[2021-03-22 03:17:21,751] {logging_mixin.py:104} INFO - [2021-03-22 03:17:21,750] {dag.py:1818} INFO - Sync 1 DAGs
[2021-03-22 03:17:21,761] {logging_mixin.py:104} INFO - [2021-03-22 03:17:21,761] {dag.py:2273} INFO - Setting next_dagrun for example_trigger_target_dag to None
[2021-03-22 03:17:21,767] {scheduler_job.py:190} INFO - Processing /Users/akshaybhoge/PycharmProjects/venvEdgar/lib/python3.7/site-packages/airflow/example_dags/example_trigger_target_dag.py took 0.049 seconds
[2021-03-22 03:17:53,722] {scheduler_job.py:182} INFO - Started process (PID=28664) to work on /Users/akshaybhoge/PycharmProjects/venvEdgar/lib/python3.7/site-packages/airflow/example_dags/example_trigger_target_dag.py
[2021-03-22 03:17:53,724] {scheduler_job.py:629} INFO - Processing file /Users/akshaybhoge/PycharmProjects/venvEdgar/lib/python3.7/site-packages/airflow/example_dags/example_trigger_target_dag.py for tasks to queue
[2021-03-22 03:17:53,725] {logging_mixin.py:104} INFO - [2021-03-22 03:17:53,724] {dagbag.py:448} INFO - Filling up the DagBag from /Users/akshaybhoge/PycharmProjects/venvEdgar/lib/python3.7/site-packages/airflow/example_dags/example_trigger_target_dag.py
[2021-03-22 03:17:53,737] {scheduler_job.py:639} INFO - DAG(s) dict_keys(['example_trigger_target_dag']) retrieved from /Users/akshaybhoge/PycharmProjects/venvEdgar/lib/python3.7/site-packages/airflow/example_dags/example_trigger_target_dag.py
[2021-03-22 03:17:53,750] {logging_mixin.py:104} INFO - [2021-03-22 03:17:53,749] {dag.py:1818} INFO - Sync 1 DAGs
[2021-03-22 03:17:53,759] {logging_mixin.py:104} INFO - [2021-03-22 03:17:53,759] {dag.py:2273} INFO - Setting next_dagrun for example_trigger_target_dag to None
[2021-03-22 03:17:53,765] {scheduler_job.py:190} INFO - Processing /Users/akshaybhoge/PycharmProjects/venvEdgar/lib/python3.7/site-packages/airflow/example_dags/example_trigger_target_dag.py took 0.046 seconds
[2021-03-22 03:18:25,749] {scheduler_job.py:182} INFO - Started process (PID=28695) to work on /Users/akshaybhoge/PycharmProjects/venvEdgar/lib/python3.7/site-packages/airflow/example_dags/example_trigger_target_dag.py
[2021-03-22 03:18:25,751] {scheduler_job.py:629} INFO - Processing file /Users/akshaybhoge/PycharmProjects/venvEdgar/lib/python3.7/site-packages/airflow/example_dags/example_trigger_target_dag.py for tasks to queue
[2021-03-22 03:18:25,752] {logging_mixin.py:104} INFO - [2021-03-22 03:18:25,752] {dagbag.py:448} INFO - Filling up the DagBag from /Users/akshaybhoge/PycharmProjects/venvEdgar/lib/python3.7/site-packages/airflow/example_dags/example_trigger_target_dag.py
[2021-03-22 03:18:25,765] {scheduler_job.py:639} INFO - DAG(s) dict_keys(['example_trigger_target_dag']) retrieved from /Users/akshaybhoge/PycharmProjects/venvEdgar/lib/python3.7/site-packages/airflow/example_dags/example_trigger_target_dag.py
[2021-03-22 03:18:25,778] {logging_mixin.py:104} INFO - [2021-03-22 03:18:25,778] {dag.py:1818} INFO - Sync 1 DAGs
[2021-03-22 03:18:25,788] {logging_mixin.py:104} INFO - [2021-03-22 03:18:25,788] {dag.py:2273} INFO - Setting next_dagrun for example_trigger_target_dag to None
[2021-03-22 03:18:25,794] {scheduler_job.py:190} INFO - Processing /Users/akshaybhoge/PycharmProjects/venvEdgar/lib/python3.7/site-packages/airflow/example_dags/example_trigger_target_dag.py took 0.049 seconds
[2021-03-22 03:18:57,853] {scheduler_job.py:182} INFO - Started process (PID=28735) to work on /Users/akshaybhoge/PycharmProjects/venvEdgar/lib/python3.7/site-packages/airflow/example_dags/example_trigger_target_dag.py
[2021-03-22 03:18:57,855] {scheduler_job.py:629} INFO - Processing file /Users/akshaybhoge/PycharmProjects/venvEdgar/lib/python3.7/site-packages/airflow/example_dags/example_trigger_target_dag.py for tasks to queue
[2021-03-22 03:18:57,857] {logging_mixin.py:104} INFO - [2021-03-22 03:18:57,856] {dagbag.py:448} INFO - Filling up the DagBag from /Users/akshaybhoge/PycharmProjects/venvEdgar/lib/python3.7/site-packages/airflow/example_dags/example_trigger_target_dag.py
[2021-03-22 03:18:57,868] {scheduler_job.py:639} INFO - DAG(s) dict_keys(['example_trigger_target_dag']) retrieved from /Users/akshaybhoge/PycharmProjects/venvEdgar/lib/python3.7/site-packages/airflow/example_dags/example_trigger_target_dag.py
[2021-03-22 03:18:57,879] {logging_mixin.py:104} INFO - [2021-03-22 03:18:57,879] {dag.py:1818} INFO - Sync 1 DAGs
[2021-03-22 03:18:57,888] {logging_mixin.py:104} INFO - [2021-03-22 03:18:57,888] {dag.py:2273} INFO - Setting next_dagrun for example_trigger_target_dag to None
[2021-03-22 03:18:57,893] {scheduler_job.py:190} INFO - Processing /Users/akshaybhoge/PycharmProjects/venvEdgar/lib/python3.7/site-packages/airflow/example_dags/example_trigger_target_dag.py took 0.043 seconds
[2021-03-22 03:19:30,425] {scheduler_job.py:182} INFO - Started process (PID=28778) to work on /Users/akshaybhoge/PycharmProjects/venvEdgar/lib/python3.7/site-packages/airflow/example_dags/example_trigger_target_dag.py
[2021-03-22 03:19:30,426] {scheduler_job.py:629} INFO - Processing file /Users/akshaybhoge/PycharmProjects/venvEdgar/lib/python3.7/site-packages/airflow/example_dags/example_trigger_target_dag.py for tasks to queue
[2021-03-22 03:19:30,428] {logging_mixin.py:104} INFO - [2021-03-22 03:19:30,427] {dagbag.py:448} INFO - Filling up the DagBag from /Users/akshaybhoge/PycharmProjects/venvEdgar/lib/python3.7/site-packages/airflow/example_dags/example_trigger_target_dag.py
[2021-03-22 03:19:30,441] {scheduler_job.py:639} INFO - DAG(s) dict_keys(['example_trigger_target_dag']) retrieved from /Users/akshaybhoge/PycharmProjects/venvEdgar/lib/python3.7/site-packages/airflow/example_dags/example_trigger_target_dag.py
[2021-03-22 03:19:30,454] {logging_mixin.py:104} INFO - [2021-03-22 03:19:30,454] {dag.py:1818} INFO - Sync 1 DAGs
[2021-03-22 03:19:30,464] {logging_mixin.py:104} INFO - [2021-03-22 03:19:30,464] {dag.py:2273} INFO - Setting next_dagrun for example_trigger_target_dag to None
[2021-03-22 03:19:30,470] {scheduler_job.py:190} INFO - Processing /Users/akshaybhoge/PycharmProjects/venvEdgar/lib/python3.7/site-packages/airflow/example_dags/example_trigger_target_dag.py took 0.049 seconds
[2021-03-22 03:20:02,848] {scheduler_job.py:182} INFO - Started process (PID=28810) to work on /Users/akshaybhoge/PycharmProjects/venvEdgar/lib/python3.7/site-packages/airflow/example_dags/example_trigger_target_dag.py
[2021-03-22 03:20:02,850] {scheduler_job.py:629} INFO - Processing file /Users/akshaybhoge/PycharmProjects/venvEdgar/lib/python3.7/site-packages/airflow/example_dags/example_trigger_target_dag.py for tasks to queue
[2021-03-22 03:20:02,851] {logging_mixin.py:104} INFO - [2021-03-22 03:20:02,851] {dagbag.py:448} INFO - Filling up the DagBag from /Users/akshaybhoge/PycharmProjects/venvEdgar/lib/python3.7/site-packages/airflow/example_dags/example_trigger_target_dag.py
[2021-03-22 03:20:02,865] {scheduler_job.py:639} INFO - DAG(s) dict_keys(['example_trigger_target_dag']) retrieved from /Users/akshaybhoge/PycharmProjects/venvEdgar/lib/python3.7/site-packages/airflow/example_dags/example_trigger_target_dag.py
[2021-03-22 03:20:02,879] {logging_mixin.py:104} INFO - [2021-03-22 03:20:02,879] {dag.py:1818} INFO - Sync 1 DAGs
[2021-03-22 03:20:02,889] {logging_mixin.py:104} INFO - [2021-03-22 03:20:02,889] {dag.py:2273} INFO - Setting next_dagrun for example_trigger_target_dag to None
[2021-03-22 03:20:02,895] {scheduler_job.py:190} INFO - Processing /Users/akshaybhoge/PycharmProjects/venvEdgar/lib/python3.7/site-packages/airflow/example_dags/example_trigger_target_dag.py took 0.051 seconds
[2021-03-22 03:20:33,725] {scheduler_job.py:182} INFO - Started process (PID=28858) to work on /Users/akshaybhoge/PycharmProjects/venvEdgar/lib/python3.7/site-packages/airflow/example_dags/example_trigger_target_dag.py
[2021-03-22 03:20:33,727] {scheduler_job.py:629} INFO - Processing file /Users/akshaybhoge/PycharmProjects/venvEdgar/lib/python3.7/site-packages/airflow/example_dags/example_trigger_target_dag.py for tasks to queue
[2021-03-22 03:20:33,729] {logging_mixin.py:104} INFO - [2021-03-22 03:20:33,728] {dagbag.py:448} INFO - Filling up the DagBag from /Users/akshaybhoge/PycharmProjects/venvEdgar/lib/python3.7/site-packages/airflow/example_dags/example_trigger_target_dag.py
[2021-03-22 03:20:33,741] {scheduler_job.py:639} INFO - DAG(s) dict_keys(['example_trigger_target_dag']) retrieved from /Users/akshaybhoge/PycharmProjects/venvEdgar/lib/python3.7/site-packages/airflow/example_dags/example_trigger_target_dag.py
[2021-03-22 03:20:33,754] {logging_mixin.py:104} INFO - [2021-03-22 03:20:33,754] {dag.py:1818} INFO - Sync 1 DAGs
[2021-03-22 03:20:33,764] {logging_mixin.py:104} INFO - [2021-03-22 03:20:33,763] {dag.py:2273} INFO - Setting next_dagrun for example_trigger_target_dag to None
[2021-03-22 03:20:33,770] {scheduler_job.py:190} INFO - Processing /Users/akshaybhoge/PycharmProjects/venvEdgar/lib/python3.7/site-packages/airflow/example_dags/example_trigger_target_dag.py took 0.048 seconds
[2021-03-22 03:21:06,026] {scheduler_job.py:182} INFO - Started process (PID=28900) to work on /Users/akshaybhoge/PycharmProjects/venvEdgar/lib/python3.7/site-packages/airflow/example_dags/example_trigger_target_dag.py
[2021-03-22 03:21:06,028] {scheduler_job.py:629} INFO - Processing file /Users/akshaybhoge/PycharmProjects/venvEdgar/lib/python3.7/site-packages/airflow/example_dags/example_trigger_target_dag.py for tasks to queue
[2021-03-22 03:21:06,029] {logging_mixin.py:104} INFO - [2021-03-22 03:21:06,029] {dagbag.py:448} INFO - Filling up the DagBag from /Users/akshaybhoge/PycharmProjects/venvEdgar/lib/python3.7/site-packages/airflow/example_dags/example_trigger_target_dag.py
[2021-03-22 03:21:06,042] {scheduler_job.py:639} INFO - DAG(s) dict_keys(['example_trigger_target_dag']) retrieved from /Users/akshaybhoge/PycharmProjects/venvEdgar/lib/python3.7/site-packages/airflow/example_dags/example_trigger_target_dag.py
[2021-03-22 03:21:06,053] {logging_mixin.py:104} INFO - [2021-03-22 03:21:06,053] {dag.py:1818} INFO - Sync 1 DAGs
[2021-03-22 03:21:06,062] {logging_mixin.py:104} INFO - [2021-03-22 03:21:06,061] {dag.py:2273} INFO - Setting next_dagrun for example_trigger_target_dag to None
[2021-03-22 03:21:06,068] {scheduler_job.py:190} INFO - Processing /Users/akshaybhoge/PycharmProjects/venvEdgar/lib/python3.7/site-packages/airflow/example_dags/example_trigger_target_dag.py took 0.046 seconds
[2021-03-22 03:21:38,119] {scheduler_job.py:182} INFO - Started process (PID=28946) to work on /Users/akshaybhoge/PycharmProjects/venvEdgar/lib/python3.7/site-packages/airflow/example_dags/example_trigger_target_dag.py
[2021-03-22 03:21:38,120] {scheduler_job.py:629} INFO - Processing file /Users/akshaybhoge/PycharmProjects/venvEdgar/lib/python3.7/site-packages/airflow/example_dags/example_trigger_target_dag.py for tasks to queue
[2021-03-22 03:21:38,121] {logging_mixin.py:104} INFO - [2021-03-22 03:21:38,121] {dagbag.py:448} INFO - Filling up the DagBag from /Users/akshaybhoge/PycharmProjects/venvEdgar/lib/python3.7/site-packages/airflow/example_dags/example_trigger_target_dag.py
[2021-03-22 03:21:38,132] {scheduler_job.py:639} INFO - DAG(s) dict_keys(['example_trigger_target_dag']) retrieved from /Users/akshaybhoge/PycharmProjects/venvEdgar/lib/python3.7/site-packages/airflow/example_dags/example_trigger_target_dag.py
[2021-03-22 03:21:38,143] {logging_mixin.py:104} INFO - [2021-03-22 03:21:38,142] {dag.py:1818} INFO - Sync 1 DAGs
[2021-03-22 03:21:38,152] {logging_mixin.py:104} INFO - [2021-03-22 03:21:38,152] {dag.py:2273} INFO - Setting next_dagrun for example_trigger_target_dag to None
[2021-03-22 03:21:38,157] {scheduler_job.py:190} INFO - Processing /Users/akshaybhoge/PycharmProjects/venvEdgar/lib/python3.7/site-packages/airflow/example_dags/example_trigger_target_dag.py took 0.042 seconds
[2021-03-22 03:23:01,899] {scheduler_job.py:182} INFO - Started process (PID=29029) to work on /Users/akshaybhoge/PycharmProjects/venvEdgar/lib/python3.7/site-packages/airflow/example_dags/example_trigger_target_dag.py
[2021-03-22 03:23:01,901] {scheduler_job.py:629} INFO - Processing file /Users/akshaybhoge/PycharmProjects/venvEdgar/lib/python3.7/site-packages/airflow/example_dags/example_trigger_target_dag.py for tasks to queue
[2021-03-22 03:23:01,902] {logging_mixin.py:104} INFO - [2021-03-22 03:23:01,901] {dagbag.py:448} INFO - Filling up the DagBag from /Users/akshaybhoge/PycharmProjects/venvEdgar/lib/python3.7/site-packages/airflow/example_dags/example_trigger_target_dag.py
[2021-03-22 03:23:01,917] {scheduler_job.py:639} INFO - DAG(s) dict_keys(['example_trigger_target_dag']) retrieved from /Users/akshaybhoge/PycharmProjects/venvEdgar/lib/python3.7/site-packages/airflow/example_dags/example_trigger_target_dag.py
[2021-03-22 03:23:01,929] {logging_mixin.py:104} INFO - [2021-03-22 03:23:01,928] {dag.py:1818} INFO - Sync 1 DAGs
[2021-03-22 03:23:01,938] {logging_mixin.py:104} INFO - [2021-03-22 03:23:01,938] {dag.py:2273} INFO - Setting next_dagrun for example_trigger_target_dag to None
[2021-03-22 03:23:01,944] {scheduler_job.py:190} INFO - Processing /Users/akshaybhoge/PycharmProjects/venvEdgar/lib/python3.7/site-packages/airflow/example_dags/example_trigger_target_dag.py took 0.049 seconds
[2021-03-22 03:23:47,424] {scheduler_job.py:182} INFO - Started process (PID=29089) to work on /Users/akshaybhoge/PycharmProjects/venvEdgar/lib/python3.7/site-packages/airflow/example_dags/example_trigger_target_dag.py
[2021-03-22 03:23:47,425] {scheduler_job.py:629} INFO - Processing file /Users/akshaybhoge/PycharmProjects/venvEdgar/lib/python3.7/site-packages/airflow/example_dags/example_trigger_target_dag.py for tasks to queue
[2021-03-22 03:23:47,426] {logging_mixin.py:104} INFO - [2021-03-22 03:23:47,426] {dagbag.py:448} INFO - Filling up the DagBag from /Users/akshaybhoge/PycharmProjects/venvEdgar/lib/python3.7/site-packages/airflow/example_dags/example_trigger_target_dag.py
[2021-03-22 03:23:47,436] {scheduler_job.py:639} INFO - DAG(s) dict_keys(['example_trigger_target_dag']) retrieved from /Users/akshaybhoge/PycharmProjects/venvEdgar/lib/python3.7/site-packages/airflow/example_dags/example_trigger_target_dag.py
[2021-03-22 03:23:47,446] {logging_mixin.py:104} INFO - [2021-03-22 03:23:47,446] {dag.py:1818} INFO - Sync 1 DAGs
[2021-03-22 03:23:47,453] {logging_mixin.py:104} INFO - [2021-03-22 03:23:47,453] {dag.py:2273} INFO - Setting next_dagrun for example_trigger_target_dag to None
[2021-03-22 03:23:47,458] {scheduler_job.py:190} INFO - Processing /Users/akshaybhoge/PycharmProjects/venvEdgar/lib/python3.7/site-packages/airflow/example_dags/example_trigger_target_dag.py took 0.036 seconds
[2021-03-22 03:24:35,607] {scheduler_job.py:182} INFO - Started process (PID=29146) to work on /Users/akshaybhoge/PycharmProjects/venvEdgar/lib/python3.7/site-packages/airflow/example_dags/example_trigger_target_dag.py
[2021-03-22 03:24:35,608] {scheduler_job.py:629} INFO - Processing file /Users/akshaybhoge/PycharmProjects/venvEdgar/lib/python3.7/site-packages/airflow/example_dags/example_trigger_target_dag.py for tasks to queue
[2021-03-22 03:24:35,609] {logging_mixin.py:104} INFO - [2021-03-22 03:24:35,609] {dagbag.py:448} INFO - Filling up the DagBag from /Users/akshaybhoge/PycharmProjects/venvEdgar/lib/python3.7/site-packages/airflow/example_dags/example_trigger_target_dag.py
[2021-03-22 03:24:35,624] {scheduler_job.py:639} INFO - DAG(s) dict_keys(['example_trigger_target_dag']) retrieved from /Users/akshaybhoge/PycharmProjects/venvEdgar/lib/python3.7/site-packages/airflow/example_dags/example_trigger_target_dag.py
[2021-03-22 03:24:35,636] {logging_mixin.py:104} INFO - [2021-03-22 03:24:35,635] {dag.py:1818} INFO - Sync 1 DAGs
[2021-03-22 03:24:35,644] {logging_mixin.py:104} INFO - [2021-03-22 03:24:35,644] {dag.py:2273} INFO - Setting next_dagrun for example_trigger_target_dag to None
[2021-03-22 03:24:35,650] {scheduler_job.py:190} INFO - Processing /Users/akshaybhoge/PycharmProjects/venvEdgar/lib/python3.7/site-packages/airflow/example_dags/example_trigger_target_dag.py took 0.046 seconds
[2021-03-22 03:28:02,039] {scheduler_job.py:182} INFO - Started process (PID=29240) to work on /Users/akshaybhoge/PycharmProjects/venvEdgar/lib/python3.7/site-packages/airflow/example_dags/example_trigger_target_dag.py
[2021-03-22 03:28:02,042] {scheduler_job.py:629} INFO - Processing file /Users/akshaybhoge/PycharmProjects/venvEdgar/lib/python3.7/site-packages/airflow/example_dags/example_trigger_target_dag.py for tasks to queue
[2021-03-22 03:28:02,043] {logging_mixin.py:104} INFO - [2021-03-22 03:28:02,043] {dagbag.py:448} INFO - Filling up the DagBag from /Users/akshaybhoge/PycharmProjects/venvEdgar/lib/python3.7/site-packages/airflow/example_dags/example_trigger_target_dag.py
[2021-03-22 03:28:02,051] {scheduler_job.py:639} INFO - DAG(s) dict_keys(['example_trigger_target_dag']) retrieved from /Users/akshaybhoge/PycharmProjects/venvEdgar/lib/python3.7/site-packages/airflow/example_dags/example_trigger_target_dag.py
[2021-03-22 03:28:02,065] {logging_mixin.py:104} INFO - [2021-03-22 03:28:02,065] {dag.py:1818} INFO - Sync 1 DAGs
[2021-03-22 03:28:02,074] {logging_mixin.py:104} INFO - [2021-03-22 03:28:02,073] {dag.py:2273} INFO - Setting next_dagrun for example_trigger_target_dag to None
[2021-03-22 03:28:02,079] {scheduler_job.py:190} INFO - Processing /Users/akshaybhoge/PycharmProjects/venvEdgar/lib/python3.7/site-packages/airflow/example_dags/example_trigger_target_dag.py took 0.044 seconds
[2021-03-22 03:28:38,074] {scheduler_job.py:182} INFO - Started process (PID=29286) to work on /Users/akshaybhoge/PycharmProjects/venvEdgar/lib/python3.7/site-packages/airflow/example_dags/example_trigger_target_dag.py
[2021-03-22 03:28:38,077] {scheduler_job.py:629} INFO - Processing file /Users/akshaybhoge/PycharmProjects/venvEdgar/lib/python3.7/site-packages/airflow/example_dags/example_trigger_target_dag.py for tasks to queue
[2021-03-22 03:28:38,078] {logging_mixin.py:104} INFO - [2021-03-22 03:28:38,078] {dagbag.py:448} INFO - Filling up the DagBag from /Users/akshaybhoge/PycharmProjects/venvEdgar/lib/python3.7/site-packages/airflow/example_dags/example_trigger_target_dag.py
[2021-03-22 03:28:38,087] {scheduler_job.py:639} INFO - DAG(s) dict_keys(['example_trigger_target_dag']) retrieved from /Users/akshaybhoge/PycharmProjects/venvEdgar/lib/python3.7/site-packages/airflow/example_dags/example_trigger_target_dag.py
[2021-03-22 03:28:38,102] {logging_mixin.py:104} INFO - [2021-03-22 03:28:38,101] {dag.py:1818} INFO - Sync 1 DAGs
[2021-03-22 03:28:38,112] {logging_mixin.py:104} INFO - [2021-03-22 03:28:38,112] {dag.py:2273} INFO - Setting next_dagrun for example_trigger_target_dag to None
[2021-03-22 03:28:38,120] {scheduler_job.py:190} INFO - Processing /Users/akshaybhoge/PycharmProjects/venvEdgar/lib/python3.7/site-packages/airflow/example_dags/example_trigger_target_dag.py took 0.048 seconds
[2021-03-22 03:29:10,747] {scheduler_job.py:182} INFO - Started process (PID=29332) to work on /Users/akshaybhoge/PycharmProjects/venvEdgar/lib/python3.7/site-packages/airflow/example_dags/example_trigger_target_dag.py
[2021-03-22 03:29:10,749] {scheduler_job.py:629} INFO - Processing file /Users/akshaybhoge/PycharmProjects/venvEdgar/lib/python3.7/site-packages/airflow/example_dags/example_trigger_target_dag.py for tasks to queue
[2021-03-22 03:29:10,751] {logging_mixin.py:104} INFO - [2021-03-22 03:29:10,751] {dagbag.py:448} INFO - Filling up the DagBag from /Users/akshaybhoge/PycharmProjects/venvEdgar/lib/python3.7/site-packages/airflow/example_dags/example_trigger_target_dag.py
[2021-03-22 03:29:10,760] {scheduler_job.py:639} INFO - DAG(s) dict_keys(['example_trigger_target_dag']) retrieved from /Users/akshaybhoge/PycharmProjects/venvEdgar/lib/python3.7/site-packages/airflow/example_dags/example_trigger_target_dag.py
[2021-03-22 03:29:10,774] {logging_mixin.py:104} INFO - [2021-03-22 03:29:10,774] {dag.py:1818} INFO - Sync 1 DAGs
[2021-03-22 03:29:10,783] {logging_mixin.py:104} INFO - [2021-03-22 03:29:10,783] {dag.py:2273} INFO - Setting next_dagrun for example_trigger_target_dag to None
[2021-03-22 03:29:10,789] {scheduler_job.py:190} INFO - Processing /Users/akshaybhoge/PycharmProjects/venvEdgar/lib/python3.7/site-packages/airflow/example_dags/example_trigger_target_dag.py took 0.046 seconds
[2021-03-22 03:29:44,223] {scheduler_job.py:182} INFO - Started process (PID=29368) to work on /Users/akshaybhoge/PycharmProjects/venvEdgar/lib/python3.7/site-packages/airflow/example_dags/example_trigger_target_dag.py
[2021-03-22 03:29:44,224] {scheduler_job.py:629} INFO - Processing file /Users/akshaybhoge/PycharmProjects/venvEdgar/lib/python3.7/site-packages/airflow/example_dags/example_trigger_target_dag.py for tasks to queue
[2021-03-22 03:29:44,225] {logging_mixin.py:104} INFO - [2021-03-22 03:29:44,225] {dagbag.py:448} INFO - Filling up the DagBag from /Users/akshaybhoge/PycharmProjects/venvEdgar/lib/python3.7/site-packages/airflow/example_dags/example_trigger_target_dag.py
[2021-03-22 03:29:44,233] {scheduler_job.py:639} INFO - DAG(s) dict_keys(['example_trigger_target_dag']) retrieved from /Users/akshaybhoge/PycharmProjects/venvEdgar/lib/python3.7/site-packages/airflow/example_dags/example_trigger_target_dag.py
[2021-03-22 03:29:44,245] {logging_mixin.py:104} INFO - [2021-03-22 03:29:44,245] {dag.py:1818} INFO - Sync 1 DAGs
[2021-03-22 03:29:44,254] {logging_mixin.py:104} INFO - [2021-03-22 03:29:44,253] {dag.py:2273} INFO - Setting next_dagrun for example_trigger_target_dag to None
[2021-03-22 03:29:44,259] {scheduler_job.py:190} INFO - Processing /Users/akshaybhoge/PycharmProjects/venvEdgar/lib/python3.7/site-packages/airflow/example_dags/example_trigger_target_dag.py took 0.040 seconds
[2021-03-22 03:30:18,984] {scheduler_job.py:182} INFO - Started process (PID=29414) to work on /Users/akshaybhoge/PycharmProjects/venvEdgar/lib/python3.7/site-packages/airflow/example_dags/example_trigger_target_dag.py
[2021-03-22 03:30:18,986] {scheduler_job.py:629} INFO - Processing file /Users/akshaybhoge/PycharmProjects/venvEdgar/lib/python3.7/site-packages/airflow/example_dags/example_trigger_target_dag.py for tasks to queue
[2021-03-22 03:30:18,988] {logging_mixin.py:104} INFO - [2021-03-22 03:30:18,987] {dagbag.py:448} INFO - Filling up the DagBag from /Users/akshaybhoge/PycharmProjects/venvEdgar/lib/python3.7/site-packages/airflow/example_dags/example_trigger_target_dag.py
[2021-03-22 03:30:18,996] {scheduler_job.py:639} INFO - DAG(s) dict_keys(['example_trigger_target_dag']) retrieved from /Users/akshaybhoge/PycharmProjects/venvEdgar/lib/python3.7/site-packages/airflow/example_dags/example_trigger_target_dag.py
[2021-03-22 03:30:19,009] {logging_mixin.py:104} INFO - [2021-03-22 03:30:19,009] {dag.py:1818} INFO - Sync 1 DAGs
[2021-03-22 03:30:19,018] {logging_mixin.py:104} INFO - [2021-03-22 03:30:19,018] {dag.py:2273} INFO - Setting next_dagrun for example_trigger_target_dag to None
[2021-03-22 03:30:19,024] {scheduler_job.py:190} INFO - Processing /Users/akshaybhoge/PycharmProjects/venvEdgar/lib/python3.7/site-packages/airflow/example_dags/example_trigger_target_dag.py took 0.043 seconds
[2021-03-22 03:30:51,657] {scheduler_job.py:182} INFO - Started process (PID=29456) to work on /Users/akshaybhoge/PycharmProjects/venvEdgar/lib/python3.7/site-packages/airflow/example_dags/example_trigger_target_dag.py
[2021-03-22 03:30:51,659] {scheduler_job.py:629} INFO - Processing file /Users/akshaybhoge/PycharmProjects/venvEdgar/lib/python3.7/site-packages/airflow/example_dags/example_trigger_target_dag.py for tasks to queue
[2021-03-22 03:30:51,660] {logging_mixin.py:104} INFO - [2021-03-22 03:30:51,660] {dagbag.py:448} INFO - Filling up the DagBag from /Users/akshaybhoge/PycharmProjects/venvEdgar/lib/python3.7/site-packages/airflow/example_dags/example_trigger_target_dag.py
[2021-03-22 03:30:51,669] {scheduler_job.py:639} INFO - DAG(s) dict_keys(['example_trigger_target_dag']) retrieved from /Users/akshaybhoge/PycharmProjects/venvEdgar/lib/python3.7/site-packages/airflow/example_dags/example_trigger_target_dag.py
[2021-03-22 03:30:51,681] {logging_mixin.py:104} INFO - [2021-03-22 03:30:51,680] {dag.py:1818} INFO - Sync 1 DAGs
[2021-03-22 03:30:51,689] {logging_mixin.py:104} INFO - [2021-03-22 03:30:51,689] {dag.py:2273} INFO - Setting next_dagrun for example_trigger_target_dag to None
[2021-03-22 03:30:51,695] {scheduler_job.py:190} INFO - Processing /Users/akshaybhoge/PycharmProjects/venvEdgar/lib/python3.7/site-packages/airflow/example_dags/example_trigger_target_dag.py took 0.041 seconds
[2021-03-22 03:31:23,765] {scheduler_job.py:182} INFO - Started process (PID=29489) to work on /Users/akshaybhoge/PycharmProjects/venvEdgar/lib/python3.7/site-packages/airflow/example_dags/example_trigger_target_dag.py
[2021-03-22 03:31:23,766] {scheduler_job.py:629} INFO - Processing file /Users/akshaybhoge/PycharmProjects/venvEdgar/lib/python3.7/site-packages/airflow/example_dags/example_trigger_target_dag.py for tasks to queue
[2021-03-22 03:31:23,767] {logging_mixin.py:104} INFO - [2021-03-22 03:31:23,767] {dagbag.py:448} INFO - Filling up the DagBag from /Users/akshaybhoge/PycharmProjects/venvEdgar/lib/python3.7/site-packages/airflow/example_dags/example_trigger_target_dag.py
[2021-03-22 03:31:23,776] {scheduler_job.py:639} INFO - DAG(s) dict_keys(['example_trigger_target_dag']) retrieved from /Users/akshaybhoge/PycharmProjects/venvEdgar/lib/python3.7/site-packages/airflow/example_dags/example_trigger_target_dag.py
[2021-03-22 03:31:23,786] {logging_mixin.py:104} INFO - [2021-03-22 03:31:23,786] {dag.py:1818} INFO - Sync 1 DAGs
[2021-03-22 03:31:23,794] {logging_mixin.py:104} INFO - [2021-03-22 03:31:23,793] {dag.py:2273} INFO - Setting next_dagrun for example_trigger_target_dag to None
[2021-03-22 03:31:23,799] {scheduler_job.py:190} INFO - Processing /Users/akshaybhoge/PycharmProjects/venvEdgar/lib/python3.7/site-packages/airflow/example_dags/example_trigger_target_dag.py took 0.039 seconds
[2021-03-22 03:31:55,761] {scheduler_job.py:182} INFO - Started process (PID=29522) to work on /Users/akshaybhoge/PycharmProjects/venvEdgar/lib/python3.7/site-packages/airflow/example_dags/example_trigger_target_dag.py
[2021-03-22 03:31:55,763] {scheduler_job.py:629} INFO - Processing file /Users/akshaybhoge/PycharmProjects/venvEdgar/lib/python3.7/site-packages/airflow/example_dags/example_trigger_target_dag.py for tasks to queue
[2021-03-22 03:31:55,764] {logging_mixin.py:104} INFO - [2021-03-22 03:31:55,764] {dagbag.py:448} INFO - Filling up the DagBag from /Users/akshaybhoge/PycharmProjects/venvEdgar/lib/python3.7/site-packages/airflow/example_dags/example_trigger_target_dag.py
[2021-03-22 03:31:55,773] {scheduler_job.py:639} INFO - DAG(s) dict_keys(['example_trigger_target_dag']) retrieved from /Users/akshaybhoge/PycharmProjects/venvEdgar/lib/python3.7/site-packages/airflow/example_dags/example_trigger_target_dag.py
[2021-03-22 03:31:55,784] {logging_mixin.py:104} INFO - [2021-03-22 03:31:55,784] {dag.py:1818} INFO - Sync 1 DAGs
[2021-03-22 03:31:55,794] {logging_mixin.py:104} INFO - [2021-03-22 03:31:55,793] {dag.py:2273} INFO - Setting next_dagrun for example_trigger_target_dag to None
[2021-03-22 03:31:55,801] {scheduler_job.py:190} INFO - Processing /Users/akshaybhoge/PycharmProjects/venvEdgar/lib/python3.7/site-packages/airflow/example_dags/example_trigger_target_dag.py took 0.044 seconds
[2021-03-22 03:32:27,969] {scheduler_job.py:182} INFO - Started process (PID=29554) to work on /Users/akshaybhoge/PycharmProjects/venvEdgar/lib/python3.7/site-packages/airflow/example_dags/example_trigger_target_dag.py
[2021-03-22 03:32:27,971] {scheduler_job.py:629} INFO - Processing file /Users/akshaybhoge/PycharmProjects/venvEdgar/lib/python3.7/site-packages/airflow/example_dags/example_trigger_target_dag.py for tasks to queue
[2021-03-22 03:32:27,972] {logging_mixin.py:104} INFO - [2021-03-22 03:32:27,972] {dagbag.py:448} INFO - Filling up the DagBag from /Users/akshaybhoge/PycharmProjects/venvEdgar/lib/python3.7/site-packages/airflow/example_dags/example_trigger_target_dag.py
[2021-03-22 03:32:27,981] {scheduler_job.py:639} INFO - DAG(s) dict_keys(['example_trigger_target_dag']) retrieved from /Users/akshaybhoge/PycharmProjects/venvEdgar/lib/python3.7/site-packages/airflow/example_dags/example_trigger_target_dag.py
[2021-03-22 03:32:27,992] {logging_mixin.py:104} INFO - [2021-03-22 03:32:27,992] {dag.py:1818} INFO - Sync 1 DAGs
[2021-03-22 03:32:28,002] {logging_mixin.py:104} INFO - [2021-03-22 03:32:28,002] {dag.py:2273} INFO - Setting next_dagrun for example_trigger_target_dag to None
[2021-03-22 03:32:28,008] {scheduler_job.py:190} INFO - Processing /Users/akshaybhoge/PycharmProjects/venvEdgar/lib/python3.7/site-packages/airflow/example_dags/example_trigger_target_dag.py took 0.043 seconds
[2021-03-22 03:33:00,078] {scheduler_job.py:182} INFO - Started process (PID=29590) to work on /Users/akshaybhoge/PycharmProjects/venvEdgar/lib/python3.7/site-packages/airflow/example_dags/example_trigger_target_dag.py
[2021-03-22 03:33:00,079] {scheduler_job.py:629} INFO - Processing file /Users/akshaybhoge/PycharmProjects/venvEdgar/lib/python3.7/site-packages/airflow/example_dags/example_trigger_target_dag.py for tasks to queue
[2021-03-22 03:33:00,080] {logging_mixin.py:104} INFO - [2021-03-22 03:33:00,080] {dagbag.py:448} INFO - Filling up the DagBag from /Users/akshaybhoge/PycharmProjects/venvEdgar/lib/python3.7/site-packages/airflow/example_dags/example_trigger_target_dag.py
[2021-03-22 03:33:00,089] {scheduler_job.py:639} INFO - DAG(s) dict_keys(['example_trigger_target_dag']) retrieved from /Users/akshaybhoge/PycharmProjects/venvEdgar/lib/python3.7/site-packages/airflow/example_dags/example_trigger_target_dag.py
[2021-03-22 03:33:00,100] {logging_mixin.py:104} INFO - [2021-03-22 03:33:00,100] {dag.py:1818} INFO - Sync 1 DAGs
[2021-03-22 03:33:00,109] {logging_mixin.py:104} INFO - [2021-03-22 03:33:00,108] {dag.py:2273} INFO - Setting next_dagrun for example_trigger_target_dag to None
[2021-03-22 03:33:00,114] {scheduler_job.py:190} INFO - Processing /Users/akshaybhoge/PycharmProjects/venvEdgar/lib/python3.7/site-packages/airflow/example_dags/example_trigger_target_dag.py took 0.040 seconds
[2021-03-22 03:35:33,325] {scheduler_job.py:182} INFO - Started process (PID=29712) to work on /Users/akshaybhoge/PycharmProjects/venvEdgar/lib/python3.7/site-packages/airflow/example_dags/example_trigger_target_dag.py
[2021-03-22 03:35:33,327] {scheduler_job.py:629} INFO - Processing file /Users/akshaybhoge/PycharmProjects/venvEdgar/lib/python3.7/site-packages/airflow/example_dags/example_trigger_target_dag.py for tasks to queue
[2021-03-22 03:35:33,328] {logging_mixin.py:104} INFO - [2021-03-22 03:35:33,327] {dagbag.py:448} INFO - Filling up the DagBag from /Users/akshaybhoge/PycharmProjects/venvEdgar/lib/python3.7/site-packages/airflow/example_dags/example_trigger_target_dag.py
[2021-03-22 03:35:33,342] {scheduler_job.py:639} INFO - DAG(s) dict_keys(['example_trigger_target_dag']) retrieved from /Users/akshaybhoge/PycharmProjects/venvEdgar/lib/python3.7/site-packages/airflow/example_dags/example_trigger_target_dag.py
[2021-03-22 03:35:33,354] {logging_mixin.py:104} INFO - [2021-03-22 03:35:33,354] {dag.py:1818} INFO - Sync 1 DAGs
[2021-03-22 03:35:33,363] {logging_mixin.py:104} INFO - [2021-03-22 03:35:33,363] {dag.py:2273} INFO - Setting next_dagrun for example_trigger_target_dag to None
[2021-03-22 03:35:33,368] {scheduler_job.py:190} INFO - Processing /Users/akshaybhoge/PycharmProjects/venvEdgar/lib/python3.7/site-packages/airflow/example_dags/example_trigger_target_dag.py took 0.046 seconds
[2021-03-22 03:39:24,217] {scheduler_job.py:182} INFO - Started process (PID=29845) to work on /Users/akshaybhoge/PycharmProjects/venvEdgar/lib/python3.7/site-packages/airflow/example_dags/example_trigger_target_dag.py
[2021-03-22 03:39:24,221] {scheduler_job.py:629} INFO - Processing file /Users/akshaybhoge/PycharmProjects/venvEdgar/lib/python3.7/site-packages/airflow/example_dags/example_trigger_target_dag.py for tasks to queue
[2021-03-22 03:39:24,222] {logging_mixin.py:104} INFO - [2021-03-22 03:39:24,222] {dagbag.py:448} INFO - Filling up the DagBag from /Users/akshaybhoge/PycharmProjects/venvEdgar/lib/python3.7/site-packages/airflow/example_dags/example_trigger_target_dag.py
[2021-03-22 03:39:24,231] {scheduler_job.py:639} INFO - DAG(s) dict_keys(['example_trigger_target_dag']) retrieved from /Users/akshaybhoge/PycharmProjects/venvEdgar/lib/python3.7/site-packages/airflow/example_dags/example_trigger_target_dag.py
[2021-03-22 03:39:24,244] {logging_mixin.py:104} INFO - [2021-03-22 03:39:24,244] {dag.py:1818} INFO - Sync 1 DAGs
[2021-03-22 03:39:24,253] {logging_mixin.py:104} INFO - [2021-03-22 03:39:24,253] {dag.py:2273} INFO - Setting next_dagrun for example_trigger_target_dag to None
[2021-03-22 03:39:24,259] {scheduler_job.py:190} INFO - Processing /Users/akshaybhoge/PycharmProjects/venvEdgar/lib/python3.7/site-packages/airflow/example_dags/example_trigger_target_dag.py took 0.046 seconds
[2021-03-22 03:39:54,921] {scheduler_job.py:182} INFO - Started process (PID=29880) to work on /Users/akshaybhoge/PycharmProjects/venvEdgar/lib/python3.7/site-packages/airflow/example_dags/example_trigger_target_dag.py
[2021-03-22 03:39:54,923] {scheduler_job.py:629} INFO - Processing file /Users/akshaybhoge/PycharmProjects/venvEdgar/lib/python3.7/site-packages/airflow/example_dags/example_trigger_target_dag.py for tasks to queue
[2021-03-22 03:39:54,924] {logging_mixin.py:104} INFO - [2021-03-22 03:39:54,924] {dagbag.py:448} INFO - Filling up the DagBag from /Users/akshaybhoge/PycharmProjects/venvEdgar/lib/python3.7/site-packages/airflow/example_dags/example_trigger_target_dag.py
[2021-03-22 03:39:54,932] {scheduler_job.py:639} INFO - DAG(s) dict_keys(['example_trigger_target_dag']) retrieved from /Users/akshaybhoge/PycharmProjects/venvEdgar/lib/python3.7/site-packages/airflow/example_dags/example_trigger_target_dag.py
[2021-03-22 03:39:54,946] {logging_mixin.py:104} INFO - [2021-03-22 03:39:54,945] {dag.py:1818} INFO - Sync 1 DAGs
[2021-03-22 03:39:54,955] {logging_mixin.py:104} INFO - [2021-03-22 03:39:54,954] {dag.py:2273} INFO - Setting next_dagrun for example_trigger_target_dag to None
[2021-03-22 03:39:54,961] {scheduler_job.py:190} INFO - Processing /Users/akshaybhoge/PycharmProjects/venvEdgar/lib/python3.7/site-packages/airflow/example_dags/example_trigger_target_dag.py took 0.043 seconds
[2021-03-22 03:40:25,704] {scheduler_job.py:182} INFO - Started process (PID=29915) to work on /Users/akshaybhoge/PycharmProjects/venvEdgar/lib/python3.7/site-packages/airflow/example_dags/example_trigger_target_dag.py
[2021-03-22 03:40:25,705] {scheduler_job.py:629} INFO - Processing file /Users/akshaybhoge/PycharmProjects/venvEdgar/lib/python3.7/site-packages/airflow/example_dags/example_trigger_target_dag.py for tasks to queue
[2021-03-22 03:40:25,707] {logging_mixin.py:104} INFO - [2021-03-22 03:40:25,706] {dagbag.py:448} INFO - Filling up the DagBag from /Users/akshaybhoge/PycharmProjects/venvEdgar/lib/python3.7/site-packages/airflow/example_dags/example_trigger_target_dag.py
[2021-03-22 03:40:25,714] {scheduler_job.py:639} INFO - DAG(s) dict_keys(['example_trigger_target_dag']) retrieved from /Users/akshaybhoge/PycharmProjects/venvEdgar/lib/python3.7/site-packages/airflow/example_dags/example_trigger_target_dag.py
[2021-03-22 03:40:25,725] {logging_mixin.py:104} INFO - [2021-03-22 03:40:25,725] {dag.py:1818} INFO - Sync 1 DAGs
[2021-03-22 03:40:25,733] {logging_mixin.py:104} INFO - [2021-03-22 03:40:25,733] {dag.py:2273} INFO - Setting next_dagrun for example_trigger_target_dag to None
[2021-03-22 03:40:25,738] {scheduler_job.py:190} INFO - Processing /Users/akshaybhoge/PycharmProjects/venvEdgar/lib/python3.7/site-packages/airflow/example_dags/example_trigger_target_dag.py took 0.039 seconds
[2021-03-22 03:40:58,505] {scheduler_job.py:182} INFO - Started process (PID=29951) to work on /Users/akshaybhoge/PycharmProjects/venvEdgar/lib/python3.7/site-packages/airflow/example_dags/example_trigger_target_dag.py
[2021-03-22 03:40:58,508] {scheduler_job.py:629} INFO - Processing file /Users/akshaybhoge/PycharmProjects/venvEdgar/lib/python3.7/site-packages/airflow/example_dags/example_trigger_target_dag.py for tasks to queue
[2021-03-22 03:40:58,509] {logging_mixin.py:104} INFO - [2021-03-22 03:40:58,508] {dagbag.py:448} INFO - Filling up the DagBag from /Users/akshaybhoge/PycharmProjects/venvEdgar/lib/python3.7/site-packages/airflow/example_dags/example_trigger_target_dag.py
[2021-03-22 03:40:58,516] {scheduler_job.py:639} INFO - DAG(s) dict_keys(['example_trigger_target_dag']) retrieved from /Users/akshaybhoge/PycharmProjects/venvEdgar/lib/python3.7/site-packages/airflow/example_dags/example_trigger_target_dag.py
[2021-03-22 03:40:58,528] {logging_mixin.py:104} INFO - [2021-03-22 03:40:58,528] {dag.py:1818} INFO - Sync 1 DAGs
[2021-03-22 03:40:58,538] {logging_mixin.py:104} INFO - [2021-03-22 03:40:58,537] {dag.py:2273} INFO - Setting next_dagrun for example_trigger_target_dag to None
[2021-03-22 03:40:58,544] {scheduler_job.py:190} INFO - Processing /Users/akshaybhoge/PycharmProjects/venvEdgar/lib/python3.7/site-packages/airflow/example_dags/example_trigger_target_dag.py took 0.042 seconds
[2021-03-22 03:41:30,155] {scheduler_job.py:182} INFO - Started process (PID=29996) to work on /Users/akshaybhoge/PycharmProjects/venvEdgar/lib/python3.7/site-packages/airflow/example_dags/example_trigger_target_dag.py
[2021-03-22 03:41:30,157] {scheduler_job.py:629} INFO - Processing file /Users/akshaybhoge/PycharmProjects/venvEdgar/lib/python3.7/site-packages/airflow/example_dags/example_trigger_target_dag.py for tasks to queue
[2021-03-22 03:41:30,158] {logging_mixin.py:104} INFO - [2021-03-22 03:41:30,157] {dagbag.py:448} INFO - Filling up the DagBag from /Users/akshaybhoge/PycharmProjects/venvEdgar/lib/python3.7/site-packages/airflow/example_dags/example_trigger_target_dag.py
[2021-03-22 03:41:30,164] {scheduler_job.py:639} INFO - DAG(s) dict_keys(['example_trigger_target_dag']) retrieved from /Users/akshaybhoge/PycharmProjects/venvEdgar/lib/python3.7/site-packages/airflow/example_dags/example_trigger_target_dag.py
[2021-03-22 03:41:30,175] {logging_mixin.py:104} INFO - [2021-03-22 03:41:30,175] {dag.py:1818} INFO - Sync 1 DAGs
[2021-03-22 03:41:30,184] {logging_mixin.py:104} INFO - [2021-03-22 03:41:30,183] {dag.py:2273} INFO - Setting next_dagrun for example_trigger_target_dag to None
[2021-03-22 03:41:30,189] {scheduler_job.py:190} INFO - Processing /Users/akshaybhoge/PycharmProjects/venvEdgar/lib/python3.7/site-packages/airflow/example_dags/example_trigger_target_dag.py took 0.037 seconds
[2021-03-22 03:42:02,761] {scheduler_job.py:182} INFO - Started process (PID=30033) to work on /Users/akshaybhoge/PycharmProjects/venvEdgar/lib/python3.7/site-packages/airflow/example_dags/example_trigger_target_dag.py
[2021-03-22 03:42:02,762] {scheduler_job.py:629} INFO - Processing file /Users/akshaybhoge/PycharmProjects/venvEdgar/lib/python3.7/site-packages/airflow/example_dags/example_trigger_target_dag.py for tasks to queue
[2021-03-22 03:42:02,764] {logging_mixin.py:104} INFO - [2021-03-22 03:42:02,763] {dagbag.py:448} INFO - Filling up the DagBag from /Users/akshaybhoge/PycharmProjects/venvEdgar/lib/python3.7/site-packages/airflow/example_dags/example_trigger_target_dag.py
[2021-03-22 03:42:02,772] {scheduler_job.py:639} INFO - DAG(s) dict_keys(['example_trigger_target_dag']) retrieved from /Users/akshaybhoge/PycharmProjects/venvEdgar/lib/python3.7/site-packages/airflow/example_dags/example_trigger_target_dag.py
[2021-03-22 03:42:02,784] {logging_mixin.py:104} INFO - [2021-03-22 03:42:02,783] {dag.py:1818} INFO - Sync 1 DAGs
[2021-03-22 03:42:02,793] {logging_mixin.py:104} INFO - [2021-03-22 03:42:02,793] {dag.py:2273} INFO - Setting next_dagrun for example_trigger_target_dag to None
[2021-03-22 03:42:02,798] {scheduler_job.py:190} INFO - Processing /Users/akshaybhoge/PycharmProjects/venvEdgar/lib/python3.7/site-packages/airflow/example_dags/example_trigger_target_dag.py took 0.040 seconds
[2021-03-22 03:42:37,651] {scheduler_job.py:182} INFO - Started process (PID=30075) to work on /Users/akshaybhoge/PycharmProjects/venvEdgar/lib/python3.7/site-packages/airflow/example_dags/example_trigger_target_dag.py
[2021-03-22 03:42:37,652] {scheduler_job.py:629} INFO - Processing file /Users/akshaybhoge/PycharmProjects/venvEdgar/lib/python3.7/site-packages/airflow/example_dags/example_trigger_target_dag.py for tasks to queue
[2021-03-22 03:42:37,653] {logging_mixin.py:104} INFO - [2021-03-22 03:42:37,653] {dagbag.py:448} INFO - Filling up the DagBag from /Users/akshaybhoge/PycharmProjects/venvEdgar/lib/python3.7/site-packages/airflow/example_dags/example_trigger_target_dag.py
[2021-03-22 03:42:37,661] {scheduler_job.py:639} INFO - DAG(s) dict_keys(['example_trigger_target_dag']) retrieved from /Users/akshaybhoge/PycharmProjects/venvEdgar/lib/python3.7/site-packages/airflow/example_dags/example_trigger_target_dag.py
[2021-03-22 03:42:37,673] {logging_mixin.py:104} INFO - [2021-03-22 03:42:37,673] {dag.py:1818} INFO - Sync 1 DAGs
[2021-03-22 03:42:37,682] {logging_mixin.py:104} INFO - [2021-03-22 03:42:37,682] {dag.py:2273} INFO - Setting next_dagrun for example_trigger_target_dag to None
[2021-03-22 03:42:37,687] {scheduler_job.py:190} INFO - Processing /Users/akshaybhoge/PycharmProjects/venvEdgar/lib/python3.7/site-packages/airflow/example_dags/example_trigger_target_dag.py took 0.040 seconds
[2021-03-22 03:43:09,505] {scheduler_job.py:182} INFO - Started process (PID=30117) to work on /Users/akshaybhoge/PycharmProjects/venvEdgar/lib/python3.7/site-packages/airflow/example_dags/example_trigger_target_dag.py
[2021-03-22 03:43:09,506] {scheduler_job.py:629} INFO - Processing file /Users/akshaybhoge/PycharmProjects/venvEdgar/lib/python3.7/site-packages/airflow/example_dags/example_trigger_target_dag.py for tasks to queue
[2021-03-22 03:43:09,508] {logging_mixin.py:104} INFO - [2021-03-22 03:43:09,507] {dagbag.py:448} INFO - Filling up the DagBag from /Users/akshaybhoge/PycharmProjects/venvEdgar/lib/python3.7/site-packages/airflow/example_dags/example_trigger_target_dag.py
[2021-03-22 03:43:09,514] {scheduler_job.py:639} INFO - DAG(s) dict_keys(['example_trigger_target_dag']) retrieved from /Users/akshaybhoge/PycharmProjects/venvEdgar/lib/python3.7/site-packages/airflow/example_dags/example_trigger_target_dag.py
[2021-03-22 03:43:09,526] {logging_mixin.py:104} INFO - [2021-03-22 03:43:09,525] {dag.py:1818} INFO - Sync 1 DAGs
[2021-03-22 03:43:09,534] {logging_mixin.py:104} INFO - [2021-03-22 03:43:09,534] {dag.py:2273} INFO - Setting next_dagrun for example_trigger_target_dag to None
[2021-03-22 03:43:09,540] {scheduler_job.py:190} INFO - Processing /Users/akshaybhoge/PycharmProjects/venvEdgar/lib/python3.7/site-packages/airflow/example_dags/example_trigger_target_dag.py took 0.038 seconds
[2021-03-22 03:44:00,601] {scheduler_job.py:182} INFO - Started process (PID=30156) to work on /Users/akshaybhoge/PycharmProjects/venvEdgar/lib/python3.7/site-packages/airflow/example_dags/example_trigger_target_dag.py
[2021-03-22 03:44:00,605] {scheduler_job.py:629} INFO - Processing file /Users/akshaybhoge/PycharmProjects/venvEdgar/lib/python3.7/site-packages/airflow/example_dags/example_trigger_target_dag.py for tasks to queue
[2021-03-22 03:44:00,606] {logging_mixin.py:104} INFO - [2021-03-22 03:44:00,606] {dagbag.py:448} INFO - Filling up the DagBag from /Users/akshaybhoge/PycharmProjects/venvEdgar/lib/python3.7/site-packages/airflow/example_dags/example_trigger_target_dag.py
[2021-03-22 03:44:00,615] {scheduler_job.py:639} INFO - DAG(s) dict_keys(['example_trigger_target_dag']) retrieved from /Users/akshaybhoge/PycharmProjects/venvEdgar/lib/python3.7/site-packages/airflow/example_dags/example_trigger_target_dag.py
[2021-03-22 03:44:00,626] {logging_mixin.py:104} INFO - [2021-03-22 03:44:00,626] {dag.py:1818} INFO - Sync 1 DAGs
[2021-03-22 03:44:00,635] {logging_mixin.py:104} INFO - [2021-03-22 03:44:00,634] {dag.py:2273} INFO - Setting next_dagrun for example_trigger_target_dag to None
[2021-03-22 03:44:00,641] {scheduler_job.py:190} INFO - Processing /Users/akshaybhoge/PycharmProjects/venvEdgar/lib/python3.7/site-packages/airflow/example_dags/example_trigger_target_dag.py took 0.044 seconds
[2021-03-22 03:45:00,834] {scheduler_job.py:182} INFO - Started process (PID=30202) to work on /Users/akshaybhoge/PycharmProjects/venvEdgar/lib/python3.7/site-packages/airflow/example_dags/example_trigger_target_dag.py
[2021-03-22 03:45:00,836] {scheduler_job.py:629} INFO - Processing file /Users/akshaybhoge/PycharmProjects/venvEdgar/lib/python3.7/site-packages/airflow/example_dags/example_trigger_target_dag.py for tasks to queue
[2021-03-22 03:45:00,838] {logging_mixin.py:104} INFO - [2021-03-22 03:45:00,837] {dagbag.py:448} INFO - Filling up the DagBag from /Users/akshaybhoge/PycharmProjects/venvEdgar/lib/python3.7/site-packages/airflow/example_dags/example_trigger_target_dag.py
[2021-03-22 03:45:00,849] {scheduler_job.py:639} INFO - DAG(s) dict_keys(['example_trigger_target_dag']) retrieved from /Users/akshaybhoge/PycharmProjects/venvEdgar/lib/python3.7/site-packages/airflow/example_dags/example_trigger_target_dag.py
[2021-03-22 03:45:00,862] {logging_mixin.py:104} INFO - [2021-03-22 03:45:00,862] {dag.py:1818} INFO - Sync 1 DAGs
[2021-03-22 03:45:00,872] {logging_mixin.py:104} INFO - [2021-03-22 03:45:00,872] {dag.py:2273} INFO - Setting next_dagrun for example_trigger_target_dag to None
[2021-03-22 03:45:00,879] {scheduler_job.py:190} INFO - Processing /Users/akshaybhoge/PycharmProjects/venvEdgar/lib/python3.7/site-packages/airflow/example_dags/example_trigger_target_dag.py took 0.048 seconds
