[2021-03-22 02:54:58,616] {scheduler_job.py:182} INFO - Started process (PID=26833) to work on /Users/akshaybhoge/PycharmProjects/venvEdgar/lib/python3.7/site-packages/airflow/example_dags/example_python_operator.py
[2021-03-22 02:54:58,618] {scheduler_job.py:629} INFO - Processing file /Users/akshaybhoge/PycharmProjects/venvEdgar/lib/python3.7/site-packages/airflow/example_dags/example_python_operator.py for tasks to queue
[2021-03-22 02:54:58,619] {logging_mixin.py:104} INFO - [2021-03-22 02:54:58,619] {dagbag.py:448} INFO - Filling up the DagBag from /Users/akshaybhoge/PycharmProjects/venvEdgar/lib/python3.7/site-packages/airflow/example_dags/example_python_operator.py
[2021-03-22 02:54:58,638] {scheduler_job.py:639} INFO - DAG(s) dict_keys(['example_python_operator']) retrieved from /Users/akshaybhoge/PycharmProjects/venvEdgar/lib/python3.7/site-packages/airflow/example_dags/example_python_operator.py
[2021-03-22 02:54:58,656] {logging_mixin.py:104} INFO - [2021-03-22 02:54:58,656] {dag.py:1818} INFO - Sync 1 DAGs
[2021-03-22 02:54:58,667] {logging_mixin.py:104} INFO - [2021-03-22 02:54:58,667] {dag.py:2273} INFO - Setting next_dagrun for example_python_operator to None
[2021-03-22 02:54:58,677] {scheduler_job.py:190} INFO - Processing /Users/akshaybhoge/PycharmProjects/venvEdgar/lib/python3.7/site-packages/airflow/example_dags/example_python_operator.py took 0.065 seconds
[2021-03-22 02:55:30,784] {scheduler_job.py:182} INFO - Started process (PID=26899) to work on /Users/akshaybhoge/PycharmProjects/venvEdgar/lib/python3.7/site-packages/airflow/example_dags/example_python_operator.py
[2021-03-22 02:55:30,785] {scheduler_job.py:629} INFO - Processing file /Users/akshaybhoge/PycharmProjects/venvEdgar/lib/python3.7/site-packages/airflow/example_dags/example_python_operator.py for tasks to queue
[2021-03-22 02:55:30,788] {logging_mixin.py:104} INFO - [2021-03-22 02:55:30,786] {dagbag.py:448} INFO - Filling up the DagBag from /Users/akshaybhoge/PycharmProjects/venvEdgar/lib/python3.7/site-packages/airflow/example_dags/example_python_operator.py
[2021-03-22 02:55:30,801] {scheduler_job.py:639} INFO - DAG(s) dict_keys(['example_python_operator']) retrieved from /Users/akshaybhoge/PycharmProjects/venvEdgar/lib/python3.7/site-packages/airflow/example_dags/example_python_operator.py
[2021-03-22 02:55:30,815] {logging_mixin.py:104} INFO - [2021-03-22 02:55:30,815] {dag.py:1818} INFO - Sync 1 DAGs
[2021-03-22 02:55:30,827] {logging_mixin.py:104} INFO - [2021-03-22 02:55:30,826] {dag.py:2273} INFO - Setting next_dagrun for example_python_operator to None
[2021-03-22 02:55:30,834] {scheduler_job.py:190} INFO - Processing /Users/akshaybhoge/PycharmProjects/venvEdgar/lib/python3.7/site-packages/airflow/example_dags/example_python_operator.py took 0.055 seconds
[2021-03-22 02:56:07,406] {scheduler_job.py:182} INFO - Started process (PID=27020) to work on /Users/akshaybhoge/PycharmProjects/venvEdgar/lib/python3.7/site-packages/airflow/example_dags/example_python_operator.py
[2021-03-22 02:56:07,408] {scheduler_job.py:629} INFO - Processing file /Users/akshaybhoge/PycharmProjects/venvEdgar/lib/python3.7/site-packages/airflow/example_dags/example_python_operator.py for tasks to queue
[2021-03-22 02:56:07,410] {logging_mixin.py:104} INFO - [2021-03-22 02:56:07,409] {dagbag.py:448} INFO - Filling up the DagBag from /Users/akshaybhoge/PycharmProjects/venvEdgar/lib/python3.7/site-packages/airflow/example_dags/example_python_operator.py
[2021-03-22 02:56:07,429] {scheduler_job.py:639} INFO - DAG(s) dict_keys(['example_python_operator']) retrieved from /Users/akshaybhoge/PycharmProjects/venvEdgar/lib/python3.7/site-packages/airflow/example_dags/example_python_operator.py
[2021-03-22 02:56:07,449] {logging_mixin.py:104} INFO - [2021-03-22 02:56:07,449] {dag.py:1818} INFO - Sync 1 DAGs
[2021-03-22 02:56:07,463] {logging_mixin.py:104} INFO - [2021-03-22 02:56:07,463] {dag.py:2273} INFO - Setting next_dagrun for example_python_operator to None
[2021-03-22 02:56:07,473] {scheduler_job.py:190} INFO - Processing /Users/akshaybhoge/PycharmProjects/venvEdgar/lib/python3.7/site-packages/airflow/example_dags/example_python_operator.py took 0.073 seconds
[2021-03-22 02:56:46,372] {scheduler_job.py:182} INFO - Started process (PID=27106) to work on /Users/akshaybhoge/PycharmProjects/venvEdgar/lib/python3.7/site-packages/airflow/example_dags/example_python_operator.py
[2021-03-22 02:56:46,375] {scheduler_job.py:629} INFO - Processing file /Users/akshaybhoge/PycharmProjects/venvEdgar/lib/python3.7/site-packages/airflow/example_dags/example_python_operator.py for tasks to queue
[2021-03-22 02:56:46,377] {logging_mixin.py:104} INFO - [2021-03-22 02:56:46,377] {dagbag.py:448} INFO - Filling up the DagBag from /Users/akshaybhoge/PycharmProjects/venvEdgar/lib/python3.7/site-packages/airflow/example_dags/example_python_operator.py
[2021-03-22 02:56:46,402] {scheduler_job.py:639} INFO - DAG(s) dict_keys(['example_python_operator']) retrieved from /Users/akshaybhoge/PycharmProjects/venvEdgar/lib/python3.7/site-packages/airflow/example_dags/example_python_operator.py
[2021-03-22 02:56:46,425] {logging_mixin.py:104} INFO - [2021-03-22 02:56:46,424] {dag.py:1818} INFO - Sync 1 DAGs
[2021-03-22 02:56:46,442] {logging_mixin.py:104} INFO - [2021-03-22 02:56:46,441] {dag.py:2273} INFO - Setting next_dagrun for example_python_operator to None
[2021-03-22 02:56:46,453] {scheduler_job.py:190} INFO - Processing /Users/akshaybhoge/PycharmProjects/venvEdgar/lib/python3.7/site-packages/airflow/example_dags/example_python_operator.py took 0.087 seconds
[2021-03-22 02:57:18,213] {scheduler_job.py:182} INFO - Started process (PID=27171) to work on /Users/akshaybhoge/PycharmProjects/venvEdgar/lib/python3.7/site-packages/airflow/example_dags/example_python_operator.py
[2021-03-22 02:57:18,216] {scheduler_job.py:629} INFO - Processing file /Users/akshaybhoge/PycharmProjects/venvEdgar/lib/python3.7/site-packages/airflow/example_dags/example_python_operator.py for tasks to queue
[2021-03-22 02:57:18,218] {logging_mixin.py:104} INFO - [2021-03-22 02:57:18,217] {dagbag.py:448} INFO - Filling up the DagBag from /Users/akshaybhoge/PycharmProjects/venvEdgar/lib/python3.7/site-packages/airflow/example_dags/example_python_operator.py
[2021-03-22 02:57:18,244] {scheduler_job.py:639} INFO - DAG(s) dict_keys(['example_python_operator']) retrieved from /Users/akshaybhoge/PycharmProjects/venvEdgar/lib/python3.7/site-packages/airflow/example_dags/example_python_operator.py
[2021-03-22 02:57:18,267] {logging_mixin.py:104} INFO - [2021-03-22 02:57:18,266] {dag.py:1818} INFO - Sync 1 DAGs
[2021-03-22 02:57:18,286] {logging_mixin.py:104} INFO - [2021-03-22 02:57:18,285] {dag.py:2273} INFO - Setting next_dagrun for example_python_operator to None
[2021-03-22 02:57:18,298] {scheduler_job.py:190} INFO - Processing /Users/akshaybhoge/PycharmProjects/venvEdgar/lib/python3.7/site-packages/airflow/example_dags/example_python_operator.py took 0.092 seconds
[2021-03-22 02:58:14,488] {scheduler_job.py:182} INFO - Started process (PID=27284) to work on /Users/akshaybhoge/PycharmProjects/venvEdgar/lib/python3.7/site-packages/airflow/example_dags/example_python_operator.py
[2021-03-22 02:58:14,490] {scheduler_job.py:629} INFO - Processing file /Users/akshaybhoge/PycharmProjects/venvEdgar/lib/python3.7/site-packages/airflow/example_dags/example_python_operator.py for tasks to queue
[2021-03-22 02:58:14,491] {logging_mixin.py:104} INFO - [2021-03-22 02:58:14,491] {dagbag.py:448} INFO - Filling up the DagBag from /Users/akshaybhoge/PycharmProjects/venvEdgar/lib/python3.7/site-packages/airflow/example_dags/example_python_operator.py
[2021-03-22 02:58:14,509] {scheduler_job.py:639} INFO - DAG(s) dict_keys(['example_python_operator']) retrieved from /Users/akshaybhoge/PycharmProjects/venvEdgar/lib/python3.7/site-packages/airflow/example_dags/example_python_operator.py
[2021-03-22 02:58:14,527] {logging_mixin.py:104} INFO - [2021-03-22 02:58:14,527] {dag.py:1818} INFO - Sync 1 DAGs
[2021-03-22 02:58:14,542] {logging_mixin.py:104} INFO - [2021-03-22 02:58:14,541] {dag.py:2273} INFO - Setting next_dagrun for example_python_operator to None
[2021-03-22 02:58:14,551] {scheduler_job.py:190} INFO - Processing /Users/akshaybhoge/PycharmProjects/venvEdgar/lib/python3.7/site-packages/airflow/example_dags/example_python_operator.py took 0.068 seconds
[2021-03-22 02:58:45,201] {scheduler_job.py:182} INFO - Started process (PID=27336) to work on /Users/akshaybhoge/PycharmProjects/venvEdgar/lib/python3.7/site-packages/airflow/example_dags/example_python_operator.py
[2021-03-22 02:58:45,203] {scheduler_job.py:629} INFO - Processing file /Users/akshaybhoge/PycharmProjects/venvEdgar/lib/python3.7/site-packages/airflow/example_dags/example_python_operator.py for tasks to queue
[2021-03-22 02:58:45,204] {logging_mixin.py:104} INFO - [2021-03-22 02:58:45,204] {dagbag.py:448} INFO - Filling up the DagBag from /Users/akshaybhoge/PycharmProjects/venvEdgar/lib/python3.7/site-packages/airflow/example_dags/example_python_operator.py
[2021-03-22 02:58:45,216] {scheduler_job.py:639} INFO - DAG(s) dict_keys(['example_python_operator']) retrieved from /Users/akshaybhoge/PycharmProjects/venvEdgar/lib/python3.7/site-packages/airflow/example_dags/example_python_operator.py
[2021-03-22 02:58:45,230] {logging_mixin.py:104} INFO - [2021-03-22 02:58:45,229] {dag.py:1818} INFO - Sync 1 DAGs
[2021-03-22 02:58:45,240] {logging_mixin.py:104} INFO - [2021-03-22 02:58:45,239] {dag.py:2273} INFO - Setting next_dagrun for example_python_operator to None
[2021-03-22 02:58:45,246] {scheduler_job.py:190} INFO - Processing /Users/akshaybhoge/PycharmProjects/venvEdgar/lib/python3.7/site-packages/airflow/example_dags/example_python_operator.py took 0.048 seconds
[2021-03-22 02:59:16,021] {scheduler_job.py:182} INFO - Started process (PID=27410) to work on /Users/akshaybhoge/PycharmProjects/venvEdgar/lib/python3.7/site-packages/airflow/example_dags/example_python_operator.py
[2021-03-22 02:59:16,023] {scheduler_job.py:629} INFO - Processing file /Users/akshaybhoge/PycharmProjects/venvEdgar/lib/python3.7/site-packages/airflow/example_dags/example_python_operator.py for tasks to queue
[2021-03-22 02:59:16,024] {logging_mixin.py:104} INFO - [2021-03-22 02:59:16,023] {dagbag.py:448} INFO - Filling up the DagBag from /Users/akshaybhoge/PycharmProjects/venvEdgar/lib/python3.7/site-packages/airflow/example_dags/example_python_operator.py
[2021-03-22 02:59:16,035] {scheduler_job.py:639} INFO - DAG(s) dict_keys(['example_python_operator']) retrieved from /Users/akshaybhoge/PycharmProjects/venvEdgar/lib/python3.7/site-packages/airflow/example_dags/example_python_operator.py
[2021-03-22 02:59:16,047] {logging_mixin.py:104} INFO - [2021-03-22 02:59:16,047] {dag.py:1818} INFO - Sync 1 DAGs
[2021-03-22 02:59:16,056] {logging_mixin.py:104} INFO - [2021-03-22 02:59:16,056] {dag.py:2273} INFO - Setting next_dagrun for example_python_operator to None
[2021-03-22 02:59:16,063] {scheduler_job.py:190} INFO - Processing /Users/akshaybhoge/PycharmProjects/venvEdgar/lib/python3.7/site-packages/airflow/example_dags/example_python_operator.py took 0.045 seconds
[2021-03-22 02:59:47,093] {scheduler_job.py:182} INFO - Started process (PID=27463) to work on /Users/akshaybhoge/PycharmProjects/venvEdgar/lib/python3.7/site-packages/airflow/example_dags/example_python_operator.py
[2021-03-22 02:59:47,095] {scheduler_job.py:629} INFO - Processing file /Users/akshaybhoge/PycharmProjects/venvEdgar/lib/python3.7/site-packages/airflow/example_dags/example_python_operator.py for tasks to queue
[2021-03-22 02:59:47,096] {logging_mixin.py:104} INFO - [2021-03-22 02:59:47,096] {dagbag.py:448} INFO - Filling up the DagBag from /Users/akshaybhoge/PycharmProjects/venvEdgar/lib/python3.7/site-packages/airflow/example_dags/example_python_operator.py
[2021-03-22 02:59:47,109] {scheduler_job.py:639} INFO - DAG(s) dict_keys(['example_python_operator']) retrieved from /Users/akshaybhoge/PycharmProjects/venvEdgar/lib/python3.7/site-packages/airflow/example_dags/example_python_operator.py
[2021-03-22 02:59:47,122] {logging_mixin.py:104} INFO - [2021-03-22 02:59:47,122] {dag.py:1818} INFO - Sync 1 DAGs
[2021-03-22 02:59:47,132] {logging_mixin.py:104} INFO - [2021-03-22 02:59:47,132] {dag.py:2273} INFO - Setting next_dagrun for example_python_operator to None
[2021-03-22 02:59:47,138] {scheduler_job.py:190} INFO - Processing /Users/akshaybhoge/PycharmProjects/venvEdgar/lib/python3.7/site-packages/airflow/example_dags/example_python_operator.py took 0.049 seconds
[2021-03-22 03:00:19,291] {scheduler_job.py:182} INFO - Started process (PID=27514) to work on /Users/akshaybhoge/PycharmProjects/venvEdgar/lib/python3.7/site-packages/airflow/example_dags/example_python_operator.py
[2021-03-22 03:00:19,292] {scheduler_job.py:629} INFO - Processing file /Users/akshaybhoge/PycharmProjects/venvEdgar/lib/python3.7/site-packages/airflow/example_dags/example_python_operator.py for tasks to queue
[2021-03-22 03:00:19,294] {logging_mixin.py:104} INFO - [2021-03-22 03:00:19,293] {dagbag.py:448} INFO - Filling up the DagBag from /Users/akshaybhoge/PycharmProjects/venvEdgar/lib/python3.7/site-packages/airflow/example_dags/example_python_operator.py
[2021-03-22 03:00:19,307] {scheduler_job.py:639} INFO - DAG(s) dict_keys(['example_python_operator']) retrieved from /Users/akshaybhoge/PycharmProjects/venvEdgar/lib/python3.7/site-packages/airflow/example_dags/example_python_operator.py
[2021-03-22 03:00:19,320] {logging_mixin.py:104} INFO - [2021-03-22 03:00:19,320] {dag.py:1818} INFO - Sync 1 DAGs
[2021-03-22 03:00:19,330] {logging_mixin.py:104} INFO - [2021-03-22 03:00:19,330] {dag.py:2273} INFO - Setting next_dagrun for example_python_operator to None
[2021-03-22 03:00:19,336] {scheduler_job.py:190} INFO - Processing /Users/akshaybhoge/PycharmProjects/venvEdgar/lib/python3.7/site-packages/airflow/example_dags/example_python_operator.py took 0.050 seconds
[2021-03-22 03:00:51,501] {scheduler_job.py:182} INFO - Started process (PID=27572) to work on /Users/akshaybhoge/PycharmProjects/venvEdgar/lib/python3.7/site-packages/airflow/example_dags/example_python_operator.py
[2021-03-22 03:00:51,503] {scheduler_job.py:629} INFO - Processing file /Users/akshaybhoge/PycharmProjects/venvEdgar/lib/python3.7/site-packages/airflow/example_dags/example_python_operator.py for tasks to queue
[2021-03-22 03:00:51,504] {logging_mixin.py:104} INFO - [2021-03-22 03:00:51,504] {dagbag.py:448} INFO - Filling up the DagBag from /Users/akshaybhoge/PycharmProjects/venvEdgar/lib/python3.7/site-packages/airflow/example_dags/example_python_operator.py
[2021-03-22 03:00:51,516] {scheduler_job.py:639} INFO - DAG(s) dict_keys(['example_python_operator']) retrieved from /Users/akshaybhoge/PycharmProjects/venvEdgar/lib/python3.7/site-packages/airflow/example_dags/example_python_operator.py
[2021-03-22 03:00:51,530] {logging_mixin.py:104} INFO - [2021-03-22 03:00:51,529] {dag.py:1818} INFO - Sync 1 DAGs
[2021-03-22 03:00:51,539] {logging_mixin.py:104} INFO - [2021-03-22 03:00:51,538] {dag.py:2273} INFO - Setting next_dagrun for example_python_operator to None
[2021-03-22 03:00:51,544] {scheduler_job.py:190} INFO - Processing /Users/akshaybhoge/PycharmProjects/venvEdgar/lib/python3.7/site-packages/airflow/example_dags/example_python_operator.py took 0.046 seconds
[2021-03-22 03:01:23,612] {scheduler_job.py:182} INFO - Started process (PID=27616) to work on /Users/akshaybhoge/PycharmProjects/venvEdgar/lib/python3.7/site-packages/airflow/example_dags/example_python_operator.py
[2021-03-22 03:01:23,614] {scheduler_job.py:629} INFO - Processing file /Users/akshaybhoge/PycharmProjects/venvEdgar/lib/python3.7/site-packages/airflow/example_dags/example_python_operator.py for tasks to queue
[2021-03-22 03:01:23,615] {logging_mixin.py:104} INFO - [2021-03-22 03:01:23,615] {dagbag.py:448} INFO - Filling up the DagBag from /Users/akshaybhoge/PycharmProjects/venvEdgar/lib/python3.7/site-packages/airflow/example_dags/example_python_operator.py
[2021-03-22 03:01:23,628] {scheduler_job.py:639} INFO - DAG(s) dict_keys(['example_python_operator']) retrieved from /Users/akshaybhoge/PycharmProjects/venvEdgar/lib/python3.7/site-packages/airflow/example_dags/example_python_operator.py
[2021-03-22 03:01:23,642] {logging_mixin.py:104} INFO - [2021-03-22 03:01:23,641] {dag.py:1818} INFO - Sync 1 DAGs
[2021-03-22 03:01:23,673] {logging_mixin.py:104} INFO - [2021-03-22 03:01:23,673] {dag.py:2273} INFO - Setting next_dagrun for example_python_operator to None
[2021-03-22 03:01:23,680] {scheduler_job.py:190} INFO - Processing /Users/akshaybhoge/PycharmProjects/venvEdgar/lib/python3.7/site-packages/airflow/example_dags/example_python_operator.py took 0.072 seconds
[2021-03-22 03:01:55,712] {scheduler_job.py:182} INFO - Started process (PID=27646) to work on /Users/akshaybhoge/PycharmProjects/venvEdgar/lib/python3.7/site-packages/airflow/example_dags/example_python_operator.py
[2021-03-22 03:01:55,714] {scheduler_job.py:629} INFO - Processing file /Users/akshaybhoge/PycharmProjects/venvEdgar/lib/python3.7/site-packages/airflow/example_dags/example_python_operator.py for tasks to queue
[2021-03-22 03:01:55,715] {logging_mixin.py:104} INFO - [2021-03-22 03:01:55,715] {dagbag.py:448} INFO - Filling up the DagBag from /Users/akshaybhoge/PycharmProjects/venvEdgar/lib/python3.7/site-packages/airflow/example_dags/example_python_operator.py
[2021-03-22 03:01:55,728] {scheduler_job.py:639} INFO - DAG(s) dict_keys(['example_python_operator']) retrieved from /Users/akshaybhoge/PycharmProjects/venvEdgar/lib/python3.7/site-packages/airflow/example_dags/example_python_operator.py
[2021-03-22 03:01:55,742] {logging_mixin.py:104} INFO - [2021-03-22 03:01:55,742] {dag.py:1818} INFO - Sync 1 DAGs
[2021-03-22 03:01:55,752] {logging_mixin.py:104} INFO - [2021-03-22 03:01:55,752] {dag.py:2273} INFO - Setting next_dagrun for example_python_operator to None
[2021-03-22 03:01:55,758] {scheduler_job.py:190} INFO - Processing /Users/akshaybhoge/PycharmProjects/venvEdgar/lib/python3.7/site-packages/airflow/example_dags/example_python_operator.py took 0.049 seconds
[2021-03-22 03:02:27,722] {scheduler_job.py:182} INFO - Started process (PID=27677) to work on /Users/akshaybhoge/PycharmProjects/venvEdgar/lib/python3.7/site-packages/airflow/example_dags/example_python_operator.py
[2021-03-22 03:02:27,723] {scheduler_job.py:629} INFO - Processing file /Users/akshaybhoge/PycharmProjects/venvEdgar/lib/python3.7/site-packages/airflow/example_dags/example_python_operator.py for tasks to queue
[2021-03-22 03:02:27,724] {logging_mixin.py:104} INFO - [2021-03-22 03:02:27,724] {dagbag.py:448} INFO - Filling up the DagBag from /Users/akshaybhoge/PycharmProjects/venvEdgar/lib/python3.7/site-packages/airflow/example_dags/example_python_operator.py
[2021-03-22 03:02:27,738] {scheduler_job.py:639} INFO - DAG(s) dict_keys(['example_python_operator']) retrieved from /Users/akshaybhoge/PycharmProjects/venvEdgar/lib/python3.7/site-packages/airflow/example_dags/example_python_operator.py
[2021-03-22 03:02:27,751] {logging_mixin.py:104} INFO - [2021-03-22 03:02:27,750] {dag.py:1818} INFO - Sync 1 DAGs
[2021-03-22 03:02:27,760] {logging_mixin.py:104} INFO - [2021-03-22 03:02:27,760] {dag.py:2273} INFO - Setting next_dagrun for example_python_operator to None
[2021-03-22 03:02:27,766] {scheduler_job.py:190} INFO - Processing /Users/akshaybhoge/PycharmProjects/venvEdgar/lib/python3.7/site-packages/airflow/example_dags/example_python_operator.py took 0.048 seconds
[2021-03-22 03:02:59,859] {scheduler_job.py:182} INFO - Started process (PID=27710) to work on /Users/akshaybhoge/PycharmProjects/venvEdgar/lib/python3.7/site-packages/airflow/example_dags/example_python_operator.py
[2021-03-22 03:02:59,861] {scheduler_job.py:629} INFO - Processing file /Users/akshaybhoge/PycharmProjects/venvEdgar/lib/python3.7/site-packages/airflow/example_dags/example_python_operator.py for tasks to queue
[2021-03-22 03:02:59,862] {logging_mixin.py:104} INFO - [2021-03-22 03:02:59,862] {dagbag.py:448} INFO - Filling up the DagBag from /Users/akshaybhoge/PycharmProjects/venvEdgar/lib/python3.7/site-packages/airflow/example_dags/example_python_operator.py
[2021-03-22 03:02:59,876] {scheduler_job.py:639} INFO - DAG(s) dict_keys(['example_python_operator']) retrieved from /Users/akshaybhoge/PycharmProjects/venvEdgar/lib/python3.7/site-packages/airflow/example_dags/example_python_operator.py
[2021-03-22 03:02:59,891] {logging_mixin.py:104} INFO - [2021-03-22 03:02:59,890] {dag.py:1818} INFO - Sync 1 DAGs
[2021-03-22 03:02:59,900] {logging_mixin.py:104} INFO - [2021-03-22 03:02:59,900] {dag.py:2273} INFO - Setting next_dagrun for example_python_operator to None
[2021-03-22 03:02:59,905] {scheduler_job.py:190} INFO - Processing /Users/akshaybhoge/PycharmProjects/venvEdgar/lib/python3.7/site-packages/airflow/example_dags/example_python_operator.py took 0.050 seconds
[2021-03-22 03:03:31,986] {scheduler_job.py:182} INFO - Started process (PID=27758) to work on /Users/akshaybhoge/PycharmProjects/venvEdgar/lib/python3.7/site-packages/airflow/example_dags/example_python_operator.py
[2021-03-22 03:03:31,987] {scheduler_job.py:629} INFO - Processing file /Users/akshaybhoge/PycharmProjects/venvEdgar/lib/python3.7/site-packages/airflow/example_dags/example_python_operator.py for tasks to queue
[2021-03-22 03:03:31,989] {logging_mixin.py:104} INFO - [2021-03-22 03:03:31,988] {dagbag.py:448} INFO - Filling up the DagBag from /Users/akshaybhoge/PycharmProjects/venvEdgar/lib/python3.7/site-packages/airflow/example_dags/example_python_operator.py
[2021-03-22 03:03:32,003] {scheduler_job.py:639} INFO - DAG(s) dict_keys(['example_python_operator']) retrieved from /Users/akshaybhoge/PycharmProjects/venvEdgar/lib/python3.7/site-packages/airflow/example_dags/example_python_operator.py
[2021-03-22 03:03:32,016] {logging_mixin.py:104} INFO - [2021-03-22 03:03:32,016] {dag.py:1818} INFO - Sync 1 DAGs
[2021-03-22 03:03:32,025] {logging_mixin.py:104} INFO - [2021-03-22 03:03:32,024] {dag.py:2273} INFO - Setting next_dagrun for example_python_operator to None
[2021-03-22 03:03:32,031] {scheduler_job.py:190} INFO - Processing /Users/akshaybhoge/PycharmProjects/venvEdgar/lib/python3.7/site-packages/airflow/example_dags/example_python_operator.py took 0.049 seconds
[2021-03-22 03:04:04,099] {scheduler_job.py:182} INFO - Started process (PID=27795) to work on /Users/akshaybhoge/PycharmProjects/venvEdgar/lib/python3.7/site-packages/airflow/example_dags/example_python_operator.py
[2021-03-22 03:04:04,101] {scheduler_job.py:629} INFO - Processing file /Users/akshaybhoge/PycharmProjects/venvEdgar/lib/python3.7/site-packages/airflow/example_dags/example_python_operator.py for tasks to queue
[2021-03-22 03:04:04,102] {logging_mixin.py:104} INFO - [2021-03-22 03:04:04,102] {dagbag.py:448} INFO - Filling up the DagBag from /Users/akshaybhoge/PycharmProjects/venvEdgar/lib/python3.7/site-packages/airflow/example_dags/example_python_operator.py
[2021-03-22 03:04:04,115] {scheduler_job.py:639} INFO - DAG(s) dict_keys(['example_python_operator']) retrieved from /Users/akshaybhoge/PycharmProjects/venvEdgar/lib/python3.7/site-packages/airflow/example_dags/example_python_operator.py
[2021-03-22 03:04:04,127] {logging_mixin.py:104} INFO - [2021-03-22 03:04:04,127] {dag.py:1818} INFO - Sync 1 DAGs
[2021-03-22 03:04:04,136] {logging_mixin.py:104} INFO - [2021-03-22 03:04:04,136] {dag.py:2273} INFO - Setting next_dagrun for example_python_operator to None
[2021-03-22 03:04:04,141] {scheduler_job.py:190} INFO - Processing /Users/akshaybhoge/PycharmProjects/venvEdgar/lib/python3.7/site-packages/airflow/example_dags/example_python_operator.py took 0.047 seconds
[2021-03-22 03:04:37,364] {scheduler_job.py:182} INFO - Started process (PID=27835) to work on /Users/akshaybhoge/PycharmProjects/venvEdgar/lib/python3.7/site-packages/airflow/example_dags/example_python_operator.py
[2021-03-22 03:04:37,365] {scheduler_job.py:629} INFO - Processing file /Users/akshaybhoge/PycharmProjects/venvEdgar/lib/python3.7/site-packages/airflow/example_dags/example_python_operator.py for tasks to queue
[2021-03-22 03:04:37,366] {logging_mixin.py:104} INFO - [2021-03-22 03:04:37,366] {dagbag.py:448} INFO - Filling up the DagBag from /Users/akshaybhoge/PycharmProjects/venvEdgar/lib/python3.7/site-packages/airflow/example_dags/example_python_operator.py
[2021-03-22 03:04:37,377] {scheduler_job.py:639} INFO - DAG(s) dict_keys(['example_python_operator']) retrieved from /Users/akshaybhoge/PycharmProjects/venvEdgar/lib/python3.7/site-packages/airflow/example_dags/example_python_operator.py
[2021-03-22 03:04:37,389] {logging_mixin.py:104} INFO - [2021-03-22 03:04:37,388] {dag.py:1818} INFO - Sync 1 DAGs
[2021-03-22 03:04:37,398] {logging_mixin.py:104} INFO - [2021-03-22 03:04:37,398] {dag.py:2273} INFO - Setting next_dagrun for example_python_operator to None
[2021-03-22 03:04:37,404] {scheduler_job.py:190} INFO - Processing /Users/akshaybhoge/PycharmProjects/venvEdgar/lib/python3.7/site-packages/airflow/example_dags/example_python_operator.py took 0.044 seconds
[2021-03-22 03:05:09,478] {scheduler_job.py:182} INFO - Started process (PID=27876) to work on /Users/akshaybhoge/PycharmProjects/venvEdgar/lib/python3.7/site-packages/airflow/example_dags/example_python_operator.py
[2021-03-22 03:05:09,479] {scheduler_job.py:629} INFO - Processing file /Users/akshaybhoge/PycharmProjects/venvEdgar/lib/python3.7/site-packages/airflow/example_dags/example_python_operator.py for tasks to queue
[2021-03-22 03:05:09,481] {logging_mixin.py:104} INFO - [2021-03-22 03:05:09,480] {dagbag.py:448} INFO - Filling up the DagBag from /Users/akshaybhoge/PycharmProjects/venvEdgar/lib/python3.7/site-packages/airflow/example_dags/example_python_operator.py
[2021-03-22 03:05:09,494] {scheduler_job.py:639} INFO - DAG(s) dict_keys(['example_python_operator']) retrieved from /Users/akshaybhoge/PycharmProjects/venvEdgar/lib/python3.7/site-packages/airflow/example_dags/example_python_operator.py
[2021-03-22 03:05:09,507] {logging_mixin.py:104} INFO - [2021-03-22 03:05:09,507] {dag.py:1818} INFO - Sync 1 DAGs
[2021-03-22 03:05:09,516] {logging_mixin.py:104} INFO - [2021-03-22 03:05:09,516] {dag.py:2273} INFO - Setting next_dagrun for example_python_operator to None
[2021-03-22 03:05:09,522] {scheduler_job.py:190} INFO - Processing /Users/akshaybhoge/PycharmProjects/venvEdgar/lib/python3.7/site-packages/airflow/example_dags/example_python_operator.py took 0.048 seconds
[2021-03-22 03:05:42,768] {scheduler_job.py:182} INFO - Started process (PID=27911) to work on /Users/akshaybhoge/PycharmProjects/venvEdgar/lib/python3.7/site-packages/airflow/example_dags/example_python_operator.py
[2021-03-22 03:05:42,769] {scheduler_job.py:629} INFO - Processing file /Users/akshaybhoge/PycharmProjects/venvEdgar/lib/python3.7/site-packages/airflow/example_dags/example_python_operator.py for tasks to queue
[2021-03-22 03:05:42,771] {logging_mixin.py:104} INFO - [2021-03-22 03:05:42,770] {dagbag.py:448} INFO - Filling up the DagBag from /Users/akshaybhoge/PycharmProjects/venvEdgar/lib/python3.7/site-packages/airflow/example_dags/example_python_operator.py
[2021-03-22 03:05:42,784] {scheduler_job.py:639} INFO - DAG(s) dict_keys(['example_python_operator']) retrieved from /Users/akshaybhoge/PycharmProjects/venvEdgar/lib/python3.7/site-packages/airflow/example_dags/example_python_operator.py
[2021-03-22 03:05:42,797] {logging_mixin.py:104} INFO - [2021-03-22 03:05:42,797] {dag.py:1818} INFO - Sync 1 DAGs
[2021-03-22 03:05:42,807] {logging_mixin.py:104} INFO - [2021-03-22 03:05:42,806] {dag.py:2273} INFO - Setting next_dagrun for example_python_operator to None
[2021-03-22 03:05:42,813] {scheduler_job.py:190} INFO - Processing /Users/akshaybhoge/PycharmProjects/venvEdgar/lib/python3.7/site-packages/airflow/example_dags/example_python_operator.py took 0.049 seconds
[2021-03-22 03:06:14,870] {scheduler_job.py:182} INFO - Started process (PID=27949) to work on /Users/akshaybhoge/PycharmProjects/venvEdgar/lib/python3.7/site-packages/airflow/example_dags/example_python_operator.py
[2021-03-22 03:06:14,872] {scheduler_job.py:629} INFO - Processing file /Users/akshaybhoge/PycharmProjects/venvEdgar/lib/python3.7/site-packages/airflow/example_dags/example_python_operator.py for tasks to queue
[2021-03-22 03:06:14,873] {logging_mixin.py:104} INFO - [2021-03-22 03:06:14,873] {dagbag.py:448} INFO - Filling up the DagBag from /Users/akshaybhoge/PycharmProjects/venvEdgar/lib/python3.7/site-packages/airflow/example_dags/example_python_operator.py
[2021-03-22 03:06:14,886] {scheduler_job.py:639} INFO - DAG(s) dict_keys(['example_python_operator']) retrieved from /Users/akshaybhoge/PycharmProjects/venvEdgar/lib/python3.7/site-packages/airflow/example_dags/example_python_operator.py
[2021-03-22 03:06:14,900] {logging_mixin.py:104} INFO - [2021-03-22 03:06:14,900] {dag.py:1818} INFO - Sync 1 DAGs
[2021-03-22 03:06:14,909] {logging_mixin.py:104} INFO - [2021-03-22 03:06:14,909] {dag.py:2273} INFO - Setting next_dagrun for example_python_operator to None
[2021-03-22 03:06:14,915] {scheduler_job.py:190} INFO - Processing /Users/akshaybhoge/PycharmProjects/venvEdgar/lib/python3.7/site-packages/airflow/example_dags/example_python_operator.py took 0.049 seconds
[2021-03-22 03:06:47,089] {scheduler_job.py:182} INFO - Started process (PID=27984) to work on /Users/akshaybhoge/PycharmProjects/venvEdgar/lib/python3.7/site-packages/airflow/example_dags/example_python_operator.py
[2021-03-22 03:06:47,091] {scheduler_job.py:629} INFO - Processing file /Users/akshaybhoge/PycharmProjects/venvEdgar/lib/python3.7/site-packages/airflow/example_dags/example_python_operator.py for tasks to queue
[2021-03-22 03:06:47,092] {logging_mixin.py:104} INFO - [2021-03-22 03:06:47,092] {dagbag.py:448} INFO - Filling up the DagBag from /Users/akshaybhoge/PycharmProjects/venvEdgar/lib/python3.7/site-packages/airflow/example_dags/example_python_operator.py
[2021-03-22 03:06:47,107] {scheduler_job.py:639} INFO - DAG(s) dict_keys(['example_python_operator']) retrieved from /Users/akshaybhoge/PycharmProjects/venvEdgar/lib/python3.7/site-packages/airflow/example_dags/example_python_operator.py
[2021-03-22 03:06:47,121] {logging_mixin.py:104} INFO - [2021-03-22 03:06:47,121] {dag.py:1818} INFO - Sync 1 DAGs
[2021-03-22 03:06:47,131] {logging_mixin.py:104} INFO - [2021-03-22 03:06:47,131] {dag.py:2273} INFO - Setting next_dagrun for example_python_operator to None
[2021-03-22 03:06:47,136] {scheduler_job.py:190} INFO - Processing /Users/akshaybhoge/PycharmProjects/venvEdgar/lib/python3.7/site-packages/airflow/example_dags/example_python_operator.py took 0.051 seconds
[2021-03-22 03:07:19,338] {scheduler_job.py:182} INFO - Started process (PID=28015) to work on /Users/akshaybhoge/PycharmProjects/venvEdgar/lib/python3.7/site-packages/airflow/example_dags/example_python_operator.py
[2021-03-22 03:07:19,339] {scheduler_job.py:629} INFO - Processing file /Users/akshaybhoge/PycharmProjects/venvEdgar/lib/python3.7/site-packages/airflow/example_dags/example_python_operator.py for tasks to queue
[2021-03-22 03:07:19,340] {logging_mixin.py:104} INFO - [2021-03-22 03:07:19,340] {dagbag.py:448} INFO - Filling up the DagBag from /Users/akshaybhoge/PycharmProjects/venvEdgar/lib/python3.7/site-packages/airflow/example_dags/example_python_operator.py
[2021-03-22 03:07:19,352] {scheduler_job.py:639} INFO - DAG(s) dict_keys(['example_python_operator']) retrieved from /Users/akshaybhoge/PycharmProjects/venvEdgar/lib/python3.7/site-packages/airflow/example_dags/example_python_operator.py
[2021-03-22 03:07:19,363] {logging_mixin.py:104} INFO - [2021-03-22 03:07:19,363] {dag.py:1818} INFO - Sync 1 DAGs
[2021-03-22 03:07:19,372] {logging_mixin.py:104} INFO - [2021-03-22 03:07:19,371] {dag.py:2273} INFO - Setting next_dagrun for example_python_operator to None
[2021-03-22 03:07:19,378] {scheduler_job.py:190} INFO - Processing /Users/akshaybhoge/PycharmProjects/venvEdgar/lib/python3.7/site-packages/airflow/example_dags/example_python_operator.py took 0.043 seconds
[2021-03-22 03:07:51,561] {scheduler_job.py:182} INFO - Started process (PID=28051) to work on /Users/akshaybhoge/PycharmProjects/venvEdgar/lib/python3.7/site-packages/airflow/example_dags/example_python_operator.py
[2021-03-22 03:07:51,562] {scheduler_job.py:629} INFO - Processing file /Users/akshaybhoge/PycharmProjects/venvEdgar/lib/python3.7/site-packages/airflow/example_dags/example_python_operator.py for tasks to queue
[2021-03-22 03:07:51,563] {logging_mixin.py:104} INFO - [2021-03-22 03:07:51,563] {dagbag.py:448} INFO - Filling up the DagBag from /Users/akshaybhoge/PycharmProjects/venvEdgar/lib/python3.7/site-packages/airflow/example_dags/example_python_operator.py
[2021-03-22 03:07:51,577] {scheduler_job.py:639} INFO - DAG(s) dict_keys(['example_python_operator']) retrieved from /Users/akshaybhoge/PycharmProjects/venvEdgar/lib/python3.7/site-packages/airflow/example_dags/example_python_operator.py
[2021-03-22 03:07:51,590] {logging_mixin.py:104} INFO - [2021-03-22 03:07:51,589] {dag.py:1818} INFO - Sync 1 DAGs
[2021-03-22 03:07:51,598] {logging_mixin.py:104} INFO - [2021-03-22 03:07:51,598] {dag.py:2273} INFO - Setting next_dagrun for example_python_operator to None
[2021-03-22 03:07:51,603] {scheduler_job.py:190} INFO - Processing /Users/akshaybhoge/PycharmProjects/venvEdgar/lib/python3.7/site-packages/airflow/example_dags/example_python_operator.py took 0.045 seconds
[2021-03-22 03:08:23,765] {scheduler_job.py:182} INFO - Started process (PID=28086) to work on /Users/akshaybhoge/PycharmProjects/venvEdgar/lib/python3.7/site-packages/airflow/example_dags/example_python_operator.py
[2021-03-22 03:08:23,767] {scheduler_job.py:629} INFO - Processing file /Users/akshaybhoge/PycharmProjects/venvEdgar/lib/python3.7/site-packages/airflow/example_dags/example_python_operator.py for tasks to queue
[2021-03-22 03:08:23,768] {logging_mixin.py:104} INFO - [2021-03-22 03:08:23,768] {dagbag.py:448} INFO - Filling up the DagBag from /Users/akshaybhoge/PycharmProjects/venvEdgar/lib/python3.7/site-packages/airflow/example_dags/example_python_operator.py
[2021-03-22 03:08:23,781] {scheduler_job.py:639} INFO - DAG(s) dict_keys(['example_python_operator']) retrieved from /Users/akshaybhoge/PycharmProjects/venvEdgar/lib/python3.7/site-packages/airflow/example_dags/example_python_operator.py
[2021-03-22 03:08:23,792] {logging_mixin.py:104} INFO - [2021-03-22 03:08:23,792] {dag.py:1818} INFO - Sync 1 DAGs
[2021-03-22 03:08:23,801] {logging_mixin.py:104} INFO - [2021-03-22 03:08:23,801] {dag.py:2273} INFO - Setting next_dagrun for example_python_operator to None
[2021-03-22 03:08:23,807] {scheduler_job.py:190} INFO - Processing /Users/akshaybhoge/PycharmProjects/venvEdgar/lib/python3.7/site-packages/airflow/example_dags/example_python_operator.py took 0.046 seconds
[2021-03-22 03:08:56,035] {scheduler_job.py:182} INFO - Started process (PID=28125) to work on /Users/akshaybhoge/PycharmProjects/venvEdgar/lib/python3.7/site-packages/airflow/example_dags/example_python_operator.py
[2021-03-22 03:08:56,037] {scheduler_job.py:629} INFO - Processing file /Users/akshaybhoge/PycharmProjects/venvEdgar/lib/python3.7/site-packages/airflow/example_dags/example_python_operator.py for tasks to queue
[2021-03-22 03:08:56,039] {logging_mixin.py:104} INFO - [2021-03-22 03:08:56,038] {dagbag.py:448} INFO - Filling up the DagBag from /Users/akshaybhoge/PycharmProjects/venvEdgar/lib/python3.7/site-packages/airflow/example_dags/example_python_operator.py
[2021-03-22 03:08:56,051] {scheduler_job.py:639} INFO - DAG(s) dict_keys(['example_python_operator']) retrieved from /Users/akshaybhoge/PycharmProjects/venvEdgar/lib/python3.7/site-packages/airflow/example_dags/example_python_operator.py
[2021-03-22 03:08:56,063] {logging_mixin.py:104} INFO - [2021-03-22 03:08:56,062] {dag.py:1818} INFO - Sync 1 DAGs
[2021-03-22 03:08:56,071] {logging_mixin.py:104} INFO - [2021-03-22 03:08:56,071] {dag.py:2273} INFO - Setting next_dagrun for example_python_operator to None
[2021-03-22 03:08:56,077] {scheduler_job.py:190} INFO - Processing /Users/akshaybhoge/PycharmProjects/venvEdgar/lib/python3.7/site-packages/airflow/example_dags/example_python_operator.py took 0.045 seconds
[2021-03-22 03:12:02,210] {scheduler_job.py:182} INFO - Started process (PID=28255) to work on /Users/akshaybhoge/PycharmProjects/venvEdgar/lib/python3.7/site-packages/airflow/example_dags/example_python_operator.py
[2021-03-22 03:12:02,216] {scheduler_job.py:629} INFO - Processing file /Users/akshaybhoge/PycharmProjects/venvEdgar/lib/python3.7/site-packages/airflow/example_dags/example_python_operator.py for tasks to queue
[2021-03-22 03:12:02,220] {logging_mixin.py:104} INFO - [2021-03-22 03:12:02,219] {dagbag.py:448} INFO - Filling up the DagBag from /Users/akshaybhoge/PycharmProjects/venvEdgar/lib/python3.7/site-packages/airflow/example_dags/example_python_operator.py
[2021-03-22 03:12:02,268] {scheduler_job.py:639} INFO - DAG(s) dict_keys(['example_python_operator']) retrieved from /Users/akshaybhoge/PycharmProjects/venvEdgar/lib/python3.7/site-packages/airflow/example_dags/example_python_operator.py
[2021-03-22 03:12:02,316] {logging_mixin.py:104} INFO - [2021-03-22 03:12:02,314] {dag.py:1818} INFO - Sync 1 DAGs
[2021-03-22 03:12:02,355] {logging_mixin.py:104} INFO - [2021-03-22 03:12:02,354] {dag.py:2273} INFO - Setting next_dagrun for example_python_operator to None
[2021-03-22 03:12:02,383] {scheduler_job.py:190} INFO - Processing /Users/akshaybhoge/PycharmProjects/venvEdgar/lib/python3.7/site-packages/airflow/example_dags/example_python_operator.py took 0.185 seconds
[2021-03-22 03:12:45,576] {scheduler_job.py:182} INFO - Started process (PID=28295) to work on /Users/akshaybhoge/PycharmProjects/venvEdgar/lib/python3.7/site-packages/airflow/example_dags/example_python_operator.py
[2021-03-22 03:12:45,582] {scheduler_job.py:629} INFO - Processing file /Users/akshaybhoge/PycharmProjects/venvEdgar/lib/python3.7/site-packages/airflow/example_dags/example_python_operator.py for tasks to queue
[2021-03-22 03:12:45,587] {logging_mixin.py:104} INFO - [2021-03-22 03:12:45,585] {dagbag.py:448} INFO - Filling up the DagBag from /Users/akshaybhoge/PycharmProjects/venvEdgar/lib/python3.7/site-packages/airflow/example_dags/example_python_operator.py
[2021-03-22 03:12:45,635] {scheduler_job.py:639} INFO - DAG(s) dict_keys(['example_python_operator']) retrieved from /Users/akshaybhoge/PycharmProjects/venvEdgar/lib/python3.7/site-packages/airflow/example_dags/example_python_operator.py
[2021-03-22 03:12:45,683] {logging_mixin.py:104} INFO - [2021-03-22 03:12:45,681] {dag.py:1818} INFO - Sync 1 DAGs
[2021-03-22 03:12:45,718] {logging_mixin.py:104} INFO - [2021-03-22 03:12:45,717] {dag.py:2273} INFO - Setting next_dagrun for example_python_operator to None
[2021-03-22 03:12:45,743] {scheduler_job.py:190} INFO - Processing /Users/akshaybhoge/PycharmProjects/venvEdgar/lib/python3.7/site-packages/airflow/example_dags/example_python_operator.py took 0.179 seconds
[2021-03-22 03:13:56,503] {scheduler_job.py:182} INFO - Started process (PID=28362) to work on /Users/akshaybhoge/PycharmProjects/venvEdgar/lib/python3.7/site-packages/airflow/example_dags/example_python_operator.py
[2021-03-22 03:13:56,505] {scheduler_job.py:629} INFO - Processing file /Users/akshaybhoge/PycharmProjects/venvEdgar/lib/python3.7/site-packages/airflow/example_dags/example_python_operator.py for tasks to queue
[2021-03-22 03:13:56,506] {logging_mixin.py:104} INFO - [2021-03-22 03:13:56,506] {dagbag.py:448} INFO - Filling up the DagBag from /Users/akshaybhoge/PycharmProjects/venvEdgar/lib/python3.7/site-packages/airflow/example_dags/example_python_operator.py
[2021-03-22 03:13:56,519] {scheduler_job.py:639} INFO - DAG(s) dict_keys(['example_python_operator']) retrieved from /Users/akshaybhoge/PycharmProjects/venvEdgar/lib/python3.7/site-packages/airflow/example_dags/example_python_operator.py
[2021-03-22 03:13:56,530] {logging_mixin.py:104} INFO - [2021-03-22 03:13:56,530] {dag.py:1818} INFO - Sync 1 DAGs
[2021-03-22 03:13:56,539] {logging_mixin.py:104} INFO - [2021-03-22 03:13:56,538] {dag.py:2273} INFO - Setting next_dagrun for example_python_operator to None
[2021-03-22 03:13:56,545] {scheduler_job.py:190} INFO - Processing /Users/akshaybhoge/PycharmProjects/venvEdgar/lib/python3.7/site-packages/airflow/example_dags/example_python_operator.py took 0.045 seconds
[2021-03-22 03:14:27,477] {scheduler_job.py:182} INFO - Started process (PID=28412) to work on /Users/akshaybhoge/PycharmProjects/venvEdgar/lib/python3.7/site-packages/airflow/example_dags/example_python_operator.py
[2021-03-22 03:14:27,479] {scheduler_job.py:629} INFO - Processing file /Users/akshaybhoge/PycharmProjects/venvEdgar/lib/python3.7/site-packages/airflow/example_dags/example_python_operator.py for tasks to queue
[2021-03-22 03:14:27,480] {logging_mixin.py:104} INFO - [2021-03-22 03:14:27,480] {dagbag.py:448} INFO - Filling up the DagBag from /Users/akshaybhoge/PycharmProjects/venvEdgar/lib/python3.7/site-packages/airflow/example_dags/example_python_operator.py
[2021-03-22 03:14:27,491] {scheduler_job.py:639} INFO - DAG(s) dict_keys(['example_python_operator']) retrieved from /Users/akshaybhoge/PycharmProjects/venvEdgar/lib/python3.7/site-packages/airflow/example_dags/example_python_operator.py
[2021-03-22 03:14:27,504] {logging_mixin.py:104} INFO - [2021-03-22 03:14:27,503] {dag.py:1818} INFO - Sync 1 DAGs
[2021-03-22 03:14:27,513] {logging_mixin.py:104} INFO - [2021-03-22 03:14:27,512] {dag.py:2273} INFO - Setting next_dagrun for example_python_operator to None
[2021-03-22 03:14:27,518] {scheduler_job.py:190} INFO - Processing /Users/akshaybhoge/PycharmProjects/venvEdgar/lib/python3.7/site-packages/airflow/example_dags/example_python_operator.py took 0.045 seconds
[2021-03-22 03:14:59,479] {scheduler_job.py:182} INFO - Started process (PID=28456) to work on /Users/akshaybhoge/PycharmProjects/venvEdgar/lib/python3.7/site-packages/airflow/example_dags/example_python_operator.py
[2021-03-22 03:14:59,481] {scheduler_job.py:629} INFO - Processing file /Users/akshaybhoge/PycharmProjects/venvEdgar/lib/python3.7/site-packages/airflow/example_dags/example_python_operator.py for tasks to queue
[2021-03-22 03:14:59,483] {logging_mixin.py:104} INFO - [2021-03-22 03:14:59,482] {dagbag.py:448} INFO - Filling up the DagBag from /Users/akshaybhoge/PycharmProjects/venvEdgar/lib/python3.7/site-packages/airflow/example_dags/example_python_operator.py
[2021-03-22 03:14:59,494] {scheduler_job.py:639} INFO - DAG(s) dict_keys(['example_python_operator']) retrieved from /Users/akshaybhoge/PycharmProjects/venvEdgar/lib/python3.7/site-packages/airflow/example_dags/example_python_operator.py
[2021-03-22 03:14:59,507] {logging_mixin.py:104} INFO - [2021-03-22 03:14:59,506] {dag.py:1818} INFO - Sync 1 DAGs
[2021-03-22 03:14:59,515] {logging_mixin.py:104} INFO - [2021-03-22 03:14:59,515] {dag.py:2273} INFO - Setting next_dagrun for example_python_operator to None
[2021-03-22 03:14:59,521] {scheduler_job.py:190} INFO - Processing /Users/akshaybhoge/PycharmProjects/venvEdgar/lib/python3.7/site-packages/airflow/example_dags/example_python_operator.py took 0.045 seconds
[2021-03-22 03:15:32,059] {scheduler_job.py:182} INFO - Started process (PID=28493) to work on /Users/akshaybhoge/PycharmProjects/venvEdgar/lib/python3.7/site-packages/airflow/example_dags/example_python_operator.py
[2021-03-22 03:15:32,061] {scheduler_job.py:629} INFO - Processing file /Users/akshaybhoge/PycharmProjects/venvEdgar/lib/python3.7/site-packages/airflow/example_dags/example_python_operator.py for tasks to queue
[2021-03-22 03:15:32,062] {logging_mixin.py:104} INFO - [2021-03-22 03:15:32,062] {dagbag.py:448} INFO - Filling up the DagBag from /Users/akshaybhoge/PycharmProjects/venvEdgar/lib/python3.7/site-packages/airflow/example_dags/example_python_operator.py
[2021-03-22 03:15:32,074] {scheduler_job.py:639} INFO - DAG(s) dict_keys(['example_python_operator']) retrieved from /Users/akshaybhoge/PycharmProjects/venvEdgar/lib/python3.7/site-packages/airflow/example_dags/example_python_operator.py
[2021-03-22 03:15:32,086] {logging_mixin.py:104} INFO - [2021-03-22 03:15:32,085] {dag.py:1818} INFO - Sync 1 DAGs
[2021-03-22 03:15:32,094] {logging_mixin.py:104} INFO - [2021-03-22 03:15:32,094] {dag.py:2273} INFO - Setting next_dagrun for example_python_operator to None
[2021-03-22 03:15:32,100] {scheduler_job.py:190} INFO - Processing /Users/akshaybhoge/PycharmProjects/venvEdgar/lib/python3.7/site-packages/airflow/example_dags/example_python_operator.py took 0.045 seconds
[2021-03-22 03:16:03,682] {scheduler_job.py:182} INFO - Started process (PID=28528) to work on /Users/akshaybhoge/PycharmProjects/venvEdgar/lib/python3.7/site-packages/airflow/example_dags/example_python_operator.py
[2021-03-22 03:16:03,684] {scheduler_job.py:629} INFO - Processing file /Users/akshaybhoge/PycharmProjects/venvEdgar/lib/python3.7/site-packages/airflow/example_dags/example_python_operator.py for tasks to queue
[2021-03-22 03:16:03,686] {logging_mixin.py:104} INFO - [2021-03-22 03:16:03,685] {dagbag.py:448} INFO - Filling up the DagBag from /Users/akshaybhoge/PycharmProjects/venvEdgar/lib/python3.7/site-packages/airflow/example_dags/example_python_operator.py
[2021-03-22 03:16:03,701] {scheduler_job.py:639} INFO - DAG(s) dict_keys(['example_python_operator']) retrieved from /Users/akshaybhoge/PycharmProjects/venvEdgar/lib/python3.7/site-packages/airflow/example_dags/example_python_operator.py
[2021-03-22 03:16:03,715] {logging_mixin.py:104} INFO - [2021-03-22 03:16:03,714] {dag.py:1818} INFO - Sync 1 DAGs
[2021-03-22 03:16:03,725] {logging_mixin.py:104} INFO - [2021-03-22 03:16:03,724] {dag.py:2273} INFO - Setting next_dagrun for example_python_operator to None
[2021-03-22 03:16:03,731] {scheduler_job.py:190} INFO - Processing /Users/akshaybhoge/PycharmProjects/venvEdgar/lib/python3.7/site-packages/airflow/example_dags/example_python_operator.py took 0.053 seconds
[2021-03-22 03:16:35,910] {scheduler_job.py:182} INFO - Started process (PID=28576) to work on /Users/akshaybhoge/PycharmProjects/venvEdgar/lib/python3.7/site-packages/airflow/example_dags/example_python_operator.py
[2021-03-22 03:16:35,912] {scheduler_job.py:629} INFO - Processing file /Users/akshaybhoge/PycharmProjects/venvEdgar/lib/python3.7/site-packages/airflow/example_dags/example_python_operator.py for tasks to queue
[2021-03-22 03:16:35,913] {logging_mixin.py:104} INFO - [2021-03-22 03:16:35,913] {dagbag.py:448} INFO - Filling up the DagBag from /Users/akshaybhoge/PycharmProjects/venvEdgar/lib/python3.7/site-packages/airflow/example_dags/example_python_operator.py
[2021-03-22 03:16:35,924] {scheduler_job.py:639} INFO - DAG(s) dict_keys(['example_python_operator']) retrieved from /Users/akshaybhoge/PycharmProjects/venvEdgar/lib/python3.7/site-packages/airflow/example_dags/example_python_operator.py
[2021-03-22 03:16:35,936] {logging_mixin.py:104} INFO - [2021-03-22 03:16:35,935] {dag.py:1818} INFO - Sync 1 DAGs
[2021-03-22 03:16:35,944] {logging_mixin.py:104} INFO - [2021-03-22 03:16:35,944] {dag.py:2273} INFO - Setting next_dagrun for example_python_operator to None
[2021-03-22 03:16:35,949] {scheduler_job.py:190} INFO - Processing /Users/akshaybhoge/PycharmProjects/venvEdgar/lib/python3.7/site-packages/airflow/example_dags/example_python_operator.py took 0.043 seconds
[2021-03-22 03:17:08,007] {scheduler_job.py:182} INFO - Started process (PID=28616) to work on /Users/akshaybhoge/PycharmProjects/venvEdgar/lib/python3.7/site-packages/airflow/example_dags/example_python_operator.py
[2021-03-22 03:17:08,008] {scheduler_job.py:629} INFO - Processing file /Users/akshaybhoge/PycharmProjects/venvEdgar/lib/python3.7/site-packages/airflow/example_dags/example_python_operator.py for tasks to queue
[2021-03-22 03:17:08,009] {logging_mixin.py:104} INFO - [2021-03-22 03:17:08,008] {dagbag.py:448} INFO - Filling up the DagBag from /Users/akshaybhoge/PycharmProjects/venvEdgar/lib/python3.7/site-packages/airflow/example_dags/example_python_operator.py
[2021-03-22 03:17:08,017] {scheduler_job.py:639} INFO - DAG(s) dict_keys(['example_python_operator']) retrieved from /Users/akshaybhoge/PycharmProjects/venvEdgar/lib/python3.7/site-packages/airflow/example_dags/example_python_operator.py
[2021-03-22 03:17:08,027] {logging_mixin.py:104} INFO - [2021-03-22 03:17:08,027] {dag.py:1818} INFO - Sync 1 DAGs
[2021-03-22 03:17:08,034] {logging_mixin.py:104} INFO - [2021-03-22 03:17:08,034] {dag.py:2273} INFO - Setting next_dagrun for example_python_operator to None
[2021-03-22 03:17:08,041] {scheduler_job.py:190} INFO - Processing /Users/akshaybhoge/PycharmProjects/venvEdgar/lib/python3.7/site-packages/airflow/example_dags/example_python_operator.py took 0.036 seconds
[2021-03-22 03:17:40,012] {scheduler_job.py:182} INFO - Started process (PID=28649) to work on /Users/akshaybhoge/PycharmProjects/venvEdgar/lib/python3.7/site-packages/airflow/example_dags/example_python_operator.py
[2021-03-22 03:17:40,013] {scheduler_job.py:629} INFO - Processing file /Users/akshaybhoge/PycharmProjects/venvEdgar/lib/python3.7/site-packages/airflow/example_dags/example_python_operator.py for tasks to queue
[2021-03-22 03:17:40,014] {logging_mixin.py:104} INFO - [2021-03-22 03:17:40,014] {dagbag.py:448} INFO - Filling up the DagBag from /Users/akshaybhoge/PycharmProjects/venvEdgar/lib/python3.7/site-packages/airflow/example_dags/example_python_operator.py
[2021-03-22 03:17:40,024] {scheduler_job.py:639} INFO - DAG(s) dict_keys(['example_python_operator']) retrieved from /Users/akshaybhoge/PycharmProjects/venvEdgar/lib/python3.7/site-packages/airflow/example_dags/example_python_operator.py
[2021-03-22 03:17:40,034] {logging_mixin.py:104} INFO - [2021-03-22 03:17:40,033] {dag.py:1818} INFO - Sync 1 DAGs
[2021-03-22 03:17:40,041] {logging_mixin.py:104} INFO - [2021-03-22 03:17:40,041] {dag.py:2273} INFO - Setting next_dagrun for example_python_operator to None
[2021-03-22 03:17:40,045] {scheduler_job.py:190} INFO - Processing /Users/akshaybhoge/PycharmProjects/venvEdgar/lib/python3.7/site-packages/airflow/example_dags/example_python_operator.py took 0.036 seconds
[2021-03-22 03:18:12,014] {scheduler_job.py:182} INFO - Started process (PID=28679) to work on /Users/akshaybhoge/PycharmProjects/venvEdgar/lib/python3.7/site-packages/airflow/example_dags/example_python_operator.py
[2021-03-22 03:18:12,015] {scheduler_job.py:629} INFO - Processing file /Users/akshaybhoge/PycharmProjects/venvEdgar/lib/python3.7/site-packages/airflow/example_dags/example_python_operator.py for tasks to queue
[2021-03-22 03:18:12,017] {logging_mixin.py:104} INFO - [2021-03-22 03:18:12,016] {dagbag.py:448} INFO - Filling up the DagBag from /Users/akshaybhoge/PycharmProjects/venvEdgar/lib/python3.7/site-packages/airflow/example_dags/example_python_operator.py
[2021-03-22 03:18:12,030] {scheduler_job.py:639} INFO - DAG(s) dict_keys(['example_python_operator']) retrieved from /Users/akshaybhoge/PycharmProjects/venvEdgar/lib/python3.7/site-packages/airflow/example_dags/example_python_operator.py
[2021-03-22 03:18:12,043] {logging_mixin.py:104} INFO - [2021-03-22 03:18:12,043] {dag.py:1818} INFO - Sync 1 DAGs
[2021-03-22 03:18:12,052] {logging_mixin.py:104} INFO - [2021-03-22 03:18:12,052] {dag.py:2273} INFO - Setting next_dagrun for example_python_operator to None
[2021-03-22 03:18:12,058] {scheduler_job.py:190} INFO - Processing /Users/akshaybhoge/PycharmProjects/venvEdgar/lib/python3.7/site-packages/airflow/example_dags/example_python_operator.py took 0.048 seconds
[2021-03-22 03:18:44,128] {scheduler_job.py:182} INFO - Started process (PID=28719) to work on /Users/akshaybhoge/PycharmProjects/venvEdgar/lib/python3.7/site-packages/airflow/example_dags/example_python_operator.py
[2021-03-22 03:18:44,129] {scheduler_job.py:629} INFO - Processing file /Users/akshaybhoge/PycharmProjects/venvEdgar/lib/python3.7/site-packages/airflow/example_dags/example_python_operator.py for tasks to queue
[2021-03-22 03:18:44,130] {logging_mixin.py:104} INFO - [2021-03-22 03:18:44,130] {dagbag.py:448} INFO - Filling up the DagBag from /Users/akshaybhoge/PycharmProjects/venvEdgar/lib/python3.7/site-packages/airflow/example_dags/example_python_operator.py
[2021-03-22 03:18:44,141] {scheduler_job.py:639} INFO - DAG(s) dict_keys(['example_python_operator']) retrieved from /Users/akshaybhoge/PycharmProjects/venvEdgar/lib/python3.7/site-packages/airflow/example_dags/example_python_operator.py
[2021-03-22 03:18:44,151] {logging_mixin.py:104} INFO - [2021-03-22 03:18:44,151] {dag.py:1818} INFO - Sync 1 DAGs
[2021-03-22 03:18:44,159] {logging_mixin.py:104} INFO - [2021-03-22 03:18:44,159] {dag.py:2273} INFO - Setting next_dagrun for example_python_operator to None
[2021-03-22 03:18:44,163] {scheduler_job.py:190} INFO - Processing /Users/akshaybhoge/PycharmProjects/venvEdgar/lib/python3.7/site-packages/airflow/example_dags/example_python_operator.py took 0.039 seconds
[2021-03-22 03:19:17,247] {scheduler_job.py:182} INFO - Started process (PID=28762) to work on /Users/akshaybhoge/PycharmProjects/venvEdgar/lib/python3.7/site-packages/airflow/example_dags/example_python_operator.py
[2021-03-22 03:19:17,249] {scheduler_job.py:629} INFO - Processing file /Users/akshaybhoge/PycharmProjects/venvEdgar/lib/python3.7/site-packages/airflow/example_dags/example_python_operator.py for tasks to queue
[2021-03-22 03:19:17,250] {logging_mixin.py:104} INFO - [2021-03-22 03:19:17,250] {dagbag.py:448} INFO - Filling up the DagBag from /Users/akshaybhoge/PycharmProjects/venvEdgar/lib/python3.7/site-packages/airflow/example_dags/example_python_operator.py
[2021-03-22 03:19:17,263] {scheduler_job.py:639} INFO - DAG(s) dict_keys(['example_python_operator']) retrieved from /Users/akshaybhoge/PycharmProjects/venvEdgar/lib/python3.7/site-packages/airflow/example_dags/example_python_operator.py
[2021-03-22 03:19:17,276] {logging_mixin.py:104} INFO - [2021-03-22 03:19:17,276] {dag.py:1818} INFO - Sync 1 DAGs
[2021-03-22 03:19:17,285] {logging_mixin.py:104} INFO - [2021-03-22 03:19:17,284] {dag.py:2273} INFO - Setting next_dagrun for example_python_operator to None
[2021-03-22 03:19:17,290] {scheduler_job.py:190} INFO - Processing /Users/akshaybhoge/PycharmProjects/venvEdgar/lib/python3.7/site-packages/airflow/example_dags/example_python_operator.py took 0.046 seconds
[2021-03-22 03:19:49,667] {scheduler_job.py:182} INFO - Started process (PID=28793) to work on /Users/akshaybhoge/PycharmProjects/venvEdgar/lib/python3.7/site-packages/airflow/example_dags/example_python_operator.py
[2021-03-22 03:19:49,671] {scheduler_job.py:629} INFO - Processing file /Users/akshaybhoge/PycharmProjects/venvEdgar/lib/python3.7/site-packages/airflow/example_dags/example_python_operator.py for tasks to queue
[2021-03-22 03:19:49,672] {logging_mixin.py:104} INFO - [2021-03-22 03:19:49,672] {dagbag.py:448} INFO - Filling up the DagBag from /Users/akshaybhoge/PycharmProjects/venvEdgar/lib/python3.7/site-packages/airflow/example_dags/example_python_operator.py
[2021-03-22 03:19:49,685] {scheduler_job.py:639} INFO - DAG(s) dict_keys(['example_python_operator']) retrieved from /Users/akshaybhoge/PycharmProjects/venvEdgar/lib/python3.7/site-packages/airflow/example_dags/example_python_operator.py
[2021-03-22 03:19:49,698] {logging_mixin.py:104} INFO - [2021-03-22 03:19:49,697] {dag.py:1818} INFO - Sync 1 DAGs
[2021-03-22 03:19:49,708] {logging_mixin.py:104} INFO - [2021-03-22 03:19:49,707] {dag.py:2273} INFO - Setting next_dagrun for example_python_operator to None
[2021-03-22 03:19:49,713] {scheduler_job.py:190} INFO - Processing /Users/akshaybhoge/PycharmProjects/venvEdgar/lib/python3.7/site-packages/airflow/example_dags/example_python_operator.py took 0.050 seconds
[2021-03-22 03:20:22,268] {scheduler_job.py:182} INFO - Started process (PID=28834) to work on /Users/akshaybhoge/PycharmProjects/venvEdgar/lib/python3.7/site-packages/airflow/example_dags/example_python_operator.py
[2021-03-22 03:20:22,270] {scheduler_job.py:629} INFO - Processing file /Users/akshaybhoge/PycharmProjects/venvEdgar/lib/python3.7/site-packages/airflow/example_dags/example_python_operator.py for tasks to queue
[2021-03-22 03:20:22,271] {logging_mixin.py:104} INFO - [2021-03-22 03:20:22,271] {dagbag.py:448} INFO - Filling up the DagBag from /Users/akshaybhoge/PycharmProjects/venvEdgar/lib/python3.7/site-packages/airflow/example_dags/example_python_operator.py
[2021-03-22 03:20:22,284] {scheduler_job.py:639} INFO - DAG(s) dict_keys(['example_python_operator']) retrieved from /Users/akshaybhoge/PycharmProjects/venvEdgar/lib/python3.7/site-packages/airflow/example_dags/example_python_operator.py
[2021-03-22 03:20:22,297] {logging_mixin.py:104} INFO - [2021-03-22 03:20:22,297] {dag.py:1818} INFO - Sync 1 DAGs
[2021-03-22 03:20:22,307] {logging_mixin.py:104} INFO - [2021-03-22 03:20:22,307] {dag.py:2273} INFO - Setting next_dagrun for example_python_operator to None
[2021-03-22 03:20:22,313] {scheduler_job.py:190} INFO - Processing /Users/akshaybhoge/PycharmProjects/venvEdgar/lib/python3.7/site-packages/airflow/example_dags/example_python_operator.py took 0.049 seconds
[2021-03-22 03:20:54,570] {scheduler_job.py:182} INFO - Started process (PID=28880) to work on /Users/akshaybhoge/PycharmProjects/venvEdgar/lib/python3.7/site-packages/airflow/example_dags/example_python_operator.py
[2021-03-22 03:20:54,572] {scheduler_job.py:629} INFO - Processing file /Users/akshaybhoge/PycharmProjects/venvEdgar/lib/python3.7/site-packages/airflow/example_dags/example_python_operator.py for tasks to queue
[2021-03-22 03:20:54,574] {logging_mixin.py:104} INFO - [2021-03-22 03:20:54,573] {dagbag.py:448} INFO - Filling up the DagBag from /Users/akshaybhoge/PycharmProjects/venvEdgar/lib/python3.7/site-packages/airflow/example_dags/example_python_operator.py
[2021-03-22 03:20:54,587] {scheduler_job.py:639} INFO - DAG(s) dict_keys(['example_python_operator']) retrieved from /Users/akshaybhoge/PycharmProjects/venvEdgar/lib/python3.7/site-packages/airflow/example_dags/example_python_operator.py
[2021-03-22 03:20:54,600] {logging_mixin.py:104} INFO - [2021-03-22 03:20:54,600] {dag.py:1818} INFO - Sync 1 DAGs
[2021-03-22 03:20:54,609] {logging_mixin.py:104} INFO - [2021-03-22 03:20:54,609] {dag.py:2273} INFO - Setting next_dagrun for example_python_operator to None
[2021-03-22 03:20:54,615] {scheduler_job.py:190} INFO - Processing /Users/akshaybhoge/PycharmProjects/venvEdgar/lib/python3.7/site-packages/airflow/example_dags/example_python_operator.py took 0.049 seconds
[2021-03-22 03:21:26,669] {scheduler_job.py:182} INFO - Started process (PID=28928) to work on /Users/akshaybhoge/PycharmProjects/venvEdgar/lib/python3.7/site-packages/airflow/example_dags/example_python_operator.py
[2021-03-22 03:21:26,670] {scheduler_job.py:629} INFO - Processing file /Users/akshaybhoge/PycharmProjects/venvEdgar/lib/python3.7/site-packages/airflow/example_dags/example_python_operator.py for tasks to queue
[2021-03-22 03:21:26,671] {logging_mixin.py:104} INFO - [2021-03-22 03:21:26,671] {dagbag.py:448} INFO - Filling up the DagBag from /Users/akshaybhoge/PycharmProjects/venvEdgar/lib/python3.7/site-packages/airflow/example_dags/example_python_operator.py
[2021-03-22 03:21:26,683] {scheduler_job.py:639} INFO - DAG(s) dict_keys(['example_python_operator']) retrieved from /Users/akshaybhoge/PycharmProjects/venvEdgar/lib/python3.7/site-packages/airflow/example_dags/example_python_operator.py
[2021-03-22 03:21:26,694] {logging_mixin.py:104} INFO - [2021-03-22 03:21:26,694] {dag.py:1818} INFO - Sync 1 DAGs
[2021-03-22 03:21:26,703] {logging_mixin.py:104} INFO - [2021-03-22 03:21:26,702] {dag.py:2273} INFO - Setting next_dagrun for example_python_operator to None
[2021-03-22 03:21:26,709] {scheduler_job.py:190} INFO - Processing /Users/akshaybhoge/PycharmProjects/venvEdgar/lib/python3.7/site-packages/airflow/example_dags/example_python_operator.py took 0.043 seconds
[2021-03-22 03:23:23,914] {scheduler_job.py:182} INFO - Started process (PID=29054) to work on /Users/akshaybhoge/PycharmProjects/venvEdgar/lib/python3.7/site-packages/airflow/example_dags/example_python_operator.py
[2021-03-22 03:23:23,916] {scheduler_job.py:629} INFO - Processing file /Users/akshaybhoge/PycharmProjects/venvEdgar/lib/python3.7/site-packages/airflow/example_dags/example_python_operator.py for tasks to queue
[2021-03-22 03:23:23,918] {logging_mixin.py:104} INFO - [2021-03-22 03:23:23,917] {dagbag.py:448} INFO - Filling up the DagBag from /Users/akshaybhoge/PycharmProjects/venvEdgar/lib/python3.7/site-packages/airflow/example_dags/example_python_operator.py
[2021-03-22 03:23:23,932] {scheduler_job.py:639} INFO - DAG(s) dict_keys(['example_python_operator']) retrieved from /Users/akshaybhoge/PycharmProjects/venvEdgar/lib/python3.7/site-packages/airflow/example_dags/example_python_operator.py
[2021-03-22 03:23:23,945] {logging_mixin.py:104} INFO - [2021-03-22 03:23:23,944] {dag.py:1818} INFO - Sync 1 DAGs
[2021-03-22 03:23:23,953] {logging_mixin.py:104} INFO - [2021-03-22 03:23:23,952] {dag.py:2273} INFO - Setting next_dagrun for example_python_operator to None
[2021-03-22 03:23:23,960] {scheduler_job.py:190} INFO - Processing /Users/akshaybhoge/PycharmProjects/venvEdgar/lib/python3.7/site-packages/airflow/example_dags/example_python_operator.py took 0.049 seconds
[2021-03-22 03:24:15,814] {scheduler_job.py:182} INFO - Started process (PID=29125) to work on /Users/akshaybhoge/PycharmProjects/venvEdgar/lib/python3.7/site-packages/airflow/example_dags/example_python_operator.py
[2021-03-22 03:24:15,816] {scheduler_job.py:629} INFO - Processing file /Users/akshaybhoge/PycharmProjects/venvEdgar/lib/python3.7/site-packages/airflow/example_dags/example_python_operator.py for tasks to queue
[2021-03-22 03:24:15,817] {logging_mixin.py:104} INFO - [2021-03-22 03:24:15,817] {dagbag.py:448} INFO - Filling up the DagBag from /Users/akshaybhoge/PycharmProjects/venvEdgar/lib/python3.7/site-packages/airflow/example_dags/example_python_operator.py
[2021-03-22 03:24:15,831] {scheduler_job.py:639} INFO - DAG(s) dict_keys(['example_python_operator']) retrieved from /Users/akshaybhoge/PycharmProjects/venvEdgar/lib/python3.7/site-packages/airflow/example_dags/example_python_operator.py
[2021-03-22 03:24:15,845] {logging_mixin.py:104} INFO - [2021-03-22 03:24:15,845] {dag.py:1818} INFO - Sync 1 DAGs
[2021-03-22 03:24:15,853] {logging_mixin.py:104} INFO - [2021-03-22 03:24:15,853] {dag.py:2273} INFO - Setting next_dagrun for example_python_operator to None
[2021-03-22 03:24:15,862] {scheduler_job.py:190} INFO - Processing /Users/akshaybhoge/PycharmProjects/venvEdgar/lib/python3.7/site-packages/airflow/example_dags/example_python_operator.py took 0.051 seconds
[2021-03-22 03:27:42,235] {scheduler_job.py:182} INFO - Started process (PID=29207) to work on /Users/akshaybhoge/PycharmProjects/venvEdgar/lib/python3.7/site-packages/airflow/example_dags/example_python_operator.py
[2021-03-22 03:27:42,236] {scheduler_job.py:629} INFO - Processing file /Users/akshaybhoge/PycharmProjects/venvEdgar/lib/python3.7/site-packages/airflow/example_dags/example_python_operator.py for tasks to queue
[2021-03-22 03:27:42,237] {logging_mixin.py:104} INFO - [2021-03-22 03:27:42,237] {dagbag.py:448} INFO - Filling up the DagBag from /Users/akshaybhoge/PycharmProjects/venvEdgar/lib/python3.7/site-packages/airflow/example_dags/example_python_operator.py
[2021-03-22 03:27:42,245] {scheduler_job.py:639} INFO - DAG(s) dict_keys(['example_python_operator']) retrieved from /Users/akshaybhoge/PycharmProjects/venvEdgar/lib/python3.7/site-packages/airflow/example_dags/example_python_operator.py
[2021-03-22 03:27:42,257] {logging_mixin.py:104} INFO - [2021-03-22 03:27:42,256] {dag.py:1818} INFO - Sync 1 DAGs
[2021-03-22 03:27:42,265] {logging_mixin.py:104} INFO - [2021-03-22 03:27:42,264] {dag.py:2273} INFO - Setting next_dagrun for example_python_operator to None
[2021-03-22 03:27:42,271] {scheduler_job.py:190} INFO - Processing /Users/akshaybhoge/PycharmProjects/venvEdgar/lib/python3.7/site-packages/airflow/example_dags/example_python_operator.py took 0.039 seconds
[2021-03-22 03:28:12,935] {scheduler_job.py:182} INFO - Started process (PID=29254) to work on /Users/akshaybhoge/PycharmProjects/venvEdgar/lib/python3.7/site-packages/airflow/example_dags/example_python_operator.py
[2021-03-22 03:28:12,937] {scheduler_job.py:629} INFO - Processing file /Users/akshaybhoge/PycharmProjects/venvEdgar/lib/python3.7/site-packages/airflow/example_dags/example_python_operator.py for tasks to queue
[2021-03-22 03:28:12,938] {logging_mixin.py:104} INFO - [2021-03-22 03:28:12,938] {dagbag.py:448} INFO - Filling up the DagBag from /Users/akshaybhoge/PycharmProjects/venvEdgar/lib/python3.7/site-packages/airflow/example_dags/example_python_operator.py
[2021-03-22 03:28:12,945] {scheduler_job.py:639} INFO - DAG(s) dict_keys(['example_python_operator']) retrieved from /Users/akshaybhoge/PycharmProjects/venvEdgar/lib/python3.7/site-packages/airflow/example_dags/example_python_operator.py
[2021-03-22 03:28:12,957] {logging_mixin.py:104} INFO - [2021-03-22 03:28:12,956] {dag.py:1818} INFO - Sync 1 DAGs
[2021-03-22 03:28:12,965] {logging_mixin.py:104} INFO - [2021-03-22 03:28:12,965] {dag.py:2273} INFO - Setting next_dagrun for example_python_operator to None
[2021-03-22 03:28:12,971] {scheduler_job.py:190} INFO - Processing /Users/akshaybhoge/PycharmProjects/venvEdgar/lib/python3.7/site-packages/airflow/example_dags/example_python_operator.py took 0.038 seconds
[2021-03-22 03:28:43,660] {scheduler_job.py:182} INFO - Started process (PID=29296) to work on /Users/akshaybhoge/PycharmProjects/venvEdgar/lib/python3.7/site-packages/airflow/example_dags/example_python_operator.py
[2021-03-22 03:28:43,662] {scheduler_job.py:629} INFO - Processing file /Users/akshaybhoge/PycharmProjects/venvEdgar/lib/python3.7/site-packages/airflow/example_dags/example_python_operator.py for tasks to queue
[2021-03-22 03:28:43,663] {logging_mixin.py:104} INFO - [2021-03-22 03:28:43,663] {dagbag.py:448} INFO - Filling up the DagBag from /Users/akshaybhoge/PycharmProjects/venvEdgar/lib/python3.7/site-packages/airflow/example_dags/example_python_operator.py
[2021-03-22 03:28:43,672] {scheduler_job.py:639} INFO - DAG(s) dict_keys(['example_python_operator']) retrieved from /Users/akshaybhoge/PycharmProjects/venvEdgar/lib/python3.7/site-packages/airflow/example_dags/example_python_operator.py
[2021-03-22 03:28:43,685] {logging_mixin.py:104} INFO - [2021-03-22 03:28:43,685] {dag.py:1818} INFO - Sync 1 DAGs
[2021-03-22 03:28:43,694] {logging_mixin.py:104} INFO - [2021-03-22 03:28:43,694] {dag.py:2273} INFO - Setting next_dagrun for example_python_operator to None
[2021-03-22 03:28:43,702] {scheduler_job.py:190} INFO - Processing /Users/akshaybhoge/PycharmProjects/venvEdgar/lib/python3.7/site-packages/airflow/example_dags/example_python_operator.py took 0.046 seconds
[2021-03-22 03:29:13,942] {scheduler_job.py:182} INFO - Started process (PID=29336) to work on /Users/akshaybhoge/PycharmProjects/venvEdgar/lib/python3.7/site-packages/airflow/example_dags/example_python_operator.py
[2021-03-22 03:29:13,944] {scheduler_job.py:629} INFO - Processing file /Users/akshaybhoge/PycharmProjects/venvEdgar/lib/python3.7/site-packages/airflow/example_dags/example_python_operator.py for tasks to queue
[2021-03-22 03:29:13,945] {logging_mixin.py:104} INFO - [2021-03-22 03:29:13,944] {dagbag.py:448} INFO - Filling up the DagBag from /Users/akshaybhoge/PycharmProjects/venvEdgar/lib/python3.7/site-packages/airflow/example_dags/example_python_operator.py
[2021-03-22 03:29:13,953] {scheduler_job.py:639} INFO - DAG(s) dict_keys(['example_python_operator']) retrieved from /Users/akshaybhoge/PycharmProjects/venvEdgar/lib/python3.7/site-packages/airflow/example_dags/example_python_operator.py
[2021-03-22 03:29:13,964] {logging_mixin.py:104} INFO - [2021-03-22 03:29:13,964] {dag.py:1818} INFO - Sync 1 DAGs
[2021-03-22 03:29:13,972] {logging_mixin.py:104} INFO - [2021-03-22 03:29:13,972] {dag.py:2273} INFO - Setting next_dagrun for example_python_operator to None
[2021-03-22 03:29:13,978] {scheduler_job.py:190} INFO - Processing /Users/akshaybhoge/PycharmProjects/venvEdgar/lib/python3.7/site-packages/airflow/example_dags/example_python_operator.py took 0.039 seconds
[2021-03-22 03:29:45,149] {scheduler_job.py:182} INFO - Started process (PID=29369) to work on /Users/akshaybhoge/PycharmProjects/venvEdgar/lib/python3.7/site-packages/airflow/example_dags/example_python_operator.py
[2021-03-22 03:29:45,151] {scheduler_job.py:629} INFO - Processing file /Users/akshaybhoge/PycharmProjects/venvEdgar/lib/python3.7/site-packages/airflow/example_dags/example_python_operator.py for tasks to queue
[2021-03-22 03:29:45,152] {logging_mixin.py:104} INFO - [2021-03-22 03:29:45,151] {dagbag.py:448} INFO - Filling up the DagBag from /Users/akshaybhoge/PycharmProjects/venvEdgar/lib/python3.7/site-packages/airflow/example_dags/example_python_operator.py
[2021-03-22 03:29:45,159] {scheduler_job.py:639} INFO - DAG(s) dict_keys(['example_python_operator']) retrieved from /Users/akshaybhoge/PycharmProjects/venvEdgar/lib/python3.7/site-packages/airflow/example_dags/example_python_operator.py
[2021-03-22 03:29:45,171] {logging_mixin.py:104} INFO - [2021-03-22 03:29:45,171] {dag.py:1818} INFO - Sync 1 DAGs
[2021-03-22 03:29:45,180] {logging_mixin.py:104} INFO - [2021-03-22 03:29:45,180] {dag.py:2273} INFO - Setting next_dagrun for example_python_operator to None
[2021-03-22 03:29:45,186] {scheduler_job.py:190} INFO - Processing /Users/akshaybhoge/PycharmProjects/venvEdgar/lib/python3.7/site-packages/airflow/example_dags/example_python_operator.py took 0.040 seconds
[2021-03-22 03:30:16,789] {scheduler_job.py:182} INFO - Started process (PID=29412) to work on /Users/akshaybhoge/PycharmProjects/venvEdgar/lib/python3.7/site-packages/airflow/example_dags/example_python_operator.py
[2021-03-22 03:30:16,791] {scheduler_job.py:629} INFO - Processing file /Users/akshaybhoge/PycharmProjects/venvEdgar/lib/python3.7/site-packages/airflow/example_dags/example_python_operator.py for tasks to queue
[2021-03-22 03:30:16,793] {logging_mixin.py:104} INFO - [2021-03-22 03:30:16,792] {dagbag.py:448} INFO - Filling up the DagBag from /Users/akshaybhoge/PycharmProjects/venvEdgar/lib/python3.7/site-packages/airflow/example_dags/example_python_operator.py
[2021-03-22 03:30:16,800] {scheduler_job.py:639} INFO - DAG(s) dict_keys(['example_python_operator']) retrieved from /Users/akshaybhoge/PycharmProjects/venvEdgar/lib/python3.7/site-packages/airflow/example_dags/example_python_operator.py
[2021-03-22 03:30:16,814] {logging_mixin.py:104} INFO - [2021-03-22 03:30:16,814] {dag.py:1818} INFO - Sync 1 DAGs
[2021-03-22 03:30:16,823] {logging_mixin.py:104} INFO - [2021-03-22 03:30:16,823] {dag.py:2273} INFO - Setting next_dagrun for example_python_operator to None
[2021-03-22 03:30:16,830] {scheduler_job.py:190} INFO - Processing /Users/akshaybhoge/PycharmProjects/venvEdgar/lib/python3.7/site-packages/airflow/example_dags/example_python_operator.py took 0.043 seconds
[2021-03-22 03:30:48,778] {scheduler_job.py:182} INFO - Started process (PID=29452) to work on /Users/akshaybhoge/PycharmProjects/venvEdgar/lib/python3.7/site-packages/airflow/example_dags/example_python_operator.py
[2021-03-22 03:30:48,779] {scheduler_job.py:629} INFO - Processing file /Users/akshaybhoge/PycharmProjects/venvEdgar/lib/python3.7/site-packages/airflow/example_dags/example_python_operator.py for tasks to queue
[2021-03-22 03:30:48,780] {logging_mixin.py:104} INFO - [2021-03-22 03:30:48,780] {dagbag.py:448} INFO - Filling up the DagBag from /Users/akshaybhoge/PycharmProjects/venvEdgar/lib/python3.7/site-packages/airflow/example_dags/example_python_operator.py
[2021-03-22 03:30:48,788] {scheduler_job.py:639} INFO - DAG(s) dict_keys(['example_python_operator']) retrieved from /Users/akshaybhoge/PycharmProjects/venvEdgar/lib/python3.7/site-packages/airflow/example_dags/example_python_operator.py
[2021-03-22 03:30:48,800] {logging_mixin.py:104} INFO - [2021-03-22 03:30:48,800] {dag.py:1818} INFO - Sync 1 DAGs
[2021-03-22 03:30:48,809] {logging_mixin.py:104} INFO - [2021-03-22 03:30:48,809] {dag.py:2273} INFO - Setting next_dagrun for example_python_operator to None
[2021-03-22 03:30:48,816] {scheduler_job.py:190} INFO - Processing /Users/akshaybhoge/PycharmProjects/venvEdgar/lib/python3.7/site-packages/airflow/example_dags/example_python_operator.py took 0.041 seconds
[2021-03-22 03:31:20,887] {scheduler_job.py:182} INFO - Started process (PID=29484) to work on /Users/akshaybhoge/PycharmProjects/venvEdgar/lib/python3.7/site-packages/airflow/example_dags/example_python_operator.py
[2021-03-22 03:31:20,889] {scheduler_job.py:629} INFO - Processing file /Users/akshaybhoge/PycharmProjects/venvEdgar/lib/python3.7/site-packages/airflow/example_dags/example_python_operator.py for tasks to queue
[2021-03-22 03:31:20,890] {logging_mixin.py:104} INFO - [2021-03-22 03:31:20,889] {dagbag.py:448} INFO - Filling up the DagBag from /Users/akshaybhoge/PycharmProjects/venvEdgar/lib/python3.7/site-packages/airflow/example_dags/example_python_operator.py
[2021-03-22 03:31:20,898] {scheduler_job.py:639} INFO - DAG(s) dict_keys(['example_python_operator']) retrieved from /Users/akshaybhoge/PycharmProjects/venvEdgar/lib/python3.7/site-packages/airflow/example_dags/example_python_operator.py
[2021-03-22 03:31:20,911] {logging_mixin.py:104} INFO - [2021-03-22 03:31:20,910] {dag.py:1818} INFO - Sync 1 DAGs
[2021-03-22 03:31:20,919] {logging_mixin.py:104} INFO - [2021-03-22 03:31:20,919] {dag.py:2273} INFO - Setting next_dagrun for example_python_operator to None
[2021-03-22 03:31:20,925] {scheduler_job.py:190} INFO - Processing /Users/akshaybhoge/PycharmProjects/venvEdgar/lib/python3.7/site-packages/airflow/example_dags/example_python_operator.py took 0.042 seconds
[2021-03-22 03:31:52,882] {scheduler_job.py:182} INFO - Started process (PID=29517) to work on /Users/akshaybhoge/PycharmProjects/venvEdgar/lib/python3.7/site-packages/airflow/example_dags/example_python_operator.py
[2021-03-22 03:31:52,883] {scheduler_job.py:629} INFO - Processing file /Users/akshaybhoge/PycharmProjects/venvEdgar/lib/python3.7/site-packages/airflow/example_dags/example_python_operator.py for tasks to queue
[2021-03-22 03:31:52,884] {logging_mixin.py:104} INFO - [2021-03-22 03:31:52,884] {dagbag.py:448} INFO - Filling up the DagBag from /Users/akshaybhoge/PycharmProjects/venvEdgar/lib/python3.7/site-packages/airflow/example_dags/example_python_operator.py
[2021-03-22 03:31:52,893] {scheduler_job.py:639} INFO - DAG(s) dict_keys(['example_python_operator']) retrieved from /Users/akshaybhoge/PycharmProjects/venvEdgar/lib/python3.7/site-packages/airflow/example_dags/example_python_operator.py
[2021-03-22 03:31:52,907] {logging_mixin.py:104} INFO - [2021-03-22 03:31:52,907] {dag.py:1818} INFO - Sync 1 DAGs
[2021-03-22 03:31:52,917] {logging_mixin.py:104} INFO - [2021-03-22 03:31:52,917] {dag.py:2273} INFO - Setting next_dagrun for example_python_operator to None
[2021-03-22 03:31:52,924] {scheduler_job.py:190} INFO - Processing /Users/akshaybhoge/PycharmProjects/venvEdgar/lib/python3.7/site-packages/airflow/example_dags/example_python_operator.py took 0.046 seconds
[2021-03-22 03:32:25,088] {scheduler_job.py:182} INFO - Started process (PID=29551) to work on /Users/akshaybhoge/PycharmProjects/venvEdgar/lib/python3.7/site-packages/airflow/example_dags/example_python_operator.py
[2021-03-22 03:32:25,091] {scheduler_job.py:629} INFO - Processing file /Users/akshaybhoge/PycharmProjects/venvEdgar/lib/python3.7/site-packages/airflow/example_dags/example_python_operator.py for tasks to queue
[2021-03-22 03:32:25,092] {logging_mixin.py:104} INFO - [2021-03-22 03:32:25,092] {dagbag.py:448} INFO - Filling up the DagBag from /Users/akshaybhoge/PycharmProjects/venvEdgar/lib/python3.7/site-packages/airflow/example_dags/example_python_operator.py
[2021-03-22 03:32:25,099] {scheduler_job.py:639} INFO - DAG(s) dict_keys(['example_python_operator']) retrieved from /Users/akshaybhoge/PycharmProjects/venvEdgar/lib/python3.7/site-packages/airflow/example_dags/example_python_operator.py
[2021-03-22 03:32:25,111] {logging_mixin.py:104} INFO - [2021-03-22 03:32:25,111] {dag.py:1818} INFO - Sync 1 DAGs
[2021-03-22 03:32:25,119] {logging_mixin.py:104} INFO - [2021-03-22 03:32:25,119] {dag.py:2273} INFO - Setting next_dagrun for example_python_operator to None
[2021-03-22 03:32:25,125] {scheduler_job.py:190} INFO - Processing /Users/akshaybhoge/PycharmProjects/venvEdgar/lib/python3.7/site-packages/airflow/example_dags/example_python_operator.py took 0.040 seconds
[2021-03-22 03:32:57,186] {scheduler_job.py:182} INFO - Started process (PID=29587) to work on /Users/akshaybhoge/PycharmProjects/venvEdgar/lib/python3.7/site-packages/airflow/example_dags/example_python_operator.py
[2021-03-22 03:32:57,187] {scheduler_job.py:629} INFO - Processing file /Users/akshaybhoge/PycharmProjects/venvEdgar/lib/python3.7/site-packages/airflow/example_dags/example_python_operator.py for tasks to queue
[2021-03-22 03:32:57,188] {logging_mixin.py:104} INFO - [2021-03-22 03:32:57,188] {dagbag.py:448} INFO - Filling up the DagBag from /Users/akshaybhoge/PycharmProjects/venvEdgar/lib/python3.7/site-packages/airflow/example_dags/example_python_operator.py
[2021-03-22 03:32:57,196] {scheduler_job.py:639} INFO - DAG(s) dict_keys(['example_python_operator']) retrieved from /Users/akshaybhoge/PycharmProjects/venvEdgar/lib/python3.7/site-packages/airflow/example_dags/example_python_operator.py
[2021-03-22 03:32:57,208] {logging_mixin.py:104} INFO - [2021-03-22 03:32:57,208] {dag.py:1818} INFO - Sync 1 DAGs
[2021-03-22 03:32:57,217] {logging_mixin.py:104} INFO - [2021-03-22 03:32:57,217] {dag.py:2273} INFO - Setting next_dagrun for example_python_operator to None
[2021-03-22 03:32:57,224] {scheduler_job.py:190} INFO - Processing /Users/akshaybhoge/PycharmProjects/venvEdgar/lib/python3.7/site-packages/airflow/example_dags/example_python_operator.py took 0.041 seconds
[2021-03-22 03:35:47,419] {scheduler_job.py:182} INFO - Started process (PID=29733) to work on /Users/akshaybhoge/PycharmProjects/venvEdgar/lib/python3.7/site-packages/airflow/example_dags/example_python_operator.py
[2021-03-22 03:35:47,421] {scheduler_job.py:629} INFO - Processing file /Users/akshaybhoge/PycharmProjects/venvEdgar/lib/python3.7/site-packages/airflow/example_dags/example_python_operator.py for tasks to queue
[2021-03-22 03:35:47,422] {logging_mixin.py:104} INFO - [2021-03-22 03:35:47,421] {dagbag.py:448} INFO - Filling up the DagBag from /Users/akshaybhoge/PycharmProjects/venvEdgar/lib/python3.7/site-packages/airflow/example_dags/example_python_operator.py
[2021-03-22 03:35:47,436] {scheduler_job.py:639} INFO - DAG(s) dict_keys(['example_python_operator']) retrieved from /Users/akshaybhoge/PycharmProjects/venvEdgar/lib/python3.7/site-packages/airflow/example_dags/example_python_operator.py
[2021-03-22 03:35:47,449] {logging_mixin.py:104} INFO - [2021-03-22 03:35:47,449] {dag.py:1818} INFO - Sync 1 DAGs
[2021-03-22 03:35:47,457] {logging_mixin.py:104} INFO - [2021-03-22 03:35:47,457] {dag.py:2273} INFO - Setting next_dagrun for example_python_operator to None
[2021-03-22 03:35:47,466] {scheduler_job.py:190} INFO - Processing /Users/akshaybhoge/PycharmProjects/venvEdgar/lib/python3.7/site-packages/airflow/example_dags/example_python_operator.py took 0.049 seconds
[2021-03-22 03:39:38,321] {scheduler_job.py:182} INFO - Started process (PID=29864) to work on /Users/akshaybhoge/PycharmProjects/venvEdgar/lib/python3.7/site-packages/airflow/example_dags/example_python_operator.py
[2021-03-22 03:39:38,324] {scheduler_job.py:629} INFO - Processing file /Users/akshaybhoge/PycharmProjects/venvEdgar/lib/python3.7/site-packages/airflow/example_dags/example_python_operator.py for tasks to queue
[2021-03-22 03:39:38,325] {logging_mixin.py:104} INFO - [2021-03-22 03:39:38,325] {dagbag.py:448} INFO - Filling up the DagBag from /Users/akshaybhoge/PycharmProjects/venvEdgar/lib/python3.7/site-packages/airflow/example_dags/example_python_operator.py
[2021-03-22 03:39:38,333] {scheduler_job.py:639} INFO - DAG(s) dict_keys(['example_python_operator']) retrieved from /Users/akshaybhoge/PycharmProjects/venvEdgar/lib/python3.7/site-packages/airflow/example_dags/example_python_operator.py
[2021-03-22 03:39:38,346] {logging_mixin.py:104} INFO - [2021-03-22 03:39:38,346] {dag.py:1818} INFO - Sync 1 DAGs
[2021-03-22 03:39:38,355] {logging_mixin.py:104} INFO - [2021-03-22 03:39:38,355] {dag.py:2273} INFO - Setting next_dagrun for example_python_operator to None
[2021-03-22 03:39:38,360] {scheduler_job.py:190} INFO - Processing /Users/akshaybhoge/PycharmProjects/venvEdgar/lib/python3.7/site-packages/airflow/example_dags/example_python_operator.py took 0.043 seconds
[2021-03-22 03:40:10,362] {scheduler_job.py:182} INFO - Started process (PID=29900) to work on /Users/akshaybhoge/PycharmProjects/venvEdgar/lib/python3.7/site-packages/airflow/example_dags/example_python_operator.py
[2021-03-22 03:40:10,363] {scheduler_job.py:629} INFO - Processing file /Users/akshaybhoge/PycharmProjects/venvEdgar/lib/python3.7/site-packages/airflow/example_dags/example_python_operator.py for tasks to queue
[2021-03-22 03:40:10,364] {logging_mixin.py:104} INFO - [2021-03-22 03:40:10,364] {dagbag.py:448} INFO - Filling up the DagBag from /Users/akshaybhoge/PycharmProjects/venvEdgar/lib/python3.7/site-packages/airflow/example_dags/example_python_operator.py
[2021-03-22 03:40:10,372] {scheduler_job.py:639} INFO - DAG(s) dict_keys(['example_python_operator']) retrieved from /Users/akshaybhoge/PycharmProjects/venvEdgar/lib/python3.7/site-packages/airflow/example_dags/example_python_operator.py
[2021-03-22 03:40:10,385] {logging_mixin.py:104} INFO - [2021-03-22 03:40:10,385] {dag.py:1818} INFO - Sync 1 DAGs
[2021-03-22 03:40:10,394] {logging_mixin.py:104} INFO - [2021-03-22 03:40:10,394] {dag.py:2273} INFO - Setting next_dagrun for example_python_operator to None
[2021-03-22 03:40:10,400] {scheduler_job.py:190} INFO - Processing /Users/akshaybhoge/PycharmProjects/venvEdgar/lib/python3.7/site-packages/airflow/example_dags/example_python_operator.py took 0.041 seconds
[2021-03-22 03:40:41,138] {scheduler_job.py:182} INFO - Started process (PID=29936) to work on /Users/akshaybhoge/PycharmProjects/venvEdgar/lib/python3.7/site-packages/airflow/example_dags/example_python_operator.py
[2021-03-22 03:40:41,140] {scheduler_job.py:629} INFO - Processing file /Users/akshaybhoge/PycharmProjects/venvEdgar/lib/python3.7/site-packages/airflow/example_dags/example_python_operator.py for tasks to queue
[2021-03-22 03:40:41,141] {logging_mixin.py:104} INFO - [2021-03-22 03:40:41,141] {dagbag.py:448} INFO - Filling up the DagBag from /Users/akshaybhoge/PycharmProjects/venvEdgar/lib/python3.7/site-packages/airflow/example_dags/example_python_operator.py
[2021-03-22 03:40:41,149] {scheduler_job.py:639} INFO - DAG(s) dict_keys(['example_python_operator']) retrieved from /Users/akshaybhoge/PycharmProjects/venvEdgar/lib/python3.7/site-packages/airflow/example_dags/example_python_operator.py
[2021-03-22 03:40:41,162] {logging_mixin.py:104} INFO - [2021-03-22 03:40:41,162] {dag.py:1818} INFO - Sync 1 DAGs
[2021-03-22 03:40:41,172] {logging_mixin.py:104} INFO - [2021-03-22 03:40:41,171] {dag.py:2273} INFO - Setting next_dagrun for example_python_operator to None
[2021-03-22 03:40:41,178] {scheduler_job.py:190} INFO - Processing /Users/akshaybhoge/PycharmProjects/venvEdgar/lib/python3.7/site-packages/airflow/example_dags/example_python_operator.py took 0.043 seconds
[2021-03-22 03:41:12,794] {scheduler_job.py:182} INFO - Started process (PID=29973) to work on /Users/akshaybhoge/PycharmProjects/venvEdgar/lib/python3.7/site-packages/airflow/example_dags/example_python_operator.py
[2021-03-22 03:41:12,796] {scheduler_job.py:629} INFO - Processing file /Users/akshaybhoge/PycharmProjects/venvEdgar/lib/python3.7/site-packages/airflow/example_dags/example_python_operator.py for tasks to queue
[2021-03-22 03:41:12,797] {logging_mixin.py:104} INFO - [2021-03-22 03:41:12,797] {dagbag.py:448} INFO - Filling up the DagBag from /Users/akshaybhoge/PycharmProjects/venvEdgar/lib/python3.7/site-packages/airflow/example_dags/example_python_operator.py
[2021-03-22 03:41:12,804] {scheduler_job.py:639} INFO - DAG(s) dict_keys(['example_python_operator']) retrieved from /Users/akshaybhoge/PycharmProjects/venvEdgar/lib/python3.7/site-packages/airflow/example_dags/example_python_operator.py
[2021-03-22 03:41:12,817] {logging_mixin.py:104} INFO - [2021-03-22 03:41:12,817] {dag.py:1818} INFO - Sync 1 DAGs
[2021-03-22 03:41:12,826] {logging_mixin.py:104} INFO - [2021-03-22 03:41:12,825] {dag.py:2273} INFO - Setting next_dagrun for example_python_operator to None
[2021-03-22 03:41:12,831] {scheduler_job.py:190} INFO - Processing /Users/akshaybhoge/PycharmProjects/venvEdgar/lib/python3.7/site-packages/airflow/example_dags/example_python_operator.py took 0.040 seconds
[2021-03-22 03:41:44,455] {scheduler_job.py:182} INFO - Started process (PID=30013) to work on /Users/akshaybhoge/PycharmProjects/venvEdgar/lib/python3.7/site-packages/airflow/example_dags/example_python_operator.py
[2021-03-22 03:41:44,456] {scheduler_job.py:629} INFO - Processing file /Users/akshaybhoge/PycharmProjects/venvEdgar/lib/python3.7/site-packages/airflow/example_dags/example_python_operator.py for tasks to queue
[2021-03-22 03:41:44,458] {logging_mixin.py:104} INFO - [2021-03-22 03:41:44,457] {dagbag.py:448} INFO - Filling up the DagBag from /Users/akshaybhoge/PycharmProjects/venvEdgar/lib/python3.7/site-packages/airflow/example_dags/example_python_operator.py
[2021-03-22 03:41:44,467] {scheduler_job.py:639} INFO - DAG(s) dict_keys(['example_python_operator']) retrieved from /Users/akshaybhoge/PycharmProjects/venvEdgar/lib/python3.7/site-packages/airflow/example_dags/example_python_operator.py
[2021-03-22 03:41:44,480] {logging_mixin.py:104} INFO - [2021-03-22 03:41:44,480] {dag.py:1818} INFO - Sync 1 DAGs
[2021-03-22 03:41:44,490] {logging_mixin.py:104} INFO - [2021-03-22 03:41:44,489] {dag.py:2273} INFO - Setting next_dagrun for example_python_operator to None
[2021-03-22 03:41:44,496] {scheduler_job.py:190} INFO - Processing /Users/akshaybhoge/PycharmProjects/venvEdgar/lib/python3.7/site-packages/airflow/example_dags/example_python_operator.py took 0.044 seconds
[2021-03-22 03:42:17,046] {scheduler_job.py:182} INFO - Started process (PID=30053) to work on /Users/akshaybhoge/PycharmProjects/venvEdgar/lib/python3.7/site-packages/airflow/example_dags/example_python_operator.py
[2021-03-22 03:42:17,048] {scheduler_job.py:629} INFO - Processing file /Users/akshaybhoge/PycharmProjects/venvEdgar/lib/python3.7/site-packages/airflow/example_dags/example_python_operator.py for tasks to queue
[2021-03-22 03:42:17,049] {logging_mixin.py:104} INFO - [2021-03-22 03:42:17,048] {dagbag.py:448} INFO - Filling up the DagBag from /Users/akshaybhoge/PycharmProjects/venvEdgar/lib/python3.7/site-packages/airflow/example_dags/example_python_operator.py
[2021-03-22 03:42:17,057] {scheduler_job.py:639} INFO - DAG(s) dict_keys(['example_python_operator']) retrieved from /Users/akshaybhoge/PycharmProjects/venvEdgar/lib/python3.7/site-packages/airflow/example_dags/example_python_operator.py
[2021-03-22 03:42:17,070] {logging_mixin.py:104} INFO - [2021-03-22 03:42:17,070] {dag.py:1818} INFO - Sync 1 DAGs
[2021-03-22 03:42:17,079] {logging_mixin.py:104} INFO - [2021-03-22 03:42:17,079] {dag.py:2273} INFO - Setting next_dagrun for example_python_operator to None
[2021-03-22 03:42:17,085] {scheduler_job.py:190} INFO - Processing /Users/akshaybhoge/PycharmProjects/venvEdgar/lib/python3.7/site-packages/airflow/example_dags/example_python_operator.py took 0.043 seconds
[2021-03-22 03:42:49,655] {scheduler_job.py:182} INFO - Started process (PID=30098) to work on /Users/akshaybhoge/PycharmProjects/venvEdgar/lib/python3.7/site-packages/airflow/example_dags/example_python_operator.py
[2021-03-22 03:42:49,657] {scheduler_job.py:629} INFO - Processing file /Users/akshaybhoge/PycharmProjects/venvEdgar/lib/python3.7/site-packages/airflow/example_dags/example_python_operator.py for tasks to queue
[2021-03-22 03:42:49,659] {logging_mixin.py:104} INFO - [2021-03-22 03:42:49,658] {dagbag.py:448} INFO - Filling up the DagBag from /Users/akshaybhoge/PycharmProjects/venvEdgar/lib/python3.7/site-packages/airflow/example_dags/example_python_operator.py
[2021-03-22 03:42:49,668] {scheduler_job.py:639} INFO - DAG(s) dict_keys(['example_python_operator']) retrieved from /Users/akshaybhoge/PycharmProjects/venvEdgar/lib/python3.7/site-packages/airflow/example_dags/example_python_operator.py
[2021-03-22 03:42:49,681] {logging_mixin.py:104} INFO - [2021-03-22 03:42:49,680] {dag.py:1818} INFO - Sync 1 DAGs
[2021-03-22 03:42:49,690] {logging_mixin.py:104} INFO - [2021-03-22 03:42:49,690] {dag.py:2273} INFO - Setting next_dagrun for example_python_operator to None
[2021-03-22 03:42:49,696] {scheduler_job.py:190} INFO - Processing /Users/akshaybhoge/PycharmProjects/venvEdgar/lib/python3.7/site-packages/airflow/example_dags/example_python_operator.py took 0.044 seconds
[2021-03-22 03:43:22,664] {scheduler_job.py:182} INFO - Started process (PID=30133) to work on /Users/akshaybhoge/PycharmProjects/venvEdgar/lib/python3.7/site-packages/airflow/example_dags/example_python_operator.py
[2021-03-22 03:43:22,665] {scheduler_job.py:629} INFO - Processing file /Users/akshaybhoge/PycharmProjects/venvEdgar/lib/python3.7/site-packages/airflow/example_dags/example_python_operator.py for tasks to queue
[2021-03-22 03:43:22,666] {logging_mixin.py:104} INFO - [2021-03-22 03:43:22,666] {dagbag.py:448} INFO - Filling up the DagBag from /Users/akshaybhoge/PycharmProjects/venvEdgar/lib/python3.7/site-packages/airflow/example_dags/example_python_operator.py
[2021-03-22 03:43:22,676] {scheduler_job.py:639} INFO - DAG(s) dict_keys(['example_python_operator']) retrieved from /Users/akshaybhoge/PycharmProjects/venvEdgar/lib/python3.7/site-packages/airflow/example_dags/example_python_operator.py
[2021-03-22 03:43:22,688] {logging_mixin.py:104} INFO - [2021-03-22 03:43:22,688] {dag.py:1818} INFO - Sync 1 DAGs
[2021-03-22 03:43:22,697] {logging_mixin.py:104} INFO - [2021-03-22 03:43:22,696] {dag.py:2273} INFO - Setting next_dagrun for example_python_operator to None
[2021-03-22 03:43:22,703] {scheduler_job.py:190} INFO - Processing /Users/akshaybhoge/PycharmProjects/venvEdgar/lib/python3.7/site-packages/airflow/example_dags/example_python_operator.py took 0.042 seconds
[2021-03-22 03:44:14,866] {scheduler_job.py:182} INFO - Started process (PID=30177) to work on /Users/akshaybhoge/PycharmProjects/venvEdgar/lib/python3.7/site-packages/airflow/example_dags/example_python_operator.py
[2021-03-22 03:44:14,868] {scheduler_job.py:629} INFO - Processing file /Users/akshaybhoge/PycharmProjects/venvEdgar/lib/python3.7/site-packages/airflow/example_dags/example_python_operator.py for tasks to queue
[2021-03-22 03:44:14,870] {logging_mixin.py:104} INFO - [2021-03-22 03:44:14,869] {dagbag.py:448} INFO - Filling up the DagBag from /Users/akshaybhoge/PycharmProjects/venvEdgar/lib/python3.7/site-packages/airflow/example_dags/example_python_operator.py
[2021-03-22 03:44:14,879] {scheduler_job.py:639} INFO - DAG(s) dict_keys(['example_python_operator']) retrieved from /Users/akshaybhoge/PycharmProjects/venvEdgar/lib/python3.7/site-packages/airflow/example_dags/example_python_operator.py
[2021-03-22 03:44:14,892] {logging_mixin.py:104} INFO - [2021-03-22 03:44:14,892] {dag.py:1818} INFO - Sync 1 DAGs
[2021-03-22 03:44:14,901] {logging_mixin.py:104} INFO - [2021-03-22 03:44:14,901] {dag.py:2273} INFO - Setting next_dagrun for example_python_operator to None
[2021-03-22 03:44:14,909] {scheduler_job.py:190} INFO - Processing /Users/akshaybhoge/PycharmProjects/venvEdgar/lib/python3.7/site-packages/airflow/example_dags/example_python_operator.py took 0.046 seconds
[2021-03-22 03:45:15,108] {scheduler_job.py:182} INFO - Started process (PID=30220) to work on /Users/akshaybhoge/PycharmProjects/venvEdgar/lib/python3.7/site-packages/airflow/example_dags/example_python_operator.py
[2021-03-22 03:45:15,110] {scheduler_job.py:629} INFO - Processing file /Users/akshaybhoge/PycharmProjects/venvEdgar/lib/python3.7/site-packages/airflow/example_dags/example_python_operator.py for tasks to queue
[2021-03-22 03:45:15,111] {logging_mixin.py:104} INFO - [2021-03-22 03:45:15,110] {dagbag.py:448} INFO - Filling up the DagBag from /Users/akshaybhoge/PycharmProjects/venvEdgar/lib/python3.7/site-packages/airflow/example_dags/example_python_operator.py
[2021-03-22 03:45:15,118] {scheduler_job.py:639} INFO - DAG(s) dict_keys(['example_python_operator']) retrieved from /Users/akshaybhoge/PycharmProjects/venvEdgar/lib/python3.7/site-packages/airflow/example_dags/example_python_operator.py
[2021-03-22 03:45:15,129] {logging_mixin.py:104} INFO - [2021-03-22 03:45:15,129] {dag.py:1818} INFO - Sync 1 DAGs
[2021-03-22 03:45:15,136] {logging_mixin.py:104} INFO - [2021-03-22 03:45:15,136] {dag.py:2273} INFO - Setting next_dagrun for example_python_operator to None
[2021-03-22 03:45:15,141] {scheduler_job.py:190} INFO - Processing /Users/akshaybhoge/PycharmProjects/venvEdgar/lib/python3.7/site-packages/airflow/example_dags/example_python_operator.py took 0.035 seconds
