[2021-03-22 02:54:47,891] {scheduler_job.py:182} INFO - Started process (PID=26812) to work on /Users/akshaybhoge/PycharmProjects/venvEdgar/lib/python3.7/site-packages/airflow/example_dags/example_nested_branch_dag.py
[2021-03-22 02:54:47,893] {scheduler_job.py:629} INFO - Processing file /Users/akshaybhoge/PycharmProjects/venvEdgar/lib/python3.7/site-packages/airflow/example_dags/example_nested_branch_dag.py for tasks to queue
[2021-03-22 02:54:47,894] {logging_mixin.py:104} INFO - [2021-03-22 02:54:47,894] {dagbag.py:448} INFO - Filling up the DagBag from /Users/akshaybhoge/PycharmProjects/venvEdgar/lib/python3.7/site-packages/airflow/example_dags/example_nested_branch_dag.py
[2021-03-22 02:54:47,917] {scheduler_job.py:639} INFO - DAG(s) dict_keys(['example_nested_branch_dag']) retrieved from /Users/akshaybhoge/PycharmProjects/venvEdgar/lib/python3.7/site-packages/airflow/example_dags/example_nested_branch_dag.py
[2021-03-22 02:54:47,936] {logging_mixin.py:104} INFO - [2021-03-22 02:54:47,936] {dag.py:1818} INFO - Sync 1 DAGs
[2021-03-22 02:54:47,958] {logging_mixin.py:104} INFO - [2021-03-22 02:54:47,958] {dag.py:2273} INFO - Setting next_dagrun for example_nested_branch_dag to 2021-03-20 00:00:00+00:00
[2021-03-22 02:54:47,969] {scheduler_job.py:190} INFO - Processing /Users/akshaybhoge/PycharmProjects/venvEdgar/lib/python3.7/site-packages/airflow/example_dags/example_nested_branch_dag.py took 0.082 seconds
[2021-03-22 02:55:19,217] {scheduler_job.py:182} INFO - Started process (PID=26863) to work on /Users/akshaybhoge/PycharmProjects/venvEdgar/lib/python3.7/site-packages/airflow/example_dags/example_nested_branch_dag.py
[2021-03-22 02:55:19,223] {scheduler_job.py:629} INFO - Processing file /Users/akshaybhoge/PycharmProjects/venvEdgar/lib/python3.7/site-packages/airflow/example_dags/example_nested_branch_dag.py for tasks to queue
[2021-03-22 02:55:19,224] {logging_mixin.py:104} INFO - [2021-03-22 02:55:19,224] {dagbag.py:448} INFO - Filling up the DagBag from /Users/akshaybhoge/PycharmProjects/venvEdgar/lib/python3.7/site-packages/airflow/example_dags/example_nested_branch_dag.py
[2021-03-22 02:55:19,239] {scheduler_job.py:639} INFO - DAG(s) dict_keys(['example_nested_branch_dag']) retrieved from /Users/akshaybhoge/PycharmProjects/venvEdgar/lib/python3.7/site-packages/airflow/example_dags/example_nested_branch_dag.py
[2021-03-22 02:55:19,253] {logging_mixin.py:104} INFO - [2021-03-22 02:55:19,252] {dag.py:1818} INFO - Sync 1 DAGs
[2021-03-22 02:55:19,272] {logging_mixin.py:104} INFO - [2021-03-22 02:55:19,271] {dag.py:2273} INFO - Setting next_dagrun for example_nested_branch_dag to 2021-03-20 00:00:00+00:00
[2021-03-22 02:55:19,278] {scheduler_job.py:190} INFO - Processing /Users/akshaybhoge/PycharmProjects/venvEdgar/lib/python3.7/site-packages/airflow/example_dags/example_nested_branch_dag.py took 0.064 seconds
[2021-03-22 02:55:53,103] {scheduler_job.py:182} INFO - Started process (PID=26977) to work on /Users/akshaybhoge/PycharmProjects/venvEdgar/lib/python3.7/site-packages/airflow/example_dags/example_nested_branch_dag.py
[2021-03-22 02:55:53,105] {scheduler_job.py:629} INFO - Processing file /Users/akshaybhoge/PycharmProjects/venvEdgar/lib/python3.7/site-packages/airflow/example_dags/example_nested_branch_dag.py for tasks to queue
[2021-03-22 02:55:53,107] {logging_mixin.py:104} INFO - [2021-03-22 02:55:53,106] {dagbag.py:448} INFO - Filling up the DagBag from /Users/akshaybhoge/PycharmProjects/venvEdgar/lib/python3.7/site-packages/airflow/example_dags/example_nested_branch_dag.py
[2021-03-22 02:55:53,127] {scheduler_job.py:639} INFO - DAG(s) dict_keys(['example_nested_branch_dag']) retrieved from /Users/akshaybhoge/PycharmProjects/venvEdgar/lib/python3.7/site-packages/airflow/example_dags/example_nested_branch_dag.py
[2021-03-22 02:55:53,145] {logging_mixin.py:104} INFO - [2021-03-22 02:55:53,144] {dag.py:1818} INFO - Sync 1 DAGs
[2021-03-22 02:55:53,167] {logging_mixin.py:104} INFO - [2021-03-22 02:55:53,167] {dag.py:2273} INFO - Setting next_dagrun for example_nested_branch_dag to 2021-03-20 00:00:00+00:00
[2021-03-22 02:55:53,176] {scheduler_job.py:190} INFO - Processing /Users/akshaybhoge/PycharmProjects/venvEdgar/lib/python3.7/site-packages/airflow/example_dags/example_nested_branch_dag.py took 0.077 seconds
[2021-03-22 02:56:25,450] {scheduler_job.py:182} INFO - Started process (PID=27050) to work on /Users/akshaybhoge/PycharmProjects/venvEdgar/lib/python3.7/site-packages/airflow/example_dags/example_nested_branch_dag.py
[2021-03-22 02:56:25,453] {scheduler_job.py:629} INFO - Processing file /Users/akshaybhoge/PycharmProjects/venvEdgar/lib/python3.7/site-packages/airflow/example_dags/example_nested_branch_dag.py for tasks to queue
[2021-03-22 02:56:25,455] {logging_mixin.py:104} INFO - [2021-03-22 02:56:25,454] {dagbag.py:448} INFO - Filling up the DagBag from /Users/akshaybhoge/PycharmProjects/venvEdgar/lib/python3.7/site-packages/airflow/example_dags/example_nested_branch_dag.py
[2021-03-22 02:56:25,478] {scheduler_job.py:639} INFO - DAG(s) dict_keys(['example_nested_branch_dag']) retrieved from /Users/akshaybhoge/PycharmProjects/venvEdgar/lib/python3.7/site-packages/airflow/example_dags/example_nested_branch_dag.py
[2021-03-22 02:56:25,498] {logging_mixin.py:104} INFO - [2021-03-22 02:56:25,498] {dag.py:1818} INFO - Sync 1 DAGs
[2021-03-22 02:56:25,525] {logging_mixin.py:104} INFO - [2021-03-22 02:56:25,525] {dag.py:2273} INFO - Setting next_dagrun for example_nested_branch_dag to 2021-03-20 00:00:00+00:00
[2021-03-22 02:56:25,538] {scheduler_job.py:190} INFO - Processing /Users/akshaybhoge/PycharmProjects/venvEdgar/lib/python3.7/site-packages/airflow/example_dags/example_nested_branch_dag.py took 0.093 seconds
[2021-03-22 02:56:57,261] {scheduler_job.py:182} INFO - Started process (PID=27120) to work on /Users/akshaybhoge/PycharmProjects/venvEdgar/lib/python3.7/site-packages/airflow/example_dags/example_nested_branch_dag.py
[2021-03-22 02:56:57,264] {scheduler_job.py:629} INFO - Processing file /Users/akshaybhoge/PycharmProjects/venvEdgar/lib/python3.7/site-packages/airflow/example_dags/example_nested_branch_dag.py for tasks to queue
[2021-03-22 02:56:57,267] {logging_mixin.py:104} INFO - [2021-03-22 02:56:57,266] {dagbag.py:448} INFO - Filling up the DagBag from /Users/akshaybhoge/PycharmProjects/venvEdgar/lib/python3.7/site-packages/airflow/example_dags/example_nested_branch_dag.py
[2021-03-22 02:56:57,294] {scheduler_job.py:639} INFO - DAG(s) dict_keys(['example_nested_branch_dag']) retrieved from /Users/akshaybhoge/PycharmProjects/venvEdgar/lib/python3.7/site-packages/airflow/example_dags/example_nested_branch_dag.py
[2021-03-22 02:56:57,318] {logging_mixin.py:104} INFO - [2021-03-22 02:56:57,317] {dag.py:1818} INFO - Sync 1 DAGs
[2021-03-22 02:56:57,352] {logging_mixin.py:104} INFO - [2021-03-22 02:56:57,352] {dag.py:2273} INFO - Setting next_dagrun for example_nested_branch_dag to 2021-03-20 00:00:00+00:00
[2021-03-22 02:56:57,364] {scheduler_job.py:190} INFO - Processing /Users/akshaybhoge/PycharmProjects/venvEdgar/lib/python3.7/site-packages/airflow/example_dags/example_nested_branch_dag.py took 0.110 seconds
[2021-03-22 02:57:30,307] {scheduler_job.py:182} INFO - Started process (PID=27199) to work on /Users/akshaybhoge/PycharmProjects/venvEdgar/lib/python3.7/site-packages/airflow/example_dags/example_nested_branch_dag.py
[2021-03-22 02:57:30,310] {scheduler_job.py:629} INFO - Processing file /Users/akshaybhoge/PycharmProjects/venvEdgar/lib/python3.7/site-packages/airflow/example_dags/example_nested_branch_dag.py for tasks to queue
[2021-03-22 02:57:30,312] {logging_mixin.py:104} INFO - [2021-03-22 02:57:30,311] {dagbag.py:448} INFO - Filling up the DagBag from /Users/akshaybhoge/PycharmProjects/venvEdgar/lib/python3.7/site-packages/airflow/example_dags/example_nested_branch_dag.py
[2021-03-22 02:57:30,340] {scheduler_job.py:639} INFO - DAG(s) dict_keys(['example_nested_branch_dag']) retrieved from /Users/akshaybhoge/PycharmProjects/venvEdgar/lib/python3.7/site-packages/airflow/example_dags/example_nested_branch_dag.py
[2021-03-22 02:57:30,363] {logging_mixin.py:104} INFO - [2021-03-22 02:57:30,362] {dag.py:1818} INFO - Sync 1 DAGs
[2021-03-22 02:57:30,395] {logging_mixin.py:104} INFO - [2021-03-22 02:57:30,395] {dag.py:2273} INFO - Setting next_dagrun for example_nested_branch_dag to 2021-03-20 00:00:00+00:00
[2021-03-22 02:57:30,407] {scheduler_job.py:190} INFO - Processing /Users/akshaybhoge/PycharmProjects/venvEdgar/lib/python3.7/site-packages/airflow/example_dags/example_nested_branch_dag.py took 0.106 seconds
[2021-03-22 02:58:24,632] {scheduler_job.py:182} INFO - Started process (PID=27299) to work on /Users/akshaybhoge/PycharmProjects/venvEdgar/lib/python3.7/site-packages/airflow/example_dags/example_nested_branch_dag.py
[2021-03-22 02:58:24,634] {scheduler_job.py:629} INFO - Processing file /Users/akshaybhoge/PycharmProjects/venvEdgar/lib/python3.7/site-packages/airflow/example_dags/example_nested_branch_dag.py for tasks to queue
[2021-03-22 02:58:24,636] {logging_mixin.py:104} INFO - [2021-03-22 02:58:24,635] {dagbag.py:448} INFO - Filling up the DagBag from /Users/akshaybhoge/PycharmProjects/venvEdgar/lib/python3.7/site-packages/airflow/example_dags/example_nested_branch_dag.py
[2021-03-22 02:58:24,654] {scheduler_job.py:639} INFO - DAG(s) dict_keys(['example_nested_branch_dag']) retrieved from /Users/akshaybhoge/PycharmProjects/venvEdgar/lib/python3.7/site-packages/airflow/example_dags/example_nested_branch_dag.py
[2021-03-22 02:58:24,670] {logging_mixin.py:104} INFO - [2021-03-22 02:58:24,670] {dag.py:1818} INFO - Sync 1 DAGs
[2021-03-22 02:58:24,691] {logging_mixin.py:104} INFO - [2021-03-22 02:58:24,691] {dag.py:2273} INFO - Setting next_dagrun for example_nested_branch_dag to 2021-03-20 00:00:00+00:00
[2021-03-22 02:58:24,699] {scheduler_job.py:190} INFO - Processing /Users/akshaybhoge/PycharmProjects/venvEdgar/lib/python3.7/site-packages/airflow/example_dags/example_nested_branch_dag.py took 0.071 seconds
[2021-03-22 02:58:56,712] {scheduler_job.py:182} INFO - Started process (PID=27354) to work on /Users/akshaybhoge/PycharmProjects/venvEdgar/lib/python3.7/site-packages/airflow/example_dags/example_nested_branch_dag.py
[2021-03-22 02:58:56,713] {scheduler_job.py:629} INFO - Processing file /Users/akshaybhoge/PycharmProjects/venvEdgar/lib/python3.7/site-packages/airflow/example_dags/example_nested_branch_dag.py for tasks to queue
[2021-03-22 02:58:56,714] {logging_mixin.py:104} INFO - [2021-03-22 02:58:56,714] {dagbag.py:448} INFO - Filling up the DagBag from /Users/akshaybhoge/PycharmProjects/venvEdgar/lib/python3.7/site-packages/airflow/example_dags/example_nested_branch_dag.py
[2021-03-22 02:58:56,729] {scheduler_job.py:639} INFO - DAG(s) dict_keys(['example_nested_branch_dag']) retrieved from /Users/akshaybhoge/PycharmProjects/venvEdgar/lib/python3.7/site-packages/airflow/example_dags/example_nested_branch_dag.py
[2021-03-22 02:58:56,747] {logging_mixin.py:104} INFO - [2021-03-22 02:58:56,746] {dag.py:1818} INFO - Sync 1 DAGs
[2021-03-22 02:58:56,764] {logging_mixin.py:104} INFO - [2021-03-22 02:58:56,764] {dag.py:2273} INFO - Setting next_dagrun for example_nested_branch_dag to 2021-03-20 00:00:00+00:00
[2021-03-22 02:58:56,770] {scheduler_job.py:190} INFO - Processing /Users/akshaybhoge/PycharmProjects/venvEdgar/lib/python3.7/site-packages/airflow/example_dags/example_nested_branch_dag.py took 0.063 seconds
[2021-03-22 02:59:28,802] {scheduler_job.py:182} INFO - Started process (PID=27428) to work on /Users/akshaybhoge/PycharmProjects/venvEdgar/lib/python3.7/site-packages/airflow/example_dags/example_nested_branch_dag.py
[2021-03-22 02:59:28,803] {scheduler_job.py:629} INFO - Processing file /Users/akshaybhoge/PycharmProjects/venvEdgar/lib/python3.7/site-packages/airflow/example_dags/example_nested_branch_dag.py for tasks to queue
[2021-03-22 02:59:28,804] {logging_mixin.py:104} INFO - [2021-03-22 02:59:28,804] {dagbag.py:448} INFO - Filling up the DagBag from /Users/akshaybhoge/PycharmProjects/venvEdgar/lib/python3.7/site-packages/airflow/example_dags/example_nested_branch_dag.py
[2021-03-22 02:59:28,819] {scheduler_job.py:639} INFO - DAG(s) dict_keys(['example_nested_branch_dag']) retrieved from /Users/akshaybhoge/PycharmProjects/venvEdgar/lib/python3.7/site-packages/airflow/example_dags/example_nested_branch_dag.py
[2021-03-22 02:59:28,831] {logging_mixin.py:104} INFO - [2021-03-22 02:59:28,831] {dag.py:1818} INFO - Sync 1 DAGs
[2021-03-22 02:59:28,849] {logging_mixin.py:104} INFO - [2021-03-22 02:59:28,848] {dag.py:2273} INFO - Setting next_dagrun for example_nested_branch_dag to 2021-03-20 00:00:00+00:00
[2021-03-22 02:59:28,855] {scheduler_job.py:190} INFO - Processing /Users/akshaybhoge/PycharmProjects/venvEdgar/lib/python3.7/site-packages/airflow/example_dags/example_nested_branch_dag.py took 0.056 seconds
[2021-03-22 03:00:01,005] {scheduler_job.py:182} INFO - Started process (PID=27483) to work on /Users/akshaybhoge/PycharmProjects/venvEdgar/lib/python3.7/site-packages/airflow/example_dags/example_nested_branch_dag.py
[2021-03-22 03:00:01,006] {scheduler_job.py:629} INFO - Processing file /Users/akshaybhoge/PycharmProjects/venvEdgar/lib/python3.7/site-packages/airflow/example_dags/example_nested_branch_dag.py for tasks to queue
[2021-03-22 03:00:01,007] {logging_mixin.py:104} INFO - [2021-03-22 03:00:01,007] {dagbag.py:448} INFO - Filling up the DagBag from /Users/akshaybhoge/PycharmProjects/venvEdgar/lib/python3.7/site-packages/airflow/example_dags/example_nested_branch_dag.py
[2021-03-22 03:00:01,022] {scheduler_job.py:639} INFO - DAG(s) dict_keys(['example_nested_branch_dag']) retrieved from /Users/akshaybhoge/PycharmProjects/venvEdgar/lib/python3.7/site-packages/airflow/example_dags/example_nested_branch_dag.py
[2021-03-22 03:00:01,035] {logging_mixin.py:104} INFO - [2021-03-22 03:00:01,035] {dag.py:1818} INFO - Sync 1 DAGs
[2021-03-22 03:00:01,053] {logging_mixin.py:104} INFO - [2021-03-22 03:00:01,052] {dag.py:2273} INFO - Setting next_dagrun for example_nested_branch_dag to 2021-03-20 00:00:00+00:00
[2021-03-22 03:00:01,059] {scheduler_job.py:190} INFO - Processing /Users/akshaybhoge/PycharmProjects/venvEdgar/lib/python3.7/site-packages/airflow/example_dags/example_nested_branch_dag.py took 0.057 seconds
[2021-03-22 03:00:33,201] {scheduler_job.py:182} INFO - Started process (PID=27549) to work on /Users/akshaybhoge/PycharmProjects/venvEdgar/lib/python3.7/site-packages/airflow/example_dags/example_nested_branch_dag.py
[2021-03-22 03:00:33,203] {scheduler_job.py:629} INFO - Processing file /Users/akshaybhoge/PycharmProjects/venvEdgar/lib/python3.7/site-packages/airflow/example_dags/example_nested_branch_dag.py for tasks to queue
[2021-03-22 03:00:33,205] {logging_mixin.py:104} INFO - [2021-03-22 03:00:33,204] {dagbag.py:448} INFO - Filling up the DagBag from /Users/akshaybhoge/PycharmProjects/venvEdgar/lib/python3.7/site-packages/airflow/example_dags/example_nested_branch_dag.py
[2021-03-22 03:00:33,218] {scheduler_job.py:639} INFO - DAG(s) dict_keys(['example_nested_branch_dag']) retrieved from /Users/akshaybhoge/PycharmProjects/venvEdgar/lib/python3.7/site-packages/airflow/example_dags/example_nested_branch_dag.py
[2021-03-22 03:00:33,232] {logging_mixin.py:104} INFO - [2021-03-22 03:00:33,232] {dag.py:1818} INFO - Sync 1 DAGs
[2021-03-22 03:00:33,250] {logging_mixin.py:104} INFO - [2021-03-22 03:00:33,250] {dag.py:2273} INFO - Setting next_dagrun for example_nested_branch_dag to 2021-03-20 00:00:00+00:00
[2021-03-22 03:00:33,256] {scheduler_job.py:190} INFO - Processing /Users/akshaybhoge/PycharmProjects/venvEdgar/lib/python3.7/site-packages/airflow/example_dags/example_nested_branch_dag.py took 0.059 seconds
[2021-03-22 03:01:05,310] {scheduler_job.py:182} INFO - Started process (PID=27581) to work on /Users/akshaybhoge/PycharmProjects/venvEdgar/lib/python3.7/site-packages/airflow/example_dags/example_nested_branch_dag.py
[2021-03-22 03:01:05,312] {scheduler_job.py:629} INFO - Processing file /Users/akshaybhoge/PycharmProjects/venvEdgar/lib/python3.7/site-packages/airflow/example_dags/example_nested_branch_dag.py for tasks to queue
[2021-03-22 03:01:05,313] {logging_mixin.py:104} INFO - [2021-03-22 03:01:05,313] {dagbag.py:448} INFO - Filling up the DagBag from /Users/akshaybhoge/PycharmProjects/venvEdgar/lib/python3.7/site-packages/airflow/example_dags/example_nested_branch_dag.py
[2021-03-22 03:01:05,328] {scheduler_job.py:639} INFO - DAG(s) dict_keys(['example_nested_branch_dag']) retrieved from /Users/akshaybhoge/PycharmProjects/venvEdgar/lib/python3.7/site-packages/airflow/example_dags/example_nested_branch_dag.py
[2021-03-22 03:01:05,341] {logging_mixin.py:104} INFO - [2021-03-22 03:01:05,341] {dag.py:1818} INFO - Sync 1 DAGs
[2021-03-22 03:01:05,358] {logging_mixin.py:104} INFO - [2021-03-22 03:01:05,357] {dag.py:2273} INFO - Setting next_dagrun for example_nested_branch_dag to 2021-03-20 00:00:00+00:00
[2021-03-22 03:01:05,363] {scheduler_job.py:190} INFO - Processing /Users/akshaybhoge/PycharmProjects/venvEdgar/lib/python3.7/site-packages/airflow/example_dags/example_nested_branch_dag.py took 0.056 seconds
[2021-03-22 03:01:37,429] {scheduler_job.py:182} INFO - Started process (PID=27625) to work on /Users/akshaybhoge/PycharmProjects/venvEdgar/lib/python3.7/site-packages/airflow/example_dags/example_nested_branch_dag.py
[2021-03-22 03:01:37,431] {scheduler_job.py:629} INFO - Processing file /Users/akshaybhoge/PycharmProjects/venvEdgar/lib/python3.7/site-packages/airflow/example_dags/example_nested_branch_dag.py for tasks to queue
[2021-03-22 03:01:37,432] {logging_mixin.py:104} INFO - [2021-03-22 03:01:37,432] {dagbag.py:448} INFO - Filling up the DagBag from /Users/akshaybhoge/PycharmProjects/venvEdgar/lib/python3.7/site-packages/airflow/example_dags/example_nested_branch_dag.py
[2021-03-22 03:01:37,447] {scheduler_job.py:639} INFO - DAG(s) dict_keys(['example_nested_branch_dag']) retrieved from /Users/akshaybhoge/PycharmProjects/venvEdgar/lib/python3.7/site-packages/airflow/example_dags/example_nested_branch_dag.py
[2021-03-22 03:01:37,461] {logging_mixin.py:104} INFO - [2021-03-22 03:01:37,460] {dag.py:1818} INFO - Sync 1 DAGs
[2021-03-22 03:01:37,477] {logging_mixin.py:104} INFO - [2021-03-22 03:01:37,477] {dag.py:2273} INFO - Setting next_dagrun for example_nested_branch_dag to 2021-03-20 00:00:00+00:00
[2021-03-22 03:01:37,483] {scheduler_job.py:190} INFO - Processing /Users/akshaybhoge/PycharmProjects/venvEdgar/lib/python3.7/site-packages/airflow/example_dags/example_nested_branch_dag.py took 0.057 seconds
[2021-03-22 03:02:09,437] {scheduler_job.py:182} INFO - Started process (PID=27655) to work on /Users/akshaybhoge/PycharmProjects/venvEdgar/lib/python3.7/site-packages/airflow/example_dags/example_nested_branch_dag.py
[2021-03-22 03:02:09,439] {scheduler_job.py:629} INFO - Processing file /Users/akshaybhoge/PycharmProjects/venvEdgar/lib/python3.7/site-packages/airflow/example_dags/example_nested_branch_dag.py for tasks to queue
[2021-03-22 03:02:09,440] {logging_mixin.py:104} INFO - [2021-03-22 03:02:09,440] {dagbag.py:448} INFO - Filling up the DagBag from /Users/akshaybhoge/PycharmProjects/venvEdgar/lib/python3.7/site-packages/airflow/example_dags/example_nested_branch_dag.py
[2021-03-22 03:02:09,455] {scheduler_job.py:639} INFO - DAG(s) dict_keys(['example_nested_branch_dag']) retrieved from /Users/akshaybhoge/PycharmProjects/venvEdgar/lib/python3.7/site-packages/airflow/example_dags/example_nested_branch_dag.py
[2021-03-22 03:02:09,468] {logging_mixin.py:104} INFO - [2021-03-22 03:02:09,468] {dag.py:1818} INFO - Sync 1 DAGs
[2021-03-22 03:02:09,484] {logging_mixin.py:104} INFO - [2021-03-22 03:02:09,484] {dag.py:2273} INFO - Setting next_dagrun for example_nested_branch_dag to 2021-03-20 00:00:00+00:00
[2021-03-22 03:02:09,490] {scheduler_job.py:190} INFO - Processing /Users/akshaybhoge/PycharmProjects/venvEdgar/lib/python3.7/site-packages/airflow/example_dags/example_nested_branch_dag.py took 0.056 seconds
[2021-03-22 03:02:41,549] {scheduler_job.py:182} INFO - Started process (PID=27688) to work on /Users/akshaybhoge/PycharmProjects/venvEdgar/lib/python3.7/site-packages/airflow/example_dags/example_nested_branch_dag.py
[2021-03-22 03:02:41,551] {scheduler_job.py:629} INFO - Processing file /Users/akshaybhoge/PycharmProjects/venvEdgar/lib/python3.7/site-packages/airflow/example_dags/example_nested_branch_dag.py for tasks to queue
[2021-03-22 03:02:41,551] {logging_mixin.py:104} INFO - [2021-03-22 03:02:41,551] {dagbag.py:448} INFO - Filling up the DagBag from /Users/akshaybhoge/PycharmProjects/venvEdgar/lib/python3.7/site-packages/airflow/example_dags/example_nested_branch_dag.py
[2021-03-22 03:02:41,562] {scheduler_job.py:639} INFO - DAG(s) dict_keys(['example_nested_branch_dag']) retrieved from /Users/akshaybhoge/PycharmProjects/venvEdgar/lib/python3.7/site-packages/airflow/example_dags/example_nested_branch_dag.py
[2021-03-22 03:02:41,572] {logging_mixin.py:104} INFO - [2021-03-22 03:02:41,572] {dag.py:1818} INFO - Sync 1 DAGs
[2021-03-22 03:02:41,585] {logging_mixin.py:104} INFO - [2021-03-22 03:02:41,585] {dag.py:2273} INFO - Setting next_dagrun for example_nested_branch_dag to 2021-03-20 00:00:00+00:00
[2021-03-22 03:02:41,590] {scheduler_job.py:190} INFO - Processing /Users/akshaybhoge/PycharmProjects/venvEdgar/lib/python3.7/site-packages/airflow/example_dags/example_nested_branch_dag.py took 0.043 seconds
[2021-03-22 03:03:13,652] {scheduler_job.py:182} INFO - Started process (PID=27721) to work on /Users/akshaybhoge/PycharmProjects/venvEdgar/lib/python3.7/site-packages/airflow/example_dags/example_nested_branch_dag.py
[2021-03-22 03:03:13,653] {scheduler_job.py:629} INFO - Processing file /Users/akshaybhoge/PycharmProjects/venvEdgar/lib/python3.7/site-packages/airflow/example_dags/example_nested_branch_dag.py for tasks to queue
[2021-03-22 03:03:13,654] {logging_mixin.py:104} INFO - [2021-03-22 03:03:13,654] {dagbag.py:448} INFO - Filling up the DagBag from /Users/akshaybhoge/PycharmProjects/venvEdgar/lib/python3.7/site-packages/airflow/example_dags/example_nested_branch_dag.py
[2021-03-22 03:03:13,670] {scheduler_job.py:639} INFO - DAG(s) dict_keys(['example_nested_branch_dag']) retrieved from /Users/akshaybhoge/PycharmProjects/venvEdgar/lib/python3.7/site-packages/airflow/example_dags/example_nested_branch_dag.py
[2021-03-22 03:03:13,682] {logging_mixin.py:104} INFO - [2021-03-22 03:03:13,682] {dag.py:1818} INFO - Sync 1 DAGs
[2021-03-22 03:03:13,698] {logging_mixin.py:104} INFO - [2021-03-22 03:03:13,698] {dag.py:2273} INFO - Setting next_dagrun for example_nested_branch_dag to 2021-03-20 00:00:00+00:00
[2021-03-22 03:03:13,705] {scheduler_job.py:190} INFO - Processing /Users/akshaybhoge/PycharmProjects/venvEdgar/lib/python3.7/site-packages/airflow/example_dags/example_nested_branch_dag.py took 0.057 seconds
[2021-03-22 03:03:45,777] {scheduler_job.py:182} INFO - Started process (PID=27770) to work on /Users/akshaybhoge/PycharmProjects/venvEdgar/lib/python3.7/site-packages/airflow/example_dags/example_nested_branch_dag.py
[2021-03-22 03:03:45,780] {scheduler_job.py:629} INFO - Processing file /Users/akshaybhoge/PycharmProjects/venvEdgar/lib/python3.7/site-packages/airflow/example_dags/example_nested_branch_dag.py for tasks to queue
[2021-03-22 03:03:45,781] {logging_mixin.py:104} INFO - [2021-03-22 03:03:45,781] {dagbag.py:448} INFO - Filling up the DagBag from /Users/akshaybhoge/PycharmProjects/venvEdgar/lib/python3.7/site-packages/airflow/example_dags/example_nested_branch_dag.py
[2021-03-22 03:03:45,796] {scheduler_job.py:639} INFO - DAG(s) dict_keys(['example_nested_branch_dag']) retrieved from /Users/akshaybhoge/PycharmProjects/venvEdgar/lib/python3.7/site-packages/airflow/example_dags/example_nested_branch_dag.py
[2021-03-22 03:03:45,808] {logging_mixin.py:104} INFO - [2021-03-22 03:03:45,807] {dag.py:1818} INFO - Sync 1 DAGs
[2021-03-22 03:03:45,822] {logging_mixin.py:104} INFO - [2021-03-22 03:03:45,821] {dag.py:2273} INFO - Setting next_dagrun for example_nested_branch_dag to 2021-03-20 00:00:00+00:00
[2021-03-22 03:03:45,827] {scheduler_job.py:190} INFO - Processing /Users/akshaybhoge/PycharmProjects/venvEdgar/lib/python3.7/site-packages/airflow/example_dags/example_nested_branch_dag.py took 0.052 seconds
[2021-03-22 03:04:17,884] {scheduler_job.py:182} INFO - Started process (PID=27809) to work on /Users/akshaybhoge/PycharmProjects/venvEdgar/lib/python3.7/site-packages/airflow/example_dags/example_nested_branch_dag.py
[2021-03-22 03:04:17,886] {scheduler_job.py:629} INFO - Processing file /Users/akshaybhoge/PycharmProjects/venvEdgar/lib/python3.7/site-packages/airflow/example_dags/example_nested_branch_dag.py for tasks to queue
[2021-03-22 03:04:17,887] {logging_mixin.py:104} INFO - [2021-03-22 03:04:17,886] {dagbag.py:448} INFO - Filling up the DagBag from /Users/akshaybhoge/PycharmProjects/venvEdgar/lib/python3.7/site-packages/airflow/example_dags/example_nested_branch_dag.py
[2021-03-22 03:04:17,901] {scheduler_job.py:639} INFO - DAG(s) dict_keys(['example_nested_branch_dag']) retrieved from /Users/akshaybhoge/PycharmProjects/venvEdgar/lib/python3.7/site-packages/airflow/example_dags/example_nested_branch_dag.py
[2021-03-22 03:04:17,915] {logging_mixin.py:104} INFO - [2021-03-22 03:04:17,915] {dag.py:1818} INFO - Sync 1 DAGs
[2021-03-22 03:04:17,931] {logging_mixin.py:104} INFO - [2021-03-22 03:04:17,931] {dag.py:2273} INFO - Setting next_dagrun for example_nested_branch_dag to 2021-03-20 00:00:00+00:00
[2021-03-22 03:04:17,937] {scheduler_job.py:190} INFO - Processing /Users/akshaybhoge/PycharmProjects/venvEdgar/lib/python3.7/site-packages/airflow/example_dags/example_nested_branch_dag.py took 0.057 seconds
[2021-03-22 03:04:50,017] {scheduler_job.py:182} INFO - Started process (PID=27846) to work on /Users/akshaybhoge/PycharmProjects/venvEdgar/lib/python3.7/site-packages/airflow/example_dags/example_nested_branch_dag.py
[2021-03-22 03:04:50,018] {scheduler_job.py:629} INFO - Processing file /Users/akshaybhoge/PycharmProjects/venvEdgar/lib/python3.7/site-packages/airflow/example_dags/example_nested_branch_dag.py for tasks to queue
[2021-03-22 03:04:50,020] {logging_mixin.py:104} INFO - [2021-03-22 03:04:50,019] {dagbag.py:448} INFO - Filling up the DagBag from /Users/akshaybhoge/PycharmProjects/venvEdgar/lib/python3.7/site-packages/airflow/example_dags/example_nested_branch_dag.py
[2021-03-22 03:04:50,034] {scheduler_job.py:639} INFO - DAG(s) dict_keys(['example_nested_branch_dag']) retrieved from /Users/akshaybhoge/PycharmProjects/venvEdgar/lib/python3.7/site-packages/airflow/example_dags/example_nested_branch_dag.py
[2021-03-22 03:04:50,047] {logging_mixin.py:104} INFO - [2021-03-22 03:04:50,046] {dag.py:1818} INFO - Sync 1 DAGs
[2021-03-22 03:04:50,062] {logging_mixin.py:104} INFO - [2021-03-22 03:04:50,062] {dag.py:2273} INFO - Setting next_dagrun for example_nested_branch_dag to 2021-03-20 00:00:00+00:00
[2021-03-22 03:04:50,068] {scheduler_job.py:190} INFO - Processing /Users/akshaybhoge/PycharmProjects/venvEdgar/lib/python3.7/site-packages/airflow/example_dags/example_nested_branch_dag.py took 0.054 seconds
[2021-03-22 03:05:22,142] {scheduler_job.py:182} INFO - Started process (PID=27884) to work on /Users/akshaybhoge/PycharmProjects/venvEdgar/lib/python3.7/site-packages/airflow/example_dags/example_nested_branch_dag.py
[2021-03-22 03:05:22,144] {scheduler_job.py:629} INFO - Processing file /Users/akshaybhoge/PycharmProjects/venvEdgar/lib/python3.7/site-packages/airflow/example_dags/example_nested_branch_dag.py for tasks to queue
[2021-03-22 03:05:22,145] {logging_mixin.py:104} INFO - [2021-03-22 03:05:22,145] {dagbag.py:448} INFO - Filling up the DagBag from /Users/akshaybhoge/PycharmProjects/venvEdgar/lib/python3.7/site-packages/airflow/example_dags/example_nested_branch_dag.py
[2021-03-22 03:05:22,161] {scheduler_job.py:639} INFO - DAG(s) dict_keys(['example_nested_branch_dag']) retrieved from /Users/akshaybhoge/PycharmProjects/venvEdgar/lib/python3.7/site-packages/airflow/example_dags/example_nested_branch_dag.py
[2021-03-22 03:05:22,173] {logging_mixin.py:104} INFO - [2021-03-22 03:05:22,173] {dag.py:1818} INFO - Sync 1 DAGs
[2021-03-22 03:05:22,189] {logging_mixin.py:104} INFO - [2021-03-22 03:05:22,188] {dag.py:2273} INFO - Setting next_dagrun for example_nested_branch_dag to 2021-03-20 00:00:00+00:00
[2021-03-22 03:05:22,195] {scheduler_job.py:190} INFO - Processing /Users/akshaybhoge/PycharmProjects/venvEdgar/lib/python3.7/site-packages/airflow/example_dags/example_nested_branch_dag.py took 0.056 seconds
[2021-03-22 03:05:54,269] {scheduler_job.py:182} INFO - Started process (PID=27924) to work on /Users/akshaybhoge/PycharmProjects/venvEdgar/lib/python3.7/site-packages/airflow/example_dags/example_nested_branch_dag.py
[2021-03-22 03:05:54,272] {scheduler_job.py:629} INFO - Processing file /Users/akshaybhoge/PycharmProjects/venvEdgar/lib/python3.7/site-packages/airflow/example_dags/example_nested_branch_dag.py for tasks to queue
[2021-03-22 03:05:54,273] {logging_mixin.py:104} INFO - [2021-03-22 03:05:54,273] {dagbag.py:448} INFO - Filling up the DagBag from /Users/akshaybhoge/PycharmProjects/venvEdgar/lib/python3.7/site-packages/airflow/example_dags/example_nested_branch_dag.py
[2021-03-22 03:05:54,289] {scheduler_job.py:639} INFO - DAG(s) dict_keys(['example_nested_branch_dag']) retrieved from /Users/akshaybhoge/PycharmProjects/venvEdgar/lib/python3.7/site-packages/airflow/example_dags/example_nested_branch_dag.py
[2021-03-22 03:05:54,302] {logging_mixin.py:104} INFO - [2021-03-22 03:05:54,302] {dag.py:1818} INFO - Sync 1 DAGs
[2021-03-22 03:05:54,317] {logging_mixin.py:104} INFO - [2021-03-22 03:05:54,317] {dag.py:2273} INFO - Setting next_dagrun for example_nested_branch_dag to 2021-03-20 00:00:00+00:00
[2021-03-22 03:05:54,323] {scheduler_job.py:190} INFO - Processing /Users/akshaybhoge/PycharmProjects/venvEdgar/lib/python3.7/site-packages/airflow/example_dags/example_nested_branch_dag.py took 0.059 seconds
[2021-03-22 03:06:26,493] {scheduler_job.py:182} INFO - Started process (PID=27957) to work on /Users/akshaybhoge/PycharmProjects/venvEdgar/lib/python3.7/site-packages/airflow/example_dags/example_nested_branch_dag.py
[2021-03-22 03:06:26,495] {scheduler_job.py:629} INFO - Processing file /Users/akshaybhoge/PycharmProjects/venvEdgar/lib/python3.7/site-packages/airflow/example_dags/example_nested_branch_dag.py for tasks to queue
[2021-03-22 03:06:26,497] {logging_mixin.py:104} INFO - [2021-03-22 03:06:26,496] {dagbag.py:448} INFO - Filling up the DagBag from /Users/akshaybhoge/PycharmProjects/venvEdgar/lib/python3.7/site-packages/airflow/example_dags/example_nested_branch_dag.py
[2021-03-22 03:06:26,512] {scheduler_job.py:639} INFO - DAG(s) dict_keys(['example_nested_branch_dag']) retrieved from /Users/akshaybhoge/PycharmProjects/venvEdgar/lib/python3.7/site-packages/airflow/example_dags/example_nested_branch_dag.py
[2021-03-22 03:06:26,526] {logging_mixin.py:104} INFO - [2021-03-22 03:06:26,525] {dag.py:1818} INFO - Sync 1 DAGs
[2021-03-22 03:06:26,541] {logging_mixin.py:104} INFO - [2021-03-22 03:06:26,541] {dag.py:2273} INFO - Setting next_dagrun for example_nested_branch_dag to 2021-03-20 00:00:00+00:00
[2021-03-22 03:06:26,547] {scheduler_job.py:190} INFO - Processing /Users/akshaybhoge/PycharmProjects/venvEdgar/lib/python3.7/site-packages/airflow/example_dags/example_nested_branch_dag.py took 0.058 seconds
[2021-03-22 03:06:58,716] {scheduler_job.py:182} INFO - Started process (PID=27992) to work on /Users/akshaybhoge/PycharmProjects/venvEdgar/lib/python3.7/site-packages/airflow/example_dags/example_nested_branch_dag.py
[2021-03-22 03:06:58,719] {scheduler_job.py:629} INFO - Processing file /Users/akshaybhoge/PycharmProjects/venvEdgar/lib/python3.7/site-packages/airflow/example_dags/example_nested_branch_dag.py for tasks to queue
[2021-03-22 03:06:58,721] {logging_mixin.py:104} INFO - [2021-03-22 03:06:58,720] {dagbag.py:448} INFO - Filling up the DagBag from /Users/akshaybhoge/PycharmProjects/venvEdgar/lib/python3.7/site-packages/airflow/example_dags/example_nested_branch_dag.py
[2021-03-22 03:06:58,737] {scheduler_job.py:639} INFO - DAG(s) dict_keys(['example_nested_branch_dag']) retrieved from /Users/akshaybhoge/PycharmProjects/venvEdgar/lib/python3.7/site-packages/airflow/example_dags/example_nested_branch_dag.py
[2021-03-22 03:06:58,749] {logging_mixin.py:104} INFO - [2021-03-22 03:06:58,749] {dag.py:1818} INFO - Sync 1 DAGs
[2021-03-22 03:06:58,765] {logging_mixin.py:104} INFO - [2021-03-22 03:06:58,764] {dag.py:2273} INFO - Setting next_dagrun for example_nested_branch_dag to 2021-03-20 00:00:00+00:00
[2021-03-22 03:06:58,770] {scheduler_job.py:190} INFO - Processing /Users/akshaybhoge/PycharmProjects/venvEdgar/lib/python3.7/site-packages/airflow/example_dags/example_nested_branch_dag.py took 0.058 seconds
[2021-03-22 03:07:30,946] {scheduler_job.py:182} INFO - Started process (PID=28027) to work on /Users/akshaybhoge/PycharmProjects/venvEdgar/lib/python3.7/site-packages/airflow/example_dags/example_nested_branch_dag.py
[2021-03-22 03:07:30,948] {scheduler_job.py:629} INFO - Processing file /Users/akshaybhoge/PycharmProjects/venvEdgar/lib/python3.7/site-packages/airflow/example_dags/example_nested_branch_dag.py for tasks to queue
[2021-03-22 03:07:30,950] {logging_mixin.py:104} INFO - [2021-03-22 03:07:30,949] {dagbag.py:448} INFO - Filling up the DagBag from /Users/akshaybhoge/PycharmProjects/venvEdgar/lib/python3.7/site-packages/airflow/example_dags/example_nested_branch_dag.py
[2021-03-22 03:07:30,965] {scheduler_job.py:639} INFO - DAG(s) dict_keys(['example_nested_branch_dag']) retrieved from /Users/akshaybhoge/PycharmProjects/venvEdgar/lib/python3.7/site-packages/airflow/example_dags/example_nested_branch_dag.py
[2021-03-22 03:07:30,978] {logging_mixin.py:104} INFO - [2021-03-22 03:07:30,978] {dag.py:1818} INFO - Sync 1 DAGs
[2021-03-22 03:07:30,994] {logging_mixin.py:104} INFO - [2021-03-22 03:07:30,994] {dag.py:2273} INFO - Setting next_dagrun for example_nested_branch_dag to 2021-03-20 00:00:00+00:00
[2021-03-22 03:07:31,000] {scheduler_job.py:190} INFO - Processing /Users/akshaybhoge/PycharmProjects/venvEdgar/lib/python3.7/site-packages/airflow/example_dags/example_nested_branch_dag.py took 0.058 seconds
[2021-03-22 03:08:03,174] {scheduler_job.py:182} INFO - Started process (PID=28058) to work on /Users/akshaybhoge/PycharmProjects/venvEdgar/lib/python3.7/site-packages/airflow/example_dags/example_nested_branch_dag.py
[2021-03-22 03:08:03,177] {scheduler_job.py:629} INFO - Processing file /Users/akshaybhoge/PycharmProjects/venvEdgar/lib/python3.7/site-packages/airflow/example_dags/example_nested_branch_dag.py for tasks to queue
[2021-03-22 03:08:03,178] {logging_mixin.py:104} INFO - [2021-03-22 03:08:03,178] {dagbag.py:448} INFO - Filling up the DagBag from /Users/akshaybhoge/PycharmProjects/venvEdgar/lib/python3.7/site-packages/airflow/example_dags/example_nested_branch_dag.py
[2021-03-22 03:08:03,194] {scheduler_job.py:639} INFO - DAG(s) dict_keys(['example_nested_branch_dag']) retrieved from /Users/akshaybhoge/PycharmProjects/venvEdgar/lib/python3.7/site-packages/airflow/example_dags/example_nested_branch_dag.py
[2021-03-22 03:08:03,206] {logging_mixin.py:104} INFO - [2021-03-22 03:08:03,206] {dag.py:1818} INFO - Sync 1 DAGs
[2021-03-22 03:08:03,222] {logging_mixin.py:104} INFO - [2021-03-22 03:08:03,222] {dag.py:2273} INFO - Setting next_dagrun for example_nested_branch_dag to 2021-03-20 00:00:00+00:00
[2021-03-22 03:08:03,228] {scheduler_job.py:190} INFO - Processing /Users/akshaybhoge/PycharmProjects/venvEdgar/lib/python3.7/site-packages/airflow/example_dags/example_nested_branch_dag.py took 0.058 seconds
[2021-03-22 03:08:35,432] {scheduler_job.py:182} INFO - Started process (PID=28097) to work on /Users/akshaybhoge/PycharmProjects/venvEdgar/lib/python3.7/site-packages/airflow/example_dags/example_nested_branch_dag.py
[2021-03-22 03:08:35,435] {scheduler_job.py:629} INFO - Processing file /Users/akshaybhoge/PycharmProjects/venvEdgar/lib/python3.7/site-packages/airflow/example_dags/example_nested_branch_dag.py for tasks to queue
[2021-03-22 03:08:35,436] {logging_mixin.py:104} INFO - [2021-03-22 03:08:35,436] {dagbag.py:448} INFO - Filling up the DagBag from /Users/akshaybhoge/PycharmProjects/venvEdgar/lib/python3.7/site-packages/airflow/example_dags/example_nested_branch_dag.py
[2021-03-22 03:08:35,452] {scheduler_job.py:639} INFO - DAG(s) dict_keys(['example_nested_branch_dag']) retrieved from /Users/akshaybhoge/PycharmProjects/venvEdgar/lib/python3.7/site-packages/airflow/example_dags/example_nested_branch_dag.py
[2021-03-22 03:08:35,465] {logging_mixin.py:104} INFO - [2021-03-22 03:08:35,465] {dag.py:1818} INFO - Sync 1 DAGs
[2021-03-22 03:08:35,481] {logging_mixin.py:104} INFO - [2021-03-22 03:08:35,481] {dag.py:2273} INFO - Setting next_dagrun for example_nested_branch_dag to 2021-03-20 00:00:00+00:00
[2021-03-22 03:08:35,486] {scheduler_job.py:190} INFO - Processing /Users/akshaybhoge/PycharmProjects/venvEdgar/lib/python3.7/site-packages/airflow/example_dags/example_nested_branch_dag.py took 0.057 seconds
[2021-03-22 03:09:07,697] {scheduler_job.py:182} INFO - Started process (PID=28137) to work on /Users/akshaybhoge/PycharmProjects/venvEdgar/lib/python3.7/site-packages/airflow/example_dags/example_nested_branch_dag.py
[2021-03-22 03:09:07,701] {scheduler_job.py:629} INFO - Processing file /Users/akshaybhoge/PycharmProjects/venvEdgar/lib/python3.7/site-packages/airflow/example_dags/example_nested_branch_dag.py for tasks to queue
[2021-03-22 03:09:07,702] {logging_mixin.py:104} INFO - [2021-03-22 03:09:07,702] {dagbag.py:448} INFO - Filling up the DagBag from /Users/akshaybhoge/PycharmProjects/venvEdgar/lib/python3.7/site-packages/airflow/example_dags/example_nested_branch_dag.py
[2021-03-22 03:09:07,717] {scheduler_job.py:639} INFO - DAG(s) dict_keys(['example_nested_branch_dag']) retrieved from /Users/akshaybhoge/PycharmProjects/venvEdgar/lib/python3.7/site-packages/airflow/example_dags/example_nested_branch_dag.py
[2021-03-22 03:09:07,730] {logging_mixin.py:104} INFO - [2021-03-22 03:09:07,730] {dag.py:1818} INFO - Sync 1 DAGs
[2021-03-22 03:09:07,746] {logging_mixin.py:104} INFO - [2021-03-22 03:09:07,746] {dag.py:2273} INFO - Setting next_dagrun for example_nested_branch_dag to 2021-03-20 00:00:00+00:00
[2021-03-22 03:09:07,751] {scheduler_job.py:190} INFO - Processing /Users/akshaybhoge/PycharmProjects/venvEdgar/lib/python3.7/site-packages/airflow/example_dags/example_nested_branch_dag.py took 0.058 seconds
[2021-03-22 03:11:53,511] {scheduler_job.py:182} INFO - Started process (PID=28237) to work on /Users/akshaybhoge/PycharmProjects/venvEdgar/lib/python3.7/site-packages/airflow/example_dags/example_nested_branch_dag.py
[2021-03-22 03:11:53,518] {scheduler_job.py:629} INFO - Processing file /Users/akshaybhoge/PycharmProjects/venvEdgar/lib/python3.7/site-packages/airflow/example_dags/example_nested_branch_dag.py for tasks to queue
[2021-03-22 03:11:53,522] {logging_mixin.py:104} INFO - [2021-03-22 03:11:53,521] {dagbag.py:448} INFO - Filling up the DagBag from /Users/akshaybhoge/PycharmProjects/venvEdgar/lib/python3.7/site-packages/airflow/example_dags/example_nested_branch_dag.py
[2021-03-22 03:11:53,577] {scheduler_job.py:639} INFO - DAG(s) dict_keys(['example_nested_branch_dag']) retrieved from /Users/akshaybhoge/PycharmProjects/venvEdgar/lib/python3.7/site-packages/airflow/example_dags/example_nested_branch_dag.py
[2021-03-22 03:11:53,624] {logging_mixin.py:104} INFO - [2021-03-22 03:11:53,623] {dag.py:1818} INFO - Sync 1 DAGs
[2021-03-22 03:11:53,690] {logging_mixin.py:104} INFO - [2021-03-22 03:11:53,689] {dag.py:2273} INFO - Setting next_dagrun for example_nested_branch_dag to 2021-03-20 00:00:00+00:00
[2021-03-22 03:11:53,713] {scheduler_job.py:190} INFO - Processing /Users/akshaybhoge/PycharmProjects/venvEdgar/lib/python3.7/site-packages/airflow/example_dags/example_nested_branch_dag.py took 0.214 seconds
[2021-03-22 03:12:26,105] {scheduler_job.py:182} INFO - Started process (PID=28281) to work on /Users/akshaybhoge/PycharmProjects/venvEdgar/lib/python3.7/site-packages/airflow/example_dags/example_nested_branch_dag.py
[2021-03-22 03:12:26,112] {scheduler_job.py:629} INFO - Processing file /Users/akshaybhoge/PycharmProjects/venvEdgar/lib/python3.7/site-packages/airflow/example_dags/example_nested_branch_dag.py for tasks to queue
[2021-03-22 03:12:26,117] {logging_mixin.py:104} INFO - [2021-03-22 03:12:26,116] {dagbag.py:448} INFO - Filling up the DagBag from /Users/akshaybhoge/PycharmProjects/venvEdgar/lib/python3.7/site-packages/airflow/example_dags/example_nested_branch_dag.py
[2021-03-22 03:12:26,171] {scheduler_job.py:639} INFO - DAG(s) dict_keys(['example_nested_branch_dag']) retrieved from /Users/akshaybhoge/PycharmProjects/venvEdgar/lib/python3.7/site-packages/airflow/example_dags/example_nested_branch_dag.py
[2021-03-22 03:12:26,219] {logging_mixin.py:104} INFO - [2021-03-22 03:12:26,217] {dag.py:1818} INFO - Sync 1 DAGs
[2021-03-22 03:12:26,284] {logging_mixin.py:104} INFO - [2021-03-22 03:12:26,283] {dag.py:2273} INFO - Setting next_dagrun for example_nested_branch_dag to 2021-03-20 00:00:00+00:00
[2021-03-22 03:12:26,310] {scheduler_job.py:190} INFO - Processing /Users/akshaybhoge/PycharmProjects/venvEdgar/lib/python3.7/site-packages/airflow/example_dags/example_nested_branch_dag.py took 0.217 seconds
[2021-03-22 03:13:46,201] {scheduler_job.py:182} INFO - Started process (PID=28347) to work on /Users/akshaybhoge/PycharmProjects/venvEdgar/lib/python3.7/site-packages/airflow/example_dags/example_nested_branch_dag.py
[2021-03-22 03:13:46,203] {scheduler_job.py:629} INFO - Processing file /Users/akshaybhoge/PycharmProjects/venvEdgar/lib/python3.7/site-packages/airflow/example_dags/example_nested_branch_dag.py for tasks to queue
[2021-03-22 03:13:46,205] {logging_mixin.py:104} INFO - [2021-03-22 03:13:46,204] {dagbag.py:448} INFO - Filling up the DagBag from /Users/akshaybhoge/PycharmProjects/venvEdgar/lib/python3.7/site-packages/airflow/example_dags/example_nested_branch_dag.py
[2021-03-22 03:13:46,221] {scheduler_job.py:639} INFO - DAG(s) dict_keys(['example_nested_branch_dag']) retrieved from /Users/akshaybhoge/PycharmProjects/venvEdgar/lib/python3.7/site-packages/airflow/example_dags/example_nested_branch_dag.py
[2021-03-22 03:13:46,234] {logging_mixin.py:104} INFO - [2021-03-22 03:13:46,234] {dag.py:1818} INFO - Sync 1 DAGs
[2021-03-22 03:13:46,267] {logging_mixin.py:104} INFO - [2021-03-22 03:13:46,266] {dag.py:2273} INFO - Setting next_dagrun for example_nested_branch_dag to 2021-03-20 00:00:00+00:00
[2021-03-22 03:13:46,272] {scheduler_job.py:190} INFO - Processing /Users/akshaybhoge/PycharmProjects/venvEdgar/lib/python3.7/site-packages/airflow/example_dags/example_nested_branch_dag.py took 0.075 seconds
[2021-03-22 03:14:18,321] {scheduler_job.py:182} INFO - Started process (PID=28399) to work on /Users/akshaybhoge/PycharmProjects/venvEdgar/lib/python3.7/site-packages/airflow/example_dags/example_nested_branch_dag.py
[2021-03-22 03:14:18,322] {scheduler_job.py:629} INFO - Processing file /Users/akshaybhoge/PycharmProjects/venvEdgar/lib/python3.7/site-packages/airflow/example_dags/example_nested_branch_dag.py for tasks to queue
[2021-03-22 03:14:18,324] {logging_mixin.py:104} INFO - [2021-03-22 03:14:18,323] {dagbag.py:448} INFO - Filling up the DagBag from /Users/akshaybhoge/PycharmProjects/venvEdgar/lib/python3.7/site-packages/airflow/example_dags/example_nested_branch_dag.py
[2021-03-22 03:14:18,341] {scheduler_job.py:639} INFO - DAG(s) dict_keys(['example_nested_branch_dag']) retrieved from /Users/akshaybhoge/PycharmProjects/venvEdgar/lib/python3.7/site-packages/airflow/example_dags/example_nested_branch_dag.py
[2021-03-22 03:14:18,355] {logging_mixin.py:104} INFO - [2021-03-22 03:14:18,355] {dag.py:1818} INFO - Sync 1 DAGs
[2021-03-22 03:14:18,373] {logging_mixin.py:104} INFO - [2021-03-22 03:14:18,373] {dag.py:2273} INFO - Setting next_dagrun for example_nested_branch_dag to 2021-03-20 00:00:00+00:00
[2021-03-22 03:14:18,378] {scheduler_job.py:190} INFO - Processing /Users/akshaybhoge/PycharmProjects/venvEdgar/lib/python3.7/site-packages/airflow/example_dags/example_nested_branch_dag.py took 0.061 seconds
[2021-03-22 03:14:50,374] {scheduler_job.py:182} INFO - Started process (PID=28443) to work on /Users/akshaybhoge/PycharmProjects/venvEdgar/lib/python3.7/site-packages/airflow/example_dags/example_nested_branch_dag.py
[2021-03-22 03:14:50,376] {scheduler_job.py:629} INFO - Processing file /Users/akshaybhoge/PycharmProjects/venvEdgar/lib/python3.7/site-packages/airflow/example_dags/example_nested_branch_dag.py for tasks to queue
[2021-03-22 03:14:50,377] {logging_mixin.py:104} INFO - [2021-03-22 03:14:50,377] {dagbag.py:448} INFO - Filling up the DagBag from /Users/akshaybhoge/PycharmProjects/venvEdgar/lib/python3.7/site-packages/airflow/example_dags/example_nested_branch_dag.py
[2021-03-22 03:14:50,391] {scheduler_job.py:639} INFO - DAG(s) dict_keys(['example_nested_branch_dag']) retrieved from /Users/akshaybhoge/PycharmProjects/venvEdgar/lib/python3.7/site-packages/airflow/example_dags/example_nested_branch_dag.py
[2021-03-22 03:14:50,404] {logging_mixin.py:104} INFO - [2021-03-22 03:14:50,404] {dag.py:1818} INFO - Sync 1 DAGs
[2021-03-22 03:14:50,420] {logging_mixin.py:104} INFO - [2021-03-22 03:14:50,420] {dag.py:2273} INFO - Setting next_dagrun for example_nested_branch_dag to 2021-03-20 00:00:00+00:00
[2021-03-22 03:14:50,426] {scheduler_job.py:190} INFO - Processing /Users/akshaybhoge/PycharmProjects/venvEdgar/lib/python3.7/site-packages/airflow/example_dags/example_nested_branch_dag.py took 0.055 seconds
[2021-03-22 03:15:21,778] {scheduler_job.py:182} INFO - Started process (PID=28480) to work on /Users/akshaybhoge/PycharmProjects/venvEdgar/lib/python3.7/site-packages/airflow/example_dags/example_nested_branch_dag.py
[2021-03-22 03:15:21,779] {scheduler_job.py:629} INFO - Processing file /Users/akshaybhoge/PycharmProjects/venvEdgar/lib/python3.7/site-packages/airflow/example_dags/example_nested_branch_dag.py for tasks to queue
[2021-03-22 03:15:21,781] {logging_mixin.py:104} INFO - [2021-03-22 03:15:21,780] {dagbag.py:448} INFO - Filling up the DagBag from /Users/akshaybhoge/PycharmProjects/venvEdgar/lib/python3.7/site-packages/airflow/example_dags/example_nested_branch_dag.py
[2021-03-22 03:15:21,796] {scheduler_job.py:639} INFO - DAG(s) dict_keys(['example_nested_branch_dag']) retrieved from /Users/akshaybhoge/PycharmProjects/venvEdgar/lib/python3.7/site-packages/airflow/example_dags/example_nested_branch_dag.py
[2021-03-22 03:15:21,811] {logging_mixin.py:104} INFO - [2021-03-22 03:15:21,810] {dag.py:1818} INFO - Sync 1 DAGs
[2021-03-22 03:15:21,827] {logging_mixin.py:104} INFO - [2021-03-22 03:15:21,827] {dag.py:2273} INFO - Setting next_dagrun for example_nested_branch_dag to 2021-03-20 00:00:00+00:00
[2021-03-22 03:15:21,833] {scheduler_job.py:190} INFO - Processing /Users/akshaybhoge/PycharmProjects/venvEdgar/lib/python3.7/site-packages/airflow/example_dags/example_nested_branch_dag.py took 0.059 seconds
[2021-03-22 03:15:56,820] {scheduler_job.py:182} INFO - Started process (PID=28521) to work on /Users/akshaybhoge/PycharmProjects/venvEdgar/lib/python3.7/site-packages/airflow/example_dags/example_nested_branch_dag.py
[2021-03-22 03:15:56,822] {scheduler_job.py:629} INFO - Processing file /Users/akshaybhoge/PycharmProjects/venvEdgar/lib/python3.7/site-packages/airflow/example_dags/example_nested_branch_dag.py for tasks to queue
[2021-03-22 03:15:56,823] {logging_mixin.py:104} INFO - [2021-03-22 03:15:56,822] {dagbag.py:448} INFO - Filling up the DagBag from /Users/akshaybhoge/PycharmProjects/venvEdgar/lib/python3.7/site-packages/airflow/example_dags/example_nested_branch_dag.py
[2021-03-22 03:15:56,839] {scheduler_job.py:639} INFO - DAG(s) dict_keys(['example_nested_branch_dag']) retrieved from /Users/akshaybhoge/PycharmProjects/venvEdgar/lib/python3.7/site-packages/airflow/example_dags/example_nested_branch_dag.py
[2021-03-22 03:15:56,852] {logging_mixin.py:104} INFO - [2021-03-22 03:15:56,852] {dag.py:1818} INFO - Sync 1 DAGs
[2021-03-22 03:15:56,868] {logging_mixin.py:104} INFO - [2021-03-22 03:15:56,868] {dag.py:2273} INFO - Setting next_dagrun for example_nested_branch_dag to 2021-03-20 00:00:00+00:00
[2021-03-22 03:15:56,874] {scheduler_job.py:190} INFO - Processing /Users/akshaybhoge/PycharmProjects/venvEdgar/lib/python3.7/site-packages/airflow/example_dags/example_nested_branch_dag.py took 0.058 seconds
[2021-03-22 03:16:30,183] {scheduler_job.py:182} INFO - Started process (PID=28569) to work on /Users/akshaybhoge/PycharmProjects/venvEdgar/lib/python3.7/site-packages/airflow/example_dags/example_nested_branch_dag.py
[2021-03-22 03:16:30,185] {scheduler_job.py:629} INFO - Processing file /Users/akshaybhoge/PycharmProjects/venvEdgar/lib/python3.7/site-packages/airflow/example_dags/example_nested_branch_dag.py for tasks to queue
[2021-03-22 03:16:30,187] {logging_mixin.py:104} INFO - [2021-03-22 03:16:30,186] {dagbag.py:448} INFO - Filling up the DagBag from /Users/akshaybhoge/PycharmProjects/venvEdgar/lib/python3.7/site-packages/airflow/example_dags/example_nested_branch_dag.py
[2021-03-22 03:16:30,202] {scheduler_job.py:639} INFO - DAG(s) dict_keys(['example_nested_branch_dag']) retrieved from /Users/akshaybhoge/PycharmProjects/venvEdgar/lib/python3.7/site-packages/airflow/example_dags/example_nested_branch_dag.py
[2021-03-22 03:16:30,216] {logging_mixin.py:104} INFO - [2021-03-22 03:16:30,215] {dag.py:1818} INFO - Sync 1 DAGs
[2021-03-22 03:16:30,234] {logging_mixin.py:104} INFO - [2021-03-22 03:16:30,233] {dag.py:2273} INFO - Setting next_dagrun for example_nested_branch_dag to 2021-03-20 00:00:00+00:00
[2021-03-22 03:16:30,239] {scheduler_job.py:190} INFO - Processing /Users/akshaybhoge/PycharmProjects/venvEdgar/lib/python3.7/site-packages/airflow/example_dags/example_nested_branch_dag.py took 0.061 seconds
[2021-03-22 03:17:02,275] {scheduler_job.py:182} INFO - Started process (PID=28608) to work on /Users/akshaybhoge/PycharmProjects/venvEdgar/lib/python3.7/site-packages/airflow/example_dags/example_nested_branch_dag.py
[2021-03-22 03:17:02,276] {scheduler_job.py:629} INFO - Processing file /Users/akshaybhoge/PycharmProjects/venvEdgar/lib/python3.7/site-packages/airflow/example_dags/example_nested_branch_dag.py for tasks to queue
[2021-03-22 03:17:02,277] {logging_mixin.py:104} INFO - [2021-03-22 03:17:02,277] {dagbag.py:448} INFO - Filling up the DagBag from /Users/akshaybhoge/PycharmProjects/venvEdgar/lib/python3.7/site-packages/airflow/example_dags/example_nested_branch_dag.py
[2021-03-22 03:17:02,292] {scheduler_job.py:639} INFO - DAG(s) dict_keys(['example_nested_branch_dag']) retrieved from /Users/akshaybhoge/PycharmProjects/venvEdgar/lib/python3.7/site-packages/airflow/example_dags/example_nested_branch_dag.py
[2021-03-22 03:17:02,306] {logging_mixin.py:104} INFO - [2021-03-22 03:17:02,305] {dag.py:1818} INFO - Sync 1 DAGs
[2021-03-22 03:17:02,323] {logging_mixin.py:104} INFO - [2021-03-22 03:17:02,322] {dag.py:2273} INFO - Setting next_dagrun for example_nested_branch_dag to 2021-03-20 00:00:00+00:00
[2021-03-22 03:17:02,328] {scheduler_job.py:190} INFO - Processing /Users/akshaybhoge/PycharmProjects/venvEdgar/lib/python3.7/site-packages/airflow/example_dags/example_nested_branch_dag.py took 0.057 seconds
[2021-03-22 03:17:34,297] {scheduler_job.py:182} INFO - Started process (PID=28641) to work on /Users/akshaybhoge/PycharmProjects/venvEdgar/lib/python3.7/site-packages/airflow/example_dags/example_nested_branch_dag.py
[2021-03-22 03:17:34,299] {scheduler_job.py:629} INFO - Processing file /Users/akshaybhoge/PycharmProjects/venvEdgar/lib/python3.7/site-packages/airflow/example_dags/example_nested_branch_dag.py for tasks to queue
[2021-03-22 03:17:34,300] {logging_mixin.py:104} INFO - [2021-03-22 03:17:34,300] {dagbag.py:448} INFO - Filling up the DagBag from /Users/akshaybhoge/PycharmProjects/venvEdgar/lib/python3.7/site-packages/airflow/example_dags/example_nested_branch_dag.py
[2021-03-22 03:17:34,315] {scheduler_job.py:639} INFO - DAG(s) dict_keys(['example_nested_branch_dag']) retrieved from /Users/akshaybhoge/PycharmProjects/venvEdgar/lib/python3.7/site-packages/airflow/example_dags/example_nested_branch_dag.py
[2021-03-22 03:17:34,328] {logging_mixin.py:104} INFO - [2021-03-22 03:17:34,328] {dag.py:1818} INFO - Sync 1 DAGs
[2021-03-22 03:17:34,345] {logging_mixin.py:104} INFO - [2021-03-22 03:17:34,345] {dag.py:2273} INFO - Setting next_dagrun for example_nested_branch_dag to 2021-03-20 00:00:00+00:00
[2021-03-22 03:17:34,351] {scheduler_job.py:190} INFO - Processing /Users/akshaybhoge/PycharmProjects/venvEdgar/lib/python3.7/site-packages/airflow/example_dags/example_nested_branch_dag.py took 0.057 seconds
[2021-03-22 03:18:06,285] {scheduler_job.py:182} INFO - Started process (PID=28671) to work on /Users/akshaybhoge/PycharmProjects/venvEdgar/lib/python3.7/site-packages/airflow/example_dags/example_nested_branch_dag.py
[2021-03-22 03:18:06,286] {scheduler_job.py:629} INFO - Processing file /Users/akshaybhoge/PycharmProjects/venvEdgar/lib/python3.7/site-packages/airflow/example_dags/example_nested_branch_dag.py for tasks to queue
[2021-03-22 03:18:06,288] {logging_mixin.py:104} INFO - [2021-03-22 03:18:06,287] {dagbag.py:448} INFO - Filling up the DagBag from /Users/akshaybhoge/PycharmProjects/venvEdgar/lib/python3.7/site-packages/airflow/example_dags/example_nested_branch_dag.py
[2021-03-22 03:18:06,302] {scheduler_job.py:639} INFO - DAG(s) dict_keys(['example_nested_branch_dag']) retrieved from /Users/akshaybhoge/PycharmProjects/venvEdgar/lib/python3.7/site-packages/airflow/example_dags/example_nested_branch_dag.py
[2021-03-22 03:18:06,316] {logging_mixin.py:104} INFO - [2021-03-22 03:18:06,316] {dag.py:1818} INFO - Sync 1 DAGs
[2021-03-22 03:18:06,332] {logging_mixin.py:104} INFO - [2021-03-22 03:18:06,332] {dag.py:2273} INFO - Setting next_dagrun for example_nested_branch_dag to 2021-03-20 00:00:00+00:00
[2021-03-22 03:18:06,338] {scheduler_job.py:190} INFO - Processing /Users/akshaybhoge/PycharmProjects/venvEdgar/lib/python3.7/site-packages/airflow/example_dags/example_nested_branch_dag.py took 0.056 seconds
[2021-03-22 03:18:38,389] {scheduler_job.py:182} INFO - Started process (PID=28703) to work on /Users/akshaybhoge/PycharmProjects/venvEdgar/lib/python3.7/site-packages/airflow/example_dags/example_nested_branch_dag.py
[2021-03-22 03:18:38,391] {scheduler_job.py:629} INFO - Processing file /Users/akshaybhoge/PycharmProjects/venvEdgar/lib/python3.7/site-packages/airflow/example_dags/example_nested_branch_dag.py for tasks to queue
[2021-03-22 03:18:38,392] {logging_mixin.py:104} INFO - [2021-03-22 03:18:38,392] {dagbag.py:448} INFO - Filling up the DagBag from /Users/akshaybhoge/PycharmProjects/venvEdgar/lib/python3.7/site-packages/airflow/example_dags/example_nested_branch_dag.py
[2021-03-22 03:18:38,406] {scheduler_job.py:639} INFO - DAG(s) dict_keys(['example_nested_branch_dag']) retrieved from /Users/akshaybhoge/PycharmProjects/venvEdgar/lib/python3.7/site-packages/airflow/example_dags/example_nested_branch_dag.py
[2021-03-22 03:18:38,419] {logging_mixin.py:104} INFO - [2021-03-22 03:18:38,419] {dag.py:1818} INFO - Sync 1 DAGs
[2021-03-22 03:18:38,434] {logging_mixin.py:104} INFO - [2021-03-22 03:18:38,434] {dag.py:2273} INFO - Setting next_dagrun for example_nested_branch_dag to 2021-03-20 00:00:00+00:00
[2021-03-22 03:18:38,440] {scheduler_job.py:190} INFO - Processing /Users/akshaybhoge/PycharmProjects/venvEdgar/lib/python3.7/site-packages/airflow/example_dags/example_nested_branch_dag.py took 0.054 seconds
[2021-03-22 03:19:12,098] {scheduler_job.py:182} INFO - Started process (PID=28744) to work on /Users/akshaybhoge/PycharmProjects/venvEdgar/lib/python3.7/site-packages/airflow/example_dags/example_nested_branch_dag.py
[2021-03-22 03:19:12,100] {scheduler_job.py:629} INFO - Processing file /Users/akshaybhoge/PycharmProjects/venvEdgar/lib/python3.7/site-packages/airflow/example_dags/example_nested_branch_dag.py for tasks to queue
[2021-03-22 03:19:12,101] {logging_mixin.py:104} INFO - [2021-03-22 03:19:12,101] {dagbag.py:448} INFO - Filling up the DagBag from /Users/akshaybhoge/PycharmProjects/venvEdgar/lib/python3.7/site-packages/airflow/example_dags/example_nested_branch_dag.py
[2021-03-22 03:19:12,117] {scheduler_job.py:639} INFO - DAG(s) dict_keys(['example_nested_branch_dag']) retrieved from /Users/akshaybhoge/PycharmProjects/venvEdgar/lib/python3.7/site-packages/airflow/example_dags/example_nested_branch_dag.py
[2021-03-22 03:19:12,131] {logging_mixin.py:104} INFO - [2021-03-22 03:19:12,130] {dag.py:1818} INFO - Sync 1 DAGs
[2021-03-22 03:19:12,146] {logging_mixin.py:104} INFO - [2021-03-22 03:19:12,146] {dag.py:2273} INFO - Setting next_dagrun for example_nested_branch_dag to 2021-03-20 00:00:00+00:00
[2021-03-22 03:19:12,152] {scheduler_job.py:190} INFO - Processing /Users/akshaybhoge/PycharmProjects/venvEdgar/lib/python3.7/site-packages/airflow/example_dags/example_nested_branch_dag.py took 0.057 seconds
[2021-03-22 03:19:45,109] {scheduler_job.py:182} INFO - Started process (PID=28789) to work on /Users/akshaybhoge/PycharmProjects/venvEdgar/lib/python3.7/site-packages/airflow/example_dags/example_nested_branch_dag.py
[2021-03-22 03:19:45,113] {scheduler_job.py:629} INFO - Processing file /Users/akshaybhoge/PycharmProjects/venvEdgar/lib/python3.7/site-packages/airflow/example_dags/example_nested_branch_dag.py for tasks to queue
[2021-03-22 03:19:45,114] {logging_mixin.py:104} INFO - [2021-03-22 03:19:45,113] {dagbag.py:448} INFO - Filling up the DagBag from /Users/akshaybhoge/PycharmProjects/venvEdgar/lib/python3.7/site-packages/airflow/example_dags/example_nested_branch_dag.py
[2021-03-22 03:19:45,129] {scheduler_job.py:639} INFO - DAG(s) dict_keys(['example_nested_branch_dag']) retrieved from /Users/akshaybhoge/PycharmProjects/venvEdgar/lib/python3.7/site-packages/airflow/example_dags/example_nested_branch_dag.py
[2021-03-22 03:19:45,143] {logging_mixin.py:104} INFO - [2021-03-22 03:19:45,143] {dag.py:1818} INFO - Sync 1 DAGs
[2021-03-22 03:19:45,159] {logging_mixin.py:104} INFO - [2021-03-22 03:19:45,159] {dag.py:2273} INFO - Setting next_dagrun for example_nested_branch_dag to 2021-03-20 00:00:00+00:00
[2021-03-22 03:19:45,165] {scheduler_job.py:190} INFO - Processing /Users/akshaybhoge/PycharmProjects/venvEdgar/lib/python3.7/site-packages/airflow/example_dags/example_nested_branch_dag.py took 0.060 seconds
[2021-03-22 03:20:17,118] {scheduler_job.py:182} INFO - Started process (PID=28828) to work on /Users/akshaybhoge/PycharmProjects/venvEdgar/lib/python3.7/site-packages/airflow/example_dags/example_nested_branch_dag.py
[2021-03-22 03:20:17,119] {scheduler_job.py:629} INFO - Processing file /Users/akshaybhoge/PycharmProjects/venvEdgar/lib/python3.7/site-packages/airflow/example_dags/example_nested_branch_dag.py for tasks to queue
[2021-03-22 03:20:17,121] {logging_mixin.py:104} INFO - [2021-03-22 03:20:17,120] {dagbag.py:448} INFO - Filling up the DagBag from /Users/akshaybhoge/PycharmProjects/venvEdgar/lib/python3.7/site-packages/airflow/example_dags/example_nested_branch_dag.py
[2021-03-22 03:20:17,135] {scheduler_job.py:639} INFO - DAG(s) dict_keys(['example_nested_branch_dag']) retrieved from /Users/akshaybhoge/PycharmProjects/venvEdgar/lib/python3.7/site-packages/airflow/example_dags/example_nested_branch_dag.py
[2021-03-22 03:20:17,148] {logging_mixin.py:104} INFO - [2021-03-22 03:20:17,148] {dag.py:1818} INFO - Sync 1 DAGs
[2021-03-22 03:20:17,164] {logging_mixin.py:104} INFO - [2021-03-22 03:20:17,164] {dag.py:2273} INFO - Setting next_dagrun for example_nested_branch_dag to 2021-03-20 00:00:00+00:00
[2021-03-22 03:20:17,170] {scheduler_job.py:190} INFO - Processing /Users/akshaybhoge/PycharmProjects/venvEdgar/lib/python3.7/site-packages/airflow/example_dags/example_nested_branch_dag.py took 0.056 seconds
[2021-03-22 03:20:49,428] {scheduler_job.py:182} INFO - Started process (PID=28874) to work on /Users/akshaybhoge/PycharmProjects/venvEdgar/lib/python3.7/site-packages/airflow/example_dags/example_nested_branch_dag.py
[2021-03-22 03:20:49,431] {scheduler_job.py:629} INFO - Processing file /Users/akshaybhoge/PycharmProjects/venvEdgar/lib/python3.7/site-packages/airflow/example_dags/example_nested_branch_dag.py for tasks to queue
[2021-03-22 03:20:49,432] {logging_mixin.py:104} INFO - [2021-03-22 03:20:49,432] {dagbag.py:448} INFO - Filling up the DagBag from /Users/akshaybhoge/PycharmProjects/venvEdgar/lib/python3.7/site-packages/airflow/example_dags/example_nested_branch_dag.py
[2021-03-22 03:20:49,448] {scheduler_job.py:639} INFO - DAG(s) dict_keys(['example_nested_branch_dag']) retrieved from /Users/akshaybhoge/PycharmProjects/venvEdgar/lib/python3.7/site-packages/airflow/example_dags/example_nested_branch_dag.py
[2021-03-22 03:20:49,462] {logging_mixin.py:104} INFO - [2021-03-22 03:20:49,462] {dag.py:1818} INFO - Sync 1 DAGs
[2021-03-22 03:20:49,480] {logging_mixin.py:104} INFO - [2021-03-22 03:20:49,479] {dag.py:2273} INFO - Setting next_dagrun for example_nested_branch_dag to 2021-03-20 00:00:00+00:00
[2021-03-22 03:20:49,486] {scheduler_job.py:190} INFO - Processing /Users/akshaybhoge/PycharmProjects/venvEdgar/lib/python3.7/site-packages/airflow/example_dags/example_nested_branch_dag.py took 0.061 seconds
[2021-03-22 03:21:21,524] {scheduler_job.py:182} INFO - Started process (PID=28920) to work on /Users/akshaybhoge/PycharmProjects/venvEdgar/lib/python3.7/site-packages/airflow/example_dags/example_nested_branch_dag.py
[2021-03-22 03:21:21,526] {scheduler_job.py:629} INFO - Processing file /Users/akshaybhoge/PycharmProjects/venvEdgar/lib/python3.7/site-packages/airflow/example_dags/example_nested_branch_dag.py for tasks to queue
[2021-03-22 03:21:21,527] {logging_mixin.py:104} INFO - [2021-03-22 03:21:21,527] {dagbag.py:448} INFO - Filling up the DagBag from /Users/akshaybhoge/PycharmProjects/venvEdgar/lib/python3.7/site-packages/airflow/example_dags/example_nested_branch_dag.py
[2021-03-22 03:21:21,543] {scheduler_job.py:639} INFO - DAG(s) dict_keys(['example_nested_branch_dag']) retrieved from /Users/akshaybhoge/PycharmProjects/venvEdgar/lib/python3.7/site-packages/airflow/example_dags/example_nested_branch_dag.py
[2021-03-22 03:21:21,557] {logging_mixin.py:104} INFO - [2021-03-22 03:21:21,557] {dag.py:1818} INFO - Sync 1 DAGs
[2021-03-22 03:21:21,574] {logging_mixin.py:104} INFO - [2021-03-22 03:21:21,573] {dag.py:2273} INFO - Setting next_dagrun for example_nested_branch_dag to 2021-03-20 00:00:00+00:00
[2021-03-22 03:21:21,579] {scheduler_job.py:190} INFO - Processing /Users/akshaybhoge/PycharmProjects/venvEdgar/lib/python3.7/site-packages/airflow/example_dags/example_nested_branch_dag.py took 0.058 seconds
[2021-03-22 03:23:09,321] {scheduler_job.py:182} INFO - Started process (PID=29036) to work on /Users/akshaybhoge/PycharmProjects/venvEdgar/lib/python3.7/site-packages/airflow/example_dags/example_nested_branch_dag.py
[2021-03-22 03:23:09,323] {scheduler_job.py:629} INFO - Processing file /Users/akshaybhoge/PycharmProjects/venvEdgar/lib/python3.7/site-packages/airflow/example_dags/example_nested_branch_dag.py for tasks to queue
[2021-03-22 03:23:09,324] {logging_mixin.py:104} INFO - [2021-03-22 03:23:09,324] {dagbag.py:448} INFO - Filling up the DagBag from /Users/akshaybhoge/PycharmProjects/venvEdgar/lib/python3.7/site-packages/airflow/example_dags/example_nested_branch_dag.py
[2021-03-22 03:23:09,341] {scheduler_job.py:639} INFO - DAG(s) dict_keys(['example_nested_branch_dag']) retrieved from /Users/akshaybhoge/PycharmProjects/venvEdgar/lib/python3.7/site-packages/airflow/example_dags/example_nested_branch_dag.py
[2021-03-22 03:23:09,355] {logging_mixin.py:104} INFO - [2021-03-22 03:23:09,354] {dag.py:1818} INFO - Sync 1 DAGs
[2021-03-22 03:23:09,370] {logging_mixin.py:104} INFO - [2021-03-22 03:23:09,370] {dag.py:2273} INFO - Setting next_dagrun for example_nested_branch_dag to 2021-03-20 00:00:00+00:00
[2021-03-22 03:23:09,378] {scheduler_job.py:190} INFO - Processing /Users/akshaybhoge/PycharmProjects/venvEdgar/lib/python3.7/site-packages/airflow/example_dags/example_nested_branch_dag.py took 0.060 seconds
[2021-03-22 03:23:49,694] {scheduler_job.py:182} INFO - Started process (PID=29092) to work on /Users/akshaybhoge/PycharmProjects/venvEdgar/lib/python3.7/site-packages/airflow/example_dags/example_nested_branch_dag.py
[2021-03-22 03:23:49,696] {scheduler_job.py:629} INFO - Processing file /Users/akshaybhoge/PycharmProjects/venvEdgar/lib/python3.7/site-packages/airflow/example_dags/example_nested_branch_dag.py for tasks to queue
[2021-03-22 03:23:49,697] {logging_mixin.py:104} INFO - [2021-03-22 03:23:49,696] {dagbag.py:448} INFO - Filling up the DagBag from /Users/akshaybhoge/PycharmProjects/venvEdgar/lib/python3.7/site-packages/airflow/example_dags/example_nested_branch_dag.py
[2021-03-22 03:23:49,711] {scheduler_job.py:639} INFO - DAG(s) dict_keys(['example_nested_branch_dag']) retrieved from /Users/akshaybhoge/PycharmProjects/venvEdgar/lib/python3.7/site-packages/airflow/example_dags/example_nested_branch_dag.py
[2021-03-22 03:23:49,724] {logging_mixin.py:104} INFO - [2021-03-22 03:23:49,724] {dag.py:1818} INFO - Sync 1 DAGs
[2021-03-22 03:23:49,740] {logging_mixin.py:104} INFO - [2021-03-22 03:23:49,740] {dag.py:2273} INFO - Setting next_dagrun for example_nested_branch_dag to 2021-03-20 00:00:00+00:00
[2021-03-22 03:23:49,745] {scheduler_job.py:190} INFO - Processing /Users/akshaybhoge/PycharmProjects/venvEdgar/lib/python3.7/site-packages/airflow/example_dags/example_nested_branch_dag.py took 0.054 seconds
[2021-03-22 03:24:38,493] {scheduler_job.py:182} INFO - Started process (PID=29151) to work on /Users/akshaybhoge/PycharmProjects/venvEdgar/lib/python3.7/site-packages/airflow/example_dags/example_nested_branch_dag.py
[2021-03-22 03:24:38,495] {scheduler_job.py:629} INFO - Processing file /Users/akshaybhoge/PycharmProjects/venvEdgar/lib/python3.7/site-packages/airflow/example_dags/example_nested_branch_dag.py for tasks to queue
[2021-03-22 03:24:38,496] {logging_mixin.py:104} INFO - [2021-03-22 03:24:38,496] {dagbag.py:448} INFO - Filling up the DagBag from /Users/akshaybhoge/PycharmProjects/venvEdgar/lib/python3.7/site-packages/airflow/example_dags/example_nested_branch_dag.py
[2021-03-22 03:24:38,512] {scheduler_job.py:639} INFO - DAG(s) dict_keys(['example_nested_branch_dag']) retrieved from /Users/akshaybhoge/PycharmProjects/venvEdgar/lib/python3.7/site-packages/airflow/example_dags/example_nested_branch_dag.py
[2021-03-22 03:24:38,526] {logging_mixin.py:104} INFO - [2021-03-22 03:24:38,526] {dag.py:1818} INFO - Sync 1 DAGs
[2021-03-22 03:24:38,542] {logging_mixin.py:104} INFO - [2021-03-22 03:24:38,541] {dag.py:2273} INFO - Setting next_dagrun for example_nested_branch_dag to 2021-03-20 00:00:00+00:00
[2021-03-22 03:24:38,550] {scheduler_job.py:190} INFO - Processing /Users/akshaybhoge/PycharmProjects/venvEdgar/lib/python3.7/site-packages/airflow/example_dags/example_nested_branch_dag.py took 0.060 seconds
[2021-03-22 03:28:04,919] {scheduler_job.py:182} INFO - Started process (PID=29245) to work on /Users/akshaybhoge/PycharmProjects/venvEdgar/lib/python3.7/site-packages/airflow/example_dags/example_nested_branch_dag.py
[2021-03-22 03:28:04,921] {scheduler_job.py:629} INFO - Processing file /Users/akshaybhoge/PycharmProjects/venvEdgar/lib/python3.7/site-packages/airflow/example_dags/example_nested_branch_dag.py for tasks to queue
[2021-03-22 03:28:04,923] {logging_mixin.py:104} INFO - [2021-03-22 03:28:04,922] {dagbag.py:448} INFO - Filling up the DagBag from /Users/akshaybhoge/PycharmProjects/venvEdgar/lib/python3.7/site-packages/airflow/example_dags/example_nested_branch_dag.py
[2021-03-22 03:28:04,934] {scheduler_job.py:639} INFO - DAG(s) dict_keys(['example_nested_branch_dag']) retrieved from /Users/akshaybhoge/PycharmProjects/venvEdgar/lib/python3.7/site-packages/airflow/example_dags/example_nested_branch_dag.py
[2021-03-22 03:28:04,948] {logging_mixin.py:104} INFO - [2021-03-22 03:28:04,948] {dag.py:1818} INFO - Sync 1 DAGs
[2021-03-22 03:28:04,966] {logging_mixin.py:104} INFO - [2021-03-22 03:28:04,965] {dag.py:2273} INFO - Setting next_dagrun for example_nested_branch_dag to 2021-03-20 00:00:00+00:00
[2021-03-22 03:28:04,972] {scheduler_job.py:190} INFO - Processing /Users/akshaybhoge/PycharmProjects/venvEdgar/lib/python3.7/site-packages/airflow/example_dags/example_nested_branch_dag.py took 0.056 seconds
[2021-03-22 03:28:35,805] {scheduler_job.py:182} INFO - Started process (PID=29283) to work on /Users/akshaybhoge/PycharmProjects/venvEdgar/lib/python3.7/site-packages/airflow/example_dags/example_nested_branch_dag.py
[2021-03-22 03:28:35,807] {scheduler_job.py:629} INFO - Processing file /Users/akshaybhoge/PycharmProjects/venvEdgar/lib/python3.7/site-packages/airflow/example_dags/example_nested_branch_dag.py for tasks to queue
[2021-03-22 03:28:35,808] {logging_mixin.py:104} INFO - [2021-03-22 03:28:35,808] {dagbag.py:448} INFO - Filling up the DagBag from /Users/akshaybhoge/PycharmProjects/venvEdgar/lib/python3.7/site-packages/airflow/example_dags/example_nested_branch_dag.py
[2021-03-22 03:28:35,820] {scheduler_job.py:639} INFO - DAG(s) dict_keys(['example_nested_branch_dag']) retrieved from /Users/akshaybhoge/PycharmProjects/venvEdgar/lib/python3.7/site-packages/airflow/example_dags/example_nested_branch_dag.py
[2021-03-22 03:28:35,836] {logging_mixin.py:104} INFO - [2021-03-22 03:28:35,836] {dag.py:1818} INFO - Sync 1 DAGs
[2021-03-22 03:28:35,855] {logging_mixin.py:104} INFO - [2021-03-22 03:28:35,855] {dag.py:2273} INFO - Setting next_dagrun for example_nested_branch_dag to 2021-03-20 00:00:00+00:00
[2021-03-22 03:28:35,862] {scheduler_job.py:190} INFO - Processing /Users/akshaybhoge/PycharmProjects/venvEdgar/lib/python3.7/site-packages/airflow/example_dags/example_nested_branch_dag.py took 0.060 seconds
[2021-03-22 03:29:08,477] {scheduler_job.py:182} INFO - Started process (PID=29330) to work on /Users/akshaybhoge/PycharmProjects/venvEdgar/lib/python3.7/site-packages/airflow/example_dags/example_nested_branch_dag.py
[2021-03-22 03:29:08,479] {scheduler_job.py:629} INFO - Processing file /Users/akshaybhoge/PycharmProjects/venvEdgar/lib/python3.7/site-packages/airflow/example_dags/example_nested_branch_dag.py for tasks to queue
[2021-03-22 03:29:08,481] {logging_mixin.py:104} INFO - [2021-03-22 03:29:08,481] {dagbag.py:448} INFO - Filling up the DagBag from /Users/akshaybhoge/PycharmProjects/venvEdgar/lib/python3.7/site-packages/airflow/example_dags/example_nested_branch_dag.py
[2021-03-22 03:29:08,492] {scheduler_job.py:639} INFO - DAG(s) dict_keys(['example_nested_branch_dag']) retrieved from /Users/akshaybhoge/PycharmProjects/venvEdgar/lib/python3.7/site-packages/airflow/example_dags/example_nested_branch_dag.py
[2021-03-22 03:29:08,506] {logging_mixin.py:104} INFO - [2021-03-22 03:29:08,506] {dag.py:1818} INFO - Sync 1 DAGs
[2021-03-22 03:29:08,522] {logging_mixin.py:104} INFO - [2021-03-22 03:29:08,522] {dag.py:2273} INFO - Setting next_dagrun for example_nested_branch_dag to 2021-03-20 00:00:00+00:00
[2021-03-22 03:29:08,529] {scheduler_job.py:190} INFO - Processing /Users/akshaybhoge/PycharmProjects/venvEdgar/lib/python3.7/site-packages/airflow/example_dags/example_nested_branch_dag.py took 0.056 seconds
[2021-03-22 03:29:39,417] {scheduler_job.py:182} INFO - Started process (PID=29363) to work on /Users/akshaybhoge/PycharmProjects/venvEdgar/lib/python3.7/site-packages/airflow/example_dags/example_nested_branch_dag.py
[2021-03-22 03:29:39,420] {scheduler_job.py:629} INFO - Processing file /Users/akshaybhoge/PycharmProjects/venvEdgar/lib/python3.7/site-packages/airflow/example_dags/example_nested_branch_dag.py for tasks to queue
[2021-03-22 03:29:39,421] {logging_mixin.py:104} INFO - [2021-03-22 03:29:39,421] {dagbag.py:448} INFO - Filling up the DagBag from /Users/akshaybhoge/PycharmProjects/venvEdgar/lib/python3.7/site-packages/airflow/example_dags/example_nested_branch_dag.py
[2021-03-22 03:29:39,432] {scheduler_job.py:639} INFO - DAG(s) dict_keys(['example_nested_branch_dag']) retrieved from /Users/akshaybhoge/PycharmProjects/venvEdgar/lib/python3.7/site-packages/airflow/example_dags/example_nested_branch_dag.py
[2021-03-22 03:29:39,445] {logging_mixin.py:104} INFO - [2021-03-22 03:29:39,444] {dag.py:1818} INFO - Sync 1 DAGs
[2021-03-22 03:29:39,460] {logging_mixin.py:104} INFO - [2021-03-22 03:29:39,460] {dag.py:2273} INFO - Setting next_dagrun for example_nested_branch_dag to 2021-03-20 00:00:00+00:00
[2021-03-22 03:29:39,466] {scheduler_job.py:190} INFO - Processing /Users/akshaybhoge/PycharmProjects/venvEdgar/lib/python3.7/site-packages/airflow/example_dags/example_nested_branch_dag.py took 0.052 seconds
[2021-03-22 03:30:10,969] {scheduler_job.py:182} INFO - Started process (PID=29406) to work on /Users/akshaybhoge/PycharmProjects/venvEdgar/lib/python3.7/site-packages/airflow/example_dags/example_nested_branch_dag.py
[2021-03-22 03:30:10,971] {scheduler_job.py:629} INFO - Processing file /Users/akshaybhoge/PycharmProjects/venvEdgar/lib/python3.7/site-packages/airflow/example_dags/example_nested_branch_dag.py for tasks to queue
[2021-03-22 03:30:10,972] {logging_mixin.py:104} INFO - [2021-03-22 03:30:10,972] {dagbag.py:448} INFO - Filling up the DagBag from /Users/akshaybhoge/PycharmProjects/venvEdgar/lib/python3.7/site-packages/airflow/example_dags/example_nested_branch_dag.py
[2021-03-22 03:30:10,982] {scheduler_job.py:639} INFO - DAG(s) dict_keys(['example_nested_branch_dag']) retrieved from /Users/akshaybhoge/PycharmProjects/venvEdgar/lib/python3.7/site-packages/airflow/example_dags/example_nested_branch_dag.py
[2021-03-22 03:30:10,995] {logging_mixin.py:104} INFO - [2021-03-22 03:30:10,995] {dag.py:1818} INFO - Sync 1 DAGs
[2021-03-22 03:30:11,011] {logging_mixin.py:104} INFO - [2021-03-22 03:30:11,010] {dag.py:2273} INFO - Setting next_dagrun for example_nested_branch_dag to 2021-03-20 00:00:00+00:00
[2021-03-22 03:30:11,017] {scheduler_job.py:190} INFO - Processing /Users/akshaybhoge/PycharmProjects/venvEdgar/lib/python3.7/site-packages/airflow/example_dags/example_nested_branch_dag.py took 0.052 seconds
[2021-03-22 03:30:44,772] {scheduler_job.py:182} INFO - Started process (PID=29446) to work on /Users/akshaybhoge/PycharmProjects/venvEdgar/lib/python3.7/site-packages/airflow/example_dags/example_nested_branch_dag.py
[2021-03-22 03:30:44,774] {scheduler_job.py:629} INFO - Processing file /Users/akshaybhoge/PycharmProjects/venvEdgar/lib/python3.7/site-packages/airflow/example_dags/example_nested_branch_dag.py for tasks to queue
[2021-03-22 03:30:44,776] {logging_mixin.py:104} INFO - [2021-03-22 03:30:44,775] {dagbag.py:448} INFO - Filling up the DagBag from /Users/akshaybhoge/PycharmProjects/venvEdgar/lib/python3.7/site-packages/airflow/example_dags/example_nested_branch_dag.py
[2021-03-22 03:30:44,786] {scheduler_job.py:639} INFO - DAG(s) dict_keys(['example_nested_branch_dag']) retrieved from /Users/akshaybhoge/PycharmProjects/venvEdgar/lib/python3.7/site-packages/airflow/example_dags/example_nested_branch_dag.py
[2021-03-22 03:30:44,797] {logging_mixin.py:104} INFO - [2021-03-22 03:30:44,797] {dag.py:1818} INFO - Sync 1 DAGs
[2021-03-22 03:30:44,813] {logging_mixin.py:104} INFO - [2021-03-22 03:30:44,812] {dag.py:2273} INFO - Setting next_dagrun for example_nested_branch_dag to 2021-03-20 00:00:00+00:00
[2021-03-22 03:30:44,819] {scheduler_job.py:190} INFO - Processing /Users/akshaybhoge/PycharmProjects/venvEdgar/lib/python3.7/site-packages/airflow/example_dags/example_nested_branch_dag.py took 0.050 seconds
[2021-03-22 03:31:16,889] {scheduler_job.py:182} INFO - Started process (PID=29479) to work on /Users/akshaybhoge/PycharmProjects/venvEdgar/lib/python3.7/site-packages/airflow/example_dags/example_nested_branch_dag.py
[2021-03-22 03:31:16,890] {scheduler_job.py:629} INFO - Processing file /Users/akshaybhoge/PycharmProjects/venvEdgar/lib/python3.7/site-packages/airflow/example_dags/example_nested_branch_dag.py for tasks to queue
[2021-03-22 03:31:16,891] {logging_mixin.py:104} INFO - [2021-03-22 03:31:16,891] {dagbag.py:448} INFO - Filling up the DagBag from /Users/akshaybhoge/PycharmProjects/venvEdgar/lib/python3.7/site-packages/airflow/example_dags/example_nested_branch_dag.py
[2021-03-22 03:31:16,903] {scheduler_job.py:639} INFO - DAG(s) dict_keys(['example_nested_branch_dag']) retrieved from /Users/akshaybhoge/PycharmProjects/venvEdgar/lib/python3.7/site-packages/airflow/example_dags/example_nested_branch_dag.py
[2021-03-22 03:31:16,917] {logging_mixin.py:104} INFO - [2021-03-22 03:31:16,917] {dag.py:1818} INFO - Sync 1 DAGs
[2021-03-22 03:31:16,933] {logging_mixin.py:104} INFO - [2021-03-22 03:31:16,933] {dag.py:2273} INFO - Setting next_dagrun for example_nested_branch_dag to 2021-03-20 00:00:00+00:00
[2021-03-22 03:31:16,939] {scheduler_job.py:190} INFO - Processing /Users/akshaybhoge/PycharmProjects/venvEdgar/lib/python3.7/site-packages/airflow/example_dags/example_nested_branch_dag.py took 0.054 seconds
[2021-03-22 03:31:48,888] {scheduler_job.py:182} INFO - Started process (PID=29510) to work on /Users/akshaybhoge/PycharmProjects/venvEdgar/lib/python3.7/site-packages/airflow/example_dags/example_nested_branch_dag.py
[2021-03-22 03:31:48,890] {scheduler_job.py:629} INFO - Processing file /Users/akshaybhoge/PycharmProjects/venvEdgar/lib/python3.7/site-packages/airflow/example_dags/example_nested_branch_dag.py for tasks to queue
[2021-03-22 03:31:48,891] {logging_mixin.py:104} INFO - [2021-03-22 03:31:48,891] {dagbag.py:448} INFO - Filling up the DagBag from /Users/akshaybhoge/PycharmProjects/venvEdgar/lib/python3.7/site-packages/airflow/example_dags/example_nested_branch_dag.py
[2021-03-22 03:31:48,904] {scheduler_job.py:639} INFO - DAG(s) dict_keys(['example_nested_branch_dag']) retrieved from /Users/akshaybhoge/PycharmProjects/venvEdgar/lib/python3.7/site-packages/airflow/example_dags/example_nested_branch_dag.py
[2021-03-22 03:31:48,921] {logging_mixin.py:104} INFO - [2021-03-22 03:31:48,920] {dag.py:1818} INFO - Sync 1 DAGs
[2021-03-22 03:31:48,939] {logging_mixin.py:104} INFO - [2021-03-22 03:31:48,939] {dag.py:2273} INFO - Setting next_dagrun for example_nested_branch_dag to 2021-03-20 00:00:00+00:00
[2021-03-22 03:31:48,945] {scheduler_job.py:190} INFO - Processing /Users/akshaybhoge/PycharmProjects/venvEdgar/lib/python3.7/site-packages/airflow/example_dags/example_nested_branch_dag.py took 0.061 seconds
[2021-03-22 03:32:21,112] {scheduler_job.py:182} INFO - Started process (PID=29544) to work on /Users/akshaybhoge/PycharmProjects/venvEdgar/lib/python3.7/site-packages/airflow/example_dags/example_nested_branch_dag.py
[2021-03-22 03:32:21,116] {scheduler_job.py:629} INFO - Processing file /Users/akshaybhoge/PycharmProjects/venvEdgar/lib/python3.7/site-packages/airflow/example_dags/example_nested_branch_dag.py for tasks to queue
[2021-03-22 03:32:21,117] {logging_mixin.py:104} INFO - [2021-03-22 03:32:21,117] {dagbag.py:448} INFO - Filling up the DagBag from /Users/akshaybhoge/PycharmProjects/venvEdgar/lib/python3.7/site-packages/airflow/example_dags/example_nested_branch_dag.py
[2021-03-22 03:32:21,127] {scheduler_job.py:639} INFO - DAG(s) dict_keys(['example_nested_branch_dag']) retrieved from /Users/akshaybhoge/PycharmProjects/venvEdgar/lib/python3.7/site-packages/airflow/example_dags/example_nested_branch_dag.py
[2021-03-22 03:32:21,141] {logging_mixin.py:104} INFO - [2021-03-22 03:32:21,141] {dag.py:1818} INFO - Sync 1 DAGs
[2021-03-22 03:32:21,160] {logging_mixin.py:104} INFO - [2021-03-22 03:32:21,160] {dag.py:2273} INFO - Setting next_dagrun for example_nested_branch_dag to 2021-03-20 00:00:00+00:00
[2021-03-22 03:32:21,166] {scheduler_job.py:190} INFO - Processing /Users/akshaybhoge/PycharmProjects/venvEdgar/lib/python3.7/site-packages/airflow/example_dags/example_nested_branch_dag.py took 0.058 seconds
[2021-03-22 03:32:53,179] {scheduler_job.py:182} INFO - Started process (PID=29579) to work on /Users/akshaybhoge/PycharmProjects/venvEdgar/lib/python3.7/site-packages/airflow/example_dags/example_nested_branch_dag.py
[2021-03-22 03:32:53,181] {scheduler_job.py:629} INFO - Processing file /Users/akshaybhoge/PycharmProjects/venvEdgar/lib/python3.7/site-packages/airflow/example_dags/example_nested_branch_dag.py for tasks to queue
[2021-03-22 03:32:53,182] {logging_mixin.py:104} INFO - [2021-03-22 03:32:53,181] {dagbag.py:448} INFO - Filling up the DagBag from /Users/akshaybhoge/PycharmProjects/venvEdgar/lib/python3.7/site-packages/airflow/example_dags/example_nested_branch_dag.py
[2021-03-22 03:32:53,191] {scheduler_job.py:639} INFO - DAG(s) dict_keys(['example_nested_branch_dag']) retrieved from /Users/akshaybhoge/PycharmProjects/venvEdgar/lib/python3.7/site-packages/airflow/example_dags/example_nested_branch_dag.py
[2021-03-22 03:32:53,204] {logging_mixin.py:104} INFO - [2021-03-22 03:32:53,203] {dag.py:1818} INFO - Sync 1 DAGs
[2021-03-22 03:32:53,219] {logging_mixin.py:104} INFO - [2021-03-22 03:32:53,218] {dag.py:2273} INFO - Setting next_dagrun for example_nested_branch_dag to 2021-03-20 00:00:00+00:00
[2021-03-22 03:32:53,225] {scheduler_job.py:190} INFO - Processing /Users/akshaybhoge/PycharmProjects/venvEdgar/lib/python3.7/site-packages/airflow/example_dags/example_nested_branch_dag.py took 0.048 seconds
[2021-03-22 03:39:47,477] {scheduler_job.py:182} INFO - Started process (PID=29874) to work on /Users/akshaybhoge/PycharmProjects/venvEdgar/lib/python3.7/site-packages/airflow/example_dags/example_nested_branch_dag.py
[2021-03-22 03:39:47,480] {scheduler_job.py:629} INFO - Processing file /Users/akshaybhoge/PycharmProjects/venvEdgar/lib/python3.7/site-packages/airflow/example_dags/example_nested_branch_dag.py for tasks to queue
[2021-03-22 03:39:47,481] {logging_mixin.py:104} INFO - [2021-03-22 03:39:47,481] {dagbag.py:448} INFO - Filling up the DagBag from /Users/akshaybhoge/PycharmProjects/venvEdgar/lib/python3.7/site-packages/airflow/example_dags/example_nested_branch_dag.py
[2021-03-22 03:39:47,491] {scheduler_job.py:639} INFO - DAG(s) dict_keys(['example_nested_branch_dag']) retrieved from /Users/akshaybhoge/PycharmProjects/venvEdgar/lib/python3.7/site-packages/airflow/example_dags/example_nested_branch_dag.py
[2021-03-22 03:39:47,506] {logging_mixin.py:104} INFO - [2021-03-22 03:39:47,506] {dag.py:1818} INFO - Sync 1 DAGs
[2021-03-22 03:39:47,522] {logging_mixin.py:104} INFO - [2021-03-22 03:39:47,522] {dag.py:2273} INFO - Setting next_dagrun for example_nested_branch_dag to 2021-03-20 00:00:00+00:00
[2021-03-22 03:39:47,529] {scheduler_job.py:190} INFO - Processing /Users/akshaybhoge/PycharmProjects/venvEdgar/lib/python3.7/site-packages/airflow/example_dags/example_nested_branch_dag.py took 0.055 seconds
[2021-03-22 03:40:19,513] {scheduler_job.py:182} INFO - Started process (PID=29908) to work on /Users/akshaybhoge/PycharmProjects/venvEdgar/lib/python3.7/site-packages/airflow/example_dags/example_nested_branch_dag.py
[2021-03-22 03:40:19,514] {scheduler_job.py:629} INFO - Processing file /Users/akshaybhoge/PycharmProjects/venvEdgar/lib/python3.7/site-packages/airflow/example_dags/example_nested_branch_dag.py for tasks to queue
[2021-03-22 03:40:19,516] {logging_mixin.py:104} INFO - [2021-03-22 03:40:19,515] {dagbag.py:448} INFO - Filling up the DagBag from /Users/akshaybhoge/PycharmProjects/venvEdgar/lib/python3.7/site-packages/airflow/example_dags/example_nested_branch_dag.py
[2021-03-22 03:40:19,526] {scheduler_job.py:639} INFO - DAG(s) dict_keys(['example_nested_branch_dag']) retrieved from /Users/akshaybhoge/PycharmProjects/venvEdgar/lib/python3.7/site-packages/airflow/example_dags/example_nested_branch_dag.py
[2021-03-22 03:40:19,540] {logging_mixin.py:104} INFO - [2021-03-22 03:40:19,539] {dag.py:1818} INFO - Sync 1 DAGs
[2021-03-22 03:40:19,557] {logging_mixin.py:104} INFO - [2021-03-22 03:40:19,557] {dag.py:2273} INFO - Setting next_dagrun for example_nested_branch_dag to 2021-03-20 00:00:00+00:00
[2021-03-22 03:40:19,563] {scheduler_job.py:190} INFO - Processing /Users/akshaybhoge/PycharmProjects/venvEdgar/lib/python3.7/site-packages/airflow/example_dags/example_nested_branch_dag.py took 0.053 seconds
[2021-03-22 03:40:51,067] {scheduler_job.py:182} INFO - Started process (PID=29942) to work on /Users/akshaybhoge/PycharmProjects/venvEdgar/lib/python3.7/site-packages/airflow/example_dags/example_nested_branch_dag.py
[2021-03-22 03:40:51,068] {scheduler_job.py:629} INFO - Processing file /Users/akshaybhoge/PycharmProjects/venvEdgar/lib/python3.7/site-packages/airflow/example_dags/example_nested_branch_dag.py for tasks to queue
[2021-03-22 03:40:51,069] {logging_mixin.py:104} INFO - [2021-03-22 03:40:51,069] {dagbag.py:448} INFO - Filling up the DagBag from /Users/akshaybhoge/PycharmProjects/venvEdgar/lib/python3.7/site-packages/airflow/example_dags/example_nested_branch_dag.py
[2021-03-22 03:40:51,080] {scheduler_job.py:639} INFO - DAG(s) dict_keys(['example_nested_branch_dag']) retrieved from /Users/akshaybhoge/PycharmProjects/venvEdgar/lib/python3.7/site-packages/airflow/example_dags/example_nested_branch_dag.py
[2021-03-22 03:40:51,093] {logging_mixin.py:104} INFO - [2021-03-22 03:40:51,093] {dag.py:1818} INFO - Sync 1 DAGs
[2021-03-22 03:40:51,109] {logging_mixin.py:104} INFO - [2021-03-22 03:40:51,109] {dag.py:2273} INFO - Setting next_dagrun for example_nested_branch_dag to 2021-03-20 00:00:00+00:00
[2021-03-22 03:40:51,114] {scheduler_job.py:190} INFO - Processing /Users/akshaybhoge/PycharmProjects/venvEdgar/lib/python3.7/site-packages/airflow/example_dags/example_nested_branch_dag.py took 0.051 seconds
[2021-03-22 03:41:23,630] {scheduler_job.py:182} INFO - Started process (PID=29983) to work on /Users/akshaybhoge/PycharmProjects/venvEdgar/lib/python3.7/site-packages/airflow/example_dags/example_nested_branch_dag.py
[2021-03-22 03:41:23,633] {scheduler_job.py:629} INFO - Processing file /Users/akshaybhoge/PycharmProjects/venvEdgar/lib/python3.7/site-packages/airflow/example_dags/example_nested_branch_dag.py for tasks to queue
[2021-03-22 03:41:23,634] {logging_mixin.py:104} INFO - [2021-03-22 03:41:23,634] {dagbag.py:448} INFO - Filling up the DagBag from /Users/akshaybhoge/PycharmProjects/venvEdgar/lib/python3.7/site-packages/airflow/example_dags/example_nested_branch_dag.py
[2021-03-22 03:41:23,645] {scheduler_job.py:639} INFO - DAG(s) dict_keys(['example_nested_branch_dag']) retrieved from /Users/akshaybhoge/PycharmProjects/venvEdgar/lib/python3.7/site-packages/airflow/example_dags/example_nested_branch_dag.py
[2021-03-22 03:41:23,658] {logging_mixin.py:104} INFO - [2021-03-22 03:41:23,658] {dag.py:1818} INFO - Sync 1 DAGs
[2021-03-22 03:41:23,673] {logging_mixin.py:104} INFO - [2021-03-22 03:41:23,673] {dag.py:2273} INFO - Setting next_dagrun for example_nested_branch_dag to 2021-03-20 00:00:00+00:00
[2021-03-22 03:41:23,678] {scheduler_job.py:190} INFO - Processing /Users/akshaybhoge/PycharmProjects/venvEdgar/lib/python3.7/site-packages/airflow/example_dags/example_nested_branch_dag.py took 0.051 seconds
[2021-03-22 03:41:56,133] {scheduler_job.py:182} INFO - Started process (PID=30026) to work on /Users/akshaybhoge/PycharmProjects/venvEdgar/lib/python3.7/site-packages/airflow/example_dags/example_nested_branch_dag.py
[2021-03-22 03:41:56,134] {scheduler_job.py:629} INFO - Processing file /Users/akshaybhoge/PycharmProjects/venvEdgar/lib/python3.7/site-packages/airflow/example_dags/example_nested_branch_dag.py for tasks to queue
[2021-03-22 03:41:56,136] {logging_mixin.py:104} INFO - [2021-03-22 03:41:56,135] {dagbag.py:448} INFO - Filling up the DagBag from /Users/akshaybhoge/PycharmProjects/venvEdgar/lib/python3.7/site-packages/airflow/example_dags/example_nested_branch_dag.py
[2021-03-22 03:41:56,147] {scheduler_job.py:639} INFO - DAG(s) dict_keys(['example_nested_branch_dag']) retrieved from /Users/akshaybhoge/PycharmProjects/venvEdgar/lib/python3.7/site-packages/airflow/example_dags/example_nested_branch_dag.py
[2021-03-22 03:41:56,159] {logging_mixin.py:104} INFO - [2021-03-22 03:41:56,159] {dag.py:1818} INFO - Sync 1 DAGs
[2021-03-22 03:41:56,177] {logging_mixin.py:104} INFO - [2021-03-22 03:41:56,177] {dag.py:2273} INFO - Setting next_dagrun for example_nested_branch_dag to 2021-03-20 00:00:00+00:00
[2021-03-22 03:41:56,183] {scheduler_job.py:190} INFO - Processing /Users/akshaybhoge/PycharmProjects/venvEdgar/lib/python3.7/site-packages/airflow/example_dags/example_nested_branch_dag.py took 0.054 seconds
[2021-03-22 03:42:30,214] {scheduler_job.py:182} INFO - Started process (PID=30067) to work on /Users/akshaybhoge/PycharmProjects/venvEdgar/lib/python3.7/site-packages/airflow/example_dags/example_nested_branch_dag.py
[2021-03-22 03:42:30,215] {scheduler_job.py:629} INFO - Processing file /Users/akshaybhoge/PycharmProjects/venvEdgar/lib/python3.7/site-packages/airflow/example_dags/example_nested_branch_dag.py for tasks to queue
[2021-03-22 03:42:30,217] {logging_mixin.py:104} INFO - [2021-03-22 03:42:30,216] {dagbag.py:448} INFO - Filling up the DagBag from /Users/akshaybhoge/PycharmProjects/venvEdgar/lib/python3.7/site-packages/airflow/example_dags/example_nested_branch_dag.py
[2021-03-22 03:42:30,227] {scheduler_job.py:639} INFO - DAG(s) dict_keys(['example_nested_branch_dag']) retrieved from /Users/akshaybhoge/PycharmProjects/venvEdgar/lib/python3.7/site-packages/airflow/example_dags/example_nested_branch_dag.py
[2021-03-22 03:42:30,240] {logging_mixin.py:104} INFO - [2021-03-22 03:42:30,240] {dag.py:1818} INFO - Sync 1 DAGs
[2021-03-22 03:42:30,257] {logging_mixin.py:104} INFO - [2021-03-22 03:42:30,257] {dag.py:2273} INFO - Setting next_dagrun for example_nested_branch_dag to 2021-03-20 00:00:00+00:00
[2021-03-22 03:42:30,262] {scheduler_job.py:190} INFO - Processing /Users/akshaybhoge/PycharmProjects/venvEdgar/lib/python3.7/site-packages/airflow/example_dags/example_nested_branch_dag.py took 0.052 seconds
[2021-03-22 03:43:03,218] {scheduler_job.py:182} INFO - Started process (PID=30108) to work on /Users/akshaybhoge/PycharmProjects/venvEdgar/lib/python3.7/site-packages/airflow/example_dags/example_nested_branch_dag.py
[2021-03-22 03:43:03,219] {scheduler_job.py:629} INFO - Processing file /Users/akshaybhoge/PycharmProjects/venvEdgar/lib/python3.7/site-packages/airflow/example_dags/example_nested_branch_dag.py for tasks to queue
[2021-03-22 03:43:03,221] {logging_mixin.py:104} INFO - [2021-03-22 03:43:03,220] {dagbag.py:448} INFO - Filling up the DagBag from /Users/akshaybhoge/PycharmProjects/venvEdgar/lib/python3.7/site-packages/airflow/example_dags/example_nested_branch_dag.py
[2021-03-22 03:43:03,232] {scheduler_job.py:639} INFO - DAG(s) dict_keys(['example_nested_branch_dag']) retrieved from /Users/akshaybhoge/PycharmProjects/venvEdgar/lib/python3.7/site-packages/airflow/example_dags/example_nested_branch_dag.py
[2021-03-22 03:43:03,246] {logging_mixin.py:104} INFO - [2021-03-22 03:43:03,245] {dag.py:1818} INFO - Sync 1 DAGs
[2021-03-22 03:43:03,261] {logging_mixin.py:104} INFO - [2021-03-22 03:43:03,260] {dag.py:2273} INFO - Setting next_dagrun for example_nested_branch_dag to 2021-03-20 00:00:00+00:00
[2021-03-22 03:43:03,267] {scheduler_job.py:190} INFO - Processing /Users/akshaybhoge/PycharmProjects/venvEdgar/lib/python3.7/site-packages/airflow/example_dags/example_nested_branch_dag.py took 0.052 seconds
[2021-03-22 03:44:21,173] {scheduler_job.py:182} INFO - Started process (PID=30188) to work on /Users/akshaybhoge/PycharmProjects/venvEdgar/lib/python3.7/site-packages/airflow/example_dags/example_nested_branch_dag.py
[2021-03-22 03:44:21,175] {scheduler_job.py:629} INFO - Processing file /Users/akshaybhoge/PycharmProjects/venvEdgar/lib/python3.7/site-packages/airflow/example_dags/example_nested_branch_dag.py for tasks to queue
[2021-03-22 03:44:21,176] {logging_mixin.py:104} INFO - [2021-03-22 03:44:21,176] {dagbag.py:448} INFO - Filling up the DagBag from /Users/akshaybhoge/PycharmProjects/venvEdgar/lib/python3.7/site-packages/airflow/example_dags/example_nested_branch_dag.py
[2021-03-22 03:44:21,187] {scheduler_job.py:639} INFO - DAG(s) dict_keys(['example_nested_branch_dag']) retrieved from /Users/akshaybhoge/PycharmProjects/venvEdgar/lib/python3.7/site-packages/airflow/example_dags/example_nested_branch_dag.py
[2021-03-22 03:44:21,201] {logging_mixin.py:104} INFO - [2021-03-22 03:44:21,201] {dag.py:1818} INFO - Sync 1 DAGs
[2021-03-22 03:44:21,218] {logging_mixin.py:104} INFO - [2021-03-22 03:44:21,217] {dag.py:2273} INFO - Setting next_dagrun for example_nested_branch_dag to 2021-03-20 00:00:00+00:00
[2021-03-22 03:44:21,223] {scheduler_job.py:190} INFO - Processing /Users/akshaybhoge/PycharmProjects/venvEdgar/lib/python3.7/site-packages/airflow/example_dags/example_nested_branch_dag.py took 0.053 seconds
[2021-03-22 03:45:21,400] {scheduler_job.py:182} INFO - Started process (PID=30226) to work on /Users/akshaybhoge/PycharmProjects/venvEdgar/lib/python3.7/site-packages/airflow/example_dags/example_nested_branch_dag.py
[2021-03-22 03:45:21,402] {scheduler_job.py:629} INFO - Processing file /Users/akshaybhoge/PycharmProjects/venvEdgar/lib/python3.7/site-packages/airflow/example_dags/example_nested_branch_dag.py for tasks to queue
[2021-03-22 03:45:21,403] {logging_mixin.py:104} INFO - [2021-03-22 03:45:21,403] {dagbag.py:448} INFO - Filling up the DagBag from /Users/akshaybhoge/PycharmProjects/venvEdgar/lib/python3.7/site-packages/airflow/example_dags/example_nested_branch_dag.py
[2021-03-22 03:45:21,414] {scheduler_job.py:639} INFO - DAG(s) dict_keys(['example_nested_branch_dag']) retrieved from /Users/akshaybhoge/PycharmProjects/venvEdgar/lib/python3.7/site-packages/airflow/example_dags/example_nested_branch_dag.py
[2021-03-22 03:45:21,428] {logging_mixin.py:104} INFO - [2021-03-22 03:45:21,427] {dag.py:1818} INFO - Sync 1 DAGs
[2021-03-22 03:45:21,444] {logging_mixin.py:104} INFO - [2021-03-22 03:45:21,444] {dag.py:2273} INFO - Setting next_dagrun for example_nested_branch_dag to 2021-03-20 00:00:00+00:00
[2021-03-22 03:45:21,450] {scheduler_job.py:190} INFO - Processing /Users/akshaybhoge/PycharmProjects/venvEdgar/lib/python3.7/site-packages/airflow/example_dags/example_nested_branch_dag.py took 0.053 seconds
