[2021-03-22 02:54:51,181] {scheduler_job.py:182} INFO - Started process (PID=26816) to work on /Users/akshaybhoge/PycharmProjects/venvEdgar/lib/python3.7/site-packages/airflow/example_dags/example_trigger_controller_dag.py
[2021-03-22 02:54:51,183] {scheduler_job.py:629} INFO - Processing file /Users/akshaybhoge/PycharmProjects/venvEdgar/lib/python3.7/site-packages/airflow/example_dags/example_trigger_controller_dag.py for tasks to queue
[2021-03-22 02:54:51,185] {logging_mixin.py:104} INFO - [2021-03-22 02:54:51,184] {dagbag.py:448} INFO - Filling up the DagBag from /Users/akshaybhoge/PycharmProjects/venvEdgar/lib/python3.7/site-packages/airflow/example_dags/example_trigger_controller_dag.py
[2021-03-22 02:54:51,204] {scheduler_job.py:639} INFO - DAG(s) dict_keys(['example_trigger_controller_dag']) retrieved from /Users/akshaybhoge/PycharmProjects/venvEdgar/lib/python3.7/site-packages/airflow/example_dags/example_trigger_controller_dag.py
[2021-03-22 02:54:51,219] {logging_mixin.py:104} INFO - [2021-03-22 02:54:51,219] {dag.py:1818} INFO - Sync 1 DAGs
[2021-03-22 02:54:51,233] {logging_mixin.py:104} INFO - [2021-03-22 02:54:51,232] {dag.py:2273} INFO - Setting next_dagrun for example_trigger_controller_dag to 2021-03-20 00:00:00+00:00
[2021-03-22 02:54:51,241] {scheduler_job.py:190} INFO - Processing /Users/akshaybhoge/PycharmProjects/venvEdgar/lib/python3.7/site-packages/airflow/example_dags/example_trigger_controller_dag.py took 0.063 seconds
[2021-03-22 02:55:22,225] {scheduler_job.py:182} INFO - Started process (PID=26867) to work on /Users/akshaybhoge/PycharmProjects/venvEdgar/lib/python3.7/site-packages/airflow/example_dags/example_trigger_controller_dag.py
[2021-03-22 02:55:22,232] {scheduler_job.py:629} INFO - Processing file /Users/akshaybhoge/PycharmProjects/venvEdgar/lib/python3.7/site-packages/airflow/example_dags/example_trigger_controller_dag.py for tasks to queue
[2021-03-22 02:55:22,233] {logging_mixin.py:104} INFO - [2021-03-22 02:55:22,233] {dagbag.py:448} INFO - Filling up the DagBag from /Users/akshaybhoge/PycharmProjects/venvEdgar/lib/python3.7/site-packages/airflow/example_dags/example_trigger_controller_dag.py
[2021-03-22 02:55:22,245] {scheduler_job.py:639} INFO - DAG(s) dict_keys(['example_trigger_controller_dag']) retrieved from /Users/akshaybhoge/PycharmProjects/venvEdgar/lib/python3.7/site-packages/airflow/example_dags/example_trigger_controller_dag.py
[2021-03-22 02:55:22,258] {logging_mixin.py:104} INFO - [2021-03-22 02:55:22,257] {dag.py:1818} INFO - Sync 1 DAGs
[2021-03-22 02:55:22,268] {logging_mixin.py:104} INFO - [2021-03-22 02:55:22,268] {dag.py:2273} INFO - Setting next_dagrun for example_trigger_controller_dag to 2021-03-20 00:00:00+00:00
[2021-03-22 02:55:22,276] {scheduler_job.py:190} INFO - Processing /Users/akshaybhoge/PycharmProjects/venvEdgar/lib/python3.7/site-packages/airflow/example_dags/example_trigger_controller_dag.py took 0.054 seconds
[2021-03-22 02:55:58,238] {scheduler_job.py:182} INFO - Started process (PID=26993) to work on /Users/akshaybhoge/PycharmProjects/venvEdgar/lib/python3.7/site-packages/airflow/example_dags/example_trigger_controller_dag.py
[2021-03-22 02:55:58,240] {scheduler_job.py:629} INFO - Processing file /Users/akshaybhoge/PycharmProjects/venvEdgar/lib/python3.7/site-packages/airflow/example_dags/example_trigger_controller_dag.py for tasks to queue
[2021-03-22 02:55:58,241] {logging_mixin.py:104} INFO - [2021-03-22 02:55:58,241] {dagbag.py:448} INFO - Filling up the DagBag from /Users/akshaybhoge/PycharmProjects/venvEdgar/lib/python3.7/site-packages/airflow/example_dags/example_trigger_controller_dag.py
[2021-03-22 02:55:58,257] {scheduler_job.py:639} INFO - DAG(s) dict_keys(['example_trigger_controller_dag']) retrieved from /Users/akshaybhoge/PycharmProjects/venvEdgar/lib/python3.7/site-packages/airflow/example_dags/example_trigger_controller_dag.py
[2021-03-22 02:55:58,273] {logging_mixin.py:104} INFO - [2021-03-22 02:55:58,273] {dag.py:1818} INFO - Sync 1 DAGs
[2021-03-22 02:55:58,290] {logging_mixin.py:104} INFO - [2021-03-22 02:55:58,289] {dag.py:2273} INFO - Setting next_dagrun for example_trigger_controller_dag to 2021-03-20 00:00:00+00:00
[2021-03-22 02:55:58,299] {scheduler_job.py:190} INFO - Processing /Users/akshaybhoge/PycharmProjects/venvEdgar/lib/python3.7/site-packages/airflow/example_dags/example_trigger_controller_dag.py took 0.066 seconds
[2021-03-22 02:56:30,808] {scheduler_job.py:182} INFO - Started process (PID=27067) to work on /Users/akshaybhoge/PycharmProjects/venvEdgar/lib/python3.7/site-packages/airflow/example_dags/example_trigger_controller_dag.py
[2021-03-22 02:56:30,811] {scheduler_job.py:629} INFO - Processing file /Users/akshaybhoge/PycharmProjects/venvEdgar/lib/python3.7/site-packages/airflow/example_dags/example_trigger_controller_dag.py for tasks to queue
[2021-03-22 02:56:30,813] {logging_mixin.py:104} INFO - [2021-03-22 02:56:30,812] {dagbag.py:448} INFO - Filling up the DagBag from /Users/akshaybhoge/PycharmProjects/venvEdgar/lib/python3.7/site-packages/airflow/example_dags/example_trigger_controller_dag.py
[2021-03-22 02:56:30,838] {scheduler_job.py:639} INFO - DAG(s) dict_keys(['example_trigger_controller_dag']) retrieved from /Users/akshaybhoge/PycharmProjects/venvEdgar/lib/python3.7/site-packages/airflow/example_dags/example_trigger_controller_dag.py
[2021-03-22 02:56:30,864] {logging_mixin.py:104} INFO - [2021-03-22 02:56:30,863] {dag.py:1818} INFO - Sync 1 DAGs
[2021-03-22 02:56:30,886] {logging_mixin.py:104} INFO - [2021-03-22 02:56:30,885] {dag.py:2273} INFO - Setting next_dagrun for example_trigger_controller_dag to 2021-03-20 00:00:00+00:00
[2021-03-22 02:56:30,902] {scheduler_job.py:190} INFO - Processing /Users/akshaybhoge/PycharmProjects/venvEdgar/lib/python3.7/site-packages/airflow/example_dags/example_trigger_controller_dag.py took 0.100 seconds
[2021-03-22 02:57:04,900] {scheduler_job.py:182} INFO - Started process (PID=27134) to work on /Users/akshaybhoge/PycharmProjects/venvEdgar/lib/python3.7/site-packages/airflow/example_dags/example_trigger_controller_dag.py
[2021-03-22 02:57:04,903] {scheduler_job.py:629} INFO - Processing file /Users/akshaybhoge/PycharmProjects/venvEdgar/lib/python3.7/site-packages/airflow/example_dags/example_trigger_controller_dag.py for tasks to queue
[2021-03-22 02:57:04,906] {logging_mixin.py:104} INFO - [2021-03-22 02:57:04,905] {dagbag.py:448} INFO - Filling up the DagBag from /Users/akshaybhoge/PycharmProjects/venvEdgar/lib/python3.7/site-packages/airflow/example_dags/example_trigger_controller_dag.py
[2021-03-22 02:57:04,928] {scheduler_job.py:639} INFO - DAG(s) dict_keys(['example_trigger_controller_dag']) retrieved from /Users/akshaybhoge/PycharmProjects/venvEdgar/lib/python3.7/site-packages/airflow/example_dags/example_trigger_controller_dag.py
[2021-03-22 02:57:04,950] {logging_mixin.py:104} INFO - [2021-03-22 02:57:04,950] {dag.py:1818} INFO - Sync 1 DAGs
[2021-03-22 02:57:04,969] {logging_mixin.py:104} INFO - [2021-03-22 02:57:04,968] {dag.py:2273} INFO - Setting next_dagrun for example_trigger_controller_dag to 2021-03-20 00:00:00+00:00
[2021-03-22 02:57:04,980] {scheduler_job.py:190} INFO - Processing /Users/akshaybhoge/PycharmProjects/venvEdgar/lib/python3.7/site-packages/airflow/example_dags/example_trigger_controller_dag.py took 0.087 seconds
[2021-03-22 02:57:39,204] {scheduler_job.py:182} INFO - Started process (PID=27216) to work on /Users/akshaybhoge/PycharmProjects/venvEdgar/lib/python3.7/site-packages/airflow/example_dags/example_trigger_controller_dag.py
[2021-03-22 02:57:39,207] {scheduler_job.py:629} INFO - Processing file /Users/akshaybhoge/PycharmProjects/venvEdgar/lib/python3.7/site-packages/airflow/example_dags/example_trigger_controller_dag.py for tasks to queue
[2021-03-22 02:57:39,209] {logging_mixin.py:104} INFO - [2021-03-22 02:57:39,208] {dagbag.py:448} INFO - Filling up the DagBag from /Users/akshaybhoge/PycharmProjects/venvEdgar/lib/python3.7/site-packages/airflow/example_dags/example_trigger_controller_dag.py
[2021-03-22 02:57:39,230] {scheduler_job.py:639} INFO - DAG(s) dict_keys(['example_trigger_controller_dag']) retrieved from /Users/akshaybhoge/PycharmProjects/venvEdgar/lib/python3.7/site-packages/airflow/example_dags/example_trigger_controller_dag.py
[2021-03-22 02:57:39,253] {logging_mixin.py:104} INFO - [2021-03-22 02:57:39,252] {dag.py:1818} INFO - Sync 1 DAGs
[2021-03-22 02:57:39,269] {logging_mixin.py:104} INFO - [2021-03-22 02:57:39,268] {dag.py:2273} INFO - Setting next_dagrun for example_trigger_controller_dag to 2021-03-20 00:00:00+00:00
[2021-03-22 02:57:39,279] {scheduler_job.py:190} INFO - Processing /Users/akshaybhoge/PycharmProjects/venvEdgar/lib/python3.7/site-packages/airflow/example_dags/example_trigger_controller_dag.py took 0.081 seconds
[2021-03-22 02:58:27,494] {scheduler_job.py:182} INFO - Started process (PID=27302) to work on /Users/akshaybhoge/PycharmProjects/venvEdgar/lib/python3.7/site-packages/airflow/example_dags/example_trigger_controller_dag.py
[2021-03-22 02:58:27,497] {scheduler_job.py:629} INFO - Processing file /Users/akshaybhoge/PycharmProjects/venvEdgar/lib/python3.7/site-packages/airflow/example_dags/example_trigger_controller_dag.py for tasks to queue
[2021-03-22 02:58:27,498] {logging_mixin.py:104} INFO - [2021-03-22 02:58:27,498] {dagbag.py:448} INFO - Filling up the DagBag from /Users/akshaybhoge/PycharmProjects/venvEdgar/lib/python3.7/site-packages/airflow/example_dags/example_trigger_controller_dag.py
[2021-03-22 02:58:27,510] {scheduler_job.py:639} INFO - DAG(s) dict_keys(['example_trigger_controller_dag']) retrieved from /Users/akshaybhoge/PycharmProjects/venvEdgar/lib/python3.7/site-packages/airflow/example_dags/example_trigger_controller_dag.py
[2021-03-22 02:58:27,525] {logging_mixin.py:104} INFO - [2021-03-22 02:58:27,524] {dag.py:1818} INFO - Sync 1 DAGs
[2021-03-22 02:58:27,537] {logging_mixin.py:104} INFO - [2021-03-22 02:58:27,536] {dag.py:2273} INFO - Setting next_dagrun for example_trigger_controller_dag to 2021-03-20 00:00:00+00:00
[2021-03-22 02:58:27,544] {scheduler_job.py:190} INFO - Processing /Users/akshaybhoge/PycharmProjects/venvEdgar/lib/python3.7/site-packages/airflow/example_dags/example_trigger_controller_dag.py took 0.054 seconds
[2021-03-22 02:58:58,973] {scheduler_job.py:182} INFO - Started process (PID=27356) to work on /Users/akshaybhoge/PycharmProjects/venvEdgar/lib/python3.7/site-packages/airflow/example_dags/example_trigger_controller_dag.py
[2021-03-22 02:58:58,974] {scheduler_job.py:629} INFO - Processing file /Users/akshaybhoge/PycharmProjects/venvEdgar/lib/python3.7/site-packages/airflow/example_dags/example_trigger_controller_dag.py for tasks to queue
[2021-03-22 02:58:58,975] {logging_mixin.py:104} INFO - [2021-03-22 02:58:58,975] {dagbag.py:448} INFO - Filling up the DagBag from /Users/akshaybhoge/PycharmProjects/venvEdgar/lib/python3.7/site-packages/airflow/example_dags/example_trigger_controller_dag.py
[2021-03-22 02:58:58,985] {scheduler_job.py:639} INFO - DAG(s) dict_keys(['example_trigger_controller_dag']) retrieved from /Users/akshaybhoge/PycharmProjects/venvEdgar/lib/python3.7/site-packages/airflow/example_dags/example_trigger_controller_dag.py
[2021-03-22 02:58:58,997] {logging_mixin.py:104} INFO - [2021-03-22 02:58:58,996] {dag.py:1818} INFO - Sync 1 DAGs
[2021-03-22 02:58:59,006] {logging_mixin.py:104} INFO - [2021-03-22 02:58:59,006] {dag.py:2273} INFO - Setting next_dagrun for example_trigger_controller_dag to 2021-03-20 00:00:00+00:00
[2021-03-22 02:58:59,012] {scheduler_job.py:190} INFO - Processing /Users/akshaybhoge/PycharmProjects/venvEdgar/lib/python3.7/site-packages/airflow/example_dags/example_trigger_controller_dag.py took 0.042 seconds
[2021-03-22 02:59:31,065] {scheduler_job.py:182} INFO - Started process (PID=27433) to work on /Users/akshaybhoge/PycharmProjects/venvEdgar/lib/python3.7/site-packages/airflow/example_dags/example_trigger_controller_dag.py
[2021-03-22 02:59:31,066] {scheduler_job.py:629} INFO - Processing file /Users/akshaybhoge/PycharmProjects/venvEdgar/lib/python3.7/site-packages/airflow/example_dags/example_trigger_controller_dag.py for tasks to queue
[2021-03-22 02:59:31,067] {logging_mixin.py:104} INFO - [2021-03-22 02:59:31,067] {dagbag.py:448} INFO - Filling up the DagBag from /Users/akshaybhoge/PycharmProjects/venvEdgar/lib/python3.7/site-packages/airflow/example_dags/example_trigger_controller_dag.py
[2021-03-22 02:59:31,078] {scheduler_job.py:639} INFO - DAG(s) dict_keys(['example_trigger_controller_dag']) retrieved from /Users/akshaybhoge/PycharmProjects/venvEdgar/lib/python3.7/site-packages/airflow/example_dags/example_trigger_controller_dag.py
[2021-03-22 02:59:31,091] {logging_mixin.py:104} INFO - [2021-03-22 02:59:31,090] {dag.py:1818} INFO - Sync 1 DAGs
[2021-03-22 02:59:31,100] {logging_mixin.py:104} INFO - [2021-03-22 02:59:31,100] {dag.py:2273} INFO - Setting next_dagrun for example_trigger_controller_dag to 2021-03-20 00:00:00+00:00
[2021-03-22 02:59:31,106] {scheduler_job.py:190} INFO - Processing /Users/akshaybhoge/PycharmProjects/venvEdgar/lib/python3.7/site-packages/airflow/example_dags/example_trigger_controller_dag.py took 0.045 seconds
[2021-03-22 03:00:03,274] {scheduler_job.py:182} INFO - Started process (PID=27485) to work on /Users/akshaybhoge/PycharmProjects/venvEdgar/lib/python3.7/site-packages/airflow/example_dags/example_trigger_controller_dag.py
[2021-03-22 03:00:03,276] {scheduler_job.py:629} INFO - Processing file /Users/akshaybhoge/PycharmProjects/venvEdgar/lib/python3.7/site-packages/airflow/example_dags/example_trigger_controller_dag.py for tasks to queue
[2021-03-22 03:00:03,277] {logging_mixin.py:104} INFO - [2021-03-22 03:00:03,277] {dagbag.py:448} INFO - Filling up the DagBag from /Users/akshaybhoge/PycharmProjects/venvEdgar/lib/python3.7/site-packages/airflow/example_dags/example_trigger_controller_dag.py
[2021-03-22 03:00:03,288] {scheduler_job.py:639} INFO - DAG(s) dict_keys(['example_trigger_controller_dag']) retrieved from /Users/akshaybhoge/PycharmProjects/venvEdgar/lib/python3.7/site-packages/airflow/example_dags/example_trigger_controller_dag.py
[2021-03-22 03:00:03,301] {logging_mixin.py:104} INFO - [2021-03-22 03:00:03,301] {dag.py:1818} INFO - Sync 1 DAGs
[2021-03-22 03:00:03,311] {logging_mixin.py:104} INFO - [2021-03-22 03:00:03,311] {dag.py:2273} INFO - Setting next_dagrun for example_trigger_controller_dag to 2021-03-20 00:00:00+00:00
[2021-03-22 03:00:03,318] {scheduler_job.py:190} INFO - Processing /Users/akshaybhoge/PycharmProjects/venvEdgar/lib/python3.7/site-packages/airflow/example_dags/example_trigger_controller_dag.py took 0.047 seconds
[2021-03-22 03:00:35,468] {scheduler_job.py:182} INFO - Started process (PID=27552) to work on /Users/akshaybhoge/PycharmProjects/venvEdgar/lib/python3.7/site-packages/airflow/example_dags/example_trigger_controller_dag.py
[2021-03-22 03:00:35,470] {scheduler_job.py:629} INFO - Processing file /Users/akshaybhoge/PycharmProjects/venvEdgar/lib/python3.7/site-packages/airflow/example_dags/example_trigger_controller_dag.py for tasks to queue
[2021-03-22 03:00:35,471] {logging_mixin.py:104} INFO - [2021-03-22 03:00:35,471] {dagbag.py:448} INFO - Filling up the DagBag from /Users/akshaybhoge/PycharmProjects/venvEdgar/lib/python3.7/site-packages/airflow/example_dags/example_trigger_controller_dag.py
[2021-03-22 03:00:35,481] {scheduler_job.py:639} INFO - DAG(s) dict_keys(['example_trigger_controller_dag']) retrieved from /Users/akshaybhoge/PycharmProjects/venvEdgar/lib/python3.7/site-packages/airflow/example_dags/example_trigger_controller_dag.py
[2021-03-22 03:00:35,494] {logging_mixin.py:104} INFO - [2021-03-22 03:00:35,493] {dag.py:1818} INFO - Sync 1 DAGs
[2021-03-22 03:00:35,503] {logging_mixin.py:104} INFO - [2021-03-22 03:00:35,503] {dag.py:2273} INFO - Setting next_dagrun for example_trigger_controller_dag to 2021-03-20 00:00:00+00:00
[2021-03-22 03:00:35,509] {scheduler_job.py:190} INFO - Processing /Users/akshaybhoge/PycharmProjects/venvEdgar/lib/python3.7/site-packages/airflow/example_dags/example_trigger_controller_dag.py took 0.045 seconds
[2021-03-22 03:01:07,586] {scheduler_job.py:182} INFO - Started process (PID=27584) to work on /Users/akshaybhoge/PycharmProjects/venvEdgar/lib/python3.7/site-packages/airflow/example_dags/example_trigger_controller_dag.py
[2021-03-22 03:01:07,588] {scheduler_job.py:629} INFO - Processing file /Users/akshaybhoge/PycharmProjects/venvEdgar/lib/python3.7/site-packages/airflow/example_dags/example_trigger_controller_dag.py for tasks to queue
[2021-03-22 03:01:07,589] {logging_mixin.py:104} INFO - [2021-03-22 03:01:07,589] {dagbag.py:448} INFO - Filling up the DagBag from /Users/akshaybhoge/PycharmProjects/venvEdgar/lib/python3.7/site-packages/airflow/example_dags/example_trigger_controller_dag.py
[2021-03-22 03:01:07,599] {scheduler_job.py:639} INFO - DAG(s) dict_keys(['example_trigger_controller_dag']) retrieved from /Users/akshaybhoge/PycharmProjects/venvEdgar/lib/python3.7/site-packages/airflow/example_dags/example_trigger_controller_dag.py
[2021-03-22 03:01:07,610] {logging_mixin.py:104} INFO - [2021-03-22 03:01:07,610] {dag.py:1818} INFO - Sync 1 DAGs
[2021-03-22 03:01:07,619] {logging_mixin.py:104} INFO - [2021-03-22 03:01:07,619] {dag.py:2273} INFO - Setting next_dagrun for example_trigger_controller_dag to 2021-03-20 00:00:00+00:00
[2021-03-22 03:01:07,625] {scheduler_job.py:190} INFO - Processing /Users/akshaybhoge/PycharmProjects/venvEdgar/lib/python3.7/site-packages/airflow/example_dags/example_trigger_controller_dag.py took 0.042 seconds
[2021-03-22 03:01:39,702] {scheduler_job.py:182} INFO - Started process (PID=27628) to work on /Users/akshaybhoge/PycharmProjects/venvEdgar/lib/python3.7/site-packages/airflow/example_dags/example_trigger_controller_dag.py
[2021-03-22 03:01:39,703] {scheduler_job.py:629} INFO - Processing file /Users/akshaybhoge/PycharmProjects/venvEdgar/lib/python3.7/site-packages/airflow/example_dags/example_trigger_controller_dag.py for tasks to queue
[2021-03-22 03:01:39,705] {logging_mixin.py:104} INFO - [2021-03-22 03:01:39,704] {dagbag.py:448} INFO - Filling up the DagBag from /Users/akshaybhoge/PycharmProjects/venvEdgar/lib/python3.7/site-packages/airflow/example_dags/example_trigger_controller_dag.py
[2021-03-22 03:01:39,715] {scheduler_job.py:639} INFO - DAG(s) dict_keys(['example_trigger_controller_dag']) retrieved from /Users/akshaybhoge/PycharmProjects/venvEdgar/lib/python3.7/site-packages/airflow/example_dags/example_trigger_controller_dag.py
[2021-03-22 03:01:39,726] {logging_mixin.py:104} INFO - [2021-03-22 03:01:39,725] {dag.py:1818} INFO - Sync 1 DAGs
[2021-03-22 03:01:39,734] {logging_mixin.py:104} INFO - [2021-03-22 03:01:39,734] {dag.py:2273} INFO - Setting next_dagrun for example_trigger_controller_dag to 2021-03-20 00:00:00+00:00
[2021-03-22 03:01:39,740] {scheduler_job.py:190} INFO - Processing /Users/akshaybhoge/PycharmProjects/venvEdgar/lib/python3.7/site-packages/airflow/example_dags/example_trigger_controller_dag.py took 0.041 seconds
[2021-03-22 03:02:11,702] {scheduler_job.py:182} INFO - Started process (PID=27659) to work on /Users/akshaybhoge/PycharmProjects/venvEdgar/lib/python3.7/site-packages/airflow/example_dags/example_trigger_controller_dag.py
[2021-03-22 03:02:11,703] {scheduler_job.py:629} INFO - Processing file /Users/akshaybhoge/PycharmProjects/venvEdgar/lib/python3.7/site-packages/airflow/example_dags/example_trigger_controller_dag.py for tasks to queue
[2021-03-22 03:02:11,704] {logging_mixin.py:104} INFO - [2021-03-22 03:02:11,703] {dagbag.py:448} INFO - Filling up the DagBag from /Users/akshaybhoge/PycharmProjects/venvEdgar/lib/python3.7/site-packages/airflow/example_dags/example_trigger_controller_dag.py
[2021-03-22 03:02:11,712] {scheduler_job.py:639} INFO - DAG(s) dict_keys(['example_trigger_controller_dag']) retrieved from /Users/akshaybhoge/PycharmProjects/venvEdgar/lib/python3.7/site-packages/airflow/example_dags/example_trigger_controller_dag.py
[2021-03-22 03:02:11,721] {logging_mixin.py:104} INFO - [2021-03-22 03:02:11,720] {dag.py:1818} INFO - Sync 1 DAGs
[2021-03-22 03:02:11,728] {logging_mixin.py:104} INFO - [2021-03-22 03:02:11,728] {dag.py:2273} INFO - Setting next_dagrun for example_trigger_controller_dag to 2021-03-20 00:00:00+00:00
[2021-03-22 03:02:11,733] {scheduler_job.py:190} INFO - Processing /Users/akshaybhoge/PycharmProjects/venvEdgar/lib/python3.7/site-packages/airflow/example_dags/example_trigger_controller_dag.py took 0.033 seconds
[2021-03-22 03:02:43,809] {scheduler_job.py:182} INFO - Started process (PID=27690) to work on /Users/akshaybhoge/PycharmProjects/venvEdgar/lib/python3.7/site-packages/airflow/example_dags/example_trigger_controller_dag.py
[2021-03-22 03:02:43,810] {scheduler_job.py:629} INFO - Processing file /Users/akshaybhoge/PycharmProjects/venvEdgar/lib/python3.7/site-packages/airflow/example_dags/example_trigger_controller_dag.py for tasks to queue
[2021-03-22 03:02:43,811] {logging_mixin.py:104} INFO - [2021-03-22 03:02:43,810] {dagbag.py:448} INFO - Filling up the DagBag from /Users/akshaybhoge/PycharmProjects/venvEdgar/lib/python3.7/site-packages/airflow/example_dags/example_trigger_controller_dag.py
[2021-03-22 03:02:43,820] {scheduler_job.py:639} INFO - DAG(s) dict_keys(['example_trigger_controller_dag']) retrieved from /Users/akshaybhoge/PycharmProjects/venvEdgar/lib/python3.7/site-packages/airflow/example_dags/example_trigger_controller_dag.py
[2021-03-22 03:02:43,830] {logging_mixin.py:104} INFO - [2021-03-22 03:02:43,829] {dag.py:1818} INFO - Sync 1 DAGs
[2021-03-22 03:02:43,838] {logging_mixin.py:104} INFO - [2021-03-22 03:02:43,838] {dag.py:2273} INFO - Setting next_dagrun for example_trigger_controller_dag to 2021-03-20 00:00:00+00:00
[2021-03-22 03:02:43,843] {scheduler_job.py:190} INFO - Processing /Users/akshaybhoge/PycharmProjects/venvEdgar/lib/python3.7/site-packages/airflow/example_dags/example_trigger_controller_dag.py took 0.037 seconds
[2021-03-22 03:03:15,931] {scheduler_job.py:182} INFO - Started process (PID=27730) to work on /Users/akshaybhoge/PycharmProjects/venvEdgar/lib/python3.7/site-packages/airflow/example_dags/example_trigger_controller_dag.py
[2021-03-22 03:03:15,932] {scheduler_job.py:629} INFO - Processing file /Users/akshaybhoge/PycharmProjects/venvEdgar/lib/python3.7/site-packages/airflow/example_dags/example_trigger_controller_dag.py for tasks to queue
[2021-03-22 03:03:15,934] {logging_mixin.py:104} INFO - [2021-03-22 03:03:15,933] {dagbag.py:448} INFO - Filling up the DagBag from /Users/akshaybhoge/PycharmProjects/venvEdgar/lib/python3.7/site-packages/airflow/example_dags/example_trigger_controller_dag.py
[2021-03-22 03:03:15,945] {scheduler_job.py:639} INFO - DAG(s) dict_keys(['example_trigger_controller_dag']) retrieved from /Users/akshaybhoge/PycharmProjects/venvEdgar/lib/python3.7/site-packages/airflow/example_dags/example_trigger_controller_dag.py
[2021-03-22 03:03:15,958] {logging_mixin.py:104} INFO - [2021-03-22 03:03:15,957] {dag.py:1818} INFO - Sync 1 DAGs
[2021-03-22 03:03:15,967] {logging_mixin.py:104} INFO - [2021-03-22 03:03:15,967] {dag.py:2273} INFO - Setting next_dagrun for example_trigger_controller_dag to 2021-03-20 00:00:00+00:00
[2021-03-22 03:03:15,973] {scheduler_job.py:190} INFO - Processing /Users/akshaybhoge/PycharmProjects/venvEdgar/lib/python3.7/site-packages/airflow/example_dags/example_trigger_controller_dag.py took 0.045 seconds
[2021-03-22 03:03:48,061] {scheduler_job.py:182} INFO - Started process (PID=27773) to work on /Users/akshaybhoge/PycharmProjects/venvEdgar/lib/python3.7/site-packages/airflow/example_dags/example_trigger_controller_dag.py
[2021-03-22 03:03:48,064] {scheduler_job.py:629} INFO - Processing file /Users/akshaybhoge/PycharmProjects/venvEdgar/lib/python3.7/site-packages/airflow/example_dags/example_trigger_controller_dag.py for tasks to queue
[2021-03-22 03:03:48,065] {logging_mixin.py:104} INFO - [2021-03-22 03:03:48,065] {dagbag.py:448} INFO - Filling up the DagBag from /Users/akshaybhoge/PycharmProjects/venvEdgar/lib/python3.7/site-packages/airflow/example_dags/example_trigger_controller_dag.py
[2021-03-22 03:03:48,078] {scheduler_job.py:639} INFO - DAG(s) dict_keys(['example_trigger_controller_dag']) retrieved from /Users/akshaybhoge/PycharmProjects/venvEdgar/lib/python3.7/site-packages/airflow/example_dags/example_trigger_controller_dag.py
[2021-03-22 03:03:48,091] {logging_mixin.py:104} INFO - [2021-03-22 03:03:48,091] {dag.py:1818} INFO - Sync 1 DAGs
[2021-03-22 03:03:48,100] {logging_mixin.py:104} INFO - [2021-03-22 03:03:48,100] {dag.py:2273} INFO - Setting next_dagrun for example_trigger_controller_dag to 2021-03-20 00:00:00+00:00
[2021-03-22 03:03:48,106] {scheduler_job.py:190} INFO - Processing /Users/akshaybhoge/PycharmProjects/venvEdgar/lib/python3.7/site-packages/airflow/example_dags/example_trigger_controller_dag.py took 0.049 seconds
[2021-03-22 03:04:20,164] {scheduler_job.py:182} INFO - Started process (PID=27811) to work on /Users/akshaybhoge/PycharmProjects/venvEdgar/lib/python3.7/site-packages/airflow/example_dags/example_trigger_controller_dag.py
[2021-03-22 03:04:20,166] {scheduler_job.py:629} INFO - Processing file /Users/akshaybhoge/PycharmProjects/venvEdgar/lib/python3.7/site-packages/airflow/example_dags/example_trigger_controller_dag.py for tasks to queue
[2021-03-22 03:04:20,167] {logging_mixin.py:104} INFO - [2021-03-22 03:04:20,166] {dagbag.py:448} INFO - Filling up the DagBag from /Users/akshaybhoge/PycharmProjects/venvEdgar/lib/python3.7/site-packages/airflow/example_dags/example_trigger_controller_dag.py
[2021-03-22 03:04:20,178] {scheduler_job.py:639} INFO - DAG(s) dict_keys(['example_trigger_controller_dag']) retrieved from /Users/akshaybhoge/PycharmProjects/venvEdgar/lib/python3.7/site-packages/airflow/example_dags/example_trigger_controller_dag.py
[2021-03-22 03:04:20,191] {logging_mixin.py:104} INFO - [2021-03-22 03:04:20,191] {dag.py:1818} INFO - Sync 1 DAGs
[2021-03-22 03:04:20,201] {logging_mixin.py:104} INFO - [2021-03-22 03:04:20,201] {dag.py:2273} INFO - Setting next_dagrun for example_trigger_controller_dag to 2021-03-20 00:00:00+00:00
[2021-03-22 03:04:20,207] {scheduler_job.py:190} INFO - Processing /Users/akshaybhoge/PycharmProjects/venvEdgar/lib/python3.7/site-packages/airflow/example_dags/example_trigger_controller_dag.py took 0.046 seconds
[2021-03-22 03:04:52,310] {scheduler_job.py:182} INFO - Started process (PID=27848) to work on /Users/akshaybhoge/PycharmProjects/venvEdgar/lib/python3.7/site-packages/airflow/example_dags/example_trigger_controller_dag.py
[2021-03-22 03:04:52,311] {scheduler_job.py:629} INFO - Processing file /Users/akshaybhoge/PycharmProjects/venvEdgar/lib/python3.7/site-packages/airflow/example_dags/example_trigger_controller_dag.py for tasks to queue
[2021-03-22 03:04:52,313] {logging_mixin.py:104} INFO - [2021-03-22 03:04:52,312] {dagbag.py:448} INFO - Filling up the DagBag from /Users/akshaybhoge/PycharmProjects/venvEdgar/lib/python3.7/site-packages/airflow/example_dags/example_trigger_controller_dag.py
[2021-03-22 03:04:52,325] {scheduler_job.py:639} INFO - DAG(s) dict_keys(['example_trigger_controller_dag']) retrieved from /Users/akshaybhoge/PycharmProjects/venvEdgar/lib/python3.7/site-packages/airflow/example_dags/example_trigger_controller_dag.py
[2021-03-22 03:04:52,337] {logging_mixin.py:104} INFO - [2021-03-22 03:04:52,337] {dag.py:1818} INFO - Sync 1 DAGs
[2021-03-22 03:04:52,347] {logging_mixin.py:104} INFO - [2021-03-22 03:04:52,347] {dag.py:2273} INFO - Setting next_dagrun for example_trigger_controller_dag to 2021-03-20 00:00:00+00:00
[2021-03-22 03:04:52,353] {scheduler_job.py:190} INFO - Processing /Users/akshaybhoge/PycharmProjects/venvEdgar/lib/python3.7/site-packages/airflow/example_dags/example_trigger_controller_dag.py took 0.047 seconds
[2021-03-22 03:05:24,434] {scheduler_job.py:182} INFO - Started process (PID=27890) to work on /Users/akshaybhoge/PycharmProjects/venvEdgar/lib/python3.7/site-packages/airflow/example_dags/example_trigger_controller_dag.py
[2021-03-22 03:05:24,436] {scheduler_job.py:629} INFO - Processing file /Users/akshaybhoge/PycharmProjects/venvEdgar/lib/python3.7/site-packages/airflow/example_dags/example_trigger_controller_dag.py for tasks to queue
[2021-03-22 03:05:24,437] {logging_mixin.py:104} INFO - [2021-03-22 03:05:24,437] {dagbag.py:448} INFO - Filling up the DagBag from /Users/akshaybhoge/PycharmProjects/venvEdgar/lib/python3.7/site-packages/airflow/example_dags/example_trigger_controller_dag.py
[2021-03-22 03:05:24,450] {scheduler_job.py:639} INFO - DAG(s) dict_keys(['example_trigger_controller_dag']) retrieved from /Users/akshaybhoge/PycharmProjects/venvEdgar/lib/python3.7/site-packages/airflow/example_dags/example_trigger_controller_dag.py
[2021-03-22 03:05:24,462] {logging_mixin.py:104} INFO - [2021-03-22 03:05:24,462] {dag.py:1818} INFO - Sync 1 DAGs
[2021-03-22 03:05:24,472] {logging_mixin.py:104} INFO - [2021-03-22 03:05:24,471] {dag.py:2273} INFO - Setting next_dagrun for example_trigger_controller_dag to 2021-03-20 00:00:00+00:00
[2021-03-22 03:05:24,478] {scheduler_job.py:190} INFO - Processing /Users/akshaybhoge/PycharmProjects/venvEdgar/lib/python3.7/site-packages/airflow/example_dags/example_trigger_controller_dag.py took 0.047 seconds
[2021-03-22 03:05:56,550] {scheduler_job.py:182} INFO - Started process (PID=27926) to work on /Users/akshaybhoge/PycharmProjects/venvEdgar/lib/python3.7/site-packages/airflow/example_dags/example_trigger_controller_dag.py
[2021-03-22 03:05:56,552] {scheduler_job.py:629} INFO - Processing file /Users/akshaybhoge/PycharmProjects/venvEdgar/lib/python3.7/site-packages/airflow/example_dags/example_trigger_controller_dag.py for tasks to queue
[2021-03-22 03:05:56,553] {logging_mixin.py:104} INFO - [2021-03-22 03:05:56,553] {dagbag.py:448} INFO - Filling up the DagBag from /Users/akshaybhoge/PycharmProjects/venvEdgar/lib/python3.7/site-packages/airflow/example_dags/example_trigger_controller_dag.py
[2021-03-22 03:05:56,563] {scheduler_job.py:639} INFO - DAG(s) dict_keys(['example_trigger_controller_dag']) retrieved from /Users/akshaybhoge/PycharmProjects/venvEdgar/lib/python3.7/site-packages/airflow/example_dags/example_trigger_controller_dag.py
[2021-03-22 03:05:56,575] {logging_mixin.py:104} INFO - [2021-03-22 03:05:56,575] {dag.py:1818} INFO - Sync 1 DAGs
[2021-03-22 03:05:56,584] {logging_mixin.py:104} INFO - [2021-03-22 03:05:56,583] {dag.py:2273} INFO - Setting next_dagrun for example_trigger_controller_dag to 2021-03-20 00:00:00+00:00
[2021-03-22 03:05:56,590] {scheduler_job.py:190} INFO - Processing /Users/akshaybhoge/PycharmProjects/venvEdgar/lib/python3.7/site-packages/airflow/example_dags/example_trigger_controller_dag.py took 0.043 seconds
[2021-03-22 03:06:28,770] {scheduler_job.py:182} INFO - Started process (PID=27959) to work on /Users/akshaybhoge/PycharmProjects/venvEdgar/lib/python3.7/site-packages/airflow/example_dags/example_trigger_controller_dag.py
[2021-03-22 03:06:28,772] {scheduler_job.py:629} INFO - Processing file /Users/akshaybhoge/PycharmProjects/venvEdgar/lib/python3.7/site-packages/airflow/example_dags/example_trigger_controller_dag.py for tasks to queue
[2021-03-22 03:06:28,774] {logging_mixin.py:104} INFO - [2021-03-22 03:06:28,773] {dagbag.py:448} INFO - Filling up the DagBag from /Users/akshaybhoge/PycharmProjects/venvEdgar/lib/python3.7/site-packages/airflow/example_dags/example_trigger_controller_dag.py
[2021-03-22 03:06:28,787] {scheduler_job.py:639} INFO - DAG(s) dict_keys(['example_trigger_controller_dag']) retrieved from /Users/akshaybhoge/PycharmProjects/venvEdgar/lib/python3.7/site-packages/airflow/example_dags/example_trigger_controller_dag.py
[2021-03-22 03:06:28,800] {logging_mixin.py:104} INFO - [2021-03-22 03:06:28,800] {dag.py:1818} INFO - Sync 1 DAGs
[2021-03-22 03:06:28,810] {logging_mixin.py:104} INFO - [2021-03-22 03:06:28,810] {dag.py:2273} INFO - Setting next_dagrun for example_trigger_controller_dag to 2021-03-20 00:00:00+00:00
[2021-03-22 03:06:28,816] {scheduler_job.py:190} INFO - Processing /Users/akshaybhoge/PycharmProjects/venvEdgar/lib/python3.7/site-packages/airflow/example_dags/example_trigger_controller_dag.py took 0.050 seconds
[2021-03-22 03:07:00,998] {scheduler_job.py:182} INFO - Started process (PID=27994) to work on /Users/akshaybhoge/PycharmProjects/venvEdgar/lib/python3.7/site-packages/airflow/example_dags/example_trigger_controller_dag.py
[2021-03-22 03:07:01,000] {scheduler_job.py:629} INFO - Processing file /Users/akshaybhoge/PycharmProjects/venvEdgar/lib/python3.7/site-packages/airflow/example_dags/example_trigger_controller_dag.py for tasks to queue
[2021-03-22 03:07:01,002] {logging_mixin.py:104} INFO - [2021-03-22 03:07:01,001] {dagbag.py:448} INFO - Filling up the DagBag from /Users/akshaybhoge/PycharmProjects/venvEdgar/lib/python3.7/site-packages/airflow/example_dags/example_trigger_controller_dag.py
[2021-03-22 03:07:01,015] {scheduler_job.py:639} INFO - DAG(s) dict_keys(['example_trigger_controller_dag']) retrieved from /Users/akshaybhoge/PycharmProjects/venvEdgar/lib/python3.7/site-packages/airflow/example_dags/example_trigger_controller_dag.py
[2021-03-22 03:07:01,028] {logging_mixin.py:104} INFO - [2021-03-22 03:07:01,028] {dag.py:1818} INFO - Sync 1 DAGs
[2021-03-22 03:07:01,038] {logging_mixin.py:104} INFO - [2021-03-22 03:07:01,038] {dag.py:2273} INFO - Setting next_dagrun for example_trigger_controller_dag to 2021-03-20 00:00:00+00:00
[2021-03-22 03:07:01,044] {scheduler_job.py:190} INFO - Processing /Users/akshaybhoge/PycharmProjects/venvEdgar/lib/python3.7/site-packages/airflow/example_dags/example_trigger_controller_dag.py took 0.051 seconds
[2021-03-22 03:07:33,229] {scheduler_job.py:182} INFO - Started process (PID=28029) to work on /Users/akshaybhoge/PycharmProjects/venvEdgar/lib/python3.7/site-packages/airflow/example_dags/example_trigger_controller_dag.py
[2021-03-22 03:07:33,230] {scheduler_job.py:629} INFO - Processing file /Users/akshaybhoge/PycharmProjects/venvEdgar/lib/python3.7/site-packages/airflow/example_dags/example_trigger_controller_dag.py for tasks to queue
[2021-03-22 03:07:33,231] {logging_mixin.py:104} INFO - [2021-03-22 03:07:33,231] {dagbag.py:448} INFO - Filling up the DagBag from /Users/akshaybhoge/PycharmProjects/venvEdgar/lib/python3.7/site-packages/airflow/example_dags/example_trigger_controller_dag.py
[2021-03-22 03:07:33,245] {scheduler_job.py:639} INFO - DAG(s) dict_keys(['example_trigger_controller_dag']) retrieved from /Users/akshaybhoge/PycharmProjects/venvEdgar/lib/python3.7/site-packages/airflow/example_dags/example_trigger_controller_dag.py
[2021-03-22 03:07:33,257] {logging_mixin.py:104} INFO - [2021-03-22 03:07:33,257] {dag.py:1818} INFO - Sync 1 DAGs
[2021-03-22 03:07:33,267] {logging_mixin.py:104} INFO - [2021-03-22 03:07:33,267] {dag.py:2273} INFO - Setting next_dagrun for example_trigger_controller_dag to 2021-03-20 00:00:00+00:00
[2021-03-22 03:07:33,273] {scheduler_job.py:190} INFO - Processing /Users/akshaybhoge/PycharmProjects/venvEdgar/lib/python3.7/site-packages/airflow/example_dags/example_trigger_controller_dag.py took 0.048 seconds
[2021-03-22 03:08:05,453] {scheduler_job.py:182} INFO - Started process (PID=28060) to work on /Users/akshaybhoge/PycharmProjects/venvEdgar/lib/python3.7/site-packages/airflow/example_dags/example_trigger_controller_dag.py
[2021-03-22 03:08:05,455] {scheduler_job.py:629} INFO - Processing file /Users/akshaybhoge/PycharmProjects/venvEdgar/lib/python3.7/site-packages/airflow/example_dags/example_trigger_controller_dag.py for tasks to queue
[2021-03-22 03:08:05,457] {logging_mixin.py:104} INFO - [2021-03-22 03:08:05,457] {dagbag.py:448} INFO - Filling up the DagBag from /Users/akshaybhoge/PycharmProjects/venvEdgar/lib/python3.7/site-packages/airflow/example_dags/example_trigger_controller_dag.py
[2021-03-22 03:08:05,470] {scheduler_job.py:639} INFO - DAG(s) dict_keys(['example_trigger_controller_dag']) retrieved from /Users/akshaybhoge/PycharmProjects/venvEdgar/lib/python3.7/site-packages/airflow/example_dags/example_trigger_controller_dag.py
[2021-03-22 03:08:05,483] {logging_mixin.py:104} INFO - [2021-03-22 03:08:05,482] {dag.py:1818} INFO - Sync 1 DAGs
[2021-03-22 03:08:05,493] {logging_mixin.py:104} INFO - [2021-03-22 03:08:05,493] {dag.py:2273} INFO - Setting next_dagrun for example_trigger_controller_dag to 2021-03-20 00:00:00+00:00
[2021-03-22 03:08:05,499] {scheduler_job.py:190} INFO - Processing /Users/akshaybhoge/PycharmProjects/venvEdgar/lib/python3.7/site-packages/airflow/example_dags/example_trigger_controller_dag.py took 0.050 seconds
[2021-03-22 03:08:37,722] {scheduler_job.py:182} INFO - Started process (PID=28100) to work on /Users/akshaybhoge/PycharmProjects/venvEdgar/lib/python3.7/site-packages/airflow/example_dags/example_trigger_controller_dag.py
[2021-03-22 03:08:37,725] {scheduler_job.py:629} INFO - Processing file /Users/akshaybhoge/PycharmProjects/venvEdgar/lib/python3.7/site-packages/airflow/example_dags/example_trigger_controller_dag.py for tasks to queue
[2021-03-22 03:08:37,727] {logging_mixin.py:104} INFO - [2021-03-22 03:08:37,727] {dagbag.py:448} INFO - Filling up the DagBag from /Users/akshaybhoge/PycharmProjects/venvEdgar/lib/python3.7/site-packages/airflow/example_dags/example_trigger_controller_dag.py
[2021-03-22 03:08:37,743] {scheduler_job.py:639} INFO - DAG(s) dict_keys(['example_trigger_controller_dag']) retrieved from /Users/akshaybhoge/PycharmProjects/venvEdgar/lib/python3.7/site-packages/airflow/example_dags/example_trigger_controller_dag.py
[2021-03-22 03:08:37,756] {logging_mixin.py:104} INFO - [2021-03-22 03:08:37,756] {dag.py:1818} INFO - Sync 1 DAGs
[2021-03-22 03:08:37,766] {logging_mixin.py:104} INFO - [2021-03-22 03:08:37,766] {dag.py:2273} INFO - Setting next_dagrun for example_trigger_controller_dag to 2021-03-20 00:00:00+00:00
[2021-03-22 03:08:37,772] {scheduler_job.py:190} INFO - Processing /Users/akshaybhoge/PycharmProjects/venvEdgar/lib/python3.7/site-packages/airflow/example_dags/example_trigger_controller_dag.py took 0.053 seconds
[2021-03-22 03:09:09,976] {scheduler_job.py:182} INFO - Started process (PID=28140) to work on /Users/akshaybhoge/PycharmProjects/venvEdgar/lib/python3.7/site-packages/airflow/example_dags/example_trigger_controller_dag.py
[2021-03-22 03:09:09,979] {scheduler_job.py:629} INFO - Processing file /Users/akshaybhoge/PycharmProjects/venvEdgar/lib/python3.7/site-packages/airflow/example_dags/example_trigger_controller_dag.py for tasks to queue
[2021-03-22 03:09:09,981] {logging_mixin.py:104} INFO - [2021-03-22 03:09:09,980] {dagbag.py:448} INFO - Filling up the DagBag from /Users/akshaybhoge/PycharmProjects/venvEdgar/lib/python3.7/site-packages/airflow/example_dags/example_trigger_controller_dag.py
[2021-03-22 03:09:09,992] {scheduler_job.py:639} INFO - DAG(s) dict_keys(['example_trigger_controller_dag']) retrieved from /Users/akshaybhoge/PycharmProjects/venvEdgar/lib/python3.7/site-packages/airflow/example_dags/example_trigger_controller_dag.py
[2021-03-22 03:09:10,004] {logging_mixin.py:104} INFO - [2021-03-22 03:09:10,004] {dag.py:1818} INFO - Sync 1 DAGs
[2021-03-22 03:09:10,013] {logging_mixin.py:104} INFO - [2021-03-22 03:09:10,013] {dag.py:2273} INFO - Setting next_dagrun for example_trigger_controller_dag to 2021-03-20 00:00:00+00:00
[2021-03-22 03:09:10,019] {scheduler_job.py:190} INFO - Processing /Users/akshaybhoge/PycharmProjects/venvEdgar/lib/python3.7/site-packages/airflow/example_dags/example_trigger_controller_dag.py took 0.046 seconds
[2021-03-22 03:11:56,793] {scheduler_job.py:182} INFO - Started process (PID=28246) to work on /Users/akshaybhoge/PycharmProjects/venvEdgar/lib/python3.7/site-packages/airflow/example_dags/example_trigger_controller_dag.py
[2021-03-22 03:11:56,799] {scheduler_job.py:629} INFO - Processing file /Users/akshaybhoge/PycharmProjects/venvEdgar/lib/python3.7/site-packages/airflow/example_dags/example_trigger_controller_dag.py for tasks to queue
[2021-03-22 03:11:56,804] {logging_mixin.py:104} INFO - [2021-03-22 03:11:56,802] {dagbag.py:448} INFO - Filling up the DagBag from /Users/akshaybhoge/PycharmProjects/venvEdgar/lib/python3.7/site-packages/airflow/example_dags/example_trigger_controller_dag.py
[2021-03-22 03:11:56,861] {scheduler_job.py:639} INFO - DAG(s) dict_keys(['example_trigger_controller_dag']) retrieved from /Users/akshaybhoge/PycharmProjects/venvEdgar/lib/python3.7/site-packages/airflow/example_dags/example_trigger_controller_dag.py
[2021-03-22 03:11:56,923] {logging_mixin.py:104} INFO - [2021-03-22 03:11:56,922] {dag.py:1818} INFO - Sync 1 DAGs
[2021-03-22 03:11:56,965] {logging_mixin.py:104} INFO - [2021-03-22 03:11:56,963] {dag.py:2273} INFO - Setting next_dagrun for example_trigger_controller_dag to 2021-03-20 00:00:00+00:00
[2021-03-22 03:11:56,991] {scheduler_job.py:190} INFO - Processing /Users/akshaybhoge/PycharmProjects/venvEdgar/lib/python3.7/site-packages/airflow/example_dags/example_trigger_controller_dag.py took 0.210 seconds
[2021-03-22 03:12:32,276] {scheduler_job.py:182} INFO - Started process (PID=28283) to work on /Users/akshaybhoge/PycharmProjects/venvEdgar/lib/python3.7/site-packages/airflow/example_dags/example_trigger_controller_dag.py
[2021-03-22 03:12:32,283] {scheduler_job.py:629} INFO - Processing file /Users/akshaybhoge/PycharmProjects/venvEdgar/lib/python3.7/site-packages/airflow/example_dags/example_trigger_controller_dag.py for tasks to queue
[2021-03-22 03:12:32,288] {logging_mixin.py:104} INFO - [2021-03-22 03:12:32,286] {dagbag.py:448} INFO - Filling up the DagBag from /Users/akshaybhoge/PycharmProjects/venvEdgar/lib/python3.7/site-packages/airflow/example_dags/example_trigger_controller_dag.py
[2021-03-22 03:12:32,329] {scheduler_job.py:639} INFO - DAG(s) dict_keys(['example_trigger_controller_dag']) retrieved from /Users/akshaybhoge/PycharmProjects/venvEdgar/lib/python3.7/site-packages/airflow/example_dags/example_trigger_controller_dag.py
[2021-03-22 03:12:32,374] {logging_mixin.py:104} INFO - [2021-03-22 03:12:32,372] {dag.py:1818} INFO - Sync 1 DAGs
[2021-03-22 03:12:32,412] {logging_mixin.py:104} INFO - [2021-03-22 03:12:32,410] {dag.py:2273} INFO - Setting next_dagrun for example_trigger_controller_dag to 2021-03-20 00:00:00+00:00
[2021-03-22 03:12:32,436] {scheduler_job.py:190} INFO - Processing /Users/akshaybhoge/PycharmProjects/venvEdgar/lib/python3.7/site-packages/airflow/example_dags/example_trigger_controller_dag.py took 0.172 seconds
[2021-03-22 03:13:49,604] {scheduler_job.py:182} INFO - Started process (PID=28352) to work on /Users/akshaybhoge/PycharmProjects/venvEdgar/lib/python3.7/site-packages/airflow/example_dags/example_trigger_controller_dag.py
[2021-03-22 03:13:49,606] {scheduler_job.py:629} INFO - Processing file /Users/akshaybhoge/PycharmProjects/venvEdgar/lib/python3.7/site-packages/airflow/example_dags/example_trigger_controller_dag.py for tasks to queue
[2021-03-22 03:13:49,608] {logging_mixin.py:104} INFO - [2021-03-22 03:13:49,607] {dagbag.py:448} INFO - Filling up the DagBag from /Users/akshaybhoge/PycharmProjects/venvEdgar/lib/python3.7/site-packages/airflow/example_dags/example_trigger_controller_dag.py
[2021-03-22 03:13:49,620] {scheduler_job.py:639} INFO - DAG(s) dict_keys(['example_trigger_controller_dag']) retrieved from /Users/akshaybhoge/PycharmProjects/venvEdgar/lib/python3.7/site-packages/airflow/example_dags/example_trigger_controller_dag.py
[2021-03-22 03:13:49,632] {logging_mixin.py:104} INFO - [2021-03-22 03:13:49,631] {dag.py:1818} INFO - Sync 1 DAGs
[2021-03-22 03:13:49,645] {logging_mixin.py:104} INFO - [2021-03-22 03:13:49,645] {dag.py:2273} INFO - Setting next_dagrun for example_trigger_controller_dag to 2021-03-20 00:00:00+00:00
[2021-03-22 03:13:49,651] {scheduler_job.py:190} INFO - Processing /Users/akshaybhoge/PycharmProjects/venvEdgar/lib/python3.7/site-packages/airflow/example_dags/example_trigger_controller_dag.py took 0.049 seconds
[2021-03-22 03:14:21,631] {scheduler_job.py:182} INFO - Started process (PID=28405) to work on /Users/akshaybhoge/PycharmProjects/venvEdgar/lib/python3.7/site-packages/airflow/example_dags/example_trigger_controller_dag.py
[2021-03-22 03:14:21,633] {scheduler_job.py:629} INFO - Processing file /Users/akshaybhoge/PycharmProjects/venvEdgar/lib/python3.7/site-packages/airflow/example_dags/example_trigger_controller_dag.py for tasks to queue
[2021-03-22 03:14:21,634] {logging_mixin.py:104} INFO - [2021-03-22 03:14:21,634] {dagbag.py:448} INFO - Filling up the DagBag from /Users/akshaybhoge/PycharmProjects/venvEdgar/lib/python3.7/site-packages/airflow/example_dags/example_trigger_controller_dag.py
[2021-03-22 03:14:21,647] {scheduler_job.py:639} INFO - DAG(s) dict_keys(['example_trigger_controller_dag']) retrieved from /Users/akshaybhoge/PycharmProjects/venvEdgar/lib/python3.7/site-packages/airflow/example_dags/example_trigger_controller_dag.py
[2021-03-22 03:14:21,659] {logging_mixin.py:104} INFO - [2021-03-22 03:14:21,658] {dag.py:1818} INFO - Sync 1 DAGs
[2021-03-22 03:14:21,669] {logging_mixin.py:104} INFO - [2021-03-22 03:14:21,668] {dag.py:2273} INFO - Setting next_dagrun for example_trigger_controller_dag to 2021-03-20 00:00:00+00:00
[2021-03-22 03:14:21,675] {scheduler_job.py:190} INFO - Processing /Users/akshaybhoge/PycharmProjects/venvEdgar/lib/python3.7/site-packages/airflow/example_dags/example_trigger_controller_dag.py took 0.048 seconds
[2021-03-22 03:14:54,333] {scheduler_job.py:182} INFO - Started process (PID=28451) to work on /Users/akshaybhoge/PycharmProjects/venvEdgar/lib/python3.7/site-packages/airflow/example_dags/example_trigger_controller_dag.py
[2021-03-22 03:14:54,335] {scheduler_job.py:629} INFO - Processing file /Users/akshaybhoge/PycharmProjects/venvEdgar/lib/python3.7/site-packages/airflow/example_dags/example_trigger_controller_dag.py for tasks to queue
[2021-03-22 03:14:54,337] {logging_mixin.py:104} INFO - [2021-03-22 03:14:54,336] {dagbag.py:448} INFO - Filling up the DagBag from /Users/akshaybhoge/PycharmProjects/venvEdgar/lib/python3.7/site-packages/airflow/example_dags/example_trigger_controller_dag.py
[2021-03-22 03:14:54,350] {scheduler_job.py:639} INFO - DAG(s) dict_keys(['example_trigger_controller_dag']) retrieved from /Users/akshaybhoge/PycharmProjects/venvEdgar/lib/python3.7/site-packages/airflow/example_dags/example_trigger_controller_dag.py
[2021-03-22 03:14:54,363] {logging_mixin.py:104} INFO - [2021-03-22 03:14:54,362] {dag.py:1818} INFO - Sync 1 DAGs
[2021-03-22 03:14:54,373] {logging_mixin.py:104} INFO - [2021-03-22 03:14:54,373] {dag.py:2273} INFO - Setting next_dagrun for example_trigger_controller_dag to 2021-03-20 00:00:00+00:00
[2021-03-22 03:14:54,379] {scheduler_job.py:190} INFO - Processing /Users/akshaybhoge/PycharmProjects/venvEdgar/lib/python3.7/site-packages/airflow/example_dags/example_trigger_controller_dag.py took 0.049 seconds
[2021-03-22 03:15:29,180] {scheduler_job.py:182} INFO - Started process (PID=28489) to work on /Users/akshaybhoge/PycharmProjects/venvEdgar/lib/python3.7/site-packages/airflow/example_dags/example_trigger_controller_dag.py
[2021-03-22 03:15:29,183] {scheduler_job.py:629} INFO - Processing file /Users/akshaybhoge/PycharmProjects/venvEdgar/lib/python3.7/site-packages/airflow/example_dags/example_trigger_controller_dag.py for tasks to queue
[2021-03-22 03:15:29,184] {logging_mixin.py:104} INFO - [2021-03-22 03:15:29,184] {dagbag.py:448} INFO - Filling up the DagBag from /Users/akshaybhoge/PycharmProjects/venvEdgar/lib/python3.7/site-packages/airflow/example_dags/example_trigger_controller_dag.py
[2021-03-22 03:15:29,197] {scheduler_job.py:639} INFO - DAG(s) dict_keys(['example_trigger_controller_dag']) retrieved from /Users/akshaybhoge/PycharmProjects/venvEdgar/lib/python3.7/site-packages/airflow/example_dags/example_trigger_controller_dag.py
[2021-03-22 03:15:29,210] {logging_mixin.py:104} INFO - [2021-03-22 03:15:29,210] {dag.py:1818} INFO - Sync 1 DAGs
[2021-03-22 03:15:29,220] {logging_mixin.py:104} INFO - [2021-03-22 03:15:29,219] {dag.py:2273} INFO - Setting next_dagrun for example_trigger_controller_dag to 2021-03-20 00:00:00+00:00
[2021-03-22 03:15:29,226] {scheduler_job.py:190} INFO - Processing /Users/akshaybhoge/PycharmProjects/venvEdgar/lib/python3.7/site-packages/airflow/example_dags/example_trigger_controller_dag.py took 0.049 seconds
[2021-03-22 03:16:04,832] {scheduler_job.py:182} INFO - Started process (PID=28529) to work on /Users/akshaybhoge/PycharmProjects/venvEdgar/lib/python3.7/site-packages/airflow/example_dags/example_trigger_controller_dag.py
[2021-03-22 03:16:04,835] {scheduler_job.py:629} INFO - Processing file /Users/akshaybhoge/PycharmProjects/venvEdgar/lib/python3.7/site-packages/airflow/example_dags/example_trigger_controller_dag.py for tasks to queue
[2021-03-22 03:16:04,836] {logging_mixin.py:104} INFO - [2021-03-22 03:16:04,836] {dagbag.py:448} INFO - Filling up the DagBag from /Users/akshaybhoge/PycharmProjects/venvEdgar/lib/python3.7/site-packages/airflow/example_dags/example_trigger_controller_dag.py
[2021-03-22 03:16:04,849] {scheduler_job.py:639} INFO - DAG(s) dict_keys(['example_trigger_controller_dag']) retrieved from /Users/akshaybhoge/PycharmProjects/venvEdgar/lib/python3.7/site-packages/airflow/example_dags/example_trigger_controller_dag.py
[2021-03-22 03:16:04,861] {logging_mixin.py:104} INFO - [2021-03-22 03:16:04,861] {dag.py:1818} INFO - Sync 1 DAGs
[2021-03-22 03:16:04,871] {logging_mixin.py:104} INFO - [2021-03-22 03:16:04,871] {dag.py:2273} INFO - Setting next_dagrun for example_trigger_controller_dag to 2021-03-20 00:00:00+00:00
[2021-03-22 03:16:04,876] {scheduler_job.py:190} INFO - Processing /Users/akshaybhoge/PycharmProjects/venvEdgar/lib/python3.7/site-packages/airflow/example_dags/example_trigger_controller_dag.py took 0.048 seconds
[2021-03-22 03:16:37,051] {scheduler_job.py:182} INFO - Started process (PID=28578) to work on /Users/akshaybhoge/PycharmProjects/venvEdgar/lib/python3.7/site-packages/airflow/example_dags/example_trigger_controller_dag.py
[2021-03-22 03:16:37,054] {scheduler_job.py:629} INFO - Processing file /Users/akshaybhoge/PycharmProjects/venvEdgar/lib/python3.7/site-packages/airflow/example_dags/example_trigger_controller_dag.py for tasks to queue
[2021-03-22 03:16:37,055] {logging_mixin.py:104} INFO - [2021-03-22 03:16:37,055] {dagbag.py:448} INFO - Filling up the DagBag from /Users/akshaybhoge/PycharmProjects/venvEdgar/lib/python3.7/site-packages/airflow/example_dags/example_trigger_controller_dag.py
[2021-03-22 03:16:37,064] {scheduler_job.py:639} INFO - DAG(s) dict_keys(['example_trigger_controller_dag']) retrieved from /Users/akshaybhoge/PycharmProjects/venvEdgar/lib/python3.7/site-packages/airflow/example_dags/example_trigger_controller_dag.py
[2021-03-22 03:16:37,075] {logging_mixin.py:104} INFO - [2021-03-22 03:16:37,075] {dag.py:1818} INFO - Sync 1 DAGs
[2021-03-22 03:16:37,085] {logging_mixin.py:104} INFO - [2021-03-22 03:16:37,085] {dag.py:2273} INFO - Setting next_dagrun for example_trigger_controller_dag to 2021-03-20 00:00:00+00:00
[2021-03-22 03:16:37,092] {scheduler_job.py:190} INFO - Processing /Users/akshaybhoge/PycharmProjects/venvEdgar/lib/python3.7/site-packages/airflow/example_dags/example_trigger_controller_dag.py took 0.044 seconds
[2021-03-22 03:17:09,151] {scheduler_job.py:182} INFO - Started process (PID=28617) to work on /Users/akshaybhoge/PycharmProjects/venvEdgar/lib/python3.7/site-packages/airflow/example_dags/example_trigger_controller_dag.py
[2021-03-22 03:17:09,152] {scheduler_job.py:629} INFO - Processing file /Users/akshaybhoge/PycharmProjects/venvEdgar/lib/python3.7/site-packages/airflow/example_dags/example_trigger_controller_dag.py for tasks to queue
[2021-03-22 03:17:09,153] {logging_mixin.py:104} INFO - [2021-03-22 03:17:09,152] {dagbag.py:448} INFO - Filling up the DagBag from /Users/akshaybhoge/PycharmProjects/venvEdgar/lib/python3.7/site-packages/airflow/example_dags/example_trigger_controller_dag.py
[2021-03-22 03:17:09,160] {scheduler_job.py:639} INFO - DAG(s) dict_keys(['example_trigger_controller_dag']) retrieved from /Users/akshaybhoge/PycharmProjects/venvEdgar/lib/python3.7/site-packages/airflow/example_dags/example_trigger_controller_dag.py
[2021-03-22 03:17:09,170] {logging_mixin.py:104} INFO - [2021-03-22 03:17:09,169] {dag.py:1818} INFO - Sync 1 DAGs
[2021-03-22 03:17:09,177] {logging_mixin.py:104} INFO - [2021-03-22 03:17:09,177] {dag.py:2273} INFO - Setting next_dagrun for example_trigger_controller_dag to 2021-03-20 00:00:00+00:00
[2021-03-22 03:17:09,185] {scheduler_job.py:190} INFO - Processing /Users/akshaybhoge/PycharmProjects/venvEdgar/lib/python3.7/site-packages/airflow/example_dags/example_trigger_controller_dag.py took 0.038 seconds
[2021-03-22 03:17:41,160] {scheduler_job.py:182} INFO - Started process (PID=28650) to work on /Users/akshaybhoge/PycharmProjects/venvEdgar/lib/python3.7/site-packages/airflow/example_dags/example_trigger_controller_dag.py
[2021-03-22 03:17:41,161] {scheduler_job.py:629} INFO - Processing file /Users/akshaybhoge/PycharmProjects/venvEdgar/lib/python3.7/site-packages/airflow/example_dags/example_trigger_controller_dag.py for tasks to queue
[2021-03-22 03:17:41,162] {logging_mixin.py:104} INFO - [2021-03-22 03:17:41,162] {dagbag.py:448} INFO - Filling up the DagBag from /Users/akshaybhoge/PycharmProjects/venvEdgar/lib/python3.7/site-packages/airflow/example_dags/example_trigger_controller_dag.py
[2021-03-22 03:17:41,173] {scheduler_job.py:639} INFO - DAG(s) dict_keys(['example_trigger_controller_dag']) retrieved from /Users/akshaybhoge/PycharmProjects/venvEdgar/lib/python3.7/site-packages/airflow/example_dags/example_trigger_controller_dag.py
[2021-03-22 03:17:41,185] {logging_mixin.py:104} INFO - [2021-03-22 03:17:41,185] {dag.py:1818} INFO - Sync 1 DAGs
[2021-03-22 03:17:41,194] {logging_mixin.py:104} INFO - [2021-03-22 03:17:41,194] {dag.py:2273} INFO - Setting next_dagrun for example_trigger_controller_dag to 2021-03-20 00:00:00+00:00
[2021-03-22 03:17:41,200] {scheduler_job.py:190} INFO - Processing /Users/akshaybhoge/PycharmProjects/venvEdgar/lib/python3.7/site-packages/airflow/example_dags/example_trigger_controller_dag.py took 0.044 seconds
[2021-03-22 03:18:13,172] {scheduler_job.py:182} INFO - Started process (PID=28680) to work on /Users/akshaybhoge/PycharmProjects/venvEdgar/lib/python3.7/site-packages/airflow/example_dags/example_trigger_controller_dag.py
[2021-03-22 03:18:13,173] {scheduler_job.py:629} INFO - Processing file /Users/akshaybhoge/PycharmProjects/venvEdgar/lib/python3.7/site-packages/airflow/example_dags/example_trigger_controller_dag.py for tasks to queue
[2021-03-22 03:18:13,174] {logging_mixin.py:104} INFO - [2021-03-22 03:18:13,174] {dagbag.py:448} INFO - Filling up the DagBag from /Users/akshaybhoge/PycharmProjects/venvEdgar/lib/python3.7/site-packages/airflow/example_dags/example_trigger_controller_dag.py
[2021-03-22 03:18:13,186] {scheduler_job.py:639} INFO - DAG(s) dict_keys(['example_trigger_controller_dag']) retrieved from /Users/akshaybhoge/PycharmProjects/venvEdgar/lib/python3.7/site-packages/airflow/example_dags/example_trigger_controller_dag.py
[2021-03-22 03:18:13,199] {logging_mixin.py:104} INFO - [2021-03-22 03:18:13,199] {dag.py:1818} INFO - Sync 1 DAGs
[2021-03-22 03:18:13,208] {logging_mixin.py:104} INFO - [2021-03-22 03:18:13,208] {dag.py:2273} INFO - Setting next_dagrun for example_trigger_controller_dag to 2021-03-20 00:00:00+00:00
[2021-03-22 03:18:13,214] {scheduler_job.py:190} INFO - Processing /Users/akshaybhoge/PycharmProjects/venvEdgar/lib/python3.7/site-packages/airflow/example_dags/example_trigger_controller_dag.py took 0.046 seconds
[2021-03-22 03:18:45,281] {scheduler_job.py:182} INFO - Started process (PID=28720) to work on /Users/akshaybhoge/PycharmProjects/venvEdgar/lib/python3.7/site-packages/airflow/example_dags/example_trigger_controller_dag.py
[2021-03-22 03:18:45,283] {scheduler_job.py:629} INFO - Processing file /Users/akshaybhoge/PycharmProjects/venvEdgar/lib/python3.7/site-packages/airflow/example_dags/example_trigger_controller_dag.py for tasks to queue
[2021-03-22 03:18:45,284] {logging_mixin.py:104} INFO - [2021-03-22 03:18:45,284] {dagbag.py:448} INFO - Filling up the DagBag from /Users/akshaybhoge/PycharmProjects/venvEdgar/lib/python3.7/site-packages/airflow/example_dags/example_trigger_controller_dag.py
[2021-03-22 03:18:45,295] {scheduler_job.py:639} INFO - DAG(s) dict_keys(['example_trigger_controller_dag']) retrieved from /Users/akshaybhoge/PycharmProjects/venvEdgar/lib/python3.7/site-packages/airflow/example_dags/example_trigger_controller_dag.py
[2021-03-22 03:18:45,306] {logging_mixin.py:104} INFO - [2021-03-22 03:18:45,306] {dag.py:1818} INFO - Sync 1 DAGs
[2021-03-22 03:18:45,315] {logging_mixin.py:104} INFO - [2021-03-22 03:18:45,315] {dag.py:2273} INFO - Setting next_dagrun for example_trigger_controller_dag to 2021-03-20 00:00:00+00:00
[2021-03-22 03:18:45,321] {scheduler_job.py:190} INFO - Processing /Users/akshaybhoge/PycharmProjects/venvEdgar/lib/python3.7/site-packages/airflow/example_dags/example_trigger_controller_dag.py took 0.044 seconds
[2021-03-22 03:19:17,844] {scheduler_job.py:182} INFO - Started process (PID=28763) to work on /Users/akshaybhoge/PycharmProjects/venvEdgar/lib/python3.7/site-packages/airflow/example_dags/example_trigger_controller_dag.py
[2021-03-22 03:19:17,845] {scheduler_job.py:629} INFO - Processing file /Users/akshaybhoge/PycharmProjects/venvEdgar/lib/python3.7/site-packages/airflow/example_dags/example_trigger_controller_dag.py for tasks to queue
[2021-03-22 03:19:17,847] {logging_mixin.py:104} INFO - [2021-03-22 03:19:17,846] {dagbag.py:448} INFO - Filling up the DagBag from /Users/akshaybhoge/PycharmProjects/venvEdgar/lib/python3.7/site-packages/airflow/example_dags/example_trigger_controller_dag.py
[2021-03-22 03:19:17,861] {scheduler_job.py:639} INFO - DAG(s) dict_keys(['example_trigger_controller_dag']) retrieved from /Users/akshaybhoge/PycharmProjects/venvEdgar/lib/python3.7/site-packages/airflow/example_dags/example_trigger_controller_dag.py
[2021-03-22 03:19:17,874] {logging_mixin.py:104} INFO - [2021-03-22 03:19:17,874] {dag.py:1818} INFO - Sync 1 DAGs
[2021-03-22 03:19:17,884] {logging_mixin.py:104} INFO - [2021-03-22 03:19:17,884] {dag.py:2273} INFO - Setting next_dagrun for example_trigger_controller_dag to 2021-03-20 00:00:00+00:00
[2021-03-22 03:19:17,890] {scheduler_job.py:190} INFO - Processing /Users/akshaybhoge/PycharmProjects/venvEdgar/lib/python3.7/site-packages/airflow/example_dags/example_trigger_controller_dag.py took 0.049 seconds
[2021-03-22 03:19:50,260] {scheduler_job.py:182} INFO - Started process (PID=28794) to work on /Users/akshaybhoge/PycharmProjects/venvEdgar/lib/python3.7/site-packages/airflow/example_dags/example_trigger_controller_dag.py
[2021-03-22 03:19:50,264] {scheduler_job.py:629} INFO - Processing file /Users/akshaybhoge/PycharmProjects/venvEdgar/lib/python3.7/site-packages/airflow/example_dags/example_trigger_controller_dag.py for tasks to queue
[2021-03-22 03:19:50,265] {logging_mixin.py:104} INFO - [2021-03-22 03:19:50,264] {dagbag.py:448} INFO - Filling up the DagBag from /Users/akshaybhoge/PycharmProjects/venvEdgar/lib/python3.7/site-packages/airflow/example_dags/example_trigger_controller_dag.py
[2021-03-22 03:19:50,277] {scheduler_job.py:639} INFO - DAG(s) dict_keys(['example_trigger_controller_dag']) retrieved from /Users/akshaybhoge/PycharmProjects/venvEdgar/lib/python3.7/site-packages/airflow/example_dags/example_trigger_controller_dag.py
[2021-03-22 03:19:50,290] {logging_mixin.py:104} INFO - [2021-03-22 03:19:50,289] {dag.py:1818} INFO - Sync 1 DAGs
[2021-03-22 03:19:50,300] {logging_mixin.py:104} INFO - [2021-03-22 03:19:50,300] {dag.py:2273} INFO - Setting next_dagrun for example_trigger_controller_dag to 2021-03-20 00:00:00+00:00
[2021-03-22 03:19:50,307] {scheduler_job.py:190} INFO - Processing /Users/akshaybhoge/PycharmProjects/venvEdgar/lib/python3.7/site-packages/airflow/example_dags/example_trigger_controller_dag.py took 0.051 seconds
[2021-03-22 03:20:21,678] {scheduler_job.py:182} INFO - Started process (PID=28833) to work on /Users/akshaybhoge/PycharmProjects/venvEdgar/lib/python3.7/site-packages/airflow/example_dags/example_trigger_controller_dag.py
[2021-03-22 03:20:21,679] {scheduler_job.py:629} INFO - Processing file /Users/akshaybhoge/PycharmProjects/venvEdgar/lib/python3.7/site-packages/airflow/example_dags/example_trigger_controller_dag.py for tasks to queue
[2021-03-22 03:20:21,681] {logging_mixin.py:104} INFO - [2021-03-22 03:20:21,680] {dagbag.py:448} INFO - Filling up the DagBag from /Users/akshaybhoge/PycharmProjects/venvEdgar/lib/python3.7/site-packages/airflow/example_dags/example_trigger_controller_dag.py
[2021-03-22 03:20:21,692] {scheduler_job.py:639} INFO - DAG(s) dict_keys(['example_trigger_controller_dag']) retrieved from /Users/akshaybhoge/PycharmProjects/venvEdgar/lib/python3.7/site-packages/airflow/example_dags/example_trigger_controller_dag.py
[2021-03-22 03:20:21,705] {logging_mixin.py:104} INFO - [2021-03-22 03:20:21,704] {dag.py:1818} INFO - Sync 1 DAGs
[2021-03-22 03:20:21,715] {logging_mixin.py:104} INFO - [2021-03-22 03:20:21,714] {dag.py:2273} INFO - Setting next_dagrun for example_trigger_controller_dag to 2021-03-20 00:00:00+00:00
[2021-03-22 03:20:21,721] {scheduler_job.py:190} INFO - Processing /Users/akshaybhoge/PycharmProjects/venvEdgar/lib/python3.7/site-packages/airflow/example_dags/example_trigger_controller_dag.py took 0.046 seconds
[2021-03-22 03:20:54,028] {scheduler_job.py:182} INFO - Started process (PID=28879) to work on /Users/akshaybhoge/PycharmProjects/venvEdgar/lib/python3.7/site-packages/airflow/example_dags/example_trigger_controller_dag.py
[2021-03-22 03:20:54,030] {scheduler_job.py:629} INFO - Processing file /Users/akshaybhoge/PycharmProjects/venvEdgar/lib/python3.7/site-packages/airflow/example_dags/example_trigger_controller_dag.py for tasks to queue
[2021-03-22 03:20:54,032] {logging_mixin.py:104} INFO - [2021-03-22 03:20:54,031] {dagbag.py:448} INFO - Filling up the DagBag from /Users/akshaybhoge/PycharmProjects/venvEdgar/lib/python3.7/site-packages/airflow/example_dags/example_trigger_controller_dag.py
[2021-03-22 03:20:54,044] {scheduler_job.py:639} INFO - DAG(s) dict_keys(['example_trigger_controller_dag']) retrieved from /Users/akshaybhoge/PycharmProjects/venvEdgar/lib/python3.7/site-packages/airflow/example_dags/example_trigger_controller_dag.py
[2021-03-22 03:20:54,057] {logging_mixin.py:104} INFO - [2021-03-22 03:20:54,057] {dag.py:1818} INFO - Sync 1 DAGs
[2021-03-22 03:20:54,067] {logging_mixin.py:104} INFO - [2021-03-22 03:20:54,066] {dag.py:2273} INFO - Setting next_dagrun for example_trigger_controller_dag to 2021-03-20 00:00:00+00:00
[2021-03-22 03:20:54,073] {scheduler_job.py:190} INFO - Processing /Users/akshaybhoge/PycharmProjects/venvEdgar/lib/python3.7/site-packages/airflow/example_dags/example_trigger_controller_dag.py took 0.048 seconds
[2021-03-22 03:21:26,079] {scheduler_job.py:182} INFO - Started process (PID=28925) to work on /Users/akshaybhoge/PycharmProjects/venvEdgar/lib/python3.7/site-packages/airflow/example_dags/example_trigger_controller_dag.py
[2021-03-22 03:21:26,080] {scheduler_job.py:629} INFO - Processing file /Users/akshaybhoge/PycharmProjects/venvEdgar/lib/python3.7/site-packages/airflow/example_dags/example_trigger_controller_dag.py for tasks to queue
[2021-03-22 03:21:26,081] {logging_mixin.py:104} INFO - [2021-03-22 03:21:26,081] {dagbag.py:448} INFO - Filling up the DagBag from /Users/akshaybhoge/PycharmProjects/venvEdgar/lib/python3.7/site-packages/airflow/example_dags/example_trigger_controller_dag.py
[2021-03-22 03:21:26,096] {scheduler_job.py:639} INFO - DAG(s) dict_keys(['example_trigger_controller_dag']) retrieved from /Users/akshaybhoge/PycharmProjects/venvEdgar/lib/python3.7/site-packages/airflow/example_dags/example_trigger_controller_dag.py
[2021-03-22 03:21:26,110] {logging_mixin.py:104} INFO - [2021-03-22 03:21:26,109] {dag.py:1818} INFO - Sync 1 DAGs
[2021-03-22 03:21:26,120] {logging_mixin.py:104} INFO - [2021-03-22 03:21:26,120] {dag.py:2273} INFO - Setting next_dagrun for example_trigger_controller_dag to 2021-03-20 00:00:00+00:00
[2021-03-22 03:21:26,127] {scheduler_job.py:190} INFO - Processing /Users/akshaybhoge/PycharmProjects/venvEdgar/lib/python3.7/site-packages/airflow/example_dags/example_trigger_controller_dag.py took 0.052 seconds
[2021-03-22 03:23:00,154] {scheduler_job.py:182} INFO - Started process (PID=29027) to work on /Users/akshaybhoge/PycharmProjects/venvEdgar/lib/python3.7/site-packages/airflow/example_dags/example_trigger_controller_dag.py
[2021-03-22 03:23:00,157] {scheduler_job.py:629} INFO - Processing file /Users/akshaybhoge/PycharmProjects/venvEdgar/lib/python3.7/site-packages/airflow/example_dags/example_trigger_controller_dag.py for tasks to queue
[2021-03-22 03:23:00,158] {logging_mixin.py:104} INFO - [2021-03-22 03:23:00,158] {dagbag.py:448} INFO - Filling up the DagBag from /Users/akshaybhoge/PycharmProjects/venvEdgar/lib/python3.7/site-packages/airflow/example_dags/example_trigger_controller_dag.py
[2021-03-22 03:23:00,174] {scheduler_job.py:639} INFO - DAG(s) dict_keys(['example_trigger_controller_dag']) retrieved from /Users/akshaybhoge/PycharmProjects/venvEdgar/lib/python3.7/site-packages/airflow/example_dags/example_trigger_controller_dag.py
[2021-03-22 03:23:00,186] {logging_mixin.py:104} INFO - [2021-03-22 03:23:00,186] {dag.py:1818} INFO - Sync 1 DAGs
[2021-03-22 03:23:00,196] {logging_mixin.py:104} INFO - [2021-03-22 03:23:00,196] {dag.py:2273} INFO - Setting next_dagrun for example_trigger_controller_dag to 2021-03-20 00:00:00+00:00
[2021-03-22 03:23:00,203] {scheduler_job.py:190} INFO - Processing /Users/akshaybhoge/PycharmProjects/venvEdgar/lib/python3.7/site-packages/airflow/example_dags/example_trigger_controller_dag.py took 0.052 seconds
[2021-03-22 03:23:45,710] {scheduler_job.py:182} INFO - Started process (PID=29086) to work on /Users/akshaybhoge/PycharmProjects/venvEdgar/lib/python3.7/site-packages/airflow/example_dags/example_trigger_controller_dag.py
[2021-03-22 03:23:45,715] {scheduler_job.py:629} INFO - Processing file /Users/akshaybhoge/PycharmProjects/venvEdgar/lib/python3.7/site-packages/airflow/example_dags/example_trigger_controller_dag.py for tasks to queue
[2021-03-22 03:23:45,717] {logging_mixin.py:104} INFO - [2021-03-22 03:23:45,717] {dagbag.py:448} INFO - Filling up the DagBag from /Users/akshaybhoge/PycharmProjects/venvEdgar/lib/python3.7/site-packages/airflow/example_dags/example_trigger_controller_dag.py
[2021-03-22 03:23:45,733] {scheduler_job.py:639} INFO - DAG(s) dict_keys(['example_trigger_controller_dag']) retrieved from /Users/akshaybhoge/PycharmProjects/venvEdgar/lib/python3.7/site-packages/airflow/example_dags/example_trigger_controller_dag.py
[2021-03-22 03:23:45,750] {logging_mixin.py:104} INFO - [2021-03-22 03:23:45,750] {dag.py:1818} INFO - Sync 1 DAGs
[2021-03-22 03:23:45,763] {logging_mixin.py:104} INFO - [2021-03-22 03:23:45,762] {dag.py:2273} INFO - Setting next_dagrun for example_trigger_controller_dag to 2021-03-20 00:00:00+00:00
[2021-03-22 03:23:45,770] {scheduler_job.py:190} INFO - Processing /Users/akshaybhoge/PycharmProjects/venvEdgar/lib/python3.7/site-packages/airflow/example_dags/example_trigger_controller_dag.py took 0.064 seconds
[2021-03-22 03:24:24,181] {scheduler_job.py:182} INFO - Started process (PID=29132) to work on /Users/akshaybhoge/PycharmProjects/venvEdgar/lib/python3.7/site-packages/airflow/example_dags/example_trigger_controller_dag.py
[2021-03-22 03:24:24,183] {scheduler_job.py:629} INFO - Processing file /Users/akshaybhoge/PycharmProjects/venvEdgar/lib/python3.7/site-packages/airflow/example_dags/example_trigger_controller_dag.py for tasks to queue
[2021-03-22 03:24:24,184] {logging_mixin.py:104} INFO - [2021-03-22 03:24:24,183] {dagbag.py:448} INFO - Filling up the DagBag from /Users/akshaybhoge/PycharmProjects/venvEdgar/lib/python3.7/site-packages/airflow/example_dags/example_trigger_controller_dag.py
[2021-03-22 03:24:24,196] {scheduler_job.py:639} INFO - DAG(s) dict_keys(['example_trigger_controller_dag']) retrieved from /Users/akshaybhoge/PycharmProjects/venvEdgar/lib/python3.7/site-packages/airflow/example_dags/example_trigger_controller_dag.py
[2021-03-22 03:24:24,208] {logging_mixin.py:104} INFO - [2021-03-22 03:24:24,208] {dag.py:1818} INFO - Sync 1 DAGs
[2021-03-22 03:24:24,217] {logging_mixin.py:104} INFO - [2021-03-22 03:24:24,217] {dag.py:2273} INFO - Setting next_dagrun for example_trigger_controller_dag to 2021-03-20 00:00:00+00:00
[2021-03-22 03:24:24,224] {scheduler_job.py:190} INFO - Processing /Users/akshaybhoge/PycharmProjects/venvEdgar/lib/python3.7/site-packages/airflow/example_dags/example_trigger_controller_dag.py took 0.046 seconds
[2021-03-22 03:27:50,590] {scheduler_job.py:182} INFO - Started process (PID=29218) to work on /Users/akshaybhoge/PycharmProjects/venvEdgar/lib/python3.7/site-packages/airflow/example_dags/example_trigger_controller_dag.py
[2021-03-22 03:27:50,592] {scheduler_job.py:629} INFO - Processing file /Users/akshaybhoge/PycharmProjects/venvEdgar/lib/python3.7/site-packages/airflow/example_dags/example_trigger_controller_dag.py for tasks to queue
[2021-03-22 03:27:50,593] {logging_mixin.py:104} INFO - [2021-03-22 03:27:50,592] {dagbag.py:448} INFO - Filling up the DagBag from /Users/akshaybhoge/PycharmProjects/venvEdgar/lib/python3.7/site-packages/airflow/example_dags/example_trigger_controller_dag.py
[2021-03-22 03:27:50,599] {scheduler_job.py:639} INFO - DAG(s) dict_keys(['example_trigger_controller_dag']) retrieved from /Users/akshaybhoge/PycharmProjects/venvEdgar/lib/python3.7/site-packages/airflow/example_dags/example_trigger_controller_dag.py
[2021-03-22 03:27:50,610] {logging_mixin.py:104} INFO - [2021-03-22 03:27:50,610] {dag.py:1818} INFO - Sync 1 DAGs
[2021-03-22 03:27:50,618] {logging_mixin.py:104} INFO - [2021-03-22 03:27:50,618] {dag.py:2273} INFO - Setting next_dagrun for example_trigger_controller_dag to 2021-03-20 00:00:00+00:00
[2021-03-22 03:27:50,624] {scheduler_job.py:190} INFO - Processing /Users/akshaybhoge/PycharmProjects/venvEdgar/lib/python3.7/site-packages/airflow/example_dags/example_trigger_controller_dag.py took 0.037 seconds
[2021-03-22 03:28:25,515] {scheduler_job.py:182} INFO - Started process (PID=29270) to work on /Users/akshaybhoge/PycharmProjects/venvEdgar/lib/python3.7/site-packages/airflow/example_dags/example_trigger_controller_dag.py
[2021-03-22 03:28:25,517] {scheduler_job.py:629} INFO - Processing file /Users/akshaybhoge/PycharmProjects/venvEdgar/lib/python3.7/site-packages/airflow/example_dags/example_trigger_controller_dag.py for tasks to queue
[2021-03-22 03:28:25,519] {logging_mixin.py:104} INFO - [2021-03-22 03:28:25,518] {dagbag.py:448} INFO - Filling up the DagBag from /Users/akshaybhoge/PycharmProjects/venvEdgar/lib/python3.7/site-packages/airflow/example_dags/example_trigger_controller_dag.py
[2021-03-22 03:28:25,526] {scheduler_job.py:639} INFO - DAG(s) dict_keys(['example_trigger_controller_dag']) retrieved from /Users/akshaybhoge/PycharmProjects/venvEdgar/lib/python3.7/site-packages/airflow/example_dags/example_trigger_controller_dag.py
[2021-03-22 03:28:25,536] {logging_mixin.py:104} INFO - [2021-03-22 03:28:25,536] {dag.py:1818} INFO - Sync 1 DAGs
[2021-03-22 03:28:25,544] {logging_mixin.py:104} INFO - [2021-03-22 03:28:25,544] {dag.py:2273} INFO - Setting next_dagrun for example_trigger_controller_dag to 2021-03-20 00:00:00+00:00
[2021-03-22 03:28:25,550] {scheduler_job.py:190} INFO - Processing /Users/akshaybhoge/PycharmProjects/venvEdgar/lib/python3.7/site-packages/airflow/example_dags/example_trigger_controller_dag.py took 0.037 seconds
[2021-03-22 03:28:56,450] {scheduler_job.py:182} INFO - Started process (PID=29312) to work on /Users/akshaybhoge/PycharmProjects/venvEdgar/lib/python3.7/site-packages/airflow/example_dags/example_trigger_controller_dag.py
[2021-03-22 03:28:56,452] {scheduler_job.py:629} INFO - Processing file /Users/akshaybhoge/PycharmProjects/venvEdgar/lib/python3.7/site-packages/airflow/example_dags/example_trigger_controller_dag.py for tasks to queue
[2021-03-22 03:28:56,453] {logging_mixin.py:104} INFO - [2021-03-22 03:28:56,453] {dagbag.py:448} INFO - Filling up the DagBag from /Users/akshaybhoge/PycharmProjects/venvEdgar/lib/python3.7/site-packages/airflow/example_dags/example_trigger_controller_dag.py
[2021-03-22 03:28:56,460] {scheduler_job.py:639} INFO - DAG(s) dict_keys(['example_trigger_controller_dag']) retrieved from /Users/akshaybhoge/PycharmProjects/venvEdgar/lib/python3.7/site-packages/airflow/example_dags/example_trigger_controller_dag.py
[2021-03-22 03:28:56,471] {logging_mixin.py:104} INFO - [2021-03-22 03:28:56,471] {dag.py:1818} INFO - Sync 1 DAGs
[2021-03-22 03:28:56,480] {logging_mixin.py:104} INFO - [2021-03-22 03:28:56,479] {dag.py:2273} INFO - Setting next_dagrun for example_trigger_controller_dag to 2021-03-20 00:00:00+00:00
[2021-03-22 03:28:56,486] {scheduler_job.py:190} INFO - Processing /Users/akshaybhoge/PycharmProjects/venvEdgar/lib/python3.7/site-packages/airflow/example_dags/example_trigger_controller_dag.py took 0.039 seconds
[2021-03-22 03:29:30,865] {scheduler_job.py:182} INFO - Started process (PID=29354) to work on /Users/akshaybhoge/PycharmProjects/venvEdgar/lib/python3.7/site-packages/airflow/example_dags/example_trigger_controller_dag.py
[2021-03-22 03:29:30,867] {scheduler_job.py:629} INFO - Processing file /Users/akshaybhoge/PycharmProjects/venvEdgar/lib/python3.7/site-packages/airflow/example_dags/example_trigger_controller_dag.py for tasks to queue
[2021-03-22 03:29:30,869] {logging_mixin.py:104} INFO - [2021-03-22 03:29:30,868] {dagbag.py:448} INFO - Filling up the DagBag from /Users/akshaybhoge/PycharmProjects/venvEdgar/lib/python3.7/site-packages/airflow/example_dags/example_trigger_controller_dag.py
[2021-03-22 03:29:30,875] {scheduler_job.py:639} INFO - DAG(s) dict_keys(['example_trigger_controller_dag']) retrieved from /Users/akshaybhoge/PycharmProjects/venvEdgar/lib/python3.7/site-packages/airflow/example_dags/example_trigger_controller_dag.py
[2021-03-22 03:29:30,888] {logging_mixin.py:104} INFO - [2021-03-22 03:29:30,888] {dag.py:1818} INFO - Sync 1 DAGs
[2021-03-22 03:29:30,899] {logging_mixin.py:104} INFO - [2021-03-22 03:29:30,899] {dag.py:2273} INFO - Setting next_dagrun for example_trigger_controller_dag to 2021-03-20 00:00:00+00:00
[2021-03-22 03:29:30,906] {scheduler_job.py:190} INFO - Processing /Users/akshaybhoge/PycharmProjects/venvEdgar/lib/python3.7/site-packages/airflow/example_dags/example_trigger_controller_dag.py took 0.044 seconds
[2021-03-22 03:30:02,401] {scheduler_job.py:182} INFO - Started process (PID=29392) to work on /Users/akshaybhoge/PycharmProjects/venvEdgar/lib/python3.7/site-packages/airflow/example_dags/example_trigger_controller_dag.py
[2021-03-22 03:30:02,403] {scheduler_job.py:629} INFO - Processing file /Users/akshaybhoge/PycharmProjects/venvEdgar/lib/python3.7/site-packages/airflow/example_dags/example_trigger_controller_dag.py for tasks to queue
[2021-03-22 03:30:02,404] {logging_mixin.py:104} INFO - [2021-03-22 03:30:02,404] {dagbag.py:448} INFO - Filling up the DagBag from /Users/akshaybhoge/PycharmProjects/venvEdgar/lib/python3.7/site-packages/airflow/example_dags/example_trigger_controller_dag.py
[2021-03-22 03:30:02,412] {scheduler_job.py:639} INFO - DAG(s) dict_keys(['example_trigger_controller_dag']) retrieved from /Users/akshaybhoge/PycharmProjects/venvEdgar/lib/python3.7/site-packages/airflow/example_dags/example_trigger_controller_dag.py
[2021-03-22 03:30:02,424] {logging_mixin.py:104} INFO - [2021-03-22 03:30:02,424] {dag.py:1818} INFO - Sync 1 DAGs
[2021-03-22 03:30:02,432] {logging_mixin.py:104} INFO - [2021-03-22 03:30:02,432] {dag.py:2273} INFO - Setting next_dagrun for example_trigger_controller_dag to 2021-03-20 00:00:00+00:00
[2021-03-22 03:30:02,438] {scheduler_job.py:190} INFO - Processing /Users/akshaybhoge/PycharmProjects/venvEdgar/lib/python3.7/site-packages/airflow/example_dags/example_trigger_controller_dag.py took 0.042 seconds
[2021-03-22 03:30:35,076] {scheduler_job.py:182} INFO - Started process (PID=29435) to work on /Users/akshaybhoge/PycharmProjects/venvEdgar/lib/python3.7/site-packages/airflow/example_dags/example_trigger_controller_dag.py
[2021-03-22 03:30:35,078] {scheduler_job.py:629} INFO - Processing file /Users/akshaybhoge/PycharmProjects/venvEdgar/lib/python3.7/site-packages/airflow/example_dags/example_trigger_controller_dag.py for tasks to queue
[2021-03-22 03:30:35,080] {logging_mixin.py:104} INFO - [2021-03-22 03:30:35,079] {dagbag.py:448} INFO - Filling up the DagBag from /Users/akshaybhoge/PycharmProjects/venvEdgar/lib/python3.7/site-packages/airflow/example_dags/example_trigger_controller_dag.py
[2021-03-22 03:30:35,086] {scheduler_job.py:639} INFO - DAG(s) dict_keys(['example_trigger_controller_dag']) retrieved from /Users/akshaybhoge/PycharmProjects/venvEdgar/lib/python3.7/site-packages/airflow/example_dags/example_trigger_controller_dag.py
[2021-03-22 03:30:35,097] {logging_mixin.py:104} INFO - [2021-03-22 03:30:35,097] {dag.py:1818} INFO - Sync 1 DAGs
[2021-03-22 03:30:35,106] {logging_mixin.py:104} INFO - [2021-03-22 03:30:35,106] {dag.py:2273} INFO - Setting next_dagrun for example_trigger_controller_dag to 2021-03-20 00:00:00+00:00
[2021-03-22 03:30:35,112] {scheduler_job.py:190} INFO - Processing /Users/akshaybhoge/PycharmProjects/venvEdgar/lib/python3.7/site-packages/airflow/example_dags/example_trigger_controller_dag.py took 0.038 seconds
[2021-03-22 03:31:06,588] {scheduler_job.py:182} INFO - Started process (PID=29468) to work on /Users/akshaybhoge/PycharmProjects/venvEdgar/lib/python3.7/site-packages/airflow/example_dags/example_trigger_controller_dag.py
[2021-03-22 03:31:06,590] {scheduler_job.py:629} INFO - Processing file /Users/akshaybhoge/PycharmProjects/venvEdgar/lib/python3.7/site-packages/airflow/example_dags/example_trigger_controller_dag.py for tasks to queue
[2021-03-22 03:31:06,592] {logging_mixin.py:104} INFO - [2021-03-22 03:31:06,591] {dagbag.py:448} INFO - Filling up the DagBag from /Users/akshaybhoge/PycharmProjects/venvEdgar/lib/python3.7/site-packages/airflow/example_dags/example_trigger_controller_dag.py
[2021-03-22 03:31:06,599] {scheduler_job.py:639} INFO - DAG(s) dict_keys(['example_trigger_controller_dag']) retrieved from /Users/akshaybhoge/PycharmProjects/venvEdgar/lib/python3.7/site-packages/airflow/example_dags/example_trigger_controller_dag.py
[2021-03-22 03:31:06,614] {logging_mixin.py:104} INFO - [2021-03-22 03:31:06,614] {dag.py:1818} INFO - Sync 1 DAGs
[2021-03-22 03:31:06,626] {logging_mixin.py:104} INFO - [2021-03-22 03:31:06,626] {dag.py:2273} INFO - Setting next_dagrun for example_trigger_controller_dag to 2021-03-20 00:00:00+00:00
[2021-03-22 03:31:06,633] {scheduler_job.py:190} INFO - Processing /Users/akshaybhoge/PycharmProjects/venvEdgar/lib/python3.7/site-packages/airflow/example_dags/example_trigger_controller_dag.py took 0.048 seconds
[2021-03-22 03:31:38,588] {scheduler_job.py:182} INFO - Started process (PID=29500) to work on /Users/akshaybhoge/PycharmProjects/venvEdgar/lib/python3.7/site-packages/airflow/example_dags/example_trigger_controller_dag.py
[2021-03-22 03:31:38,590] {scheduler_job.py:629} INFO - Processing file /Users/akshaybhoge/PycharmProjects/venvEdgar/lib/python3.7/site-packages/airflow/example_dags/example_trigger_controller_dag.py for tasks to queue
[2021-03-22 03:31:38,591] {logging_mixin.py:104} INFO - [2021-03-22 03:31:38,590] {dagbag.py:448} INFO - Filling up the DagBag from /Users/akshaybhoge/PycharmProjects/venvEdgar/lib/python3.7/site-packages/airflow/example_dags/example_trigger_controller_dag.py
[2021-03-22 03:31:38,599] {scheduler_job.py:639} INFO - DAG(s) dict_keys(['example_trigger_controller_dag']) retrieved from /Users/akshaybhoge/PycharmProjects/venvEdgar/lib/python3.7/site-packages/airflow/example_dags/example_trigger_controller_dag.py
[2021-03-22 03:31:38,614] {logging_mixin.py:104} INFO - [2021-03-22 03:31:38,613] {dag.py:1818} INFO - Sync 1 DAGs
[2021-03-22 03:31:38,624] {logging_mixin.py:104} INFO - [2021-03-22 03:31:38,624] {dag.py:2273} INFO - Setting next_dagrun for example_trigger_controller_dag to 2021-03-20 00:00:00+00:00
[2021-03-22 03:31:38,631] {scheduler_job.py:190} INFO - Processing /Users/akshaybhoge/PycharmProjects/venvEdgar/lib/python3.7/site-packages/airflow/example_dags/example_trigger_controller_dag.py took 0.047 seconds
[2021-03-22 03:32:10,796] {scheduler_job.py:182} INFO - Started process (PID=29534) to work on /Users/akshaybhoge/PycharmProjects/venvEdgar/lib/python3.7/site-packages/airflow/example_dags/example_trigger_controller_dag.py
[2021-03-22 03:32:10,797] {scheduler_job.py:629} INFO - Processing file /Users/akshaybhoge/PycharmProjects/venvEdgar/lib/python3.7/site-packages/airflow/example_dags/example_trigger_controller_dag.py for tasks to queue
[2021-03-22 03:32:10,799] {logging_mixin.py:104} INFO - [2021-03-22 03:32:10,798] {dagbag.py:448} INFO - Filling up the DagBag from /Users/akshaybhoge/PycharmProjects/venvEdgar/lib/python3.7/site-packages/airflow/example_dags/example_trigger_controller_dag.py
[2021-03-22 03:32:10,806] {scheduler_job.py:639} INFO - DAG(s) dict_keys(['example_trigger_controller_dag']) retrieved from /Users/akshaybhoge/PycharmProjects/venvEdgar/lib/python3.7/site-packages/airflow/example_dags/example_trigger_controller_dag.py
[2021-03-22 03:32:10,818] {logging_mixin.py:104} INFO - [2021-03-22 03:32:10,818] {dag.py:1818} INFO - Sync 1 DAGs
[2021-03-22 03:32:10,827] {logging_mixin.py:104} INFO - [2021-03-22 03:32:10,826] {dag.py:2273} INFO - Setting next_dagrun for example_trigger_controller_dag to 2021-03-20 00:00:00+00:00
[2021-03-22 03:32:10,832] {scheduler_job.py:190} INFO - Processing /Users/akshaybhoge/PycharmProjects/venvEdgar/lib/python3.7/site-packages/airflow/example_dags/example_trigger_controller_dag.py took 0.040 seconds
[2021-03-22 03:32:42,920] {scheduler_job.py:182} INFO - Started process (PID=29564) to work on /Users/akshaybhoge/PycharmProjects/venvEdgar/lib/python3.7/site-packages/airflow/example_dags/example_trigger_controller_dag.py
[2021-03-22 03:32:42,922] {scheduler_job.py:629} INFO - Processing file /Users/akshaybhoge/PycharmProjects/venvEdgar/lib/python3.7/site-packages/airflow/example_dags/example_trigger_controller_dag.py for tasks to queue
[2021-03-22 03:32:42,923] {logging_mixin.py:104} INFO - [2021-03-22 03:32:42,923] {dagbag.py:448} INFO - Filling up the DagBag from /Users/akshaybhoge/PycharmProjects/venvEdgar/lib/python3.7/site-packages/airflow/example_dags/example_trigger_controller_dag.py
[2021-03-22 03:32:42,928] {scheduler_job.py:639} INFO - DAG(s) dict_keys(['example_trigger_controller_dag']) retrieved from /Users/akshaybhoge/PycharmProjects/venvEdgar/lib/python3.7/site-packages/airflow/example_dags/example_trigger_controller_dag.py
[2021-03-22 03:32:42,940] {logging_mixin.py:104} INFO - [2021-03-22 03:32:42,940] {dag.py:1818} INFO - Sync 1 DAGs
[2021-03-22 03:32:42,948] {logging_mixin.py:104} INFO - [2021-03-22 03:32:42,948] {dag.py:2273} INFO - Setting next_dagrun for example_trigger_controller_dag to 2021-03-20 00:00:00+00:00
[2021-03-22 03:32:42,954] {scheduler_job.py:190} INFO - Processing /Users/akshaybhoge/PycharmProjects/venvEdgar/lib/python3.7/site-packages/airflow/example_dags/example_trigger_controller_dag.py took 0.037 seconds
[2021-03-22 03:35:43,418] {scheduler_job.py:182} INFO - Started process (PID=29727) to work on /Users/akshaybhoge/PycharmProjects/venvEdgar/lib/python3.7/site-packages/airflow/example_dags/example_trigger_controller_dag.py
[2021-03-22 03:35:43,420] {scheduler_job.py:629} INFO - Processing file /Users/akshaybhoge/PycharmProjects/venvEdgar/lib/python3.7/site-packages/airflow/example_dags/example_trigger_controller_dag.py for tasks to queue
[2021-03-22 03:35:43,421] {logging_mixin.py:104} INFO - [2021-03-22 03:35:43,421] {dagbag.py:448} INFO - Filling up the DagBag from /Users/akshaybhoge/PycharmProjects/venvEdgar/lib/python3.7/site-packages/airflow/example_dags/example_trigger_controller_dag.py
[2021-03-22 03:35:43,435] {scheduler_job.py:639} INFO - DAG(s) dict_keys(['example_trigger_controller_dag']) retrieved from /Users/akshaybhoge/PycharmProjects/venvEdgar/lib/python3.7/site-packages/airflow/example_dags/example_trigger_controller_dag.py
[2021-03-22 03:35:43,447] {logging_mixin.py:104} INFO - [2021-03-22 03:35:43,446] {dag.py:1818} INFO - Sync 1 DAGs
[2021-03-22 03:35:43,456] {logging_mixin.py:104} INFO - [2021-03-22 03:35:43,456] {dag.py:2273} INFO - Setting next_dagrun for example_trigger_controller_dag to 2021-03-20 00:00:00+00:00
[2021-03-22 03:35:43,462] {scheduler_job.py:190} INFO - Processing /Users/akshaybhoge/PycharmProjects/venvEdgar/lib/python3.7/site-packages/airflow/example_dags/example_trigger_controller_dag.py took 0.047 seconds
[2021-03-22 03:39:34,313] {scheduler_job.py:182} INFO - Started process (PID=29856) to work on /Users/akshaybhoge/PycharmProjects/venvEdgar/lib/python3.7/site-packages/airflow/example_dags/example_trigger_controller_dag.py
[2021-03-22 03:39:34,316] {scheduler_job.py:629} INFO - Processing file /Users/akshaybhoge/PycharmProjects/venvEdgar/lib/python3.7/site-packages/airflow/example_dags/example_trigger_controller_dag.py for tasks to queue
[2021-03-22 03:39:34,318] {logging_mixin.py:104} INFO - [2021-03-22 03:39:34,318] {dagbag.py:448} INFO - Filling up the DagBag from /Users/akshaybhoge/PycharmProjects/venvEdgar/lib/python3.7/site-packages/airflow/example_dags/example_trigger_controller_dag.py
[2021-03-22 03:39:34,323] {scheduler_job.py:639} INFO - DAG(s) dict_keys(['example_trigger_controller_dag']) retrieved from /Users/akshaybhoge/PycharmProjects/venvEdgar/lib/python3.7/site-packages/airflow/example_dags/example_trigger_controller_dag.py
[2021-03-22 03:39:34,336] {logging_mixin.py:104} INFO - [2021-03-22 03:39:34,336] {dag.py:1818} INFO - Sync 1 DAGs
[2021-03-22 03:39:34,344] {logging_mixin.py:104} INFO - [2021-03-22 03:39:34,344] {dag.py:2273} INFO - Setting next_dagrun for example_trigger_controller_dag to 2021-03-20 00:00:00+00:00
[2021-03-22 03:39:34,350] {scheduler_job.py:190} INFO - Processing /Users/akshaybhoge/PycharmProjects/venvEdgar/lib/python3.7/site-packages/airflow/example_dags/example_trigger_controller_dag.py took 0.039 seconds
[2021-03-22 03:40:05,214] {scheduler_job.py:182} INFO - Started process (PID=29893) to work on /Users/akshaybhoge/PycharmProjects/venvEdgar/lib/python3.7/site-packages/airflow/example_dags/example_trigger_controller_dag.py
[2021-03-22 03:40:05,215] {scheduler_job.py:629} INFO - Processing file /Users/akshaybhoge/PycharmProjects/venvEdgar/lib/python3.7/site-packages/airflow/example_dags/example_trigger_controller_dag.py for tasks to queue
[2021-03-22 03:40:05,216] {logging_mixin.py:104} INFO - [2021-03-22 03:40:05,215] {dagbag.py:448} INFO - Filling up the DagBag from /Users/akshaybhoge/PycharmProjects/venvEdgar/lib/python3.7/site-packages/airflow/example_dags/example_trigger_controller_dag.py
[2021-03-22 03:40:05,221] {scheduler_job.py:639} INFO - DAG(s) dict_keys(['example_trigger_controller_dag']) retrieved from /Users/akshaybhoge/PycharmProjects/venvEdgar/lib/python3.7/site-packages/airflow/example_dags/example_trigger_controller_dag.py
[2021-03-22 03:40:05,231] {logging_mixin.py:104} INFO - [2021-03-22 03:40:05,231] {dag.py:1818} INFO - Sync 1 DAGs
[2021-03-22 03:40:05,239] {logging_mixin.py:104} INFO - [2021-03-22 03:40:05,239] {dag.py:2273} INFO - Setting next_dagrun for example_trigger_controller_dag to 2021-03-20 00:00:00+00:00
[2021-03-22 03:40:05,245] {scheduler_job.py:190} INFO - Processing /Users/akshaybhoge/PycharmProjects/venvEdgar/lib/python3.7/site-packages/airflow/example_dags/example_trigger_controller_dag.py took 0.035 seconds
[2021-03-22 03:40:35,985] {scheduler_job.py:182} INFO - Started process (PID=29930) to work on /Users/akshaybhoge/PycharmProjects/venvEdgar/lib/python3.7/site-packages/airflow/example_dags/example_trigger_controller_dag.py
[2021-03-22 03:40:35,986] {scheduler_job.py:629} INFO - Processing file /Users/akshaybhoge/PycharmProjects/venvEdgar/lib/python3.7/site-packages/airflow/example_dags/example_trigger_controller_dag.py for tasks to queue
[2021-03-22 03:40:35,987] {logging_mixin.py:104} INFO - [2021-03-22 03:40:35,986] {dagbag.py:448} INFO - Filling up the DagBag from /Users/akshaybhoge/PycharmProjects/venvEdgar/lib/python3.7/site-packages/airflow/example_dags/example_trigger_controller_dag.py
[2021-03-22 03:40:35,992] {scheduler_job.py:639} INFO - DAG(s) dict_keys(['example_trigger_controller_dag']) retrieved from /Users/akshaybhoge/PycharmProjects/venvEdgar/lib/python3.7/site-packages/airflow/example_dags/example_trigger_controller_dag.py
[2021-03-22 03:40:36,002] {logging_mixin.py:104} INFO - [2021-03-22 03:40:36,001] {dag.py:1818} INFO - Sync 1 DAGs
[2021-03-22 03:40:36,009] {logging_mixin.py:104} INFO - [2021-03-22 03:40:36,008] {dag.py:2273} INFO - Setting next_dagrun for example_trigger_controller_dag to 2021-03-20 00:00:00+00:00
[2021-03-22 03:40:36,014] {scheduler_job.py:190} INFO - Processing /Users/akshaybhoge/PycharmProjects/venvEdgar/lib/python3.7/site-packages/airflow/example_dags/example_trigger_controller_dag.py took 0.032 seconds
[2021-03-22 03:41:08,499] {scheduler_job.py:182} INFO - Started process (PID=29965) to work on /Users/akshaybhoge/PycharmProjects/venvEdgar/lib/python3.7/site-packages/airflow/example_dags/example_trigger_controller_dag.py
[2021-03-22 03:41:08,502] {scheduler_job.py:629} INFO - Processing file /Users/akshaybhoge/PycharmProjects/venvEdgar/lib/python3.7/site-packages/airflow/example_dags/example_trigger_controller_dag.py for tasks to queue
[2021-03-22 03:41:08,503] {logging_mixin.py:104} INFO - [2021-03-22 03:41:08,503] {dagbag.py:448} INFO - Filling up the DagBag from /Users/akshaybhoge/PycharmProjects/venvEdgar/lib/python3.7/site-packages/airflow/example_dags/example_trigger_controller_dag.py
[2021-03-22 03:41:08,511] {scheduler_job.py:639} INFO - DAG(s) dict_keys(['example_trigger_controller_dag']) retrieved from /Users/akshaybhoge/PycharmProjects/venvEdgar/lib/python3.7/site-packages/airflow/example_dags/example_trigger_controller_dag.py
[2021-03-22 03:41:08,526] {logging_mixin.py:104} INFO - [2021-03-22 03:41:08,525] {dag.py:1818} INFO - Sync 1 DAGs
[2021-03-22 03:41:08,538] {logging_mixin.py:104} INFO - [2021-03-22 03:41:08,537] {dag.py:2273} INFO - Setting next_dagrun for example_trigger_controller_dag to 2021-03-20 00:00:00+00:00
[2021-03-22 03:41:08,547] {scheduler_job.py:190} INFO - Processing /Users/akshaybhoge/PycharmProjects/venvEdgar/lib/python3.7/site-packages/airflow/example_dags/example_trigger_controller_dag.py took 0.052 seconds
[2021-03-22 03:41:41,599] {scheduler_job.py:182} INFO - Started process (PID=30010) to work on /Users/akshaybhoge/PycharmProjects/venvEdgar/lib/python3.7/site-packages/airflow/example_dags/example_trigger_controller_dag.py
[2021-03-22 03:41:41,601] {scheduler_job.py:629} INFO - Processing file /Users/akshaybhoge/PycharmProjects/venvEdgar/lib/python3.7/site-packages/airflow/example_dags/example_trigger_controller_dag.py for tasks to queue
[2021-03-22 03:41:41,602] {logging_mixin.py:104} INFO - [2021-03-22 03:41:41,601] {dagbag.py:448} INFO - Filling up the DagBag from /Users/akshaybhoge/PycharmProjects/venvEdgar/lib/python3.7/site-packages/airflow/example_dags/example_trigger_controller_dag.py
[2021-03-22 03:41:41,608] {scheduler_job.py:639} INFO - DAG(s) dict_keys(['example_trigger_controller_dag']) retrieved from /Users/akshaybhoge/PycharmProjects/venvEdgar/lib/python3.7/site-packages/airflow/example_dags/example_trigger_controller_dag.py
[2021-03-22 03:41:41,619] {logging_mixin.py:104} INFO - [2021-03-22 03:41:41,619] {dag.py:1818} INFO - Sync 1 DAGs
[2021-03-22 03:41:41,628] {logging_mixin.py:104} INFO - [2021-03-22 03:41:41,627] {dag.py:2273} INFO - Setting next_dagrun for example_trigger_controller_dag to 2021-03-20 00:00:00+00:00
[2021-03-22 03:41:41,633] {scheduler_job.py:190} INFO - Processing /Users/akshaybhoge/PycharmProjects/venvEdgar/lib/python3.7/site-packages/airflow/example_dags/example_trigger_controller_dag.py took 0.037 seconds
[2021-03-22 03:42:15,326] {scheduler_job.py:182} INFO - Started process (PID=30051) to work on /Users/akshaybhoge/PycharmProjects/venvEdgar/lib/python3.7/site-packages/airflow/example_dags/example_trigger_controller_dag.py
[2021-03-22 03:42:15,327] {scheduler_job.py:629} INFO - Processing file /Users/akshaybhoge/PycharmProjects/venvEdgar/lib/python3.7/site-packages/airflow/example_dags/example_trigger_controller_dag.py for tasks to queue
[2021-03-22 03:42:15,328] {logging_mixin.py:104} INFO - [2021-03-22 03:42:15,328] {dagbag.py:448} INFO - Filling up the DagBag from /Users/akshaybhoge/PycharmProjects/venvEdgar/lib/python3.7/site-packages/airflow/example_dags/example_trigger_controller_dag.py
[2021-03-22 03:42:15,334] {scheduler_job.py:639} INFO - DAG(s) dict_keys(['example_trigger_controller_dag']) retrieved from /Users/akshaybhoge/PycharmProjects/venvEdgar/lib/python3.7/site-packages/airflow/example_dags/example_trigger_controller_dag.py
[2021-03-22 03:42:15,348] {logging_mixin.py:104} INFO - [2021-03-22 03:42:15,348] {dag.py:1818} INFO - Sync 1 DAGs
[2021-03-22 03:42:15,358] {logging_mixin.py:104} INFO - [2021-03-22 03:42:15,358] {dag.py:2273} INFO - Setting next_dagrun for example_trigger_controller_dag to 2021-03-20 00:00:00+00:00
[2021-03-22 03:42:15,365] {scheduler_job.py:190} INFO - Processing /Users/akshaybhoge/PycharmProjects/venvEdgar/lib/python3.7/site-packages/airflow/example_dags/example_trigger_controller_dag.py took 0.042 seconds
[2021-03-22 03:42:47,939] {scheduler_job.py:182} INFO - Started process (PID=30096) to work on /Users/akshaybhoge/PycharmProjects/venvEdgar/lib/python3.7/site-packages/airflow/example_dags/example_trigger_controller_dag.py
[2021-03-22 03:42:47,941] {scheduler_job.py:629} INFO - Processing file /Users/akshaybhoge/PycharmProjects/venvEdgar/lib/python3.7/site-packages/airflow/example_dags/example_trigger_controller_dag.py for tasks to queue
[2021-03-22 03:42:47,942] {logging_mixin.py:104} INFO - [2021-03-22 03:42:47,942] {dagbag.py:448} INFO - Filling up the DagBag from /Users/akshaybhoge/PycharmProjects/venvEdgar/lib/python3.7/site-packages/airflow/example_dags/example_trigger_controller_dag.py
[2021-03-22 03:42:47,951] {scheduler_job.py:639} INFO - DAG(s) dict_keys(['example_trigger_controller_dag']) retrieved from /Users/akshaybhoge/PycharmProjects/venvEdgar/lib/python3.7/site-packages/airflow/example_dags/example_trigger_controller_dag.py
[2021-03-22 03:42:47,966] {logging_mixin.py:104} INFO - [2021-03-22 03:42:47,966] {dag.py:1818} INFO - Sync 1 DAGs
[2021-03-22 03:42:47,976] {logging_mixin.py:104} INFO - [2021-03-22 03:42:47,975] {dag.py:2273} INFO - Setting next_dagrun for example_trigger_controller_dag to 2021-03-20 00:00:00+00:00
[2021-03-22 03:42:47,982] {scheduler_job.py:190} INFO - Processing /Users/akshaybhoge/PycharmProjects/venvEdgar/lib/python3.7/site-packages/airflow/example_dags/example_trigger_controller_dag.py took 0.046 seconds
[2021-03-22 03:43:20,942] {scheduler_job.py:182} INFO - Started process (PID=30130) to work on /Users/akshaybhoge/PycharmProjects/venvEdgar/lib/python3.7/site-packages/airflow/example_dags/example_trigger_controller_dag.py
[2021-03-22 03:43:20,944] {scheduler_job.py:629} INFO - Processing file /Users/akshaybhoge/PycharmProjects/venvEdgar/lib/python3.7/site-packages/airflow/example_dags/example_trigger_controller_dag.py for tasks to queue
[2021-03-22 03:43:20,945] {logging_mixin.py:104} INFO - [2021-03-22 03:43:20,944] {dagbag.py:448} INFO - Filling up the DagBag from /Users/akshaybhoge/PycharmProjects/venvEdgar/lib/python3.7/site-packages/airflow/example_dags/example_trigger_controller_dag.py
[2021-03-22 03:43:20,951] {scheduler_job.py:639} INFO - DAG(s) dict_keys(['example_trigger_controller_dag']) retrieved from /Users/akshaybhoge/PycharmProjects/venvEdgar/lib/python3.7/site-packages/airflow/example_dags/example_trigger_controller_dag.py
[2021-03-22 03:43:20,964] {logging_mixin.py:104} INFO - [2021-03-22 03:43:20,964] {dag.py:1818} INFO - Sync 1 DAGs
[2021-03-22 03:43:20,973] {logging_mixin.py:104} INFO - [2021-03-22 03:43:20,973] {dag.py:2273} INFO - Setting next_dagrun for example_trigger_controller_dag to 2021-03-20 00:00:00+00:00
[2021-03-22 03:43:20,979] {scheduler_job.py:190} INFO - Processing /Users/akshaybhoge/PycharmProjects/venvEdgar/lib/python3.7/site-packages/airflow/example_dags/example_trigger_controller_dag.py took 0.040 seconds
[2021-03-22 03:44:10,885] {scheduler_job.py:182} INFO - Started process (PID=30170) to work on /Users/akshaybhoge/PycharmProjects/venvEdgar/lib/python3.7/site-packages/airflow/example_dags/example_trigger_controller_dag.py
[2021-03-22 03:44:10,886] {scheduler_job.py:629} INFO - Processing file /Users/akshaybhoge/PycharmProjects/venvEdgar/lib/python3.7/site-packages/airflow/example_dags/example_trigger_controller_dag.py for tasks to queue
[2021-03-22 03:44:10,888] {logging_mixin.py:104} INFO - [2021-03-22 03:44:10,887] {dagbag.py:448} INFO - Filling up the DagBag from /Users/akshaybhoge/PycharmProjects/venvEdgar/lib/python3.7/site-packages/airflow/example_dags/example_trigger_controller_dag.py
[2021-03-22 03:44:10,895] {scheduler_job.py:639} INFO - DAG(s) dict_keys(['example_trigger_controller_dag']) retrieved from /Users/akshaybhoge/PycharmProjects/venvEdgar/lib/python3.7/site-packages/airflow/example_dags/example_trigger_controller_dag.py
[2021-03-22 03:44:10,908] {logging_mixin.py:104} INFO - [2021-03-22 03:44:10,907] {dag.py:1818} INFO - Sync 1 DAGs
[2021-03-22 03:44:10,917] {logging_mixin.py:104} INFO - [2021-03-22 03:44:10,917] {dag.py:2273} INFO - Setting next_dagrun for example_trigger_controller_dag to 2021-03-20 00:00:00+00:00
[2021-03-22 03:44:10,923] {scheduler_job.py:190} INFO - Processing /Users/akshaybhoge/PycharmProjects/venvEdgar/lib/python3.7/site-packages/airflow/example_dags/example_trigger_controller_dag.py took 0.042 seconds
[2021-03-22 03:45:11,120] {scheduler_job.py:182} INFO - Started process (PID=30214) to work on /Users/akshaybhoge/PycharmProjects/venvEdgar/lib/python3.7/site-packages/airflow/example_dags/example_trigger_controller_dag.py
[2021-03-22 03:45:11,123] {scheduler_job.py:629} INFO - Processing file /Users/akshaybhoge/PycharmProjects/venvEdgar/lib/python3.7/site-packages/airflow/example_dags/example_trigger_controller_dag.py for tasks to queue
[2021-03-22 03:45:11,125] {logging_mixin.py:104} INFO - [2021-03-22 03:45:11,124] {dagbag.py:448} INFO - Filling up the DagBag from /Users/akshaybhoge/PycharmProjects/venvEdgar/lib/python3.7/site-packages/airflow/example_dags/example_trigger_controller_dag.py
[2021-03-22 03:45:11,133] {scheduler_job.py:639} INFO - DAG(s) dict_keys(['example_trigger_controller_dag']) retrieved from /Users/akshaybhoge/PycharmProjects/venvEdgar/lib/python3.7/site-packages/airflow/example_dags/example_trigger_controller_dag.py
[2021-03-22 03:45:11,147] {logging_mixin.py:104} INFO - [2021-03-22 03:45:11,147] {dag.py:1818} INFO - Sync 1 DAGs
[2021-03-22 03:45:11,158] {logging_mixin.py:104} INFO - [2021-03-22 03:45:11,157] {dag.py:2273} INFO - Setting next_dagrun for example_trigger_controller_dag to 2021-03-20 00:00:00+00:00
[2021-03-22 03:45:11,165] {scheduler_job.py:190} INFO - Processing /Users/akshaybhoge/PycharmProjects/venvEdgar/lib/python3.7/site-packages/airflow/example_dags/example_trigger_controller_dag.py took 0.048 seconds
