[2021-03-22 02:55:01,477] {scheduler_job.py:182} INFO - Started process (PID=26837) to work on /Users/akshaybhoge/PycharmProjects/venvEdgar/lib/python3.7/site-packages/airflow/example_dags/example_skip_dag.py
[2021-03-22 02:55:01,478] {scheduler_job.py:629} INFO - Processing file /Users/akshaybhoge/PycharmProjects/venvEdgar/lib/python3.7/site-packages/airflow/example_dags/example_skip_dag.py for tasks to queue
[2021-03-22 02:55:01,480] {logging_mixin.py:104} INFO - [2021-03-22 02:55:01,479] {dagbag.py:448} INFO - Filling up the DagBag from /Users/akshaybhoge/PycharmProjects/venvEdgar/lib/python3.7/site-packages/airflow/example_dags/example_skip_dag.py
[2021-03-22 02:55:01,498] {scheduler_job.py:639} INFO - DAG(s) dict_keys(['example_skip_dag']) retrieved from /Users/akshaybhoge/PycharmProjects/venvEdgar/lib/python3.7/site-packages/airflow/example_dags/example_skip_dag.py
[2021-03-22 02:55:01,513] {logging_mixin.py:104} INFO - [2021-03-22 02:55:01,512] {dag.py:1818} INFO - Sync 1 DAGs
[2021-03-22 02:55:01,525] {logging_mixin.py:104} INFO - [2021-03-22 02:55:01,524] {dag.py:2273} INFO - Setting next_dagrun for example_skip_dag to 2021-03-20 00:00:00+00:00
[2021-03-22 02:55:01,533] {scheduler_job.py:190} INFO - Processing /Users/akshaybhoge/PycharmProjects/venvEdgar/lib/python3.7/site-packages/airflow/example_dags/example_skip_dag.py took 0.059 seconds
[2021-03-22 02:55:32,507] {scheduler_job.py:182} INFO - Started process (PID=26905) to work on /Users/akshaybhoge/PycharmProjects/venvEdgar/lib/python3.7/site-packages/airflow/example_dags/example_skip_dag.py
[2021-03-22 02:55:32,509] {scheduler_job.py:629} INFO - Processing file /Users/akshaybhoge/PycharmProjects/venvEdgar/lib/python3.7/site-packages/airflow/example_dags/example_skip_dag.py for tasks to queue
[2021-03-22 02:55:32,510] {logging_mixin.py:104} INFO - [2021-03-22 02:55:32,509] {dagbag.py:448} INFO - Filling up the DagBag from /Users/akshaybhoge/PycharmProjects/venvEdgar/lib/python3.7/site-packages/airflow/example_dags/example_skip_dag.py
[2021-03-22 02:55:32,521] {scheduler_job.py:639} INFO - DAG(s) dict_keys(['example_skip_dag']) retrieved from /Users/akshaybhoge/PycharmProjects/venvEdgar/lib/python3.7/site-packages/airflow/example_dags/example_skip_dag.py
[2021-03-22 02:55:32,536] {logging_mixin.py:104} INFO - [2021-03-22 02:55:32,536] {dag.py:1818} INFO - Sync 1 DAGs
[2021-03-22 02:55:32,548] {logging_mixin.py:104} INFO - [2021-03-22 02:55:32,547] {dag.py:2273} INFO - Setting next_dagrun for example_skip_dag to 2021-03-20 00:00:00+00:00
[2021-03-22 02:55:32,555] {scheduler_job.py:190} INFO - Processing /Users/akshaybhoge/PycharmProjects/venvEdgar/lib/python3.7/site-packages/airflow/example_dags/example_skip_dag.py took 0.051 seconds
[2021-03-22 02:56:06,251] {scheduler_job.py:182} INFO - Started process (PID=27014) to work on /Users/akshaybhoge/PycharmProjects/venvEdgar/lib/python3.7/site-packages/airflow/example_dags/example_skip_dag.py
[2021-03-22 02:56:06,253] {scheduler_job.py:629} INFO - Processing file /Users/akshaybhoge/PycharmProjects/venvEdgar/lib/python3.7/site-packages/airflow/example_dags/example_skip_dag.py for tasks to queue
[2021-03-22 02:56:06,255] {logging_mixin.py:104} INFO - [2021-03-22 02:56:06,254] {dagbag.py:448} INFO - Filling up the DagBag from /Users/akshaybhoge/PycharmProjects/venvEdgar/lib/python3.7/site-packages/airflow/example_dags/example_skip_dag.py
[2021-03-22 02:56:06,273] {scheduler_job.py:639} INFO - DAG(s) dict_keys(['example_skip_dag']) retrieved from /Users/akshaybhoge/PycharmProjects/venvEdgar/lib/python3.7/site-packages/airflow/example_dags/example_skip_dag.py
[2021-03-22 02:56:06,297] {logging_mixin.py:104} INFO - [2021-03-22 02:56:06,297] {dag.py:1818} INFO - Sync 1 DAGs
[2021-03-22 02:56:06,311] {logging_mixin.py:104} INFO - [2021-03-22 02:56:06,311] {dag.py:2273} INFO - Setting next_dagrun for example_skip_dag to 2021-03-20 00:00:00+00:00
[2021-03-22 02:56:06,321] {scheduler_job.py:190} INFO - Processing /Users/akshaybhoge/PycharmProjects/venvEdgar/lib/python3.7/site-packages/airflow/example_dags/example_skip_dag.py took 0.075 seconds
[2021-03-22 02:56:39,846] {scheduler_job.py:182} INFO - Started process (PID=27092) to work on /Users/akshaybhoge/PycharmProjects/venvEdgar/lib/python3.7/site-packages/airflow/example_dags/example_skip_dag.py
[2021-03-22 02:56:39,848] {scheduler_job.py:629} INFO - Processing file /Users/akshaybhoge/PycharmProjects/venvEdgar/lib/python3.7/site-packages/airflow/example_dags/example_skip_dag.py for tasks to queue
[2021-03-22 02:56:39,850] {logging_mixin.py:104} INFO - [2021-03-22 02:56:39,850] {dagbag.py:448} INFO - Filling up the DagBag from /Users/akshaybhoge/PycharmProjects/venvEdgar/lib/python3.7/site-packages/airflow/example_dags/example_skip_dag.py
[2021-03-22 02:56:39,873] {scheduler_job.py:639} INFO - DAG(s) dict_keys(['example_skip_dag']) retrieved from /Users/akshaybhoge/PycharmProjects/venvEdgar/lib/python3.7/site-packages/airflow/example_dags/example_skip_dag.py
[2021-03-22 02:56:39,901] {logging_mixin.py:104} INFO - [2021-03-22 02:56:39,900] {dag.py:1818} INFO - Sync 1 DAGs
[2021-03-22 02:56:39,925] {logging_mixin.py:104} INFO - [2021-03-22 02:56:39,925] {dag.py:2273} INFO - Setting next_dagrun for example_skip_dag to 2021-03-20 00:00:00+00:00
[2021-03-22 02:56:39,966] {scheduler_job.py:190} INFO - Processing /Users/akshaybhoge/PycharmProjects/venvEdgar/lib/python3.7/site-packages/airflow/example_dags/example_skip_dag.py took 0.126 seconds
[2021-03-22 02:57:11,674] {scheduler_job.py:182} INFO - Started process (PID=27160) to work on /Users/akshaybhoge/PycharmProjects/venvEdgar/lib/python3.7/site-packages/airflow/example_dags/example_skip_dag.py
[2021-03-22 02:57:11,677] {scheduler_job.py:629} INFO - Processing file /Users/akshaybhoge/PycharmProjects/venvEdgar/lib/python3.7/site-packages/airflow/example_dags/example_skip_dag.py for tasks to queue
[2021-03-22 02:57:11,679] {logging_mixin.py:104} INFO - [2021-03-22 02:57:11,678] {dagbag.py:448} INFO - Filling up the DagBag from /Users/akshaybhoge/PycharmProjects/venvEdgar/lib/python3.7/site-packages/airflow/example_dags/example_skip_dag.py
[2021-03-22 02:57:11,703] {scheduler_job.py:639} INFO - DAG(s) dict_keys(['example_skip_dag']) retrieved from /Users/akshaybhoge/PycharmProjects/venvEdgar/lib/python3.7/site-packages/airflow/example_dags/example_skip_dag.py
[2021-03-22 02:57:11,733] {logging_mixin.py:104} INFO - [2021-03-22 02:57:11,731] {dag.py:1818} INFO - Sync 1 DAGs
[2021-03-22 02:57:11,756] {logging_mixin.py:104} INFO - [2021-03-22 02:57:11,755] {dag.py:2273} INFO - Setting next_dagrun for example_skip_dag to 2021-03-20 00:00:00+00:00
[2021-03-22 02:57:11,768] {scheduler_job.py:190} INFO - Processing /Users/akshaybhoge/PycharmProjects/venvEdgar/lib/python3.7/site-packages/airflow/example_dags/example_skip_dag.py took 0.101 seconds
[2021-03-22 02:57:44,270] {scheduler_job.py:182} INFO - Started process (PID=27224) to work on /Users/akshaybhoge/PycharmProjects/venvEdgar/lib/python3.7/site-packages/airflow/example_dags/example_skip_dag.py
[2021-03-22 02:57:44,273] {scheduler_job.py:629} INFO - Processing file /Users/akshaybhoge/PycharmProjects/venvEdgar/lib/python3.7/site-packages/airflow/example_dags/example_skip_dag.py for tasks to queue
[2021-03-22 02:57:44,275] {logging_mixin.py:104} INFO - [2021-03-22 02:57:44,274] {dagbag.py:448} INFO - Filling up the DagBag from /Users/akshaybhoge/PycharmProjects/venvEdgar/lib/python3.7/site-packages/airflow/example_dags/example_skip_dag.py
[2021-03-22 02:57:44,295] {scheduler_job.py:639} INFO - DAG(s) dict_keys(['example_skip_dag']) retrieved from /Users/akshaybhoge/PycharmProjects/venvEdgar/lib/python3.7/site-packages/airflow/example_dags/example_skip_dag.py
[2021-03-22 02:57:44,320] {logging_mixin.py:104} INFO - [2021-03-22 02:57:44,319] {dag.py:1818} INFO - Sync 1 DAGs
[2021-03-22 02:57:44,340] {logging_mixin.py:104} INFO - [2021-03-22 02:57:44,339] {dag.py:2273} INFO - Setting next_dagrun for example_skip_dag to 2021-03-20 00:00:00+00:00
[2021-03-22 02:57:44,351] {scheduler_job.py:190} INFO - Processing /Users/akshaybhoge/PycharmProjects/venvEdgar/lib/python3.7/site-packages/airflow/example_dags/example_skip_dag.py took 0.087 seconds
[2021-03-22 02:58:36,062] {scheduler_job.py:182} INFO - Started process (PID=27318) to work on /Users/akshaybhoge/PycharmProjects/venvEdgar/lib/python3.7/site-packages/airflow/example_dags/example_skip_dag.py
[2021-03-22 02:58:36,064] {scheduler_job.py:629} INFO - Processing file /Users/akshaybhoge/PycharmProjects/venvEdgar/lib/python3.7/site-packages/airflow/example_dags/example_skip_dag.py for tasks to queue
[2021-03-22 02:58:36,065] {logging_mixin.py:104} INFO - [2021-03-22 02:58:36,065] {dagbag.py:448} INFO - Filling up the DagBag from /Users/akshaybhoge/PycharmProjects/venvEdgar/lib/python3.7/site-packages/airflow/example_dags/example_skip_dag.py
[2021-03-22 02:58:36,076] {scheduler_job.py:639} INFO - DAG(s) dict_keys(['example_skip_dag']) retrieved from /Users/akshaybhoge/PycharmProjects/venvEdgar/lib/python3.7/site-packages/airflow/example_dags/example_skip_dag.py
[2021-03-22 02:58:36,090] {logging_mixin.py:104} INFO - [2021-03-22 02:58:36,090] {dag.py:1818} INFO - Sync 1 DAGs
[2021-03-22 02:58:36,101] {logging_mixin.py:104} INFO - [2021-03-22 02:58:36,101] {dag.py:2273} INFO - Setting next_dagrun for example_skip_dag to 2021-03-20 00:00:00+00:00
[2021-03-22 02:58:36,108] {scheduler_job.py:190} INFO - Processing /Users/akshaybhoge/PycharmProjects/venvEdgar/lib/python3.7/site-packages/airflow/example_dags/example_skip_dag.py took 0.049 seconds
[2021-03-22 02:59:08,122] {scheduler_job.py:182} INFO - Started process (PID=27388) to work on /Users/akshaybhoge/PycharmProjects/venvEdgar/lib/python3.7/site-packages/airflow/example_dags/example_skip_dag.py
[2021-03-22 02:59:08,123] {scheduler_job.py:629} INFO - Processing file /Users/akshaybhoge/PycharmProjects/venvEdgar/lib/python3.7/site-packages/airflow/example_dags/example_skip_dag.py for tasks to queue
[2021-03-22 02:59:08,124] {logging_mixin.py:104} INFO - [2021-03-22 02:59:08,124] {dagbag.py:448} INFO - Filling up the DagBag from /Users/akshaybhoge/PycharmProjects/venvEdgar/lib/python3.7/site-packages/airflow/example_dags/example_skip_dag.py
[2021-03-22 02:59:08,134] {scheduler_job.py:639} INFO - DAG(s) dict_keys(['example_skip_dag']) retrieved from /Users/akshaybhoge/PycharmProjects/venvEdgar/lib/python3.7/site-packages/airflow/example_dags/example_skip_dag.py
[2021-03-22 02:59:08,146] {logging_mixin.py:104} INFO - [2021-03-22 02:59:08,146] {dag.py:1818} INFO - Sync 1 DAGs
[2021-03-22 02:59:08,156] {logging_mixin.py:104} INFO - [2021-03-22 02:59:08,155] {dag.py:2273} INFO - Setting next_dagrun for example_skip_dag to 2021-03-20 00:00:00+00:00
[2021-03-22 02:59:08,163] {scheduler_job.py:190} INFO - Processing /Users/akshaybhoge/PycharmProjects/venvEdgar/lib/python3.7/site-packages/airflow/example_dags/example_skip_dag.py took 0.045 seconds
[2021-03-22 02:59:40,224] {scheduler_job.py:182} INFO - Started process (PID=27451) to work on /Users/akshaybhoge/PycharmProjects/venvEdgar/lib/python3.7/site-packages/airflow/example_dags/example_skip_dag.py
[2021-03-22 02:59:40,225] {scheduler_job.py:629} INFO - Processing file /Users/akshaybhoge/PycharmProjects/venvEdgar/lib/python3.7/site-packages/airflow/example_dags/example_skip_dag.py for tasks to queue
[2021-03-22 02:59:40,227] {logging_mixin.py:104} INFO - [2021-03-22 02:59:40,226] {dagbag.py:448} INFO - Filling up the DagBag from /Users/akshaybhoge/PycharmProjects/venvEdgar/lib/python3.7/site-packages/airflow/example_dags/example_skip_dag.py
[2021-03-22 02:59:40,238] {scheduler_job.py:639} INFO - DAG(s) dict_keys(['example_skip_dag']) retrieved from /Users/akshaybhoge/PycharmProjects/venvEdgar/lib/python3.7/site-packages/airflow/example_dags/example_skip_dag.py
[2021-03-22 02:59:40,250] {logging_mixin.py:104} INFO - [2021-03-22 02:59:40,250] {dag.py:1818} INFO - Sync 1 DAGs
[2021-03-22 02:59:40,260] {logging_mixin.py:104} INFO - [2021-03-22 02:59:40,260] {dag.py:2273} INFO - Setting next_dagrun for example_skip_dag to 2021-03-20 00:00:00+00:00
[2021-03-22 02:59:40,267] {scheduler_job.py:190} INFO - Processing /Users/akshaybhoge/PycharmProjects/venvEdgar/lib/python3.7/site-packages/airflow/example_dags/example_skip_dag.py took 0.046 seconds
[2021-03-22 03:00:12,423] {scheduler_job.py:182} INFO - Started process (PID=27502) to work on /Users/akshaybhoge/PycharmProjects/venvEdgar/lib/python3.7/site-packages/airflow/example_dags/example_skip_dag.py
[2021-03-22 03:00:12,424] {scheduler_job.py:629} INFO - Processing file /Users/akshaybhoge/PycharmProjects/venvEdgar/lib/python3.7/site-packages/airflow/example_dags/example_skip_dag.py for tasks to queue
[2021-03-22 03:00:12,425] {logging_mixin.py:104} INFO - [2021-03-22 03:00:12,425] {dagbag.py:448} INFO - Filling up the DagBag from /Users/akshaybhoge/PycharmProjects/venvEdgar/lib/python3.7/site-packages/airflow/example_dags/example_skip_dag.py
[2021-03-22 03:00:12,436] {scheduler_job.py:639} INFO - DAG(s) dict_keys(['example_skip_dag']) retrieved from /Users/akshaybhoge/PycharmProjects/venvEdgar/lib/python3.7/site-packages/airflow/example_dags/example_skip_dag.py
[2021-03-22 03:00:12,449] {logging_mixin.py:104} INFO - [2021-03-22 03:00:12,449] {dag.py:1818} INFO - Sync 1 DAGs
[2021-03-22 03:00:12,458] {logging_mixin.py:104} INFO - [2021-03-22 03:00:12,458] {dag.py:2273} INFO - Setting next_dagrun for example_skip_dag to 2021-03-20 00:00:00+00:00
[2021-03-22 03:00:12,464] {scheduler_job.py:190} INFO - Processing /Users/akshaybhoge/PycharmProjects/venvEdgar/lib/python3.7/site-packages/airflow/example_dags/example_skip_dag.py took 0.045 seconds
[2021-03-22 03:00:44,644] {scheduler_job.py:182} INFO - Started process (PID=27563) to work on /Users/akshaybhoge/PycharmProjects/venvEdgar/lib/python3.7/site-packages/airflow/example_dags/example_skip_dag.py
[2021-03-22 03:00:44,645] {scheduler_job.py:629} INFO - Processing file /Users/akshaybhoge/PycharmProjects/venvEdgar/lib/python3.7/site-packages/airflow/example_dags/example_skip_dag.py for tasks to queue
[2021-03-22 03:00:44,646] {logging_mixin.py:104} INFO - [2021-03-22 03:00:44,646] {dagbag.py:448} INFO - Filling up the DagBag from /Users/akshaybhoge/PycharmProjects/venvEdgar/lib/python3.7/site-packages/airflow/example_dags/example_skip_dag.py
[2021-03-22 03:00:44,658] {scheduler_job.py:639} INFO - DAG(s) dict_keys(['example_skip_dag']) retrieved from /Users/akshaybhoge/PycharmProjects/venvEdgar/lib/python3.7/site-packages/airflow/example_dags/example_skip_dag.py
[2021-03-22 03:00:44,671] {logging_mixin.py:104} INFO - [2021-03-22 03:00:44,670] {dag.py:1818} INFO - Sync 1 DAGs
[2021-03-22 03:00:44,681] {logging_mixin.py:104} INFO - [2021-03-22 03:00:44,680] {dag.py:2273} INFO - Setting next_dagrun for example_skip_dag to 2021-03-20 00:00:00+00:00
[2021-03-22 03:00:44,686] {scheduler_job.py:190} INFO - Processing /Users/akshaybhoge/PycharmProjects/venvEdgar/lib/python3.7/site-packages/airflow/example_dags/example_skip_dag.py took 0.047 seconds
[2021-03-22 03:01:16,753] {scheduler_job.py:182} INFO - Started process (PID=27607) to work on /Users/akshaybhoge/PycharmProjects/venvEdgar/lib/python3.7/site-packages/airflow/example_dags/example_skip_dag.py
[2021-03-22 03:01:16,754] {scheduler_job.py:629} INFO - Processing file /Users/akshaybhoge/PycharmProjects/venvEdgar/lib/python3.7/site-packages/airflow/example_dags/example_skip_dag.py for tasks to queue
[2021-03-22 03:01:16,756] {logging_mixin.py:104} INFO - [2021-03-22 03:01:16,755] {dagbag.py:448} INFO - Filling up the DagBag from /Users/akshaybhoge/PycharmProjects/venvEdgar/lib/python3.7/site-packages/airflow/example_dags/example_skip_dag.py
[2021-03-22 03:01:16,767] {scheduler_job.py:639} INFO - DAG(s) dict_keys(['example_skip_dag']) retrieved from /Users/akshaybhoge/PycharmProjects/venvEdgar/lib/python3.7/site-packages/airflow/example_dags/example_skip_dag.py
[2021-03-22 03:01:16,782] {logging_mixin.py:104} INFO - [2021-03-22 03:01:16,781] {dag.py:1818} INFO - Sync 1 DAGs
[2021-03-22 03:01:16,791] {logging_mixin.py:104} INFO - [2021-03-22 03:01:16,791] {dag.py:2273} INFO - Setting next_dagrun for example_skip_dag to 2021-03-20 00:00:00+00:00
[2021-03-22 03:01:16,798] {scheduler_job.py:190} INFO - Processing /Users/akshaybhoge/PycharmProjects/venvEdgar/lib/python3.7/site-packages/airflow/example_dags/example_skip_dag.py took 0.049 seconds
[2021-03-22 03:01:48,854] {scheduler_job.py:182} INFO - Started process (PID=27637) to work on /Users/akshaybhoge/PycharmProjects/venvEdgar/lib/python3.7/site-packages/airflow/example_dags/example_skip_dag.py
[2021-03-22 03:01:48,856] {scheduler_job.py:629} INFO - Processing file /Users/akshaybhoge/PycharmProjects/venvEdgar/lib/python3.7/site-packages/airflow/example_dags/example_skip_dag.py for tasks to queue
[2021-03-22 03:01:48,857] {logging_mixin.py:104} INFO - [2021-03-22 03:01:48,856] {dagbag.py:448} INFO - Filling up the DagBag from /Users/akshaybhoge/PycharmProjects/venvEdgar/lib/python3.7/site-packages/airflow/example_dags/example_skip_dag.py
[2021-03-22 03:01:48,869] {scheduler_job.py:639} INFO - DAG(s) dict_keys(['example_skip_dag']) retrieved from /Users/akshaybhoge/PycharmProjects/venvEdgar/lib/python3.7/site-packages/airflow/example_dags/example_skip_dag.py
[2021-03-22 03:01:48,882] {logging_mixin.py:104} INFO - [2021-03-22 03:01:48,881] {dag.py:1818} INFO - Sync 1 DAGs
[2021-03-22 03:01:48,892] {logging_mixin.py:104} INFO - [2021-03-22 03:01:48,891] {dag.py:2273} INFO - Setting next_dagrun for example_skip_dag to 2021-03-20 00:00:00+00:00
[2021-03-22 03:01:48,898] {scheduler_job.py:190} INFO - Processing /Users/akshaybhoge/PycharmProjects/venvEdgar/lib/python3.7/site-packages/airflow/example_dags/example_skip_dag.py took 0.047 seconds
[2021-03-22 03:02:20,848] {scheduler_job.py:182} INFO - Started process (PID=27668) to work on /Users/akshaybhoge/PycharmProjects/venvEdgar/lib/python3.7/site-packages/airflow/example_dags/example_skip_dag.py
[2021-03-22 03:02:20,850] {scheduler_job.py:629} INFO - Processing file /Users/akshaybhoge/PycharmProjects/venvEdgar/lib/python3.7/site-packages/airflow/example_dags/example_skip_dag.py for tasks to queue
[2021-03-22 03:02:20,851] {logging_mixin.py:104} INFO - [2021-03-22 03:02:20,850] {dagbag.py:448} INFO - Filling up the DagBag from /Users/akshaybhoge/PycharmProjects/venvEdgar/lib/python3.7/site-packages/airflow/example_dags/example_skip_dag.py
[2021-03-22 03:02:20,861] {scheduler_job.py:639} INFO - DAG(s) dict_keys(['example_skip_dag']) retrieved from /Users/akshaybhoge/PycharmProjects/venvEdgar/lib/python3.7/site-packages/airflow/example_dags/example_skip_dag.py
[2021-03-22 03:02:20,872] {logging_mixin.py:104} INFO - [2021-03-22 03:02:20,871] {dag.py:1818} INFO - Sync 1 DAGs
[2021-03-22 03:02:20,880] {logging_mixin.py:104} INFO - [2021-03-22 03:02:20,880] {dag.py:2273} INFO - Setting next_dagrun for example_skip_dag to 2021-03-20 00:00:00+00:00
[2021-03-22 03:02:20,886] {scheduler_job.py:190} INFO - Processing /Users/akshaybhoge/PycharmProjects/venvEdgar/lib/python3.7/site-packages/airflow/example_dags/example_skip_dag.py took 0.041 seconds
[2021-03-22 03:02:52,992] {scheduler_job.py:182} INFO - Started process (PID=27700) to work on /Users/akshaybhoge/PycharmProjects/venvEdgar/lib/python3.7/site-packages/airflow/example_dags/example_skip_dag.py
[2021-03-22 03:02:52,993] {scheduler_job.py:629} INFO - Processing file /Users/akshaybhoge/PycharmProjects/venvEdgar/lib/python3.7/site-packages/airflow/example_dags/example_skip_dag.py for tasks to queue
[2021-03-22 03:02:52,995] {logging_mixin.py:104} INFO - [2021-03-22 03:02:52,994] {dagbag.py:448} INFO - Filling up the DagBag from /Users/akshaybhoge/PycharmProjects/venvEdgar/lib/python3.7/site-packages/airflow/example_dags/example_skip_dag.py
[2021-03-22 03:02:53,006] {scheduler_job.py:639} INFO - DAG(s) dict_keys(['example_skip_dag']) retrieved from /Users/akshaybhoge/PycharmProjects/venvEdgar/lib/python3.7/site-packages/airflow/example_dags/example_skip_dag.py
[2021-03-22 03:02:53,019] {logging_mixin.py:104} INFO - [2021-03-22 03:02:53,019] {dag.py:1818} INFO - Sync 1 DAGs
[2021-03-22 03:02:53,028] {logging_mixin.py:104} INFO - [2021-03-22 03:02:53,028] {dag.py:2273} INFO - Setting next_dagrun for example_skip_dag to 2021-03-20 00:00:00+00:00
[2021-03-22 03:02:53,034] {scheduler_job.py:190} INFO - Processing /Users/akshaybhoge/PycharmProjects/venvEdgar/lib/python3.7/site-packages/airflow/example_dags/example_skip_dag.py took 0.046 seconds
[2021-03-22 03:03:25,124] {scheduler_job.py:182} INFO - Started process (PID=27746) to work on /Users/akshaybhoge/PycharmProjects/venvEdgar/lib/python3.7/site-packages/airflow/example_dags/example_skip_dag.py
[2021-03-22 03:03:25,126] {scheduler_job.py:629} INFO - Processing file /Users/akshaybhoge/PycharmProjects/venvEdgar/lib/python3.7/site-packages/airflow/example_dags/example_skip_dag.py for tasks to queue
[2021-03-22 03:03:25,127] {logging_mixin.py:104} INFO - [2021-03-22 03:03:25,127] {dagbag.py:448} INFO - Filling up the DagBag from /Users/akshaybhoge/PycharmProjects/venvEdgar/lib/python3.7/site-packages/airflow/example_dags/example_skip_dag.py
[2021-03-22 03:03:25,138] {scheduler_job.py:639} INFO - DAG(s) dict_keys(['example_skip_dag']) retrieved from /Users/akshaybhoge/PycharmProjects/venvEdgar/lib/python3.7/site-packages/airflow/example_dags/example_skip_dag.py
[2021-03-22 03:03:25,151] {logging_mixin.py:104} INFO - [2021-03-22 03:03:25,151] {dag.py:1818} INFO - Sync 1 DAGs
[2021-03-22 03:03:25,160] {logging_mixin.py:104} INFO - [2021-03-22 03:03:25,160] {dag.py:2273} INFO - Setting next_dagrun for example_skip_dag to 2021-03-20 00:00:00+00:00
[2021-03-22 03:03:25,166] {scheduler_job.py:190} INFO - Processing /Users/akshaybhoge/PycharmProjects/venvEdgar/lib/python3.7/site-packages/airflow/example_dags/example_skip_dag.py took 0.046 seconds
[2021-03-22 03:03:57,231] {scheduler_job.py:182} INFO - Started process (PID=27787) to work on /Users/akshaybhoge/PycharmProjects/venvEdgar/lib/python3.7/site-packages/airflow/example_dags/example_skip_dag.py
[2021-03-22 03:03:57,233] {scheduler_job.py:629} INFO - Processing file /Users/akshaybhoge/PycharmProjects/venvEdgar/lib/python3.7/site-packages/airflow/example_dags/example_skip_dag.py for tasks to queue
[2021-03-22 03:03:57,234] {logging_mixin.py:104} INFO - [2021-03-22 03:03:57,234] {dagbag.py:448} INFO - Filling up the DagBag from /Users/akshaybhoge/PycharmProjects/venvEdgar/lib/python3.7/site-packages/airflow/example_dags/example_skip_dag.py
[2021-03-22 03:03:57,245] {scheduler_job.py:639} INFO - DAG(s) dict_keys(['example_skip_dag']) retrieved from /Users/akshaybhoge/PycharmProjects/venvEdgar/lib/python3.7/site-packages/airflow/example_dags/example_skip_dag.py
[2021-03-22 03:03:57,258] {logging_mixin.py:104} INFO - [2021-03-22 03:03:57,257] {dag.py:1818} INFO - Sync 1 DAGs
[2021-03-22 03:03:57,266] {logging_mixin.py:104} INFO - [2021-03-22 03:03:57,266] {dag.py:2273} INFO - Setting next_dagrun for example_skip_dag to 2021-03-20 00:00:00+00:00
[2021-03-22 03:03:57,273] {scheduler_job.py:190} INFO - Processing /Users/akshaybhoge/PycharmProjects/venvEdgar/lib/python3.7/site-packages/airflow/example_dags/example_skip_dag.py took 0.045 seconds
[2021-03-22 03:04:29,338] {scheduler_job.py:182} INFO - Started process (PID=27825) to work on /Users/akshaybhoge/PycharmProjects/venvEdgar/lib/python3.7/site-packages/airflow/example_dags/example_skip_dag.py
[2021-03-22 03:04:29,339] {scheduler_job.py:629} INFO - Processing file /Users/akshaybhoge/PycharmProjects/venvEdgar/lib/python3.7/site-packages/airflow/example_dags/example_skip_dag.py for tasks to queue
[2021-03-22 03:04:29,341] {logging_mixin.py:104} INFO - [2021-03-22 03:04:29,340] {dagbag.py:448} INFO - Filling up the DagBag from /Users/akshaybhoge/PycharmProjects/venvEdgar/lib/python3.7/site-packages/airflow/example_dags/example_skip_dag.py
[2021-03-22 03:04:29,352] {scheduler_job.py:639} INFO - DAG(s) dict_keys(['example_skip_dag']) retrieved from /Users/akshaybhoge/PycharmProjects/venvEdgar/lib/python3.7/site-packages/airflow/example_dags/example_skip_dag.py
[2021-03-22 03:04:29,367] {logging_mixin.py:104} INFO - [2021-03-22 03:04:29,367] {dag.py:1818} INFO - Sync 1 DAGs
[2021-03-22 03:04:29,377] {logging_mixin.py:104} INFO - [2021-03-22 03:04:29,377] {dag.py:2273} INFO - Setting next_dagrun for example_skip_dag to 2021-03-20 00:00:00+00:00
[2021-03-22 03:04:29,383] {scheduler_job.py:190} INFO - Processing /Users/akshaybhoge/PycharmProjects/venvEdgar/lib/python3.7/site-packages/airflow/example_dags/example_skip_dag.py took 0.049 seconds
[2021-03-22 03:05:01,466] {scheduler_job.py:182} INFO - Started process (PID=27866) to work on /Users/akshaybhoge/PycharmProjects/venvEdgar/lib/python3.7/site-packages/airflow/example_dags/example_skip_dag.py
[2021-03-22 03:05:01,467] {scheduler_job.py:629} INFO - Processing file /Users/akshaybhoge/PycharmProjects/venvEdgar/lib/python3.7/site-packages/airflow/example_dags/example_skip_dag.py for tasks to queue
[2021-03-22 03:05:01,469] {logging_mixin.py:104} INFO - [2021-03-22 03:05:01,468] {dagbag.py:448} INFO - Filling up the DagBag from /Users/akshaybhoge/PycharmProjects/venvEdgar/lib/python3.7/site-packages/airflow/example_dags/example_skip_dag.py
[2021-03-22 03:05:01,481] {scheduler_job.py:639} INFO - DAG(s) dict_keys(['example_skip_dag']) retrieved from /Users/akshaybhoge/PycharmProjects/venvEdgar/lib/python3.7/site-packages/airflow/example_dags/example_skip_dag.py
[2021-03-22 03:05:01,495] {logging_mixin.py:104} INFO - [2021-03-22 03:05:01,494] {dag.py:1818} INFO - Sync 1 DAGs
[2021-03-22 03:05:01,504] {logging_mixin.py:104} INFO - [2021-03-22 03:05:01,504] {dag.py:2273} INFO - Setting next_dagrun for example_skip_dag to 2021-03-20 00:00:00+00:00
[2021-03-22 03:05:01,510] {scheduler_job.py:190} INFO - Processing /Users/akshaybhoge/PycharmProjects/venvEdgar/lib/python3.7/site-packages/airflow/example_dags/example_skip_dag.py took 0.048 seconds
[2021-03-22 03:05:33,585] {scheduler_job.py:182} INFO - Started process (PID=27900) to work on /Users/akshaybhoge/PycharmProjects/venvEdgar/lib/python3.7/site-packages/airflow/example_dags/example_skip_dag.py
[2021-03-22 03:05:33,587] {scheduler_job.py:629} INFO - Processing file /Users/akshaybhoge/PycharmProjects/venvEdgar/lib/python3.7/site-packages/airflow/example_dags/example_skip_dag.py for tasks to queue
[2021-03-22 03:05:33,588] {logging_mixin.py:104} INFO - [2021-03-22 03:05:33,588] {dagbag.py:448} INFO - Filling up the DagBag from /Users/akshaybhoge/PycharmProjects/venvEdgar/lib/python3.7/site-packages/airflow/example_dags/example_skip_dag.py
[2021-03-22 03:05:33,600] {scheduler_job.py:639} INFO - DAG(s) dict_keys(['example_skip_dag']) retrieved from /Users/akshaybhoge/PycharmProjects/venvEdgar/lib/python3.7/site-packages/airflow/example_dags/example_skip_dag.py
[2021-03-22 03:05:33,613] {logging_mixin.py:104} INFO - [2021-03-22 03:05:33,612] {dag.py:1818} INFO - Sync 1 DAGs
[2021-03-22 03:05:33,622] {logging_mixin.py:104} INFO - [2021-03-22 03:05:33,622] {dag.py:2273} INFO - Setting next_dagrun for example_skip_dag to 2021-03-20 00:00:00+00:00
[2021-03-22 03:05:33,628] {scheduler_job.py:190} INFO - Processing /Users/akshaybhoge/PycharmProjects/venvEdgar/lib/python3.7/site-packages/airflow/example_dags/example_skip_dag.py took 0.046 seconds
[2021-03-22 03:06:05,694] {scheduler_job.py:182} INFO - Started process (PID=27938) to work on /Users/akshaybhoge/PycharmProjects/venvEdgar/lib/python3.7/site-packages/airflow/example_dags/example_skip_dag.py
[2021-03-22 03:06:05,696] {scheduler_job.py:629} INFO - Processing file /Users/akshaybhoge/PycharmProjects/venvEdgar/lib/python3.7/site-packages/airflow/example_dags/example_skip_dag.py for tasks to queue
[2021-03-22 03:06:05,697] {logging_mixin.py:104} INFO - [2021-03-22 03:06:05,697] {dagbag.py:448} INFO - Filling up the DagBag from /Users/akshaybhoge/PycharmProjects/venvEdgar/lib/python3.7/site-packages/airflow/example_dags/example_skip_dag.py
[2021-03-22 03:06:05,708] {scheduler_job.py:639} INFO - DAG(s) dict_keys(['example_skip_dag']) retrieved from /Users/akshaybhoge/PycharmProjects/venvEdgar/lib/python3.7/site-packages/airflow/example_dags/example_skip_dag.py
[2021-03-22 03:06:05,722] {logging_mixin.py:104} INFO - [2021-03-22 03:06:05,722] {dag.py:1818} INFO - Sync 1 DAGs
[2021-03-22 03:06:05,732] {logging_mixin.py:104} INFO - [2021-03-22 03:06:05,732] {dag.py:2273} INFO - Setting next_dagrun for example_skip_dag to 2021-03-20 00:00:00+00:00
[2021-03-22 03:06:05,738] {scheduler_job.py:190} INFO - Processing /Users/akshaybhoge/PycharmProjects/venvEdgar/lib/python3.7/site-packages/airflow/example_dags/example_skip_dag.py took 0.047 seconds
[2021-03-22 03:06:37,927] {scheduler_job.py:182} INFO - Started process (PID=27973) to work on /Users/akshaybhoge/PycharmProjects/venvEdgar/lib/python3.7/site-packages/airflow/example_dags/example_skip_dag.py
[2021-03-22 03:06:37,929] {scheduler_job.py:629} INFO - Processing file /Users/akshaybhoge/PycharmProjects/venvEdgar/lib/python3.7/site-packages/airflow/example_dags/example_skip_dag.py for tasks to queue
[2021-03-22 03:06:37,930] {logging_mixin.py:104} INFO - [2021-03-22 03:06:37,930] {dagbag.py:448} INFO - Filling up the DagBag from /Users/akshaybhoge/PycharmProjects/venvEdgar/lib/python3.7/site-packages/airflow/example_dags/example_skip_dag.py
[2021-03-22 03:06:37,943] {scheduler_job.py:639} INFO - DAG(s) dict_keys(['example_skip_dag']) retrieved from /Users/akshaybhoge/PycharmProjects/venvEdgar/lib/python3.7/site-packages/airflow/example_dags/example_skip_dag.py
[2021-03-22 03:06:37,954] {logging_mixin.py:104} INFO - [2021-03-22 03:06:37,954] {dag.py:1818} INFO - Sync 1 DAGs
[2021-03-22 03:06:37,963] {logging_mixin.py:104} INFO - [2021-03-22 03:06:37,963] {dag.py:2273} INFO - Setting next_dagrun for example_skip_dag to 2021-03-20 00:00:00+00:00
[2021-03-22 03:06:37,969] {scheduler_job.py:190} INFO - Processing /Users/akshaybhoge/PycharmProjects/venvEdgar/lib/python3.7/site-packages/airflow/example_dags/example_skip_dag.py took 0.045 seconds
[2021-03-22 03:07:10,171] {scheduler_job.py:182} INFO - Started process (PID=28005) to work on /Users/akshaybhoge/PycharmProjects/venvEdgar/lib/python3.7/site-packages/airflow/example_dags/example_skip_dag.py
[2021-03-22 03:07:10,174] {scheduler_job.py:629} INFO - Processing file /Users/akshaybhoge/PycharmProjects/venvEdgar/lib/python3.7/site-packages/airflow/example_dags/example_skip_dag.py for tasks to queue
[2021-03-22 03:07:10,175] {logging_mixin.py:104} INFO - [2021-03-22 03:07:10,175] {dagbag.py:448} INFO - Filling up the DagBag from /Users/akshaybhoge/PycharmProjects/venvEdgar/lib/python3.7/site-packages/airflow/example_dags/example_skip_dag.py
[2021-03-22 03:07:10,187] {scheduler_job.py:639} INFO - DAG(s) dict_keys(['example_skip_dag']) retrieved from /Users/akshaybhoge/PycharmProjects/venvEdgar/lib/python3.7/site-packages/airflow/example_dags/example_skip_dag.py
[2021-03-22 03:07:10,201] {logging_mixin.py:104} INFO - [2021-03-22 03:07:10,200] {dag.py:1818} INFO - Sync 1 DAGs
[2021-03-22 03:07:10,210] {logging_mixin.py:104} INFO - [2021-03-22 03:07:10,210] {dag.py:2273} INFO - Setting next_dagrun for example_skip_dag to 2021-03-20 00:00:00+00:00
[2021-03-22 03:07:10,215] {scheduler_job.py:190} INFO - Processing /Users/akshaybhoge/PycharmProjects/venvEdgar/lib/python3.7/site-packages/airflow/example_dags/example_skip_dag.py took 0.048 seconds
[2021-03-22 03:07:42,390] {scheduler_job.py:182} INFO - Started process (PID=28039) to work on /Users/akshaybhoge/PycharmProjects/venvEdgar/lib/python3.7/site-packages/airflow/example_dags/example_skip_dag.py
[2021-03-22 03:07:42,392] {scheduler_job.py:629} INFO - Processing file /Users/akshaybhoge/PycharmProjects/venvEdgar/lib/python3.7/site-packages/airflow/example_dags/example_skip_dag.py for tasks to queue
[2021-03-22 03:07:42,393] {logging_mixin.py:104} INFO - [2021-03-22 03:07:42,393] {dagbag.py:448} INFO - Filling up the DagBag from /Users/akshaybhoge/PycharmProjects/venvEdgar/lib/python3.7/site-packages/airflow/example_dags/example_skip_dag.py
[2021-03-22 03:07:42,405] {scheduler_job.py:639} INFO - DAG(s) dict_keys(['example_skip_dag']) retrieved from /Users/akshaybhoge/PycharmProjects/venvEdgar/lib/python3.7/site-packages/airflow/example_dags/example_skip_dag.py
[2021-03-22 03:07:42,419] {logging_mixin.py:104} INFO - [2021-03-22 03:07:42,419] {dag.py:1818} INFO - Sync 1 DAGs
[2021-03-22 03:07:42,428] {logging_mixin.py:104} INFO - [2021-03-22 03:07:42,428] {dag.py:2273} INFO - Setting next_dagrun for example_skip_dag to 2021-03-20 00:00:00+00:00
[2021-03-22 03:07:42,434] {scheduler_job.py:190} INFO - Processing /Users/akshaybhoge/PycharmProjects/venvEdgar/lib/python3.7/site-packages/airflow/example_dags/example_skip_dag.py took 0.048 seconds
[2021-03-22 03:08:14,618] {scheduler_job.py:182} INFO - Started process (PID=28072) to work on /Users/akshaybhoge/PycharmProjects/venvEdgar/lib/python3.7/site-packages/airflow/example_dags/example_skip_dag.py
[2021-03-22 03:08:14,620] {scheduler_job.py:629} INFO - Processing file /Users/akshaybhoge/PycharmProjects/venvEdgar/lib/python3.7/site-packages/airflow/example_dags/example_skip_dag.py for tasks to queue
[2021-03-22 03:08:14,621] {logging_mixin.py:104} INFO - [2021-03-22 03:08:14,621] {dagbag.py:448} INFO - Filling up the DagBag from /Users/akshaybhoge/PycharmProjects/venvEdgar/lib/python3.7/site-packages/airflow/example_dags/example_skip_dag.py
[2021-03-22 03:08:14,631] {scheduler_job.py:639} INFO - DAG(s) dict_keys(['example_skip_dag']) retrieved from /Users/akshaybhoge/PycharmProjects/venvEdgar/lib/python3.7/site-packages/airflow/example_dags/example_skip_dag.py
[2021-03-22 03:08:14,642] {logging_mixin.py:104} INFO - [2021-03-22 03:08:14,642] {dag.py:1818} INFO - Sync 1 DAGs
[2021-03-22 03:08:14,651] {logging_mixin.py:104} INFO - [2021-03-22 03:08:14,650] {dag.py:2273} INFO - Setting next_dagrun for example_skip_dag to 2021-03-20 00:00:00+00:00
[2021-03-22 03:08:14,655] {scheduler_job.py:190} INFO - Processing /Users/akshaybhoge/PycharmProjects/venvEdgar/lib/python3.7/site-packages/airflow/example_dags/example_skip_dag.py took 0.040 seconds
[2021-03-22 03:08:46,909] {scheduler_job.py:182} INFO - Started process (PID=28112) to work on /Users/akshaybhoge/PycharmProjects/venvEdgar/lib/python3.7/site-packages/airflow/example_dags/example_skip_dag.py
[2021-03-22 03:08:46,912] {scheduler_job.py:629} INFO - Processing file /Users/akshaybhoge/PycharmProjects/venvEdgar/lib/python3.7/site-packages/airflow/example_dags/example_skip_dag.py for tasks to queue
[2021-03-22 03:08:46,913] {logging_mixin.py:104} INFO - [2021-03-22 03:08:46,913] {dagbag.py:448} INFO - Filling up the DagBag from /Users/akshaybhoge/PycharmProjects/venvEdgar/lib/python3.7/site-packages/airflow/example_dags/example_skip_dag.py
[2021-03-22 03:08:46,926] {scheduler_job.py:639} INFO - DAG(s) dict_keys(['example_skip_dag']) retrieved from /Users/akshaybhoge/PycharmProjects/venvEdgar/lib/python3.7/site-packages/airflow/example_dags/example_skip_dag.py
[2021-03-22 03:08:46,939] {logging_mixin.py:104} INFO - [2021-03-22 03:08:46,939] {dag.py:1818} INFO - Sync 1 DAGs
[2021-03-22 03:08:46,949] {logging_mixin.py:104} INFO - [2021-03-22 03:08:46,949] {dag.py:2273} INFO - Setting next_dagrun for example_skip_dag to 2021-03-20 00:00:00+00:00
[2021-03-22 03:08:46,955] {scheduler_job.py:190} INFO - Processing /Users/akshaybhoge/PycharmProjects/venvEdgar/lib/python3.7/site-packages/airflow/example_dags/example_skip_dag.py took 0.050 seconds
[2021-03-22 03:12:07,519] {scheduler_job.py:182} INFO - Started process (PID=28261) to work on /Users/akshaybhoge/PycharmProjects/venvEdgar/lib/python3.7/site-packages/airflow/example_dags/example_skip_dag.py
[2021-03-22 03:12:07,525] {scheduler_job.py:629} INFO - Processing file /Users/akshaybhoge/PycharmProjects/venvEdgar/lib/python3.7/site-packages/airflow/example_dags/example_skip_dag.py for tasks to queue
[2021-03-22 03:12:07,530] {logging_mixin.py:104} INFO - [2021-03-22 03:12:07,528] {dagbag.py:448} INFO - Filling up the DagBag from /Users/akshaybhoge/PycharmProjects/venvEdgar/lib/python3.7/site-packages/airflow/example_dags/example_skip_dag.py
[2021-03-22 03:12:07,572] {scheduler_job.py:639} INFO - DAG(s) dict_keys(['example_skip_dag']) retrieved from /Users/akshaybhoge/PycharmProjects/venvEdgar/lib/python3.7/site-packages/airflow/example_dags/example_skip_dag.py
[2021-03-22 03:12:07,618] {logging_mixin.py:104} INFO - [2021-03-22 03:12:07,616] {dag.py:1818} INFO - Sync 1 DAGs
[2021-03-22 03:12:07,654] {logging_mixin.py:104} INFO - [2021-03-22 03:12:07,653] {dag.py:2273} INFO - Setting next_dagrun for example_skip_dag to 2021-03-20 00:00:00+00:00
[2021-03-22 03:12:07,677] {scheduler_job.py:190} INFO - Processing /Users/akshaybhoge/PycharmProjects/venvEdgar/lib/python3.7/site-packages/airflow/example_dags/example_skip_dag.py took 0.171 seconds
[2021-03-22 03:12:42,897] {scheduler_job.py:182} INFO - Started process (PID=28293) to work on /Users/akshaybhoge/PycharmProjects/venvEdgar/lib/python3.7/site-packages/airflow/example_dags/example_skip_dag.py
[2021-03-22 03:12:42,904] {scheduler_job.py:629} INFO - Processing file /Users/akshaybhoge/PycharmProjects/venvEdgar/lib/python3.7/site-packages/airflow/example_dags/example_skip_dag.py for tasks to queue
[2021-03-22 03:12:42,909] {logging_mixin.py:104} INFO - [2021-03-22 03:12:42,907] {dagbag.py:448} INFO - Filling up the DagBag from /Users/akshaybhoge/PycharmProjects/venvEdgar/lib/python3.7/site-packages/airflow/example_dags/example_skip_dag.py
[2021-03-22 03:12:42,950] {scheduler_job.py:639} INFO - DAG(s) dict_keys(['example_skip_dag']) retrieved from /Users/akshaybhoge/PycharmProjects/venvEdgar/lib/python3.7/site-packages/airflow/example_dags/example_skip_dag.py
[2021-03-22 03:12:42,996] {logging_mixin.py:104} INFO - [2021-03-22 03:12:42,995] {dag.py:1818} INFO - Sync 1 DAGs
[2021-03-22 03:12:43,032] {logging_mixin.py:104} INFO - [2021-03-22 03:12:43,031] {dag.py:2273} INFO - Setting next_dagrun for example_skip_dag to 2021-03-20 00:00:00+00:00
[2021-03-22 03:12:43,055] {scheduler_job.py:190} INFO - Processing /Users/akshaybhoge/PycharmProjects/venvEdgar/lib/python3.7/site-packages/airflow/example_dags/example_skip_dag.py took 0.170 seconds
[2021-03-22 03:14:00,507] {scheduler_job.py:182} INFO - Started process (PID=28368) to work on /Users/akshaybhoge/PycharmProjects/venvEdgar/lib/python3.7/site-packages/airflow/example_dags/example_skip_dag.py
[2021-03-22 03:14:00,509] {scheduler_job.py:629} INFO - Processing file /Users/akshaybhoge/PycharmProjects/venvEdgar/lib/python3.7/site-packages/airflow/example_dags/example_skip_dag.py for tasks to queue
[2021-03-22 03:14:00,510] {logging_mixin.py:104} INFO - [2021-03-22 03:14:00,510] {dagbag.py:448} INFO - Filling up the DagBag from /Users/akshaybhoge/PycharmProjects/venvEdgar/lib/python3.7/site-packages/airflow/example_dags/example_skip_dag.py
[2021-03-22 03:14:00,522] {scheduler_job.py:639} INFO - DAG(s) dict_keys(['example_skip_dag']) retrieved from /Users/akshaybhoge/PycharmProjects/venvEdgar/lib/python3.7/site-packages/airflow/example_dags/example_skip_dag.py
[2021-03-22 03:14:00,533] {logging_mixin.py:104} INFO - [2021-03-22 03:14:00,533] {dag.py:1818} INFO - Sync 1 DAGs
[2021-03-22 03:14:00,542] {logging_mixin.py:104} INFO - [2021-03-22 03:14:00,542] {dag.py:2273} INFO - Setting next_dagrun for example_skip_dag to 2021-03-20 00:00:00+00:00
[2021-03-22 03:14:00,548] {scheduler_job.py:190} INFO - Processing /Users/akshaybhoge/PycharmProjects/venvEdgar/lib/python3.7/site-packages/airflow/example_dags/example_skip_dag.py took 0.044 seconds
[2021-03-22 03:14:30,871] {scheduler_job.py:182} INFO - Started process (PID=28420) to work on /Users/akshaybhoge/PycharmProjects/venvEdgar/lib/python3.7/site-packages/airflow/example_dags/example_skip_dag.py
[2021-03-22 03:14:30,874] {scheduler_job.py:629} INFO - Processing file /Users/akshaybhoge/PycharmProjects/venvEdgar/lib/python3.7/site-packages/airflow/example_dags/example_skip_dag.py for tasks to queue
[2021-03-22 03:14:30,875] {logging_mixin.py:104} INFO - [2021-03-22 03:14:30,875] {dagbag.py:448} INFO - Filling up the DagBag from /Users/akshaybhoge/PycharmProjects/venvEdgar/lib/python3.7/site-packages/airflow/example_dags/example_skip_dag.py
[2021-03-22 03:14:30,886] {scheduler_job.py:639} INFO - DAG(s) dict_keys(['example_skip_dag']) retrieved from /Users/akshaybhoge/PycharmProjects/venvEdgar/lib/python3.7/site-packages/airflow/example_dags/example_skip_dag.py
[2021-03-22 03:14:30,899] {logging_mixin.py:104} INFO - [2021-03-22 03:14:30,898] {dag.py:1818} INFO - Sync 1 DAGs
[2021-03-22 03:14:30,907] {logging_mixin.py:104} INFO - [2021-03-22 03:14:30,907] {dag.py:2273} INFO - Setting next_dagrun for example_skip_dag to 2021-03-20 00:00:00+00:00
[2021-03-22 03:14:30,913] {scheduler_job.py:190} INFO - Processing /Users/akshaybhoge/PycharmProjects/venvEdgar/lib/python3.7/site-packages/airflow/example_dags/example_skip_dag.py took 0.046 seconds
[2021-03-22 03:15:03,482] {scheduler_job.py:182} INFO - Started process (PID=28462) to work on /Users/akshaybhoge/PycharmProjects/venvEdgar/lib/python3.7/site-packages/airflow/example_dags/example_skip_dag.py
[2021-03-22 03:15:03,484] {scheduler_job.py:629} INFO - Processing file /Users/akshaybhoge/PycharmProjects/venvEdgar/lib/python3.7/site-packages/airflow/example_dags/example_skip_dag.py for tasks to queue
[2021-03-22 03:15:03,485] {logging_mixin.py:104} INFO - [2021-03-22 03:15:03,485] {dagbag.py:448} INFO - Filling up the DagBag from /Users/akshaybhoge/PycharmProjects/venvEdgar/lib/python3.7/site-packages/airflow/example_dags/example_skip_dag.py
[2021-03-22 03:15:03,497] {scheduler_job.py:639} INFO - DAG(s) dict_keys(['example_skip_dag']) retrieved from /Users/akshaybhoge/PycharmProjects/venvEdgar/lib/python3.7/site-packages/airflow/example_dags/example_skip_dag.py
[2021-03-22 03:15:03,512] {logging_mixin.py:104} INFO - [2021-03-22 03:15:03,511] {dag.py:1818} INFO - Sync 1 DAGs
[2021-03-22 03:15:03,524] {logging_mixin.py:104} INFO - [2021-03-22 03:15:03,523] {dag.py:2273} INFO - Setting next_dagrun for example_skip_dag to 2021-03-20 00:00:00+00:00
[2021-03-22 03:15:03,531] {scheduler_job.py:190} INFO - Processing /Users/akshaybhoge/PycharmProjects/venvEdgar/lib/python3.7/site-packages/airflow/example_dags/example_skip_dag.py took 0.053 seconds
[2021-03-22 03:15:36,052] {scheduler_job.py:182} INFO - Started process (PID=28498) to work on /Users/akshaybhoge/PycharmProjects/venvEdgar/lib/python3.7/site-packages/airflow/example_dags/example_skip_dag.py
[2021-03-22 03:15:36,053] {scheduler_job.py:629} INFO - Processing file /Users/akshaybhoge/PycharmProjects/venvEdgar/lib/python3.7/site-packages/airflow/example_dags/example_skip_dag.py for tasks to queue
[2021-03-22 03:15:36,055] {logging_mixin.py:104} INFO - [2021-03-22 03:15:36,054] {dagbag.py:448} INFO - Filling up the DagBag from /Users/akshaybhoge/PycharmProjects/venvEdgar/lib/python3.7/site-packages/airflow/example_dags/example_skip_dag.py
[2021-03-22 03:15:36,064] {scheduler_job.py:639} INFO - DAG(s) dict_keys(['example_skip_dag']) retrieved from /Users/akshaybhoge/PycharmProjects/venvEdgar/lib/python3.7/site-packages/airflow/example_dags/example_skip_dag.py
[2021-03-22 03:15:36,074] {logging_mixin.py:104} INFO - [2021-03-22 03:15:36,074] {dag.py:1818} INFO - Sync 1 DAGs
[2021-03-22 03:15:36,082] {logging_mixin.py:104} INFO - [2021-03-22 03:15:36,082] {dag.py:2273} INFO - Setting next_dagrun for example_skip_dag to 2021-03-20 00:00:00+00:00
[2021-03-22 03:15:36,087] {scheduler_job.py:190} INFO - Processing /Users/akshaybhoge/PycharmProjects/venvEdgar/lib/python3.7/site-packages/airflow/example_dags/example_skip_dag.py took 0.037 seconds
[2021-03-22 03:16:08,543] {scheduler_job.py:182} INFO - Started process (PID=28535) to work on /Users/akshaybhoge/PycharmProjects/venvEdgar/lib/python3.7/site-packages/airflow/example_dags/example_skip_dag.py
[2021-03-22 03:16:08,546] {scheduler_job.py:629} INFO - Processing file /Users/akshaybhoge/PycharmProjects/venvEdgar/lib/python3.7/site-packages/airflow/example_dags/example_skip_dag.py for tasks to queue
[2021-03-22 03:16:08,547] {logging_mixin.py:104} INFO - [2021-03-22 03:16:08,547] {dagbag.py:448} INFO - Filling up the DagBag from /Users/akshaybhoge/PycharmProjects/venvEdgar/lib/python3.7/site-packages/airflow/example_dags/example_skip_dag.py
[2021-03-22 03:16:08,560] {scheduler_job.py:639} INFO - DAG(s) dict_keys(['example_skip_dag']) retrieved from /Users/akshaybhoge/PycharmProjects/venvEdgar/lib/python3.7/site-packages/airflow/example_dags/example_skip_dag.py
[2021-03-22 03:16:08,573] {logging_mixin.py:104} INFO - [2021-03-22 03:16:08,573] {dag.py:1818} INFO - Sync 1 DAGs
[2021-03-22 03:16:08,584] {logging_mixin.py:104} INFO - [2021-03-22 03:16:08,584] {dag.py:2273} INFO - Setting next_dagrun for example_skip_dag to 2021-03-20 00:00:00+00:00
[2021-03-22 03:16:08,591] {scheduler_job.py:190} INFO - Processing /Users/akshaybhoge/PycharmProjects/venvEdgar/lib/python3.7/site-packages/airflow/example_dags/example_skip_dag.py took 0.052 seconds
[2021-03-22 03:16:40,754] {scheduler_job.py:182} INFO - Started process (PID=28584) to work on /Users/akshaybhoge/PycharmProjects/venvEdgar/lib/python3.7/site-packages/airflow/example_dags/example_skip_dag.py
[2021-03-22 03:16:40,758] {scheduler_job.py:629} INFO - Processing file /Users/akshaybhoge/PycharmProjects/venvEdgar/lib/python3.7/site-packages/airflow/example_dags/example_skip_dag.py for tasks to queue
[2021-03-22 03:16:40,759] {logging_mixin.py:104} INFO - [2021-03-22 03:16:40,759] {dagbag.py:448} INFO - Filling up the DagBag from /Users/akshaybhoge/PycharmProjects/venvEdgar/lib/python3.7/site-packages/airflow/example_dags/example_skip_dag.py
[2021-03-22 03:16:40,770] {scheduler_job.py:639} INFO - DAG(s) dict_keys(['example_skip_dag']) retrieved from /Users/akshaybhoge/PycharmProjects/venvEdgar/lib/python3.7/site-packages/airflow/example_dags/example_skip_dag.py
[2021-03-22 03:16:40,783] {logging_mixin.py:104} INFO - [2021-03-22 03:16:40,783] {dag.py:1818} INFO - Sync 1 DAGs
[2021-03-22 03:16:40,793] {logging_mixin.py:104} INFO - [2021-03-22 03:16:40,793] {dag.py:2273} INFO - Setting next_dagrun for example_skip_dag to 2021-03-20 00:00:00+00:00
[2021-03-22 03:16:40,799] {scheduler_job.py:190} INFO - Processing /Users/akshaybhoge/PycharmProjects/venvEdgar/lib/python3.7/site-packages/airflow/example_dags/example_skip_dag.py took 0.048 seconds
[2021-03-22 03:17:12,854] {scheduler_job.py:182} INFO - Started process (PID=28621) to work on /Users/akshaybhoge/PycharmProjects/venvEdgar/lib/python3.7/site-packages/airflow/example_dags/example_skip_dag.py
[2021-03-22 03:17:12,856] {scheduler_job.py:629} INFO - Processing file /Users/akshaybhoge/PycharmProjects/venvEdgar/lib/python3.7/site-packages/airflow/example_dags/example_skip_dag.py for tasks to queue
[2021-03-22 03:17:12,857] {logging_mixin.py:104} INFO - [2021-03-22 03:17:12,857] {dagbag.py:448} INFO - Filling up the DagBag from /Users/akshaybhoge/PycharmProjects/venvEdgar/lib/python3.7/site-packages/airflow/example_dags/example_skip_dag.py
[2021-03-22 03:17:12,868] {scheduler_job.py:639} INFO - DAG(s) dict_keys(['example_skip_dag']) retrieved from /Users/akshaybhoge/PycharmProjects/venvEdgar/lib/python3.7/site-packages/airflow/example_dags/example_skip_dag.py
[2021-03-22 03:17:12,882] {logging_mixin.py:104} INFO - [2021-03-22 03:17:12,882] {dag.py:1818} INFO - Sync 1 DAGs
[2021-03-22 03:17:12,892] {logging_mixin.py:104} INFO - [2021-03-22 03:17:12,892] {dag.py:2273} INFO - Setting next_dagrun for example_skip_dag to 2021-03-20 00:00:00+00:00
[2021-03-22 03:17:12,898] {scheduler_job.py:190} INFO - Processing /Users/akshaybhoge/PycharmProjects/venvEdgar/lib/python3.7/site-packages/airflow/example_dags/example_skip_dag.py took 0.047 seconds
[2021-03-22 03:17:44,861] {scheduler_job.py:182} INFO - Started process (PID=28654) to work on /Users/akshaybhoge/PycharmProjects/venvEdgar/lib/python3.7/site-packages/airflow/example_dags/example_skip_dag.py
[2021-03-22 03:17:44,863] {scheduler_job.py:629} INFO - Processing file /Users/akshaybhoge/PycharmProjects/venvEdgar/lib/python3.7/site-packages/airflow/example_dags/example_skip_dag.py for tasks to queue
[2021-03-22 03:17:44,864] {logging_mixin.py:104} INFO - [2021-03-22 03:17:44,863] {dagbag.py:448} INFO - Filling up the DagBag from /Users/akshaybhoge/PycharmProjects/venvEdgar/lib/python3.7/site-packages/airflow/example_dags/example_skip_dag.py
[2021-03-22 03:17:44,873] {scheduler_job.py:639} INFO - DAG(s) dict_keys(['example_skip_dag']) retrieved from /Users/akshaybhoge/PycharmProjects/venvEdgar/lib/python3.7/site-packages/airflow/example_dags/example_skip_dag.py
[2021-03-22 03:17:44,884] {logging_mixin.py:104} INFO - [2021-03-22 03:17:44,884] {dag.py:1818} INFO - Sync 1 DAGs
[2021-03-22 03:17:44,893] {logging_mixin.py:104} INFO - [2021-03-22 03:17:44,893] {dag.py:2273} INFO - Setting next_dagrun for example_skip_dag to 2021-03-20 00:00:00+00:00
[2021-03-22 03:17:44,899] {scheduler_job.py:190} INFO - Processing /Users/akshaybhoge/PycharmProjects/venvEdgar/lib/python3.7/site-packages/airflow/example_dags/example_skip_dag.py took 0.041 seconds
[2021-03-22 03:18:16,865] {scheduler_job.py:182} INFO - Started process (PID=28684) to work on /Users/akshaybhoge/PycharmProjects/venvEdgar/lib/python3.7/site-packages/airflow/example_dags/example_skip_dag.py
[2021-03-22 03:18:16,866] {scheduler_job.py:629} INFO - Processing file /Users/akshaybhoge/PycharmProjects/venvEdgar/lib/python3.7/site-packages/airflow/example_dags/example_skip_dag.py for tasks to queue
[2021-03-22 03:18:16,867] {logging_mixin.py:104} INFO - [2021-03-22 03:18:16,867] {dagbag.py:448} INFO - Filling up the DagBag from /Users/akshaybhoge/PycharmProjects/venvEdgar/lib/python3.7/site-packages/airflow/example_dags/example_skip_dag.py
[2021-03-22 03:18:16,879] {scheduler_job.py:639} INFO - DAG(s) dict_keys(['example_skip_dag']) retrieved from /Users/akshaybhoge/PycharmProjects/venvEdgar/lib/python3.7/site-packages/airflow/example_dags/example_skip_dag.py
[2021-03-22 03:18:16,892] {logging_mixin.py:104} INFO - [2021-03-22 03:18:16,892] {dag.py:1818} INFO - Sync 1 DAGs
[2021-03-22 03:18:16,903] {logging_mixin.py:104} INFO - [2021-03-22 03:18:16,902] {dag.py:2273} INFO - Setting next_dagrun for example_skip_dag to 2021-03-20 00:00:00+00:00
[2021-03-22 03:18:16,909] {scheduler_job.py:190} INFO - Processing /Users/akshaybhoge/PycharmProjects/venvEdgar/lib/python3.7/site-packages/airflow/example_dags/example_skip_dag.py took 0.048 seconds
[2021-03-22 03:18:48,979] {scheduler_job.py:182} INFO - Started process (PID=28724) to work on /Users/akshaybhoge/PycharmProjects/venvEdgar/lib/python3.7/site-packages/airflow/example_dags/example_skip_dag.py
[2021-03-22 03:18:48,982] {scheduler_job.py:629} INFO - Processing file /Users/akshaybhoge/PycharmProjects/venvEdgar/lib/python3.7/site-packages/airflow/example_dags/example_skip_dag.py for tasks to queue
[2021-03-22 03:18:48,984] {logging_mixin.py:104} INFO - [2021-03-22 03:18:48,983] {dagbag.py:448} INFO - Filling up the DagBag from /Users/akshaybhoge/PycharmProjects/venvEdgar/lib/python3.7/site-packages/airflow/example_dags/example_skip_dag.py
[2021-03-22 03:18:48,996] {scheduler_job.py:639} INFO - DAG(s) dict_keys(['example_skip_dag']) retrieved from /Users/akshaybhoge/PycharmProjects/venvEdgar/lib/python3.7/site-packages/airflow/example_dags/example_skip_dag.py
[2021-03-22 03:18:49,010] {logging_mixin.py:104} INFO - [2021-03-22 03:18:49,009] {dag.py:1818} INFO - Sync 1 DAGs
[2021-03-22 03:18:49,020] {logging_mixin.py:104} INFO - [2021-03-22 03:18:49,020] {dag.py:2273} INFO - Setting next_dagrun for example_skip_dag to 2021-03-20 00:00:00+00:00
[2021-03-22 03:18:49,026] {scheduler_job.py:190} INFO - Processing /Users/akshaybhoge/PycharmProjects/venvEdgar/lib/python3.7/site-packages/airflow/example_dags/example_skip_dag.py took 0.051 seconds
[2021-03-22 03:19:22,983] {scheduler_job.py:182} INFO - Started process (PID=28771) to work on /Users/akshaybhoge/PycharmProjects/venvEdgar/lib/python3.7/site-packages/airflow/example_dags/example_skip_dag.py
[2021-03-22 03:19:22,984] {scheduler_job.py:629} INFO - Processing file /Users/akshaybhoge/PycharmProjects/venvEdgar/lib/python3.7/site-packages/airflow/example_dags/example_skip_dag.py for tasks to queue
[2021-03-22 03:19:22,986] {logging_mixin.py:104} INFO - [2021-03-22 03:19:22,985] {dagbag.py:448} INFO - Filling up the DagBag from /Users/akshaybhoge/PycharmProjects/venvEdgar/lib/python3.7/site-packages/airflow/example_dags/example_skip_dag.py
[2021-03-22 03:19:22,998] {scheduler_job.py:639} INFO - DAG(s) dict_keys(['example_skip_dag']) retrieved from /Users/akshaybhoge/PycharmProjects/venvEdgar/lib/python3.7/site-packages/airflow/example_dags/example_skip_dag.py
[2021-03-22 03:19:23,011] {logging_mixin.py:104} INFO - [2021-03-22 03:19:23,011] {dag.py:1818} INFO - Sync 1 DAGs
[2021-03-22 03:19:23,021] {logging_mixin.py:104} INFO - [2021-03-22 03:19:23,021] {dag.py:2273} INFO - Setting next_dagrun for example_skip_dag to 2021-03-20 00:00:00+00:00
[2021-03-22 03:19:23,026] {scheduler_job.py:190} INFO - Processing /Users/akshaybhoge/PycharmProjects/venvEdgar/lib/python3.7/site-packages/airflow/example_dags/example_skip_dag.py took 0.047 seconds
[2021-03-22 03:19:55,110] {scheduler_job.py:182} INFO - Started process (PID=28800) to work on /Users/akshaybhoge/PycharmProjects/venvEdgar/lib/python3.7/site-packages/airflow/example_dags/example_skip_dag.py
[2021-03-22 03:19:55,114] {scheduler_job.py:629} INFO - Processing file /Users/akshaybhoge/PycharmProjects/venvEdgar/lib/python3.7/site-packages/airflow/example_dags/example_skip_dag.py for tasks to queue
[2021-03-22 03:19:55,115] {logging_mixin.py:104} INFO - [2021-03-22 03:19:55,115] {dagbag.py:448} INFO - Filling up the DagBag from /Users/akshaybhoge/PycharmProjects/venvEdgar/lib/python3.7/site-packages/airflow/example_dags/example_skip_dag.py
[2021-03-22 03:19:55,126] {scheduler_job.py:639} INFO - DAG(s) dict_keys(['example_skip_dag']) retrieved from /Users/akshaybhoge/PycharmProjects/venvEdgar/lib/python3.7/site-packages/airflow/example_dags/example_skip_dag.py
[2021-03-22 03:19:55,140] {logging_mixin.py:104} INFO - [2021-03-22 03:19:55,139] {dag.py:1818} INFO - Sync 1 DAGs
[2021-03-22 03:19:55,150] {logging_mixin.py:104} INFO - [2021-03-22 03:19:55,149] {dag.py:2273} INFO - Setting next_dagrun for example_skip_dag to 2021-03-20 00:00:00+00:00
[2021-03-22 03:19:55,156] {scheduler_job.py:190} INFO - Processing /Users/akshaybhoge/PycharmProjects/venvEdgar/lib/python3.7/site-packages/airflow/example_dags/example_skip_dag.py took 0.049 seconds
[2021-03-22 03:20:27,118] {scheduler_job.py:182} INFO - Started process (PID=28841) to work on /Users/akshaybhoge/PycharmProjects/venvEdgar/lib/python3.7/site-packages/airflow/example_dags/example_skip_dag.py
[2021-03-22 03:20:27,120] {scheduler_job.py:629} INFO - Processing file /Users/akshaybhoge/PycharmProjects/venvEdgar/lib/python3.7/site-packages/airflow/example_dags/example_skip_dag.py for tasks to queue
[2021-03-22 03:20:27,121] {logging_mixin.py:104} INFO - [2021-03-22 03:20:27,121] {dagbag.py:448} INFO - Filling up the DagBag from /Users/akshaybhoge/PycharmProjects/venvEdgar/lib/python3.7/site-packages/airflow/example_dags/example_skip_dag.py
[2021-03-22 03:20:27,133] {scheduler_job.py:639} INFO - DAG(s) dict_keys(['example_skip_dag']) retrieved from /Users/akshaybhoge/PycharmProjects/venvEdgar/lib/python3.7/site-packages/airflow/example_dags/example_skip_dag.py
[2021-03-22 03:20:27,146] {logging_mixin.py:104} INFO - [2021-03-22 03:20:27,145] {dag.py:1818} INFO - Sync 1 DAGs
[2021-03-22 03:20:27,156] {logging_mixin.py:104} INFO - [2021-03-22 03:20:27,156] {dag.py:2273} INFO - Setting next_dagrun for example_skip_dag to 2021-03-20 00:00:00+00:00
[2021-03-22 03:20:27,163] {scheduler_job.py:190} INFO - Processing /Users/akshaybhoge/PycharmProjects/venvEdgar/lib/python3.7/site-packages/airflow/example_dags/example_skip_dag.py took 0.048 seconds
[2021-03-22 03:20:59,424] {scheduler_job.py:182} INFO - Started process (PID=28887) to work on /Users/akshaybhoge/PycharmProjects/venvEdgar/lib/python3.7/site-packages/airflow/example_dags/example_skip_dag.py
[2021-03-22 03:20:59,426] {scheduler_job.py:629} INFO - Processing file /Users/akshaybhoge/PycharmProjects/venvEdgar/lib/python3.7/site-packages/airflow/example_dags/example_skip_dag.py for tasks to queue
[2021-03-22 03:20:59,427] {logging_mixin.py:104} INFO - [2021-03-22 03:20:59,427] {dagbag.py:448} INFO - Filling up the DagBag from /Users/akshaybhoge/PycharmProjects/venvEdgar/lib/python3.7/site-packages/airflow/example_dags/example_skip_dag.py
[2021-03-22 03:20:59,438] {scheduler_job.py:639} INFO - DAG(s) dict_keys(['example_skip_dag']) retrieved from /Users/akshaybhoge/PycharmProjects/venvEdgar/lib/python3.7/site-packages/airflow/example_dags/example_skip_dag.py
[2021-03-22 03:20:59,449] {logging_mixin.py:104} INFO - [2021-03-22 03:20:59,449] {dag.py:1818} INFO - Sync 1 DAGs
[2021-03-22 03:20:59,458] {logging_mixin.py:104} INFO - [2021-03-22 03:20:59,458] {dag.py:2273} INFO - Setting next_dagrun for example_skip_dag to 2021-03-20 00:00:00+00:00
[2021-03-22 03:20:59,464] {scheduler_job.py:190} INFO - Processing /Users/akshaybhoge/PycharmProjects/venvEdgar/lib/python3.7/site-packages/airflow/example_dags/example_skip_dag.py took 0.043 seconds
[2021-03-22 03:21:31,522] {scheduler_job.py:182} INFO - Started process (PID=28936) to work on /Users/akshaybhoge/PycharmProjects/venvEdgar/lib/python3.7/site-packages/airflow/example_dags/example_skip_dag.py
[2021-03-22 03:21:31,523] {scheduler_job.py:629} INFO - Processing file /Users/akshaybhoge/PycharmProjects/venvEdgar/lib/python3.7/site-packages/airflow/example_dags/example_skip_dag.py for tasks to queue
[2021-03-22 03:21:31,525] {logging_mixin.py:104} INFO - [2021-03-22 03:21:31,524] {dagbag.py:448} INFO - Filling up the DagBag from /Users/akshaybhoge/PycharmProjects/venvEdgar/lib/python3.7/site-packages/airflow/example_dags/example_skip_dag.py
[2021-03-22 03:21:31,537] {scheduler_job.py:639} INFO - DAG(s) dict_keys(['example_skip_dag']) retrieved from /Users/akshaybhoge/PycharmProjects/venvEdgar/lib/python3.7/site-packages/airflow/example_dags/example_skip_dag.py
[2021-03-22 03:21:31,550] {logging_mixin.py:104} INFO - [2021-03-22 03:21:31,550] {dag.py:1818} INFO - Sync 1 DAGs
[2021-03-22 03:21:31,560] {logging_mixin.py:104} INFO - [2021-03-22 03:21:31,560] {dag.py:2273} INFO - Setting next_dagrun for example_skip_dag to 2021-03-20 00:00:00+00:00
[2021-03-22 03:21:31,566] {scheduler_job.py:190} INFO - Processing /Users/akshaybhoge/PycharmProjects/venvEdgar/lib/python3.7/site-packages/airflow/example_dags/example_skip_dag.py took 0.048 seconds
[2021-03-22 03:22:54,077] {scheduler_job.py:182} INFO - Started process (PID=29015) to work on /Users/akshaybhoge/PycharmProjects/venvEdgar/lib/python3.7/site-packages/airflow/example_dags/example_skip_dag.py
[2021-03-22 03:22:54,079] {scheduler_job.py:629} INFO - Processing file /Users/akshaybhoge/PycharmProjects/venvEdgar/lib/python3.7/site-packages/airflow/example_dags/example_skip_dag.py for tasks to queue
[2021-03-22 03:22:54,081] {logging_mixin.py:104} INFO - [2021-03-22 03:22:54,080] {dagbag.py:448} INFO - Filling up the DagBag from /Users/akshaybhoge/PycharmProjects/venvEdgar/lib/python3.7/site-packages/airflow/example_dags/example_skip_dag.py
[2021-03-22 03:22:54,095] {scheduler_job.py:639} INFO - DAG(s) dict_keys(['example_skip_dag']) retrieved from /Users/akshaybhoge/PycharmProjects/venvEdgar/lib/python3.7/site-packages/airflow/example_dags/example_skip_dag.py
[2021-03-22 03:22:54,108] {logging_mixin.py:104} INFO - [2021-03-22 03:22:54,107] {dag.py:1818} INFO - Sync 1 DAGs
[2021-03-22 03:22:54,117] {logging_mixin.py:104} INFO - [2021-03-22 03:22:54,117] {dag.py:2273} INFO - Setting next_dagrun for example_skip_dag to 2021-03-20 00:00:00+00:00
[2021-03-22 03:22:54,123] {scheduler_job.py:190} INFO - Processing /Users/akshaybhoge/PycharmProjects/venvEdgar/lib/python3.7/site-packages/airflow/example_dags/example_skip_dag.py took 0.050 seconds
[2021-03-22 03:23:40,546] {scheduler_job.py:182} INFO - Started process (PID=29072) to work on /Users/akshaybhoge/PycharmProjects/venvEdgar/lib/python3.7/site-packages/airflow/example_dags/example_skip_dag.py
[2021-03-22 03:23:40,552] {scheduler_job.py:629} INFO - Processing file /Users/akshaybhoge/PycharmProjects/venvEdgar/lib/python3.7/site-packages/airflow/example_dags/example_skip_dag.py for tasks to queue
[2021-03-22 03:23:40,553] {logging_mixin.py:104} INFO - [2021-03-22 03:23:40,552] {dagbag.py:448} INFO - Filling up the DagBag from /Users/akshaybhoge/PycharmProjects/venvEdgar/lib/python3.7/site-packages/airflow/example_dags/example_skip_dag.py
[2021-03-22 03:23:40,561] {scheduler_job.py:639} INFO - DAG(s) dict_keys(['example_skip_dag']) retrieved from /Users/akshaybhoge/PycharmProjects/venvEdgar/lib/python3.7/site-packages/airflow/example_dags/example_skip_dag.py
[2021-03-22 03:23:40,572] {logging_mixin.py:104} INFO - [2021-03-22 03:23:40,571] {dag.py:1818} INFO - Sync 1 DAGs
[2021-03-22 03:23:40,580] {logging_mixin.py:104} INFO - [2021-03-22 03:23:40,580] {dag.py:2273} INFO - Setting next_dagrun for example_skip_dag to 2021-03-20 00:00:00+00:00
[2021-03-22 03:23:40,586] {scheduler_job.py:190} INFO - Processing /Users/akshaybhoge/PycharmProjects/venvEdgar/lib/python3.7/site-packages/airflow/example_dags/example_skip_dag.py took 0.042 seconds
[2021-03-22 03:24:21,910] {scheduler_job.py:182} INFO - Started process (PID=29130) to work on /Users/akshaybhoge/PycharmProjects/venvEdgar/lib/python3.7/site-packages/airflow/example_dags/example_skip_dag.py
[2021-03-22 03:24:21,911] {scheduler_job.py:629} INFO - Processing file /Users/akshaybhoge/PycharmProjects/venvEdgar/lib/python3.7/site-packages/airflow/example_dags/example_skip_dag.py for tasks to queue
[2021-03-22 03:24:21,912] {logging_mixin.py:104} INFO - [2021-03-22 03:24:21,912] {dagbag.py:448} INFO - Filling up the DagBag from /Users/akshaybhoge/PycharmProjects/venvEdgar/lib/python3.7/site-packages/airflow/example_dags/example_skip_dag.py
[2021-03-22 03:24:21,924] {scheduler_job.py:639} INFO - DAG(s) dict_keys(['example_skip_dag']) retrieved from /Users/akshaybhoge/PycharmProjects/venvEdgar/lib/python3.7/site-packages/airflow/example_dags/example_skip_dag.py
[2021-03-22 03:24:21,936] {logging_mixin.py:104} INFO - [2021-03-22 03:24:21,935] {dag.py:1818} INFO - Sync 1 DAGs
[2021-03-22 03:24:21,945] {logging_mixin.py:104} INFO - [2021-03-22 03:24:21,944] {dag.py:2273} INFO - Setting next_dagrun for example_skip_dag to 2021-03-20 00:00:00+00:00
[2021-03-22 03:24:21,950] {scheduler_job.py:190} INFO - Processing /Users/akshaybhoge/PycharmProjects/venvEdgar/lib/python3.7/site-packages/airflow/example_dags/example_skip_dag.py took 0.043 seconds
[2021-03-22 03:27:48,324] {scheduler_job.py:182} INFO - Started process (PID=29215) to work on /Users/akshaybhoge/PycharmProjects/venvEdgar/lib/python3.7/site-packages/airflow/example_dags/example_skip_dag.py
[2021-03-22 03:27:48,325] {scheduler_job.py:629} INFO - Processing file /Users/akshaybhoge/PycharmProjects/venvEdgar/lib/python3.7/site-packages/airflow/example_dags/example_skip_dag.py for tasks to queue
[2021-03-22 03:27:48,326] {logging_mixin.py:104} INFO - [2021-03-22 03:27:48,326] {dagbag.py:448} INFO - Filling up the DagBag from /Users/akshaybhoge/PycharmProjects/venvEdgar/lib/python3.7/site-packages/airflow/example_dags/example_skip_dag.py
[2021-03-22 03:27:48,331] {scheduler_job.py:639} INFO - DAG(s) dict_keys(['example_skip_dag']) retrieved from /Users/akshaybhoge/PycharmProjects/venvEdgar/lib/python3.7/site-packages/airflow/example_dags/example_skip_dag.py
[2021-03-22 03:27:48,343] {logging_mixin.py:104} INFO - [2021-03-22 03:27:48,343] {dag.py:1818} INFO - Sync 1 DAGs
[2021-03-22 03:27:48,353] {logging_mixin.py:104} INFO - [2021-03-22 03:27:48,353] {dag.py:2273} INFO - Setting next_dagrun for example_skip_dag to 2021-03-20 00:00:00+00:00
[2021-03-22 03:27:48,360] {scheduler_job.py:190} INFO - Processing /Users/akshaybhoge/PycharmProjects/venvEdgar/lib/python3.7/site-packages/airflow/example_dags/example_skip_dag.py took 0.039 seconds
[2021-03-22 03:28:22,605] {scheduler_job.py:182} INFO - Started process (PID=29263) to work on /Users/akshaybhoge/PycharmProjects/venvEdgar/lib/python3.7/site-packages/airflow/example_dags/example_skip_dag.py
[2021-03-22 03:28:22,607] {scheduler_job.py:629} INFO - Processing file /Users/akshaybhoge/PycharmProjects/venvEdgar/lib/python3.7/site-packages/airflow/example_dags/example_skip_dag.py for tasks to queue
[2021-03-22 03:28:22,609] {logging_mixin.py:104} INFO - [2021-03-22 03:28:22,608] {dagbag.py:448} INFO - Filling up the DagBag from /Users/akshaybhoge/PycharmProjects/venvEdgar/lib/python3.7/site-packages/airflow/example_dags/example_skip_dag.py
[2021-03-22 03:28:22,616] {scheduler_job.py:639} INFO - DAG(s) dict_keys(['example_skip_dag']) retrieved from /Users/akshaybhoge/PycharmProjects/venvEdgar/lib/python3.7/site-packages/airflow/example_dags/example_skip_dag.py
[2021-03-22 03:28:22,630] {logging_mixin.py:104} INFO - [2021-03-22 03:28:22,630] {dag.py:1818} INFO - Sync 1 DAGs
[2021-03-22 03:28:22,640] {logging_mixin.py:104} INFO - [2021-03-22 03:28:22,640] {dag.py:2273} INFO - Setting next_dagrun for example_skip_dag to 2021-03-20 00:00:00+00:00
[2021-03-22 03:28:22,647] {scheduler_job.py:190} INFO - Processing /Users/akshaybhoge/PycharmProjects/venvEdgar/lib/python3.7/site-packages/airflow/example_dags/example_skip_dag.py took 0.045 seconds
[2021-03-22 03:28:55,315] {scheduler_job.py:182} INFO - Started process (PID=29311) to work on /Users/akshaybhoge/PycharmProjects/venvEdgar/lib/python3.7/site-packages/airflow/example_dags/example_skip_dag.py
[2021-03-22 03:28:55,317] {scheduler_job.py:629} INFO - Processing file /Users/akshaybhoge/PycharmProjects/venvEdgar/lib/python3.7/site-packages/airflow/example_dags/example_skip_dag.py for tasks to queue
[2021-03-22 03:28:55,318] {logging_mixin.py:104} INFO - [2021-03-22 03:28:55,318] {dagbag.py:448} INFO - Filling up the DagBag from /Users/akshaybhoge/PycharmProjects/venvEdgar/lib/python3.7/site-packages/airflow/example_dags/example_skip_dag.py
[2021-03-22 03:28:55,325] {scheduler_job.py:639} INFO - DAG(s) dict_keys(['example_skip_dag']) retrieved from /Users/akshaybhoge/PycharmProjects/venvEdgar/lib/python3.7/site-packages/airflow/example_dags/example_skip_dag.py
[2021-03-22 03:28:55,337] {logging_mixin.py:104} INFO - [2021-03-22 03:28:55,337] {dag.py:1818} INFO - Sync 1 DAGs
[2021-03-22 03:28:55,346] {logging_mixin.py:104} INFO - [2021-03-22 03:28:55,345] {dag.py:2273} INFO - Setting next_dagrun for example_skip_dag to 2021-03-20 00:00:00+00:00
[2021-03-22 03:28:55,352] {scheduler_job.py:190} INFO - Processing /Users/akshaybhoge/PycharmProjects/venvEdgar/lib/python3.7/site-packages/airflow/example_dags/example_skip_dag.py took 0.040 seconds
[2021-03-22 03:29:27,946] {scheduler_job.py:182} INFO - Started process (PID=29350) to work on /Users/akshaybhoge/PycharmProjects/venvEdgar/lib/python3.7/site-packages/airflow/example_dags/example_skip_dag.py
[2021-03-22 03:29:27,949] {scheduler_job.py:629} INFO - Processing file /Users/akshaybhoge/PycharmProjects/venvEdgar/lib/python3.7/site-packages/airflow/example_dags/example_skip_dag.py for tasks to queue
[2021-03-22 03:29:27,951] {logging_mixin.py:104} INFO - [2021-03-22 03:29:27,950] {dagbag.py:448} INFO - Filling up the DagBag from /Users/akshaybhoge/PycharmProjects/venvEdgar/lib/python3.7/site-packages/airflow/example_dags/example_skip_dag.py
[2021-03-22 03:29:27,957] {scheduler_job.py:639} INFO - DAG(s) dict_keys(['example_skip_dag']) retrieved from /Users/akshaybhoge/PycharmProjects/venvEdgar/lib/python3.7/site-packages/airflow/example_dags/example_skip_dag.py
[2021-03-22 03:29:27,972] {logging_mixin.py:104} INFO - [2021-03-22 03:29:27,972] {dag.py:1818} INFO - Sync 1 DAGs
[2021-03-22 03:29:27,982] {logging_mixin.py:104} INFO - [2021-03-22 03:29:27,981] {dag.py:2273} INFO - Setting next_dagrun for example_skip_dag to 2021-03-20 00:00:00+00:00
[2021-03-22 03:29:27,988] {scheduler_job.py:190} INFO - Processing /Users/akshaybhoge/PycharmProjects/venvEdgar/lib/python3.7/site-packages/airflow/example_dags/example_skip_dag.py took 0.046 seconds
[2021-03-22 03:30:00,504] {scheduler_job.py:182} INFO - Started process (PID=29389) to work on /Users/akshaybhoge/PycharmProjects/venvEdgar/lib/python3.7/site-packages/airflow/example_dags/example_skip_dag.py
[2021-03-22 03:30:00,505] {scheduler_job.py:629} INFO - Processing file /Users/akshaybhoge/PycharmProjects/venvEdgar/lib/python3.7/site-packages/airflow/example_dags/example_skip_dag.py for tasks to queue
[2021-03-22 03:30:00,507] {logging_mixin.py:104} INFO - [2021-03-22 03:30:00,506] {dagbag.py:448} INFO - Filling up the DagBag from /Users/akshaybhoge/PycharmProjects/venvEdgar/lib/python3.7/site-packages/airflow/example_dags/example_skip_dag.py
[2021-03-22 03:30:00,512] {scheduler_job.py:639} INFO - DAG(s) dict_keys(['example_skip_dag']) retrieved from /Users/akshaybhoge/PycharmProjects/venvEdgar/lib/python3.7/site-packages/airflow/example_dags/example_skip_dag.py
[2021-03-22 03:30:00,527] {logging_mixin.py:104} INFO - [2021-03-22 03:30:00,527] {dag.py:1818} INFO - Sync 1 DAGs
[2021-03-22 03:30:00,537] {logging_mixin.py:104} INFO - [2021-03-22 03:30:00,537] {dag.py:2273} INFO - Setting next_dagrun for example_skip_dag to 2021-03-20 00:00:00+00:00
[2021-03-22 03:30:00,544] {scheduler_job.py:190} INFO - Processing /Users/akshaybhoge/PycharmProjects/venvEdgar/lib/python3.7/site-packages/airflow/example_dags/example_skip_dag.py took 0.044 seconds
[2021-03-22 03:30:33,361] {scheduler_job.py:182} INFO - Started process (PID=29429) to work on /Users/akshaybhoge/PycharmProjects/venvEdgar/lib/python3.7/site-packages/airflow/example_dags/example_skip_dag.py
[2021-03-22 03:30:33,363] {scheduler_job.py:629} INFO - Processing file /Users/akshaybhoge/PycharmProjects/venvEdgar/lib/python3.7/site-packages/airflow/example_dags/example_skip_dag.py for tasks to queue
[2021-03-22 03:30:33,365] {logging_mixin.py:104} INFO - [2021-03-22 03:30:33,364] {dagbag.py:448} INFO - Filling up the DagBag from /Users/akshaybhoge/PycharmProjects/venvEdgar/lib/python3.7/site-packages/airflow/example_dags/example_skip_dag.py
[2021-03-22 03:30:33,370] {scheduler_job.py:639} INFO - DAG(s) dict_keys(['example_skip_dag']) retrieved from /Users/akshaybhoge/PycharmProjects/venvEdgar/lib/python3.7/site-packages/airflow/example_dags/example_skip_dag.py
[2021-03-22 03:30:33,383] {logging_mixin.py:104} INFO - [2021-03-22 03:30:33,382] {dag.py:1818} INFO - Sync 1 DAGs
[2021-03-22 03:30:33,393] {logging_mixin.py:104} INFO - [2021-03-22 03:30:33,392] {dag.py:2273} INFO - Setting next_dagrun for example_skip_dag to 2021-03-20 00:00:00+00:00
[2021-03-22 03:30:33,399] {scheduler_job.py:190} INFO - Processing /Users/akshaybhoge/PycharmProjects/venvEdgar/lib/python3.7/site-packages/airflow/example_dags/example_skip_dag.py took 0.041 seconds
[2021-03-22 03:31:07,181] {scheduler_job.py:182} INFO - Started process (PID=29469) to work on /Users/akshaybhoge/PycharmProjects/venvEdgar/lib/python3.7/site-packages/airflow/example_dags/example_skip_dag.py
[2021-03-22 03:31:07,183] {scheduler_job.py:629} INFO - Processing file /Users/akshaybhoge/PycharmProjects/venvEdgar/lib/python3.7/site-packages/airflow/example_dags/example_skip_dag.py for tasks to queue
[2021-03-22 03:31:07,184] {logging_mixin.py:104} INFO - [2021-03-22 03:31:07,184] {dagbag.py:448} INFO - Filling up the DagBag from /Users/akshaybhoge/PycharmProjects/venvEdgar/lib/python3.7/site-packages/airflow/example_dags/example_skip_dag.py
[2021-03-22 03:31:07,191] {scheduler_job.py:639} INFO - DAG(s) dict_keys(['example_skip_dag']) retrieved from /Users/akshaybhoge/PycharmProjects/venvEdgar/lib/python3.7/site-packages/airflow/example_dags/example_skip_dag.py
[2021-03-22 03:31:07,203] {logging_mixin.py:104} INFO - [2021-03-22 03:31:07,203] {dag.py:1818} INFO - Sync 1 DAGs
[2021-03-22 03:31:07,211] {logging_mixin.py:104} INFO - [2021-03-22 03:31:07,211] {dag.py:2273} INFO - Setting next_dagrun for example_skip_dag to 2021-03-20 00:00:00+00:00
[2021-03-22 03:31:07,217] {scheduler_job.py:190} INFO - Processing /Users/akshaybhoge/PycharmProjects/venvEdgar/lib/python3.7/site-packages/airflow/example_dags/example_skip_dag.py took 0.039 seconds
[2021-03-22 03:31:39,173] {scheduler_job.py:182} INFO - Started process (PID=29501) to work on /Users/akshaybhoge/PycharmProjects/venvEdgar/lib/python3.7/site-packages/airflow/example_dags/example_skip_dag.py
[2021-03-22 03:31:39,174] {scheduler_job.py:629} INFO - Processing file /Users/akshaybhoge/PycharmProjects/venvEdgar/lib/python3.7/site-packages/airflow/example_dags/example_skip_dag.py for tasks to queue
[2021-03-22 03:31:39,176] {logging_mixin.py:104} INFO - [2021-03-22 03:31:39,175] {dagbag.py:448} INFO - Filling up the DagBag from /Users/akshaybhoge/PycharmProjects/venvEdgar/lib/python3.7/site-packages/airflow/example_dags/example_skip_dag.py
[2021-03-22 03:31:39,182] {scheduler_job.py:639} INFO - DAG(s) dict_keys(['example_skip_dag']) retrieved from /Users/akshaybhoge/PycharmProjects/venvEdgar/lib/python3.7/site-packages/airflow/example_dags/example_skip_dag.py
[2021-03-22 03:31:39,194] {logging_mixin.py:104} INFO - [2021-03-22 03:31:39,193] {dag.py:1818} INFO - Sync 1 DAGs
[2021-03-22 03:31:39,202] {logging_mixin.py:104} INFO - [2021-03-22 03:31:39,202] {dag.py:2273} INFO - Setting next_dagrun for example_skip_dag to 2021-03-20 00:00:00+00:00
[2021-03-22 03:31:39,208] {scheduler_job.py:190} INFO - Processing /Users/akshaybhoge/PycharmProjects/venvEdgar/lib/python3.7/site-packages/airflow/example_dags/example_skip_dag.py took 0.038 seconds
[2021-03-22 03:32:11,383] {scheduler_job.py:182} INFO - Started process (PID=29535) to work on /Users/akshaybhoge/PycharmProjects/venvEdgar/lib/python3.7/site-packages/airflow/example_dags/example_skip_dag.py
[2021-03-22 03:32:11,386] {scheduler_job.py:629} INFO - Processing file /Users/akshaybhoge/PycharmProjects/venvEdgar/lib/python3.7/site-packages/airflow/example_dags/example_skip_dag.py for tasks to queue
[2021-03-22 03:32:11,388] {logging_mixin.py:104} INFO - [2021-03-22 03:32:11,387] {dagbag.py:448} INFO - Filling up the DagBag from /Users/akshaybhoge/PycharmProjects/venvEdgar/lib/python3.7/site-packages/airflow/example_dags/example_skip_dag.py
[2021-03-22 03:32:11,395] {scheduler_job.py:639} INFO - DAG(s) dict_keys(['example_skip_dag']) retrieved from /Users/akshaybhoge/PycharmProjects/venvEdgar/lib/python3.7/site-packages/airflow/example_dags/example_skip_dag.py
[2021-03-22 03:32:11,409] {logging_mixin.py:104} INFO - [2021-03-22 03:32:11,408] {dag.py:1818} INFO - Sync 1 DAGs
[2021-03-22 03:32:11,419] {logging_mixin.py:104} INFO - [2021-03-22 03:32:11,419] {dag.py:2273} INFO - Setting next_dagrun for example_skip_dag to 2021-03-20 00:00:00+00:00
[2021-03-22 03:32:11,425] {scheduler_job.py:190} INFO - Processing /Users/akshaybhoge/PycharmProjects/venvEdgar/lib/python3.7/site-packages/airflow/example_dags/example_skip_dag.py took 0.046 seconds
[2021-03-22 03:32:43,480] {scheduler_job.py:182} INFO - Started process (PID=29565) to work on /Users/akshaybhoge/PycharmProjects/venvEdgar/lib/python3.7/site-packages/airflow/example_dags/example_skip_dag.py
[2021-03-22 03:32:43,482] {scheduler_job.py:629} INFO - Processing file /Users/akshaybhoge/PycharmProjects/venvEdgar/lib/python3.7/site-packages/airflow/example_dags/example_skip_dag.py for tasks to queue
[2021-03-22 03:32:43,484] {logging_mixin.py:104} INFO - [2021-03-22 03:32:43,484] {dagbag.py:448} INFO - Filling up the DagBag from /Users/akshaybhoge/PycharmProjects/venvEdgar/lib/python3.7/site-packages/airflow/example_dags/example_skip_dag.py
[2021-03-22 03:32:43,490] {scheduler_job.py:639} INFO - DAG(s) dict_keys(['example_skip_dag']) retrieved from /Users/akshaybhoge/PycharmProjects/venvEdgar/lib/python3.7/site-packages/airflow/example_dags/example_skip_dag.py
[2021-03-22 03:32:43,505] {logging_mixin.py:104} INFO - [2021-03-22 03:32:43,504] {dag.py:1818} INFO - Sync 1 DAGs
[2021-03-22 03:32:43,515] {logging_mixin.py:104} INFO - [2021-03-22 03:32:43,515] {dag.py:2273} INFO - Setting next_dagrun for example_skip_dag to 2021-03-20 00:00:00+00:00
[2021-03-22 03:32:43,522] {scheduler_job.py:190} INFO - Processing /Users/akshaybhoge/PycharmProjects/venvEdgar/lib/python3.7/site-packages/airflow/example_dags/example_skip_dag.py took 0.045 seconds
[2021-03-22 03:35:57,276] {scheduler_job.py:182} INFO - Started process (PID=29744) to work on /Users/akshaybhoge/PycharmProjects/venvEdgar/lib/python3.7/site-packages/airflow/example_dags/example_skip_dag.py
[2021-03-22 03:35:57,277] {scheduler_job.py:629} INFO - Processing file /Users/akshaybhoge/PycharmProjects/venvEdgar/lib/python3.7/site-packages/airflow/example_dags/example_skip_dag.py for tasks to queue
[2021-03-22 03:35:57,279] {logging_mixin.py:104} INFO - [2021-03-22 03:35:57,278] {dagbag.py:448} INFO - Filling up the DagBag from /Users/akshaybhoge/PycharmProjects/venvEdgar/lib/python3.7/site-packages/airflow/example_dags/example_skip_dag.py
[2021-03-22 03:35:57,291] {scheduler_job.py:639} INFO - DAG(s) dict_keys(['example_skip_dag']) retrieved from /Users/akshaybhoge/PycharmProjects/venvEdgar/lib/python3.7/site-packages/airflow/example_dags/example_skip_dag.py
[2021-03-22 03:35:57,302] {logging_mixin.py:104} INFO - [2021-03-22 03:35:57,302] {dag.py:1818} INFO - Sync 1 DAGs
[2021-03-22 03:35:57,310] {logging_mixin.py:104} INFO - [2021-03-22 03:35:57,310] {dag.py:2273} INFO - Setting next_dagrun for example_skip_dag to 2021-03-20 00:00:00+00:00
[2021-03-22 03:35:57,315] {scheduler_job.py:190} INFO - Processing /Users/akshaybhoge/PycharmProjects/venvEdgar/lib/python3.7/site-packages/airflow/example_dags/example_skip_dag.py took 0.043 seconds
[2021-03-22 03:39:43,480] {scheduler_job.py:182} INFO - Started process (PID=29870) to work on /Users/akshaybhoge/PycharmProjects/venvEdgar/lib/python3.7/site-packages/airflow/example_dags/example_skip_dag.py
[2021-03-22 03:39:43,482] {scheduler_job.py:629} INFO - Processing file /Users/akshaybhoge/PycharmProjects/venvEdgar/lib/python3.7/site-packages/airflow/example_dags/example_skip_dag.py for tasks to queue
[2021-03-22 03:39:43,483] {logging_mixin.py:104} INFO - [2021-03-22 03:39:43,483] {dagbag.py:448} INFO - Filling up the DagBag from /Users/akshaybhoge/PycharmProjects/venvEdgar/lib/python3.7/site-packages/airflow/example_dags/example_skip_dag.py
[2021-03-22 03:39:43,489] {scheduler_job.py:639} INFO - DAG(s) dict_keys(['example_skip_dag']) retrieved from /Users/akshaybhoge/PycharmProjects/venvEdgar/lib/python3.7/site-packages/airflow/example_dags/example_skip_dag.py
[2021-03-22 03:39:43,502] {logging_mixin.py:104} INFO - [2021-03-22 03:39:43,501] {dag.py:1818} INFO - Sync 1 DAGs
[2021-03-22 03:39:43,511] {logging_mixin.py:104} INFO - [2021-03-22 03:39:43,511] {dag.py:2273} INFO - Setting next_dagrun for example_skip_dag to 2021-03-20 00:00:00+00:00
[2021-03-22 03:39:43,518] {scheduler_job.py:190} INFO - Processing /Users/akshaybhoge/PycharmProjects/venvEdgar/lib/python3.7/site-packages/airflow/example_dags/example_skip_dag.py took 0.041 seconds
[2021-03-22 03:40:15,507] {scheduler_job.py:182} INFO - Started process (PID=29903) to work on /Users/akshaybhoge/PycharmProjects/venvEdgar/lib/python3.7/site-packages/airflow/example_dags/example_skip_dag.py
[2021-03-22 03:40:15,508] {scheduler_job.py:629} INFO - Processing file /Users/akshaybhoge/PycharmProjects/venvEdgar/lib/python3.7/site-packages/airflow/example_dags/example_skip_dag.py for tasks to queue
[2021-03-22 03:40:15,509] {logging_mixin.py:104} INFO - [2021-03-22 03:40:15,509] {dagbag.py:448} INFO - Filling up the DagBag from /Users/akshaybhoge/PycharmProjects/venvEdgar/lib/python3.7/site-packages/airflow/example_dags/example_skip_dag.py
[2021-03-22 03:40:15,518] {scheduler_job.py:639} INFO - DAG(s) dict_keys(['example_skip_dag']) retrieved from /Users/akshaybhoge/PycharmProjects/venvEdgar/lib/python3.7/site-packages/airflow/example_dags/example_skip_dag.py
[2021-03-22 03:40:15,534] {logging_mixin.py:104} INFO - [2021-03-22 03:40:15,534] {dag.py:1818} INFO - Sync 1 DAGs
[2021-03-22 03:40:15,542] {logging_mixin.py:104} INFO - [2021-03-22 03:40:15,542] {dag.py:2273} INFO - Setting next_dagrun for example_skip_dag to 2021-03-20 00:00:00+00:00
[2021-03-22 03:40:15,548] {scheduler_job.py:190} INFO - Processing /Users/akshaybhoge/PycharmProjects/venvEdgar/lib/python3.7/site-packages/airflow/example_dags/example_skip_dag.py took 0.043 seconds
[2021-03-22 03:40:49,346] {scheduler_job.py:182} INFO - Started process (PID=29940) to work on /Users/akshaybhoge/PycharmProjects/venvEdgar/lib/python3.7/site-packages/airflow/example_dags/example_skip_dag.py
[2021-03-22 03:40:49,348] {scheduler_job.py:629} INFO - Processing file /Users/akshaybhoge/PycharmProjects/venvEdgar/lib/python3.7/site-packages/airflow/example_dags/example_skip_dag.py for tasks to queue
[2021-03-22 03:40:49,349] {logging_mixin.py:104} INFO - [2021-03-22 03:40:49,349] {dagbag.py:448} INFO - Filling up the DagBag from /Users/akshaybhoge/PycharmProjects/venvEdgar/lib/python3.7/site-packages/airflow/example_dags/example_skip_dag.py
[2021-03-22 03:40:49,355] {scheduler_job.py:639} INFO - DAG(s) dict_keys(['example_skip_dag']) retrieved from /Users/akshaybhoge/PycharmProjects/venvEdgar/lib/python3.7/site-packages/airflow/example_dags/example_skip_dag.py
[2021-03-22 03:40:49,368] {logging_mixin.py:104} INFO - [2021-03-22 03:40:49,368] {dag.py:1818} INFO - Sync 1 DAGs
[2021-03-22 03:40:49,377] {logging_mixin.py:104} INFO - [2021-03-22 03:40:49,376] {dag.py:2273} INFO - Setting next_dagrun for example_skip_dag to 2021-03-20 00:00:00+00:00
[2021-03-22 03:40:49,383] {scheduler_job.py:190} INFO - Processing /Users/akshaybhoge/PycharmProjects/venvEdgar/lib/python3.7/site-packages/airflow/example_dags/example_skip_dag.py took 0.040 seconds
[2021-03-22 03:41:22,137] {scheduler_job.py:182} INFO - Started process (PID=29981) to work on /Users/akshaybhoge/PycharmProjects/venvEdgar/lib/python3.7/site-packages/airflow/example_dags/example_skip_dag.py
[2021-03-22 03:41:22,139] {scheduler_job.py:629} INFO - Processing file /Users/akshaybhoge/PycharmProjects/venvEdgar/lib/python3.7/site-packages/airflow/example_dags/example_skip_dag.py for tasks to queue
[2021-03-22 03:41:22,141] {logging_mixin.py:104} INFO - [2021-03-22 03:41:22,140] {dagbag.py:448} INFO - Filling up the DagBag from /Users/akshaybhoge/PycharmProjects/venvEdgar/lib/python3.7/site-packages/airflow/example_dags/example_skip_dag.py
[2021-03-22 03:41:22,147] {scheduler_job.py:639} INFO - DAG(s) dict_keys(['example_skip_dag']) retrieved from /Users/akshaybhoge/PycharmProjects/venvEdgar/lib/python3.7/site-packages/airflow/example_dags/example_skip_dag.py
[2021-03-22 03:41:22,159] {logging_mixin.py:104} INFO - [2021-03-22 03:41:22,159] {dag.py:1818} INFO - Sync 1 DAGs
[2021-03-22 03:41:22,168] {logging_mixin.py:104} INFO - [2021-03-22 03:41:22,168] {dag.py:2273} INFO - Setting next_dagrun for example_skip_dag to 2021-03-20 00:00:00+00:00
[2021-03-22 03:41:22,174] {scheduler_job.py:190} INFO - Processing /Users/akshaybhoge/PycharmProjects/venvEdgar/lib/python3.7/site-packages/airflow/example_dags/example_skip_dag.py took 0.041 seconds
[2021-03-22 03:41:53,848] {scheduler_job.py:182} INFO - Started process (PID=30024) to work on /Users/akshaybhoge/PycharmProjects/venvEdgar/lib/python3.7/site-packages/airflow/example_dags/example_skip_dag.py
[2021-03-22 03:41:53,850] {scheduler_job.py:629} INFO - Processing file /Users/akshaybhoge/PycharmProjects/venvEdgar/lib/python3.7/site-packages/airflow/example_dags/example_skip_dag.py for tasks to queue
[2021-03-22 03:41:53,851] {logging_mixin.py:104} INFO - [2021-03-22 03:41:53,850] {dagbag.py:448} INFO - Filling up the DagBag from /Users/akshaybhoge/PycharmProjects/venvEdgar/lib/python3.7/site-packages/airflow/example_dags/example_skip_dag.py
[2021-03-22 03:41:53,858] {scheduler_job.py:639} INFO - DAG(s) dict_keys(['example_skip_dag']) retrieved from /Users/akshaybhoge/PycharmProjects/venvEdgar/lib/python3.7/site-packages/airflow/example_dags/example_skip_dag.py
[2021-03-22 03:41:53,871] {logging_mixin.py:104} INFO - [2021-03-22 03:41:53,871] {dag.py:1818} INFO - Sync 1 DAGs
[2021-03-22 03:41:53,881] {logging_mixin.py:104} INFO - [2021-03-22 03:41:53,880] {dag.py:2273} INFO - Setting next_dagrun for example_skip_dag to 2021-03-20 00:00:00+00:00
[2021-03-22 03:41:53,887] {scheduler_job.py:190} INFO - Processing /Users/akshaybhoge/PycharmProjects/venvEdgar/lib/python3.7/site-packages/airflow/example_dags/example_skip_dag.py took 0.043 seconds
[2021-03-22 03:42:27,349] {scheduler_job.py:182} INFO - Started process (PID=30064) to work on /Users/akshaybhoge/PycharmProjects/venvEdgar/lib/python3.7/site-packages/airflow/example_dags/example_skip_dag.py
[2021-03-22 03:42:27,350] {scheduler_job.py:629} INFO - Processing file /Users/akshaybhoge/PycharmProjects/venvEdgar/lib/python3.7/site-packages/airflow/example_dags/example_skip_dag.py for tasks to queue
[2021-03-22 03:42:27,351] {logging_mixin.py:104} INFO - [2021-03-22 03:42:27,351] {dagbag.py:448} INFO - Filling up the DagBag from /Users/akshaybhoge/PycharmProjects/venvEdgar/lib/python3.7/site-packages/airflow/example_dags/example_skip_dag.py
[2021-03-22 03:42:27,357] {scheduler_job.py:639} INFO - DAG(s) dict_keys(['example_skip_dag']) retrieved from /Users/akshaybhoge/PycharmProjects/venvEdgar/lib/python3.7/site-packages/airflow/example_dags/example_skip_dag.py
[2021-03-22 03:42:27,371] {logging_mixin.py:104} INFO - [2021-03-22 03:42:27,370] {dag.py:1818} INFO - Sync 1 DAGs
[2021-03-22 03:42:27,379] {logging_mixin.py:104} INFO - [2021-03-22 03:42:27,379] {dag.py:2273} INFO - Setting next_dagrun for example_skip_dag to 2021-03-20 00:00:00+00:00
[2021-03-22 03:42:27,384] {scheduler_job.py:190} INFO - Processing /Users/akshaybhoge/PycharmProjects/venvEdgar/lib/python3.7/site-packages/airflow/example_dags/example_skip_dag.py took 0.039 seconds
[2021-03-22 03:43:00,358] {scheduler_job.py:182} INFO - Started process (PID=30105) to work on /Users/akshaybhoge/PycharmProjects/venvEdgar/lib/python3.7/site-packages/airflow/example_dags/example_skip_dag.py
[2021-03-22 03:43:00,359] {scheduler_job.py:629} INFO - Processing file /Users/akshaybhoge/PycharmProjects/venvEdgar/lib/python3.7/site-packages/airflow/example_dags/example_skip_dag.py for tasks to queue
[2021-03-22 03:43:00,361] {logging_mixin.py:104} INFO - [2021-03-22 03:43:00,360] {dagbag.py:448} INFO - Filling up the DagBag from /Users/akshaybhoge/PycharmProjects/venvEdgar/lib/python3.7/site-packages/airflow/example_dags/example_skip_dag.py
[2021-03-22 03:43:00,368] {scheduler_job.py:639} INFO - DAG(s) dict_keys(['example_skip_dag']) retrieved from /Users/akshaybhoge/PycharmProjects/venvEdgar/lib/python3.7/site-packages/airflow/example_dags/example_skip_dag.py
[2021-03-22 03:43:00,381] {logging_mixin.py:104} INFO - [2021-03-22 03:43:00,381] {dag.py:1818} INFO - Sync 1 DAGs
[2021-03-22 03:43:00,391] {logging_mixin.py:104} INFO - [2021-03-22 03:43:00,390] {dag.py:2273} INFO - Setting next_dagrun for example_skip_dag to 2021-03-20 00:00:00+00:00
[2021-03-22 03:43:00,397] {scheduler_job.py:190} INFO - Processing /Users/akshaybhoge/PycharmProjects/venvEdgar/lib/python3.7/site-packages/airflow/example_dags/example_skip_dag.py took 0.042 seconds
[2021-03-22 03:44:17,138] {scheduler_job.py:182} INFO - Started process (PID=30179) to work on /Users/akshaybhoge/PycharmProjects/venvEdgar/lib/python3.7/site-packages/airflow/example_dags/example_skip_dag.py
[2021-03-22 03:44:17,140] {scheduler_job.py:629} INFO - Processing file /Users/akshaybhoge/PycharmProjects/venvEdgar/lib/python3.7/site-packages/airflow/example_dags/example_skip_dag.py for tasks to queue
[2021-03-22 03:44:17,142] {logging_mixin.py:104} INFO - [2021-03-22 03:44:17,141] {dagbag.py:448} INFO - Filling up the DagBag from /Users/akshaybhoge/PycharmProjects/venvEdgar/lib/python3.7/site-packages/airflow/example_dags/example_skip_dag.py
[2021-03-22 03:44:17,150] {scheduler_job.py:639} INFO - DAG(s) dict_keys(['example_skip_dag']) retrieved from /Users/akshaybhoge/PycharmProjects/venvEdgar/lib/python3.7/site-packages/airflow/example_dags/example_skip_dag.py
[2021-03-22 03:44:17,167] {logging_mixin.py:104} INFO - [2021-03-22 03:44:17,166] {dag.py:1818} INFO - Sync 1 DAGs
[2021-03-22 03:44:17,177] {logging_mixin.py:104} INFO - [2021-03-22 03:44:17,177] {dag.py:2273} INFO - Setting next_dagrun for example_skip_dag to 2021-03-20 00:00:00+00:00
[2021-03-22 03:44:17,185] {scheduler_job.py:190} INFO - Processing /Users/akshaybhoge/PycharmProjects/venvEdgar/lib/python3.7/site-packages/airflow/example_dags/example_skip_dag.py took 0.051 seconds
[2021-03-22 03:45:17,374] {scheduler_job.py:182} INFO - Started process (PID=30222) to work on /Users/akshaybhoge/PycharmProjects/venvEdgar/lib/python3.7/site-packages/airflow/example_dags/example_skip_dag.py
[2021-03-22 03:45:17,376] {scheduler_job.py:629} INFO - Processing file /Users/akshaybhoge/PycharmProjects/venvEdgar/lib/python3.7/site-packages/airflow/example_dags/example_skip_dag.py for tasks to queue
[2021-03-22 03:45:17,378] {logging_mixin.py:104} INFO - [2021-03-22 03:45:17,377] {dagbag.py:448} INFO - Filling up the DagBag from /Users/akshaybhoge/PycharmProjects/venvEdgar/lib/python3.7/site-packages/airflow/example_dags/example_skip_dag.py
[2021-03-22 03:45:17,384] {scheduler_job.py:639} INFO - DAG(s) dict_keys(['example_skip_dag']) retrieved from /Users/akshaybhoge/PycharmProjects/venvEdgar/lib/python3.7/site-packages/airflow/example_dags/example_skip_dag.py
[2021-03-22 03:45:17,398] {logging_mixin.py:104} INFO - [2021-03-22 03:45:17,397] {dag.py:1818} INFO - Sync 1 DAGs
[2021-03-22 03:45:17,407] {logging_mixin.py:104} INFO - [2021-03-22 03:45:17,407] {dag.py:2273} INFO - Setting next_dagrun for example_skip_dag to 2021-03-20 00:00:00+00:00
[2021-03-22 03:45:17,414] {scheduler_job.py:190} INFO - Processing /Users/akshaybhoge/PycharmProjects/venvEdgar/lib/python3.7/site-packages/airflow/example_dags/example_skip_dag.py took 0.043 seconds
