[2021-03-22 02:54:53,455] {scheduler_job.py:182} INFO - Started process (PID=26821) to work on /Users/akshaybhoge/PycharmProjects/venvEdgar/lib/python3.7/site-packages/airflow/example_dags/example_bash_operator.py
[2021-03-22 02:54:53,457] {scheduler_job.py:629} INFO - Processing file /Users/akshaybhoge/PycharmProjects/venvEdgar/lib/python3.7/site-packages/airflow/example_dags/example_bash_operator.py for tasks to queue
[2021-03-22 02:54:53,458] {logging_mixin.py:104} INFO - [2021-03-22 02:54:53,458] {dagbag.py:448} INFO - Filling up the DagBag from /Users/akshaybhoge/PycharmProjects/venvEdgar/lib/python3.7/site-packages/airflow/example_dags/example_bash_operator.py
[2021-03-22 02:54:53,479] {scheduler_job.py:639} INFO - DAG(s) dict_keys(['example_bash_operator']) retrieved from /Users/akshaybhoge/PycharmProjects/venvEdgar/lib/python3.7/site-packages/airflow/example_dags/example_bash_operator.py
[2021-03-22 02:54:53,496] {logging_mixin.py:104} INFO - [2021-03-22 02:54:53,496] {dag.py:1818} INFO - Sync 1 DAGs
[2021-03-22 02:54:53,520] {logging_mixin.py:104} INFO - [2021-03-22 02:54:53,519] {dag.py:2273} INFO - Setting next_dagrun for example_bash_operator to 2021-03-20 00:00:00+00:00
[2021-03-22 02:54:53,528] {scheduler_job.py:190} INFO - Processing /Users/akshaybhoge/PycharmProjects/venvEdgar/lib/python3.7/site-packages/airflow/example_dags/example_bash_operator.py took 0.078 seconds
[2021-03-22 02:55:25,633] {scheduler_job.py:182} INFO - Started process (PID=26877) to work on /Users/akshaybhoge/PycharmProjects/venvEdgar/lib/python3.7/site-packages/airflow/example_dags/example_bash_operator.py
[2021-03-22 02:55:25,639] {scheduler_job.py:629} INFO - Processing file /Users/akshaybhoge/PycharmProjects/venvEdgar/lib/python3.7/site-packages/airflow/example_dags/example_bash_operator.py for tasks to queue
[2021-03-22 02:55:25,641] {logging_mixin.py:104} INFO - [2021-03-22 02:55:25,640] {dagbag.py:448} INFO - Filling up the DagBag from /Users/akshaybhoge/PycharmProjects/venvEdgar/lib/python3.7/site-packages/airflow/example_dags/example_bash_operator.py
[2021-03-22 02:55:25,653] {scheduler_job.py:639} INFO - DAG(s) dict_keys(['example_bash_operator']) retrieved from /Users/akshaybhoge/PycharmProjects/venvEdgar/lib/python3.7/site-packages/airflow/example_dags/example_bash_operator.py
[2021-03-22 02:55:25,667] {logging_mixin.py:104} INFO - [2021-03-22 02:55:25,667] {dag.py:1818} INFO - Sync 1 DAGs
[2021-03-22 02:55:25,686] {logging_mixin.py:104} INFO - [2021-03-22 02:55:25,686] {dag.py:2273} INFO - Setting next_dagrun for example_bash_operator to 2021-03-20 00:00:00+00:00
[2021-03-22 02:55:25,693] {scheduler_job.py:190} INFO - Processing /Users/akshaybhoge/PycharmProjects/venvEdgar/lib/python3.7/site-packages/airflow/example_dags/example_bash_operator.py took 0.063 seconds
[2021-03-22 02:55:57,099] {scheduler_job.py:182} INFO - Started process (PID=26992) to work on /Users/akshaybhoge/PycharmProjects/venvEdgar/lib/python3.7/site-packages/airflow/example_dags/example_bash_operator.py
[2021-03-22 02:55:57,101] {scheduler_job.py:629} INFO - Processing file /Users/akshaybhoge/PycharmProjects/venvEdgar/lib/python3.7/site-packages/airflow/example_dags/example_bash_operator.py for tasks to queue
[2021-03-22 02:55:57,103] {logging_mixin.py:104} INFO - [2021-03-22 02:55:57,102] {dagbag.py:448} INFO - Filling up the DagBag from /Users/akshaybhoge/PycharmProjects/venvEdgar/lib/python3.7/site-packages/airflow/example_dags/example_bash_operator.py
[2021-03-22 02:55:57,123] {scheduler_job.py:639} INFO - DAG(s) dict_keys(['example_bash_operator']) retrieved from /Users/akshaybhoge/PycharmProjects/venvEdgar/lib/python3.7/site-packages/airflow/example_dags/example_bash_operator.py
[2021-03-22 02:55:57,143] {logging_mixin.py:104} INFO - [2021-03-22 02:55:57,143] {dag.py:1818} INFO - Sync 1 DAGs
[2021-03-22 02:55:57,168] {logging_mixin.py:104} INFO - [2021-03-22 02:55:57,167] {dag.py:2273} INFO - Setting next_dagrun for example_bash_operator to 2021-03-20 00:00:00+00:00
[2021-03-22 02:55:57,177] {scheduler_job.py:190} INFO - Processing /Users/akshaybhoge/PycharmProjects/venvEdgar/lib/python3.7/site-packages/airflow/example_dags/example_bash_operator.py took 0.084 seconds
[2021-03-22 02:56:29,563] {scheduler_job.py:182} INFO - Started process (PID=27065) to work on /Users/akshaybhoge/PycharmProjects/venvEdgar/lib/python3.7/site-packages/airflow/example_dags/example_bash_operator.py
[2021-03-22 02:56:29,565] {scheduler_job.py:629} INFO - Processing file /Users/akshaybhoge/PycharmProjects/venvEdgar/lib/python3.7/site-packages/airflow/example_dags/example_bash_operator.py for tasks to queue
[2021-03-22 02:56:29,567] {logging_mixin.py:104} INFO - [2021-03-22 02:56:29,567] {dagbag.py:448} INFO - Filling up the DagBag from /Users/akshaybhoge/PycharmProjects/venvEdgar/lib/python3.7/site-packages/airflow/example_dags/example_bash_operator.py
[2021-03-22 02:56:29,594] {scheduler_job.py:639} INFO - DAG(s) dict_keys(['example_bash_operator']) retrieved from /Users/akshaybhoge/PycharmProjects/venvEdgar/lib/python3.7/site-packages/airflow/example_dags/example_bash_operator.py
[2021-03-22 02:56:29,619] {logging_mixin.py:104} INFO - [2021-03-22 02:56:29,618] {dag.py:1818} INFO - Sync 1 DAGs
[2021-03-22 02:56:29,653] {logging_mixin.py:104} INFO - [2021-03-22 02:56:29,652] {dag.py:2273} INFO - Setting next_dagrun for example_bash_operator to 2021-03-20 00:00:00+00:00
[2021-03-22 02:56:29,664] {scheduler_job.py:190} INFO - Processing /Users/akshaybhoge/PycharmProjects/venvEdgar/lib/python3.7/site-packages/airflow/example_dags/example_bash_operator.py took 0.108 seconds
[2021-03-22 02:57:00,801] {scheduler_job.py:182} INFO - Started process (PID=27127) to work on /Users/akshaybhoge/PycharmProjects/venvEdgar/lib/python3.7/site-packages/airflow/example_dags/example_bash_operator.py
[2021-03-22 02:57:00,803] {scheduler_job.py:629} INFO - Processing file /Users/akshaybhoge/PycharmProjects/venvEdgar/lib/python3.7/site-packages/airflow/example_dags/example_bash_operator.py for tasks to queue
[2021-03-22 02:57:00,805] {logging_mixin.py:104} INFO - [2021-03-22 02:57:00,804] {dagbag.py:448} INFO - Filling up the DagBag from /Users/akshaybhoge/PycharmProjects/venvEdgar/lib/python3.7/site-packages/airflow/example_dags/example_bash_operator.py
[2021-03-22 02:57:00,831] {scheduler_job.py:639} INFO - DAG(s) dict_keys(['example_bash_operator']) retrieved from /Users/akshaybhoge/PycharmProjects/venvEdgar/lib/python3.7/site-packages/airflow/example_dags/example_bash_operator.py
[2021-03-22 02:57:00,858] {logging_mixin.py:104} INFO - [2021-03-22 02:57:00,857] {dag.py:1818} INFO - Sync 1 DAGs
[2021-03-22 02:57:00,896] {logging_mixin.py:104} INFO - [2021-03-22 02:57:00,895] {dag.py:2273} INFO - Setting next_dagrun for example_bash_operator to 2021-03-20 00:00:00+00:00
[2021-03-22 02:57:00,908] {scheduler_job.py:190} INFO - Processing /Users/akshaybhoge/PycharmProjects/venvEdgar/lib/python3.7/site-packages/airflow/example_dags/example_bash_operator.py took 0.113 seconds
[2021-03-22 02:57:33,847] {scheduler_job.py:182} INFO - Started process (PID=27204) to work on /Users/akshaybhoge/PycharmProjects/venvEdgar/lib/python3.7/site-packages/airflow/example_dags/example_bash_operator.py
[2021-03-22 02:57:33,850] {scheduler_job.py:629} INFO - Processing file /Users/akshaybhoge/PycharmProjects/venvEdgar/lib/python3.7/site-packages/airflow/example_dags/example_bash_operator.py for tasks to queue
[2021-03-22 02:57:33,852] {logging_mixin.py:104} INFO - [2021-03-22 02:57:33,852] {dagbag.py:448} INFO - Filling up the DagBag from /Users/akshaybhoge/PycharmProjects/venvEdgar/lib/python3.7/site-packages/airflow/example_dags/example_bash_operator.py
[2021-03-22 02:57:33,875] {scheduler_job.py:639} INFO - DAG(s) dict_keys(['example_bash_operator']) retrieved from /Users/akshaybhoge/PycharmProjects/venvEdgar/lib/python3.7/site-packages/airflow/example_dags/example_bash_operator.py
[2021-03-22 02:57:33,897] {logging_mixin.py:104} INFO - [2021-03-22 02:57:33,896] {dag.py:1818} INFO - Sync 1 DAGs
[2021-03-22 02:57:33,927] {logging_mixin.py:104} INFO - [2021-03-22 02:57:33,926] {dag.py:2273} INFO - Setting next_dagrun for example_bash_operator to 2021-03-20 00:00:00+00:00
[2021-03-22 02:57:33,940] {scheduler_job.py:190} INFO - Processing /Users/akshaybhoge/PycharmProjects/venvEdgar/lib/python3.7/site-packages/airflow/example_dags/example_bash_operator.py took 0.098 seconds
[2021-03-22 02:58:29,773] {scheduler_job.py:182} INFO - Started process (PID=27307) to work on /Users/akshaybhoge/PycharmProjects/venvEdgar/lib/python3.7/site-packages/airflow/example_dags/example_bash_operator.py
[2021-03-22 02:58:29,776] {scheduler_job.py:629} INFO - Processing file /Users/akshaybhoge/PycharmProjects/venvEdgar/lib/python3.7/site-packages/airflow/example_dags/example_bash_operator.py for tasks to queue
[2021-03-22 02:58:29,778] {logging_mixin.py:104} INFO - [2021-03-22 02:58:29,777] {dagbag.py:448} INFO - Filling up the DagBag from /Users/akshaybhoge/PycharmProjects/venvEdgar/lib/python3.7/site-packages/airflow/example_dags/example_bash_operator.py
[2021-03-22 02:58:29,792] {scheduler_job.py:639} INFO - DAG(s) dict_keys(['example_bash_operator']) retrieved from /Users/akshaybhoge/PycharmProjects/venvEdgar/lib/python3.7/site-packages/airflow/example_dags/example_bash_operator.py
[2021-03-22 02:58:29,808] {logging_mixin.py:104} INFO - [2021-03-22 02:58:29,807] {dag.py:1818} INFO - Sync 1 DAGs
[2021-03-22 02:58:29,828] {logging_mixin.py:104} INFO - [2021-03-22 02:58:29,827] {dag.py:2273} INFO - Setting next_dagrun for example_bash_operator to 2021-03-20 00:00:00+00:00
[2021-03-22 02:58:29,835] {scheduler_job.py:190} INFO - Processing /Users/akshaybhoge/PycharmProjects/venvEdgar/lib/python3.7/site-packages/airflow/example_dags/example_bash_operator.py took 0.066 seconds
[2021-03-22 02:59:01,837] {scheduler_job.py:182} INFO - Started process (PID=27377) to work on /Users/akshaybhoge/PycharmProjects/venvEdgar/lib/python3.7/site-packages/airflow/example_dags/example_bash_operator.py
[2021-03-22 02:59:01,839] {scheduler_job.py:629} INFO - Processing file /Users/akshaybhoge/PycharmProjects/venvEdgar/lib/python3.7/site-packages/airflow/example_dags/example_bash_operator.py for tasks to queue
[2021-03-22 02:59:01,840] {logging_mixin.py:104} INFO - [2021-03-22 02:59:01,840] {dagbag.py:448} INFO - Filling up the DagBag from /Users/akshaybhoge/PycharmProjects/venvEdgar/lib/python3.7/site-packages/airflow/example_dags/example_bash_operator.py
[2021-03-22 02:59:01,852] {scheduler_job.py:639} INFO - DAG(s) dict_keys(['example_bash_operator']) retrieved from /Users/akshaybhoge/PycharmProjects/venvEdgar/lib/python3.7/site-packages/airflow/example_dags/example_bash_operator.py
[2021-03-22 02:59:01,864] {logging_mixin.py:104} INFO - [2021-03-22 02:59:01,864] {dag.py:1818} INFO - Sync 1 DAGs
[2021-03-22 02:59:01,881] {logging_mixin.py:104} INFO - [2021-03-22 02:59:01,881] {dag.py:2273} INFO - Setting next_dagrun for example_bash_operator to 2021-03-20 00:00:00+00:00
[2021-03-22 02:59:01,906] {scheduler_job.py:190} INFO - Processing /Users/akshaybhoge/PycharmProjects/venvEdgar/lib/python3.7/site-packages/airflow/example_dags/example_bash_operator.py took 0.072 seconds
[2021-03-22 02:59:33,967] {scheduler_job.py:182} INFO - Started process (PID=27436) to work on /Users/akshaybhoge/PycharmProjects/venvEdgar/lib/python3.7/site-packages/airflow/example_dags/example_bash_operator.py
[2021-03-22 02:59:33,968] {scheduler_job.py:629} INFO - Processing file /Users/akshaybhoge/PycharmProjects/venvEdgar/lib/python3.7/site-packages/airflow/example_dags/example_bash_operator.py for tasks to queue
[2021-03-22 02:59:33,969] {logging_mixin.py:104} INFO - [2021-03-22 02:59:33,969] {dagbag.py:448} INFO - Filling up the DagBag from /Users/akshaybhoge/PycharmProjects/venvEdgar/lib/python3.7/site-packages/airflow/example_dags/example_bash_operator.py
[2021-03-22 02:59:33,981] {scheduler_job.py:639} INFO - DAG(s) dict_keys(['example_bash_operator']) retrieved from /Users/akshaybhoge/PycharmProjects/venvEdgar/lib/python3.7/site-packages/airflow/example_dags/example_bash_operator.py
[2021-03-22 02:59:33,993] {logging_mixin.py:104} INFO - [2021-03-22 02:59:33,993] {dag.py:1818} INFO - Sync 1 DAGs
[2021-03-22 02:59:34,010] {logging_mixin.py:104} INFO - [2021-03-22 02:59:34,010] {dag.py:2273} INFO - Setting next_dagrun for example_bash_operator to 2021-03-20 00:00:00+00:00
[2021-03-22 02:59:34,017] {scheduler_job.py:190} INFO - Processing /Users/akshaybhoge/PycharmProjects/venvEdgar/lib/python3.7/site-packages/airflow/example_dags/example_bash_operator.py took 0.054 seconds
[2021-03-22 03:00:06,139] {scheduler_job.py:182} INFO - Started process (PID=27491) to work on /Users/akshaybhoge/PycharmProjects/venvEdgar/lib/python3.7/site-packages/airflow/example_dags/example_bash_operator.py
[2021-03-22 03:00:06,141] {scheduler_job.py:629} INFO - Processing file /Users/akshaybhoge/PycharmProjects/venvEdgar/lib/python3.7/site-packages/airflow/example_dags/example_bash_operator.py for tasks to queue
[2021-03-22 03:00:06,142] {logging_mixin.py:104} INFO - [2021-03-22 03:00:06,141] {dagbag.py:448} INFO - Filling up the DagBag from /Users/akshaybhoge/PycharmProjects/venvEdgar/lib/python3.7/site-packages/airflow/example_dags/example_bash_operator.py
[2021-03-22 03:00:06,155] {scheduler_job.py:639} INFO - DAG(s) dict_keys(['example_bash_operator']) retrieved from /Users/akshaybhoge/PycharmProjects/venvEdgar/lib/python3.7/site-packages/airflow/example_dags/example_bash_operator.py
[2021-03-22 03:00:06,168] {logging_mixin.py:104} INFO - [2021-03-22 03:00:06,167] {dag.py:1818} INFO - Sync 1 DAGs
[2021-03-22 03:00:06,185] {logging_mixin.py:104} INFO - [2021-03-22 03:00:06,185] {dag.py:2273} INFO - Setting next_dagrun for example_bash_operator to 2021-03-20 00:00:00+00:00
[2021-03-22 03:00:06,191] {scheduler_job.py:190} INFO - Processing /Users/akshaybhoge/PycharmProjects/venvEdgar/lib/python3.7/site-packages/airflow/example_dags/example_bash_operator.py took 0.056 seconds
[2021-03-22 03:00:38,346] {scheduler_job.py:182} INFO - Started process (PID=27557) to work on /Users/akshaybhoge/PycharmProjects/venvEdgar/lib/python3.7/site-packages/airflow/example_dags/example_bash_operator.py
[2021-03-22 03:00:38,348] {scheduler_job.py:629} INFO - Processing file /Users/akshaybhoge/PycharmProjects/venvEdgar/lib/python3.7/site-packages/airflow/example_dags/example_bash_operator.py for tasks to queue
[2021-03-22 03:00:38,349] {logging_mixin.py:104} INFO - [2021-03-22 03:00:38,349] {dagbag.py:448} INFO - Filling up the DagBag from /Users/akshaybhoge/PycharmProjects/venvEdgar/lib/python3.7/site-packages/airflow/example_dags/example_bash_operator.py
[2021-03-22 03:00:38,361] {scheduler_job.py:639} INFO - DAG(s) dict_keys(['example_bash_operator']) retrieved from /Users/akshaybhoge/PycharmProjects/venvEdgar/lib/python3.7/site-packages/airflow/example_dags/example_bash_operator.py
[2021-03-22 03:00:38,375] {logging_mixin.py:104} INFO - [2021-03-22 03:00:38,375] {dag.py:1818} INFO - Sync 1 DAGs
[2021-03-22 03:00:38,392] {logging_mixin.py:104} INFO - [2021-03-22 03:00:38,392] {dag.py:2273} INFO - Setting next_dagrun for example_bash_operator to 2021-03-20 00:00:00+00:00
[2021-03-22 03:00:38,399] {scheduler_job.py:190} INFO - Processing /Users/akshaybhoge/PycharmProjects/venvEdgar/lib/python3.7/site-packages/airflow/example_dags/example_bash_operator.py took 0.057 seconds
[2021-03-22 03:01:10,448] {scheduler_job.py:182} INFO - Started process (PID=27588) to work on /Users/akshaybhoge/PycharmProjects/venvEdgar/lib/python3.7/site-packages/airflow/example_dags/example_bash_operator.py
[2021-03-22 03:01:10,449] {scheduler_job.py:629} INFO - Processing file /Users/akshaybhoge/PycharmProjects/venvEdgar/lib/python3.7/site-packages/airflow/example_dags/example_bash_operator.py for tasks to queue
[2021-03-22 03:01:10,450] {logging_mixin.py:104} INFO - [2021-03-22 03:01:10,450] {dagbag.py:448} INFO - Filling up the DagBag from /Users/akshaybhoge/PycharmProjects/venvEdgar/lib/python3.7/site-packages/airflow/example_dags/example_bash_operator.py
[2021-03-22 03:01:10,461] {scheduler_job.py:639} INFO - DAG(s) dict_keys(['example_bash_operator']) retrieved from /Users/akshaybhoge/PycharmProjects/venvEdgar/lib/python3.7/site-packages/airflow/example_dags/example_bash_operator.py
[2021-03-22 03:01:10,472] {logging_mixin.py:104} INFO - [2021-03-22 03:01:10,472] {dag.py:1818} INFO - Sync 1 DAGs
[2021-03-22 03:01:10,488] {logging_mixin.py:104} INFO - [2021-03-22 03:01:10,487] {dag.py:2273} INFO - Setting next_dagrun for example_bash_operator to 2021-03-20 00:00:00+00:00
[2021-03-22 03:01:10,493] {scheduler_job.py:190} INFO - Processing /Users/akshaybhoge/PycharmProjects/venvEdgar/lib/python3.7/site-packages/airflow/example_dags/example_bash_operator.py took 0.048 seconds
[2021-03-22 03:01:42,546] {scheduler_job.py:182} INFO - Started process (PID=27631) to work on /Users/akshaybhoge/PycharmProjects/venvEdgar/lib/python3.7/site-packages/airflow/example_dags/example_bash_operator.py
[2021-03-22 03:01:42,547] {scheduler_job.py:629} INFO - Processing file /Users/akshaybhoge/PycharmProjects/venvEdgar/lib/python3.7/site-packages/airflow/example_dags/example_bash_operator.py for tasks to queue
[2021-03-22 03:01:42,549] {logging_mixin.py:104} INFO - [2021-03-22 03:01:42,548] {dagbag.py:448} INFO - Filling up the DagBag from /Users/akshaybhoge/PycharmProjects/venvEdgar/lib/python3.7/site-packages/airflow/example_dags/example_bash_operator.py
[2021-03-22 03:01:42,562] {scheduler_job.py:639} INFO - DAG(s) dict_keys(['example_bash_operator']) retrieved from /Users/akshaybhoge/PycharmProjects/venvEdgar/lib/python3.7/site-packages/airflow/example_dags/example_bash_operator.py
[2021-03-22 03:01:42,574] {logging_mixin.py:104} INFO - [2021-03-22 03:01:42,574] {dag.py:1818} INFO - Sync 1 DAGs
[2021-03-22 03:01:42,590] {logging_mixin.py:104} INFO - [2021-03-22 03:01:42,590] {dag.py:2273} INFO - Setting next_dagrun for example_bash_operator to 2021-03-20 00:00:00+00:00
[2021-03-22 03:01:42,596] {scheduler_job.py:190} INFO - Processing /Users/akshaybhoge/PycharmProjects/venvEdgar/lib/python3.7/site-packages/airflow/example_dags/example_bash_operator.py took 0.055 seconds
[2021-03-22 03:02:14,563] {scheduler_job.py:182} INFO - Started process (PID=27662) to work on /Users/akshaybhoge/PycharmProjects/venvEdgar/lib/python3.7/site-packages/airflow/example_dags/example_bash_operator.py
[2021-03-22 03:02:14,564] {scheduler_job.py:629} INFO - Processing file /Users/akshaybhoge/PycharmProjects/venvEdgar/lib/python3.7/site-packages/airflow/example_dags/example_bash_operator.py for tasks to queue
[2021-03-22 03:02:14,565] {logging_mixin.py:104} INFO - [2021-03-22 03:02:14,565] {dagbag.py:448} INFO - Filling up the DagBag from /Users/akshaybhoge/PycharmProjects/venvEdgar/lib/python3.7/site-packages/airflow/example_dags/example_bash_operator.py
[2021-03-22 03:02:14,579] {scheduler_job.py:639} INFO - DAG(s) dict_keys(['example_bash_operator']) retrieved from /Users/akshaybhoge/PycharmProjects/venvEdgar/lib/python3.7/site-packages/airflow/example_dags/example_bash_operator.py
[2021-03-22 03:02:14,591] {logging_mixin.py:104} INFO - [2021-03-22 03:02:14,591] {dag.py:1818} INFO - Sync 1 DAGs
[2021-03-22 03:02:14,606] {logging_mixin.py:104} INFO - [2021-03-22 03:02:14,606] {dag.py:2273} INFO - Setting next_dagrun for example_bash_operator to 2021-03-20 00:00:00+00:00
[2021-03-22 03:02:14,612] {scheduler_job.py:190} INFO - Processing /Users/akshaybhoge/PycharmProjects/venvEdgar/lib/python3.7/site-packages/airflow/example_dags/example_bash_operator.py took 0.053 seconds
[2021-03-22 03:02:46,701] {scheduler_job.py:182} INFO - Started process (PID=27693) to work on /Users/akshaybhoge/PycharmProjects/venvEdgar/lib/python3.7/site-packages/airflow/example_dags/example_bash_operator.py
[2021-03-22 03:02:46,703] {scheduler_job.py:629} INFO - Processing file /Users/akshaybhoge/PycharmProjects/venvEdgar/lib/python3.7/site-packages/airflow/example_dags/example_bash_operator.py for tasks to queue
[2021-03-22 03:02:46,704] {logging_mixin.py:104} INFO - [2021-03-22 03:02:46,704] {dagbag.py:448} INFO - Filling up the DagBag from /Users/akshaybhoge/PycharmProjects/venvEdgar/lib/python3.7/site-packages/airflow/example_dags/example_bash_operator.py
[2021-03-22 03:02:46,718] {scheduler_job.py:639} INFO - DAG(s) dict_keys(['example_bash_operator']) retrieved from /Users/akshaybhoge/PycharmProjects/venvEdgar/lib/python3.7/site-packages/airflow/example_dags/example_bash_operator.py
[2021-03-22 03:02:46,734] {logging_mixin.py:104} INFO - [2021-03-22 03:02:46,733] {dag.py:1818} INFO - Sync 1 DAGs
[2021-03-22 03:02:46,750] {logging_mixin.py:104} INFO - [2021-03-22 03:02:46,750] {dag.py:2273} INFO - Setting next_dagrun for example_bash_operator to 2021-03-20 00:00:00+00:00
[2021-03-22 03:02:46,756] {scheduler_job.py:190} INFO - Processing /Users/akshaybhoge/PycharmProjects/venvEdgar/lib/python3.7/site-packages/airflow/example_dags/example_bash_operator.py took 0.059 seconds
[2021-03-22 03:03:18,832] {scheduler_job.py:182} INFO - Started process (PID=27733) to work on /Users/akshaybhoge/PycharmProjects/venvEdgar/lib/python3.7/site-packages/airflow/example_dags/example_bash_operator.py
[2021-03-22 03:03:18,833] {scheduler_job.py:629} INFO - Processing file /Users/akshaybhoge/PycharmProjects/venvEdgar/lib/python3.7/site-packages/airflow/example_dags/example_bash_operator.py for tasks to queue
[2021-03-22 03:03:18,835] {logging_mixin.py:104} INFO - [2021-03-22 03:03:18,834] {dagbag.py:448} INFO - Filling up the DagBag from /Users/akshaybhoge/PycharmProjects/venvEdgar/lib/python3.7/site-packages/airflow/example_dags/example_bash_operator.py
[2021-03-22 03:03:18,849] {scheduler_job.py:639} INFO - DAG(s) dict_keys(['example_bash_operator']) retrieved from /Users/akshaybhoge/PycharmProjects/venvEdgar/lib/python3.7/site-packages/airflow/example_dags/example_bash_operator.py
[2021-03-22 03:03:18,863] {logging_mixin.py:104} INFO - [2021-03-22 03:03:18,863] {dag.py:1818} INFO - Sync 1 DAGs
[2021-03-22 03:03:18,879] {logging_mixin.py:104} INFO - [2021-03-22 03:03:18,879] {dag.py:2273} INFO - Setting next_dagrun for example_bash_operator to 2021-03-20 00:00:00+00:00
[2021-03-22 03:03:18,885] {scheduler_job.py:190} INFO - Processing /Users/akshaybhoge/PycharmProjects/venvEdgar/lib/python3.7/site-packages/airflow/example_dags/example_bash_operator.py took 0.058 seconds
[2021-03-22 03:03:50,942] {scheduler_job.py:182} INFO - Started process (PID=27776) to work on /Users/akshaybhoge/PycharmProjects/venvEdgar/lib/python3.7/site-packages/airflow/example_dags/example_bash_operator.py
[2021-03-22 03:03:50,945] {scheduler_job.py:629} INFO - Processing file /Users/akshaybhoge/PycharmProjects/venvEdgar/lib/python3.7/site-packages/airflow/example_dags/example_bash_operator.py for tasks to queue
[2021-03-22 03:03:50,947] {logging_mixin.py:104} INFO - [2021-03-22 03:03:50,946] {dagbag.py:448} INFO - Filling up the DagBag from /Users/akshaybhoge/PycharmProjects/venvEdgar/lib/python3.7/site-packages/airflow/example_dags/example_bash_operator.py
[2021-03-22 03:03:50,961] {scheduler_job.py:639} INFO - DAG(s) dict_keys(['example_bash_operator']) retrieved from /Users/akshaybhoge/PycharmProjects/venvEdgar/lib/python3.7/site-packages/airflow/example_dags/example_bash_operator.py
[2021-03-22 03:03:50,974] {logging_mixin.py:104} INFO - [2021-03-22 03:03:50,973] {dag.py:1818} INFO - Sync 1 DAGs
[2021-03-22 03:03:50,990] {logging_mixin.py:104} INFO - [2021-03-22 03:03:50,990] {dag.py:2273} INFO - Setting next_dagrun for example_bash_operator to 2021-03-20 00:00:00+00:00
[2021-03-22 03:03:50,996] {scheduler_job.py:190} INFO - Processing /Users/akshaybhoge/PycharmProjects/venvEdgar/lib/python3.7/site-packages/airflow/example_dags/example_bash_operator.py took 0.058 seconds
[2021-03-22 03:04:23,036] {scheduler_job.py:182} INFO - Started process (PID=27815) to work on /Users/akshaybhoge/PycharmProjects/venvEdgar/lib/python3.7/site-packages/airflow/example_dags/example_bash_operator.py
[2021-03-22 03:04:23,037] {scheduler_job.py:629} INFO - Processing file /Users/akshaybhoge/PycharmProjects/venvEdgar/lib/python3.7/site-packages/airflow/example_dags/example_bash_operator.py for tasks to queue
[2021-03-22 03:04:23,039] {logging_mixin.py:104} INFO - [2021-03-22 03:04:23,038] {dagbag.py:448} INFO - Filling up the DagBag from /Users/akshaybhoge/PycharmProjects/venvEdgar/lib/python3.7/site-packages/airflow/example_dags/example_bash_operator.py
[2021-03-22 03:04:23,052] {scheduler_job.py:639} INFO - DAG(s) dict_keys(['example_bash_operator']) retrieved from /Users/akshaybhoge/PycharmProjects/venvEdgar/lib/python3.7/site-packages/airflow/example_dags/example_bash_operator.py
[2021-03-22 03:04:23,067] {logging_mixin.py:104} INFO - [2021-03-22 03:04:23,067] {dag.py:1818} INFO - Sync 1 DAGs
[2021-03-22 03:04:23,084] {logging_mixin.py:104} INFO - [2021-03-22 03:04:23,083] {dag.py:2273} INFO - Setting next_dagrun for example_bash_operator to 2021-03-20 00:00:00+00:00
[2021-03-22 03:04:23,090] {scheduler_job.py:190} INFO - Processing /Users/akshaybhoge/PycharmProjects/venvEdgar/lib/python3.7/site-packages/airflow/example_dags/example_bash_operator.py took 0.058 seconds
[2021-03-22 03:04:55,157] {scheduler_job.py:182} INFO - Started process (PID=27860) to work on /Users/akshaybhoge/PycharmProjects/venvEdgar/lib/python3.7/site-packages/airflow/example_dags/example_bash_operator.py
[2021-03-22 03:04:55,158] {scheduler_job.py:629} INFO - Processing file /Users/akshaybhoge/PycharmProjects/venvEdgar/lib/python3.7/site-packages/airflow/example_dags/example_bash_operator.py for tasks to queue
[2021-03-22 03:04:55,160] {logging_mixin.py:104} INFO - [2021-03-22 03:04:55,159] {dagbag.py:448} INFO - Filling up the DagBag from /Users/akshaybhoge/PycharmProjects/venvEdgar/lib/python3.7/site-packages/airflow/example_dags/example_bash_operator.py
[2021-03-22 03:04:55,174] {scheduler_job.py:639} INFO - DAG(s) dict_keys(['example_bash_operator']) retrieved from /Users/akshaybhoge/PycharmProjects/venvEdgar/lib/python3.7/site-packages/airflow/example_dags/example_bash_operator.py
[2021-03-22 03:04:55,188] {logging_mixin.py:104} INFO - [2021-03-22 03:04:55,188] {dag.py:1818} INFO - Sync 1 DAGs
[2021-03-22 03:04:55,204] {logging_mixin.py:104} INFO - [2021-03-22 03:04:55,204] {dag.py:2273} INFO - Setting next_dagrun for example_bash_operator to 2021-03-20 00:00:00+00:00
[2021-03-22 03:04:55,210] {scheduler_job.py:190} INFO - Processing /Users/akshaybhoge/PycharmProjects/venvEdgar/lib/python3.7/site-packages/airflow/example_dags/example_bash_operator.py took 0.058 seconds
[2021-03-22 03:05:27,285] {scheduler_job.py:182} INFO - Started process (PID=27894) to work on /Users/akshaybhoge/PycharmProjects/venvEdgar/lib/python3.7/site-packages/airflow/example_dags/example_bash_operator.py
[2021-03-22 03:05:27,287] {scheduler_job.py:629} INFO - Processing file /Users/akshaybhoge/PycharmProjects/venvEdgar/lib/python3.7/site-packages/airflow/example_dags/example_bash_operator.py for tasks to queue
[2021-03-22 03:05:27,289] {logging_mixin.py:104} INFO - [2021-03-22 03:05:27,288] {dagbag.py:448} INFO - Filling up the DagBag from /Users/akshaybhoge/PycharmProjects/venvEdgar/lib/python3.7/site-packages/airflow/example_dags/example_bash_operator.py
[2021-03-22 03:05:27,303] {scheduler_job.py:639} INFO - DAG(s) dict_keys(['example_bash_operator']) retrieved from /Users/akshaybhoge/PycharmProjects/venvEdgar/lib/python3.7/site-packages/airflow/example_dags/example_bash_operator.py
[2021-03-22 03:05:27,316] {logging_mixin.py:104} INFO - [2021-03-22 03:05:27,316] {dag.py:1818} INFO - Sync 1 DAGs
[2021-03-22 03:05:27,332] {logging_mixin.py:104} INFO - [2021-03-22 03:05:27,331] {dag.py:2273} INFO - Setting next_dagrun for example_bash_operator to 2021-03-20 00:00:00+00:00
[2021-03-22 03:05:27,338] {scheduler_job.py:190} INFO - Processing /Users/akshaybhoge/PycharmProjects/venvEdgar/lib/python3.7/site-packages/airflow/example_dags/example_bash_operator.py took 0.056 seconds
[2021-03-22 03:05:59,400] {scheduler_job.py:182} INFO - Started process (PID=27932) to work on /Users/akshaybhoge/PycharmProjects/venvEdgar/lib/python3.7/site-packages/airflow/example_dags/example_bash_operator.py
[2021-03-22 03:05:59,402] {scheduler_job.py:629} INFO - Processing file /Users/akshaybhoge/PycharmProjects/venvEdgar/lib/python3.7/site-packages/airflow/example_dags/example_bash_operator.py for tasks to queue
[2021-03-22 03:05:59,404] {logging_mixin.py:104} INFO - [2021-03-22 03:05:59,403] {dagbag.py:448} INFO - Filling up the DagBag from /Users/akshaybhoge/PycharmProjects/venvEdgar/lib/python3.7/site-packages/airflow/example_dags/example_bash_operator.py
[2021-03-22 03:05:59,417] {scheduler_job.py:639} INFO - DAG(s) dict_keys(['example_bash_operator']) retrieved from /Users/akshaybhoge/PycharmProjects/venvEdgar/lib/python3.7/site-packages/airflow/example_dags/example_bash_operator.py
[2021-03-22 03:05:59,430] {logging_mixin.py:104} INFO - [2021-03-22 03:05:59,430] {dag.py:1818} INFO - Sync 1 DAGs
[2021-03-22 03:05:59,445] {logging_mixin.py:104} INFO - [2021-03-22 03:05:59,445] {dag.py:2273} INFO - Setting next_dagrun for example_bash_operator to 2021-03-20 00:00:00+00:00
[2021-03-22 03:05:59,451] {scheduler_job.py:190} INFO - Processing /Users/akshaybhoge/PycharmProjects/venvEdgar/lib/python3.7/site-packages/airflow/example_dags/example_bash_operator.py took 0.054 seconds
[2021-03-22 03:06:31,627] {scheduler_job.py:182} INFO - Started process (PID=27962) to work on /Users/akshaybhoge/PycharmProjects/venvEdgar/lib/python3.7/site-packages/airflow/example_dags/example_bash_operator.py
[2021-03-22 03:06:31,629] {scheduler_job.py:629} INFO - Processing file /Users/akshaybhoge/PycharmProjects/venvEdgar/lib/python3.7/site-packages/airflow/example_dags/example_bash_operator.py for tasks to queue
[2021-03-22 03:06:31,630] {logging_mixin.py:104} INFO - [2021-03-22 03:06:31,630] {dagbag.py:448} INFO - Filling up the DagBag from /Users/akshaybhoge/PycharmProjects/venvEdgar/lib/python3.7/site-packages/airflow/example_dags/example_bash_operator.py
[2021-03-22 03:06:31,645] {scheduler_job.py:639} INFO - DAG(s) dict_keys(['example_bash_operator']) retrieved from /Users/akshaybhoge/PycharmProjects/venvEdgar/lib/python3.7/site-packages/airflow/example_dags/example_bash_operator.py
[2021-03-22 03:06:31,659] {logging_mixin.py:104} INFO - [2021-03-22 03:06:31,658] {dag.py:1818} INFO - Sync 1 DAGs
[2021-03-22 03:06:31,675] {logging_mixin.py:104} INFO - [2021-03-22 03:06:31,675] {dag.py:2273} INFO - Setting next_dagrun for example_bash_operator to 2021-03-20 00:00:00+00:00
[2021-03-22 03:06:31,681] {scheduler_job.py:190} INFO - Processing /Users/akshaybhoge/PycharmProjects/venvEdgar/lib/python3.7/site-packages/airflow/example_dags/example_bash_operator.py took 0.058 seconds
[2021-03-22 03:07:03,859] {scheduler_job.py:182} INFO - Started process (PID=27997) to work on /Users/akshaybhoge/PycharmProjects/venvEdgar/lib/python3.7/site-packages/airflow/example_dags/example_bash_operator.py
[2021-03-22 03:07:03,861] {scheduler_job.py:629} INFO - Processing file /Users/akshaybhoge/PycharmProjects/venvEdgar/lib/python3.7/site-packages/airflow/example_dags/example_bash_operator.py for tasks to queue
[2021-03-22 03:07:03,862] {logging_mixin.py:104} INFO - [2021-03-22 03:07:03,862] {dagbag.py:448} INFO - Filling up the DagBag from /Users/akshaybhoge/PycharmProjects/venvEdgar/lib/python3.7/site-packages/airflow/example_dags/example_bash_operator.py
[2021-03-22 03:07:03,874] {scheduler_job.py:639} INFO - DAG(s) dict_keys(['example_bash_operator']) retrieved from /Users/akshaybhoge/PycharmProjects/venvEdgar/lib/python3.7/site-packages/airflow/example_dags/example_bash_operator.py
[2021-03-22 03:07:03,885] {logging_mixin.py:104} INFO - [2021-03-22 03:07:03,885] {dag.py:1818} INFO - Sync 1 DAGs
[2021-03-22 03:07:03,901] {logging_mixin.py:104} INFO - [2021-03-22 03:07:03,901] {dag.py:2273} INFO - Setting next_dagrun for example_bash_operator to 2021-03-20 00:00:00+00:00
[2021-03-22 03:07:03,907] {scheduler_job.py:190} INFO - Processing /Users/akshaybhoge/PycharmProjects/venvEdgar/lib/python3.7/site-packages/airflow/example_dags/example_bash_operator.py took 0.051 seconds
[2021-03-22 03:07:36,094] {scheduler_job.py:182} INFO - Started process (PID=28032) to work on /Users/akshaybhoge/PycharmProjects/venvEdgar/lib/python3.7/site-packages/airflow/example_dags/example_bash_operator.py
[2021-03-22 03:07:36,096] {scheduler_job.py:629} INFO - Processing file /Users/akshaybhoge/PycharmProjects/venvEdgar/lib/python3.7/site-packages/airflow/example_dags/example_bash_operator.py for tasks to queue
[2021-03-22 03:07:36,097] {logging_mixin.py:104} INFO - [2021-03-22 03:07:36,097] {dagbag.py:448} INFO - Filling up the DagBag from /Users/akshaybhoge/PycharmProjects/venvEdgar/lib/python3.7/site-packages/airflow/example_dags/example_bash_operator.py
[2021-03-22 03:07:36,110] {scheduler_job.py:639} INFO - DAG(s) dict_keys(['example_bash_operator']) retrieved from /Users/akshaybhoge/PycharmProjects/venvEdgar/lib/python3.7/site-packages/airflow/example_dags/example_bash_operator.py
[2021-03-22 03:07:36,121] {logging_mixin.py:104} INFO - [2021-03-22 03:07:36,121] {dag.py:1818} INFO - Sync 1 DAGs
[2021-03-22 03:07:36,137] {logging_mixin.py:104} INFO - [2021-03-22 03:07:36,137] {dag.py:2273} INFO - Setting next_dagrun for example_bash_operator to 2021-03-20 00:00:00+00:00
[2021-03-22 03:07:36,143] {scheduler_job.py:190} INFO - Processing /Users/akshaybhoge/PycharmProjects/venvEdgar/lib/python3.7/site-packages/airflow/example_dags/example_bash_operator.py took 0.053 seconds
[2021-03-22 03:08:08,322] {scheduler_job.py:182} INFO - Started process (PID=28064) to work on /Users/akshaybhoge/PycharmProjects/venvEdgar/lib/python3.7/site-packages/airflow/example_dags/example_bash_operator.py
[2021-03-22 03:08:08,324] {scheduler_job.py:629} INFO - Processing file /Users/akshaybhoge/PycharmProjects/venvEdgar/lib/python3.7/site-packages/airflow/example_dags/example_bash_operator.py for tasks to queue
[2021-03-22 03:08:08,326] {logging_mixin.py:104} INFO - [2021-03-22 03:08:08,325] {dagbag.py:448} INFO - Filling up the DagBag from /Users/akshaybhoge/PycharmProjects/venvEdgar/lib/python3.7/site-packages/airflow/example_dags/example_bash_operator.py
[2021-03-22 03:08:08,340] {scheduler_job.py:639} INFO - DAG(s) dict_keys(['example_bash_operator']) retrieved from /Users/akshaybhoge/PycharmProjects/venvEdgar/lib/python3.7/site-packages/airflow/example_dags/example_bash_operator.py
[2021-03-22 03:08:08,353] {logging_mixin.py:104} INFO - [2021-03-22 03:08:08,353] {dag.py:1818} INFO - Sync 1 DAGs
[2021-03-22 03:08:08,370] {logging_mixin.py:104} INFO - [2021-03-22 03:08:08,369] {dag.py:2273} INFO - Setting next_dagrun for example_bash_operator to 2021-03-20 00:00:00+00:00
[2021-03-22 03:08:08,376] {scheduler_job.py:190} INFO - Processing /Users/akshaybhoge/PycharmProjects/venvEdgar/lib/python3.7/site-packages/airflow/example_dags/example_bash_operator.py took 0.057 seconds
[2021-03-22 03:08:40,587] {scheduler_job.py:182} INFO - Started process (PID=28104) to work on /Users/akshaybhoge/PycharmProjects/venvEdgar/lib/python3.7/site-packages/airflow/example_dags/example_bash_operator.py
[2021-03-22 03:08:40,589] {scheduler_job.py:629} INFO - Processing file /Users/akshaybhoge/PycharmProjects/venvEdgar/lib/python3.7/site-packages/airflow/example_dags/example_bash_operator.py for tasks to queue
[2021-03-22 03:08:40,591] {logging_mixin.py:104} INFO - [2021-03-22 03:08:40,590] {dagbag.py:448} INFO - Filling up the DagBag from /Users/akshaybhoge/PycharmProjects/venvEdgar/lib/python3.7/site-packages/airflow/example_dags/example_bash_operator.py
[2021-03-22 03:08:40,605] {scheduler_job.py:639} INFO - DAG(s) dict_keys(['example_bash_operator']) retrieved from /Users/akshaybhoge/PycharmProjects/venvEdgar/lib/python3.7/site-packages/airflow/example_dags/example_bash_operator.py
[2021-03-22 03:08:40,617] {logging_mixin.py:104} INFO - [2021-03-22 03:08:40,617] {dag.py:1818} INFO - Sync 1 DAGs
[2021-03-22 03:08:40,632] {logging_mixin.py:104} INFO - [2021-03-22 03:08:40,632] {dag.py:2273} INFO - Setting next_dagrun for example_bash_operator to 2021-03-20 00:00:00+00:00
[2021-03-22 03:08:40,638] {scheduler_job.py:190} INFO - Processing /Users/akshaybhoge/PycharmProjects/venvEdgar/lib/python3.7/site-packages/airflow/example_dags/example_bash_operator.py took 0.055 seconds
[2021-03-22 03:09:12,943] {scheduler_job.py:182} INFO - Started process (PID=28143) to work on /Users/akshaybhoge/PycharmProjects/venvEdgar/lib/python3.7/site-packages/airflow/example_dags/example_bash_operator.py
[2021-03-22 03:09:12,947] {scheduler_job.py:629} INFO - Processing file /Users/akshaybhoge/PycharmProjects/venvEdgar/lib/python3.7/site-packages/airflow/example_dags/example_bash_operator.py for tasks to queue
[2021-03-22 03:09:12,948] {logging_mixin.py:104} INFO - [2021-03-22 03:09:12,948] {dagbag.py:448} INFO - Filling up the DagBag from /Users/akshaybhoge/PycharmProjects/venvEdgar/lib/python3.7/site-packages/airflow/example_dags/example_bash_operator.py
[2021-03-22 03:09:12,965] {scheduler_job.py:639} INFO - DAG(s) dict_keys(['example_bash_operator']) retrieved from /Users/akshaybhoge/PycharmProjects/venvEdgar/lib/python3.7/site-packages/airflow/example_dags/example_bash_operator.py
[2021-03-22 03:09:12,980] {logging_mixin.py:104} INFO - [2021-03-22 03:09:12,979] {dag.py:1818} INFO - Sync 1 DAGs
[2021-03-22 03:09:12,997] {logging_mixin.py:104} INFO - [2021-03-22 03:09:12,996] {dag.py:2273} INFO - Setting next_dagrun for example_bash_operator to 2021-03-20 00:00:00+00:00
[2021-03-22 03:09:13,002] {scheduler_job.py:190} INFO - Processing /Users/akshaybhoge/PycharmProjects/venvEdgar/lib/python3.7/site-packages/airflow/example_dags/example_bash_operator.py took 0.064 seconds
[2021-03-22 03:11:59,600] {scheduler_job.py:182} INFO - Started process (PID=28249) to work on /Users/akshaybhoge/PycharmProjects/venvEdgar/lib/python3.7/site-packages/airflow/example_dags/example_bash_operator.py
[2021-03-22 03:11:59,606] {scheduler_job.py:629} INFO - Processing file /Users/akshaybhoge/PycharmProjects/venvEdgar/lib/python3.7/site-packages/airflow/example_dags/example_bash_operator.py for tasks to queue
[2021-03-22 03:11:59,611] {logging_mixin.py:104} INFO - [2021-03-22 03:11:59,609] {dagbag.py:448} INFO - Filling up the DagBag from /Users/akshaybhoge/PycharmProjects/venvEdgar/lib/python3.7/site-packages/airflow/example_dags/example_bash_operator.py
[2021-03-22 03:11:59,662] {scheduler_job.py:639} INFO - DAG(s) dict_keys(['example_bash_operator']) retrieved from /Users/akshaybhoge/PycharmProjects/venvEdgar/lib/python3.7/site-packages/airflow/example_dags/example_bash_operator.py
[2021-03-22 03:11:59,718] {logging_mixin.py:104} INFO - [2021-03-22 03:11:59,716] {dag.py:1818} INFO - Sync 1 DAGs
[2021-03-22 03:11:59,786] {logging_mixin.py:104} INFO - [2021-03-22 03:11:59,785] {dag.py:2273} INFO - Setting next_dagrun for example_bash_operator to 2021-03-20 00:00:00+00:00
[2021-03-22 03:11:59,821] {scheduler_job.py:190} INFO - Processing /Users/akshaybhoge/PycharmProjects/venvEdgar/lib/python3.7/site-packages/airflow/example_dags/example_bash_operator.py took 0.234 seconds
[2021-03-22 03:12:37,484] {scheduler_job.py:182} INFO - Started process (PID=28287) to work on /Users/akshaybhoge/PycharmProjects/venvEdgar/lib/python3.7/site-packages/airflow/example_dags/example_bash_operator.py
[2021-03-22 03:12:37,490] {scheduler_job.py:629} INFO - Processing file /Users/akshaybhoge/PycharmProjects/venvEdgar/lib/python3.7/site-packages/airflow/example_dags/example_bash_operator.py for tasks to queue
[2021-03-22 03:12:37,495] {logging_mixin.py:104} INFO - [2021-03-22 03:12:37,493] {dagbag.py:448} INFO - Filling up the DagBag from /Users/akshaybhoge/PycharmProjects/venvEdgar/lib/python3.7/site-packages/airflow/example_dags/example_bash_operator.py
[2021-03-22 03:12:37,543] {scheduler_job.py:639} INFO - DAG(s) dict_keys(['example_bash_operator']) retrieved from /Users/akshaybhoge/PycharmProjects/venvEdgar/lib/python3.7/site-packages/airflow/example_dags/example_bash_operator.py
[2021-03-22 03:12:37,590] {logging_mixin.py:104} INFO - [2021-03-22 03:12:37,588] {dag.py:1818} INFO - Sync 1 DAGs
[2021-03-22 03:12:37,656] {logging_mixin.py:104} INFO - [2021-03-22 03:12:37,655] {dag.py:2273} INFO - Setting next_dagrun for example_bash_operator to 2021-03-20 00:00:00+00:00
[2021-03-22 03:12:37,700] {scheduler_job.py:190} INFO - Processing /Users/akshaybhoge/PycharmProjects/venvEdgar/lib/python3.7/site-packages/airflow/example_dags/example_bash_operator.py took 0.229 seconds
[2021-03-22 03:13:51,321] {scheduler_job.py:182} INFO - Started process (PID=28355) to work on /Users/akshaybhoge/PycharmProjects/venvEdgar/lib/python3.7/site-packages/airflow/example_dags/example_bash_operator.py
[2021-03-22 03:13:51,322] {scheduler_job.py:629} INFO - Processing file /Users/akshaybhoge/PycharmProjects/venvEdgar/lib/python3.7/site-packages/airflow/example_dags/example_bash_operator.py for tasks to queue
[2021-03-22 03:13:51,324] {logging_mixin.py:104} INFO - [2021-03-22 03:13:51,323] {dagbag.py:448} INFO - Filling up the DagBag from /Users/akshaybhoge/PycharmProjects/venvEdgar/lib/python3.7/site-packages/airflow/example_dags/example_bash_operator.py
[2021-03-22 03:13:51,338] {scheduler_job.py:639} INFO - DAG(s) dict_keys(['example_bash_operator']) retrieved from /Users/akshaybhoge/PycharmProjects/venvEdgar/lib/python3.7/site-packages/airflow/example_dags/example_bash_operator.py
[2021-03-22 03:13:51,351] {logging_mixin.py:104} INFO - [2021-03-22 03:13:51,351] {dag.py:1818} INFO - Sync 1 DAGs
[2021-03-22 03:13:51,368] {logging_mixin.py:104} INFO - [2021-03-22 03:13:51,367] {dag.py:2273} INFO - Setting next_dagrun for example_bash_operator to 2021-03-20 00:00:00+00:00
[2021-03-22 03:13:51,374] {scheduler_job.py:190} INFO - Processing /Users/akshaybhoge/PycharmProjects/venvEdgar/lib/python3.7/site-packages/airflow/example_dags/example_bash_operator.py took 0.057 seconds
[2021-03-22 03:14:22,770] {scheduler_job.py:182} INFO - Started process (PID=28406) to work on /Users/akshaybhoge/PycharmProjects/venvEdgar/lib/python3.7/site-packages/airflow/example_dags/example_bash_operator.py
[2021-03-22 03:14:22,771] {scheduler_job.py:629} INFO - Processing file /Users/akshaybhoge/PycharmProjects/venvEdgar/lib/python3.7/site-packages/airflow/example_dags/example_bash_operator.py for tasks to queue
[2021-03-22 03:14:22,772] {logging_mixin.py:104} INFO - [2021-03-22 03:14:22,772] {dagbag.py:448} INFO - Filling up the DagBag from /Users/akshaybhoge/PycharmProjects/venvEdgar/lib/python3.7/site-packages/airflow/example_dags/example_bash_operator.py
[2021-03-22 03:14:22,787] {scheduler_job.py:639} INFO - DAG(s) dict_keys(['example_bash_operator']) retrieved from /Users/akshaybhoge/PycharmProjects/venvEdgar/lib/python3.7/site-packages/airflow/example_dags/example_bash_operator.py
[2021-03-22 03:14:22,799] {logging_mixin.py:104} INFO - [2021-03-22 03:14:22,799] {dag.py:1818} INFO - Sync 1 DAGs
[2021-03-22 03:14:22,815] {logging_mixin.py:104} INFO - [2021-03-22 03:14:22,814] {dag.py:2273} INFO - Setting next_dagrun for example_bash_operator to 2021-03-20 00:00:00+00:00
[2021-03-22 03:14:22,821] {scheduler_job.py:190} INFO - Processing /Users/akshaybhoge/PycharmProjects/venvEdgar/lib/python3.7/site-packages/airflow/example_dags/example_bash_operator.py took 0.054 seconds
[2021-03-22 03:14:53,184] {scheduler_job.py:182} INFO - Started process (PID=28449) to work on /Users/akshaybhoge/PycharmProjects/venvEdgar/lib/python3.7/site-packages/airflow/example_dags/example_bash_operator.py
[2021-03-22 03:14:53,187] {scheduler_job.py:629} INFO - Processing file /Users/akshaybhoge/PycharmProjects/venvEdgar/lib/python3.7/site-packages/airflow/example_dags/example_bash_operator.py for tasks to queue
[2021-03-22 03:14:53,188] {logging_mixin.py:104} INFO - [2021-03-22 03:14:53,188] {dagbag.py:448} INFO - Filling up the DagBag from /Users/akshaybhoge/PycharmProjects/venvEdgar/lib/python3.7/site-packages/airflow/example_dags/example_bash_operator.py
[2021-03-22 03:14:53,203] {scheduler_job.py:639} INFO - DAG(s) dict_keys(['example_bash_operator']) retrieved from /Users/akshaybhoge/PycharmProjects/venvEdgar/lib/python3.7/site-packages/airflow/example_dags/example_bash_operator.py
[2021-03-22 03:14:53,216] {logging_mixin.py:104} INFO - [2021-03-22 03:14:53,216] {dag.py:1818} INFO - Sync 1 DAGs
[2021-03-22 03:14:53,232] {logging_mixin.py:104} INFO - [2021-03-22 03:14:53,232] {dag.py:2273} INFO - Setting next_dagrun for example_bash_operator to 2021-03-20 00:00:00+00:00
[2021-03-22 03:14:53,238] {scheduler_job.py:190} INFO - Processing /Users/akshaybhoge/PycharmProjects/venvEdgar/lib/python3.7/site-packages/airflow/example_dags/example_bash_operator.py took 0.057 seconds
[2021-03-22 03:15:24,342] {scheduler_job.py:182} INFO - Started process (PID=28483) to work on /Users/akshaybhoge/PycharmProjects/venvEdgar/lib/python3.7/site-packages/airflow/example_dags/example_bash_operator.py
[2021-03-22 03:15:24,344] {scheduler_job.py:629} INFO - Processing file /Users/akshaybhoge/PycharmProjects/venvEdgar/lib/python3.7/site-packages/airflow/example_dags/example_bash_operator.py for tasks to queue
[2021-03-22 03:15:24,346] {logging_mixin.py:104} INFO - [2021-03-22 03:15:24,345] {dagbag.py:448} INFO - Filling up the DagBag from /Users/akshaybhoge/PycharmProjects/venvEdgar/lib/python3.7/site-packages/airflow/example_dags/example_bash_operator.py
[2021-03-22 03:15:24,360] {scheduler_job.py:639} INFO - DAG(s) dict_keys(['example_bash_operator']) retrieved from /Users/akshaybhoge/PycharmProjects/venvEdgar/lib/python3.7/site-packages/airflow/example_dags/example_bash_operator.py
[2021-03-22 03:15:24,374] {logging_mixin.py:104} INFO - [2021-03-22 03:15:24,373] {dag.py:1818} INFO - Sync 1 DAGs
[2021-03-22 03:15:24,390] {logging_mixin.py:104} INFO - [2021-03-22 03:15:24,390] {dag.py:2273} INFO - Setting next_dagrun for example_bash_operator to 2021-03-20 00:00:00+00:00
[2021-03-22 03:15:24,397] {scheduler_job.py:190} INFO - Processing /Users/akshaybhoge/PycharmProjects/venvEdgar/lib/python3.7/site-packages/airflow/example_dags/example_bash_operator.py took 0.058 seconds
[2021-03-22 03:15:57,959] {scheduler_job.py:182} INFO - Started process (PID=28522) to work on /Users/akshaybhoge/PycharmProjects/venvEdgar/lib/python3.7/site-packages/airflow/example_dags/example_bash_operator.py
[2021-03-22 03:15:57,961] {scheduler_job.py:629} INFO - Processing file /Users/akshaybhoge/PycharmProjects/venvEdgar/lib/python3.7/site-packages/airflow/example_dags/example_bash_operator.py for tasks to queue
[2021-03-22 03:15:57,962] {logging_mixin.py:104} INFO - [2021-03-22 03:15:57,962] {dagbag.py:448} INFO - Filling up the DagBag from /Users/akshaybhoge/PycharmProjects/venvEdgar/lib/python3.7/site-packages/airflow/example_dags/example_bash_operator.py
[2021-03-22 03:15:57,975] {scheduler_job.py:639} INFO - DAG(s) dict_keys(['example_bash_operator']) retrieved from /Users/akshaybhoge/PycharmProjects/venvEdgar/lib/python3.7/site-packages/airflow/example_dags/example_bash_operator.py
[2021-03-22 03:15:57,987] {logging_mixin.py:104} INFO - [2021-03-22 03:15:57,987] {dag.py:1818} INFO - Sync 1 DAGs
[2021-03-22 03:15:58,003] {logging_mixin.py:104} INFO - [2021-03-22 03:15:58,003] {dag.py:2273} INFO - Setting next_dagrun for example_bash_operator to 2021-03-20 00:00:00+00:00
[2021-03-22 03:15:58,009] {scheduler_job.py:190} INFO - Processing /Users/akshaybhoge/PycharmProjects/venvEdgar/lib/python3.7/site-packages/airflow/example_dags/example_bash_operator.py took 0.052 seconds
[2021-03-22 03:16:30,760] {scheduler_job.py:182} INFO - Started process (PID=28570) to work on /Users/akshaybhoge/PycharmProjects/venvEdgar/lib/python3.7/site-packages/airflow/example_dags/example_bash_operator.py
[2021-03-22 03:16:30,763] {scheduler_job.py:629} INFO - Processing file /Users/akshaybhoge/PycharmProjects/venvEdgar/lib/python3.7/site-packages/airflow/example_dags/example_bash_operator.py for tasks to queue
[2021-03-22 03:16:30,764] {logging_mixin.py:104} INFO - [2021-03-22 03:16:30,764] {dagbag.py:448} INFO - Filling up the DagBag from /Users/akshaybhoge/PycharmProjects/venvEdgar/lib/python3.7/site-packages/airflow/example_dags/example_bash_operator.py
[2021-03-22 03:16:30,779] {scheduler_job.py:639} INFO - DAG(s) dict_keys(['example_bash_operator']) retrieved from /Users/akshaybhoge/PycharmProjects/venvEdgar/lib/python3.7/site-packages/airflow/example_dags/example_bash_operator.py
[2021-03-22 03:16:30,793] {logging_mixin.py:104} INFO - [2021-03-22 03:16:30,793] {dag.py:1818} INFO - Sync 1 DAGs
[2021-03-22 03:16:30,811] {logging_mixin.py:104} INFO - [2021-03-22 03:16:30,810] {dag.py:2273} INFO - Setting next_dagrun for example_bash_operator to 2021-03-20 00:00:00+00:00
[2021-03-22 03:16:30,816] {scheduler_job.py:190} INFO - Processing /Users/akshaybhoge/PycharmProjects/venvEdgar/lib/python3.7/site-packages/airflow/example_dags/example_bash_operator.py took 0.059 seconds
[2021-03-22 03:17:02,860] {scheduler_job.py:182} INFO - Started process (PID=28609) to work on /Users/akshaybhoge/PycharmProjects/venvEdgar/lib/python3.7/site-packages/airflow/example_dags/example_bash_operator.py
[2021-03-22 03:17:02,861] {scheduler_job.py:629} INFO - Processing file /Users/akshaybhoge/PycharmProjects/venvEdgar/lib/python3.7/site-packages/airflow/example_dags/example_bash_operator.py for tasks to queue
[2021-03-22 03:17:02,862] {logging_mixin.py:104} INFO - [2021-03-22 03:17:02,862] {dagbag.py:448} INFO - Filling up the DagBag from /Users/akshaybhoge/PycharmProjects/venvEdgar/lib/python3.7/site-packages/airflow/example_dags/example_bash_operator.py
[2021-03-22 03:17:02,876] {scheduler_job.py:639} INFO - DAG(s) dict_keys(['example_bash_operator']) retrieved from /Users/akshaybhoge/PycharmProjects/venvEdgar/lib/python3.7/site-packages/airflow/example_dags/example_bash_operator.py
[2021-03-22 03:17:02,889] {logging_mixin.py:104} INFO - [2021-03-22 03:17:02,889] {dag.py:1818} INFO - Sync 1 DAGs
[2021-03-22 03:17:02,906] {logging_mixin.py:104} INFO - [2021-03-22 03:17:02,906] {dag.py:2273} INFO - Setting next_dagrun for example_bash_operator to 2021-03-20 00:00:00+00:00
[2021-03-22 03:17:02,912] {scheduler_job.py:190} INFO - Processing /Users/akshaybhoge/PycharmProjects/venvEdgar/lib/python3.7/site-packages/airflow/example_dags/example_bash_operator.py took 0.056 seconds
[2021-03-22 03:17:34,871] {scheduler_job.py:182} INFO - Started process (PID=28642) to work on /Users/akshaybhoge/PycharmProjects/venvEdgar/lib/python3.7/site-packages/airflow/example_dags/example_bash_operator.py
[2021-03-22 03:17:34,872] {scheduler_job.py:629} INFO - Processing file /Users/akshaybhoge/PycharmProjects/venvEdgar/lib/python3.7/site-packages/airflow/example_dags/example_bash_operator.py for tasks to queue
[2021-03-22 03:17:34,873] {logging_mixin.py:104} INFO - [2021-03-22 03:17:34,873] {dagbag.py:448} INFO - Filling up the DagBag from /Users/akshaybhoge/PycharmProjects/venvEdgar/lib/python3.7/site-packages/airflow/example_dags/example_bash_operator.py
[2021-03-22 03:17:34,887] {scheduler_job.py:639} INFO - DAG(s) dict_keys(['example_bash_operator']) retrieved from /Users/akshaybhoge/PycharmProjects/venvEdgar/lib/python3.7/site-packages/airflow/example_dags/example_bash_operator.py
[2021-03-22 03:17:34,900] {logging_mixin.py:104} INFO - [2021-03-22 03:17:34,899] {dag.py:1818} INFO - Sync 1 DAGs
[2021-03-22 03:17:34,916] {logging_mixin.py:104} INFO - [2021-03-22 03:17:34,915] {dag.py:2273} INFO - Setting next_dagrun for example_bash_operator to 2021-03-20 00:00:00+00:00
[2021-03-22 03:17:34,922] {scheduler_job.py:190} INFO - Processing /Users/akshaybhoge/PycharmProjects/venvEdgar/lib/python3.7/site-packages/airflow/example_dags/example_bash_operator.py took 0.055 seconds
[2021-03-22 03:18:06,864] {scheduler_job.py:182} INFO - Started process (PID=28673) to work on /Users/akshaybhoge/PycharmProjects/venvEdgar/lib/python3.7/site-packages/airflow/example_dags/example_bash_operator.py
[2021-03-22 03:18:06,865] {scheduler_job.py:629} INFO - Processing file /Users/akshaybhoge/PycharmProjects/venvEdgar/lib/python3.7/site-packages/airflow/example_dags/example_bash_operator.py for tasks to queue
[2021-03-22 03:18:06,866] {logging_mixin.py:104} INFO - [2021-03-22 03:18:06,866] {dagbag.py:448} INFO - Filling up the DagBag from /Users/akshaybhoge/PycharmProjects/venvEdgar/lib/python3.7/site-packages/airflow/example_dags/example_bash_operator.py
[2021-03-22 03:18:06,877] {scheduler_job.py:639} INFO - DAG(s) dict_keys(['example_bash_operator']) retrieved from /Users/akshaybhoge/PycharmProjects/venvEdgar/lib/python3.7/site-packages/airflow/example_dags/example_bash_operator.py
[2021-03-22 03:18:06,888] {logging_mixin.py:104} INFO - [2021-03-22 03:18:06,888] {dag.py:1818} INFO - Sync 1 DAGs
[2021-03-22 03:18:06,904] {logging_mixin.py:104} INFO - [2021-03-22 03:18:06,903] {dag.py:2273} INFO - Setting next_dagrun for example_bash_operator to 2021-03-20 00:00:00+00:00
[2021-03-22 03:18:06,909] {scheduler_job.py:190} INFO - Processing /Users/akshaybhoge/PycharmProjects/venvEdgar/lib/python3.7/site-packages/airflow/example_dags/example_bash_operator.py took 0.048 seconds
[2021-03-22 03:18:38,981] {scheduler_job.py:182} INFO - Started process (PID=28704) to work on /Users/akshaybhoge/PycharmProjects/venvEdgar/lib/python3.7/site-packages/airflow/example_dags/example_bash_operator.py
[2021-03-22 03:18:38,984] {scheduler_job.py:629} INFO - Processing file /Users/akshaybhoge/PycharmProjects/venvEdgar/lib/python3.7/site-packages/airflow/example_dags/example_bash_operator.py for tasks to queue
[2021-03-22 03:18:38,985] {logging_mixin.py:104} INFO - [2021-03-22 03:18:38,984] {dagbag.py:448} INFO - Filling up the DagBag from /Users/akshaybhoge/PycharmProjects/venvEdgar/lib/python3.7/site-packages/airflow/example_dags/example_bash_operator.py
[2021-03-22 03:18:38,997] {scheduler_job.py:639} INFO - DAG(s) dict_keys(['example_bash_operator']) retrieved from /Users/akshaybhoge/PycharmProjects/venvEdgar/lib/python3.7/site-packages/airflow/example_dags/example_bash_operator.py
[2021-03-22 03:18:39,008] {logging_mixin.py:104} INFO - [2021-03-22 03:18:39,008] {dag.py:1818} INFO - Sync 1 DAGs
[2021-03-22 03:18:39,024] {logging_mixin.py:104} INFO - [2021-03-22 03:18:39,024] {dag.py:2273} INFO - Setting next_dagrun for example_bash_operator to 2021-03-20 00:00:00+00:00
[2021-03-22 03:18:39,030] {scheduler_job.py:190} INFO - Processing /Users/akshaybhoge/PycharmProjects/venvEdgar/lib/python3.7/site-packages/airflow/example_dags/example_bash_operator.py took 0.052 seconds
[2021-03-22 03:19:13,842] {scheduler_job.py:182} INFO - Started process (PID=28752) to work on /Users/akshaybhoge/PycharmProjects/venvEdgar/lib/python3.7/site-packages/airflow/example_dags/example_bash_operator.py
[2021-03-22 03:19:13,846] {scheduler_job.py:629} INFO - Processing file /Users/akshaybhoge/PycharmProjects/venvEdgar/lib/python3.7/site-packages/airflow/example_dags/example_bash_operator.py for tasks to queue
[2021-03-22 03:19:13,847] {logging_mixin.py:104} INFO - [2021-03-22 03:19:13,847] {dagbag.py:448} INFO - Filling up the DagBag from /Users/akshaybhoge/PycharmProjects/venvEdgar/lib/python3.7/site-packages/airflow/example_dags/example_bash_operator.py
[2021-03-22 03:19:13,861] {scheduler_job.py:639} INFO - DAG(s) dict_keys(['example_bash_operator']) retrieved from /Users/akshaybhoge/PycharmProjects/venvEdgar/lib/python3.7/site-packages/airflow/example_dags/example_bash_operator.py
[2021-03-22 03:19:13,872] {logging_mixin.py:104} INFO - [2021-03-22 03:19:13,872] {dag.py:1818} INFO - Sync 1 DAGs
[2021-03-22 03:19:13,888] {logging_mixin.py:104} INFO - [2021-03-22 03:19:13,888] {dag.py:2273} INFO - Setting next_dagrun for example_bash_operator to 2021-03-20 00:00:00+00:00
[2021-03-22 03:19:13,895] {scheduler_job.py:190} INFO - Processing /Users/akshaybhoge/PycharmProjects/venvEdgar/lib/python3.7/site-packages/airflow/example_dags/example_bash_operator.py took 0.056 seconds
[2021-03-22 03:19:46,261] {scheduler_job.py:182} INFO - Started process (PID=28790) to work on /Users/akshaybhoge/PycharmProjects/venvEdgar/lib/python3.7/site-packages/airflow/example_dags/example_bash_operator.py
[2021-03-22 03:19:46,264] {scheduler_job.py:629} INFO - Processing file /Users/akshaybhoge/PycharmProjects/venvEdgar/lib/python3.7/site-packages/airflow/example_dags/example_bash_operator.py for tasks to queue
[2021-03-22 03:19:46,266] {logging_mixin.py:104} INFO - [2021-03-22 03:19:46,265] {dagbag.py:448} INFO - Filling up the DagBag from /Users/akshaybhoge/PycharmProjects/venvEdgar/lib/python3.7/site-packages/airflow/example_dags/example_bash_operator.py
[2021-03-22 03:19:46,280] {scheduler_job.py:639} INFO - DAG(s) dict_keys(['example_bash_operator']) retrieved from /Users/akshaybhoge/PycharmProjects/venvEdgar/lib/python3.7/site-packages/airflow/example_dags/example_bash_operator.py
[2021-03-22 03:19:46,294] {logging_mixin.py:104} INFO - [2021-03-22 03:19:46,293] {dag.py:1818} INFO - Sync 1 DAGs
[2021-03-22 03:19:46,310] {logging_mixin.py:104} INFO - [2021-03-22 03:19:46,310] {dag.py:2273} INFO - Setting next_dagrun for example_bash_operator to 2021-03-20 00:00:00+00:00
[2021-03-22 03:19:46,316] {scheduler_job.py:190} INFO - Processing /Users/akshaybhoge/PycharmProjects/venvEdgar/lib/python3.7/site-packages/airflow/example_dags/example_bash_operator.py took 0.059 seconds
[2021-03-22 03:20:18,269] {scheduler_job.py:182} INFO - Started process (PID=28829) to work on /Users/akshaybhoge/PycharmProjects/venvEdgar/lib/python3.7/site-packages/airflow/example_dags/example_bash_operator.py
[2021-03-22 03:20:18,270] {scheduler_job.py:629} INFO - Processing file /Users/akshaybhoge/PycharmProjects/venvEdgar/lib/python3.7/site-packages/airflow/example_dags/example_bash_operator.py for tasks to queue
[2021-03-22 03:20:18,272] {logging_mixin.py:104} INFO - [2021-03-22 03:20:18,271] {dagbag.py:448} INFO - Filling up the DagBag from /Users/akshaybhoge/PycharmProjects/venvEdgar/lib/python3.7/site-packages/airflow/example_dags/example_bash_operator.py
[2021-03-22 03:20:18,285] {scheduler_job.py:639} INFO - DAG(s) dict_keys(['example_bash_operator']) retrieved from /Users/akshaybhoge/PycharmProjects/venvEdgar/lib/python3.7/site-packages/airflow/example_dags/example_bash_operator.py
[2021-03-22 03:20:18,299] {logging_mixin.py:104} INFO - [2021-03-22 03:20:18,299] {dag.py:1818} INFO - Sync 1 DAGs
[2021-03-22 03:20:18,317] {logging_mixin.py:104} INFO - [2021-03-22 03:20:18,316] {dag.py:2273} INFO - Setting next_dagrun for example_bash_operator to 2021-03-20 00:00:00+00:00
[2021-03-22 03:20:18,322] {scheduler_job.py:190} INFO - Processing /Users/akshaybhoge/PycharmProjects/venvEdgar/lib/python3.7/site-packages/airflow/example_dags/example_bash_operator.py took 0.057 seconds
[2021-03-22 03:20:50,570] {scheduler_job.py:182} INFO - Started process (PID=28875) to work on /Users/akshaybhoge/PycharmProjects/venvEdgar/lib/python3.7/site-packages/airflow/example_dags/example_bash_operator.py
[2021-03-22 03:20:50,572] {scheduler_job.py:629} INFO - Processing file /Users/akshaybhoge/PycharmProjects/venvEdgar/lib/python3.7/site-packages/airflow/example_dags/example_bash_operator.py for tasks to queue
[2021-03-22 03:20:50,573] {logging_mixin.py:104} INFO - [2021-03-22 03:20:50,573] {dagbag.py:448} INFO - Filling up the DagBag from /Users/akshaybhoge/PycharmProjects/venvEdgar/lib/python3.7/site-packages/airflow/example_dags/example_bash_operator.py
[2021-03-22 03:20:50,587] {scheduler_job.py:639} INFO - DAG(s) dict_keys(['example_bash_operator']) retrieved from /Users/akshaybhoge/PycharmProjects/venvEdgar/lib/python3.7/site-packages/airflow/example_dags/example_bash_operator.py
[2021-03-22 03:20:50,600] {logging_mixin.py:104} INFO - [2021-03-22 03:20:50,599] {dag.py:1818} INFO - Sync 1 DAGs
[2021-03-22 03:20:50,616] {logging_mixin.py:104} INFO - [2021-03-22 03:20:50,616] {dag.py:2273} INFO - Setting next_dagrun for example_bash_operator to 2021-03-20 00:00:00+00:00
[2021-03-22 03:20:50,623] {scheduler_job.py:190} INFO - Processing /Users/akshaybhoge/PycharmProjects/venvEdgar/lib/python3.7/site-packages/airflow/example_dags/example_bash_operator.py took 0.057 seconds
[2021-03-22 03:21:22,668] {scheduler_job.py:182} INFO - Started process (PID=28921) to work on /Users/akshaybhoge/PycharmProjects/venvEdgar/lib/python3.7/site-packages/airflow/example_dags/example_bash_operator.py
[2021-03-22 03:21:22,670] {scheduler_job.py:629} INFO - Processing file /Users/akshaybhoge/PycharmProjects/venvEdgar/lib/python3.7/site-packages/airflow/example_dags/example_bash_operator.py for tasks to queue
[2021-03-22 03:21:22,671] {logging_mixin.py:104} INFO - [2021-03-22 03:21:22,671] {dagbag.py:448} INFO - Filling up the DagBag from /Users/akshaybhoge/PycharmProjects/venvEdgar/lib/python3.7/site-packages/airflow/example_dags/example_bash_operator.py
[2021-03-22 03:21:22,686] {scheduler_job.py:639} INFO - DAG(s) dict_keys(['example_bash_operator']) retrieved from /Users/akshaybhoge/PycharmProjects/venvEdgar/lib/python3.7/site-packages/airflow/example_dags/example_bash_operator.py
[2021-03-22 03:21:22,699] {logging_mixin.py:104} INFO - [2021-03-22 03:21:22,698] {dag.py:1818} INFO - Sync 1 DAGs
[2021-03-22 03:21:22,714] {logging_mixin.py:104} INFO - [2021-03-22 03:21:22,714] {dag.py:2273} INFO - Setting next_dagrun for example_bash_operator to 2021-03-20 00:00:00+00:00
[2021-03-22 03:21:22,720] {scheduler_job.py:190} INFO - Processing /Users/akshaybhoge/PycharmProjects/venvEdgar/lib/python3.7/site-packages/airflow/example_dags/example_bash_operator.py took 0.055 seconds
[2021-03-22 03:23:35,957] {scheduler_job.py:182} INFO - Started process (PID=29066) to work on /Users/akshaybhoge/PycharmProjects/venvEdgar/lib/python3.7/site-packages/airflow/example_dags/example_bash_operator.py
[2021-03-22 03:23:35,963] {scheduler_job.py:629} INFO - Processing file /Users/akshaybhoge/PycharmProjects/venvEdgar/lib/python3.7/site-packages/airflow/example_dags/example_bash_operator.py for tasks to queue
[2021-03-22 03:23:35,964] {logging_mixin.py:104} INFO - [2021-03-22 03:23:35,964] {dagbag.py:448} INFO - Filling up the DagBag from /Users/akshaybhoge/PycharmProjects/venvEdgar/lib/python3.7/site-packages/airflow/example_dags/example_bash_operator.py
[2021-03-22 03:23:35,976] {scheduler_job.py:639} INFO - DAG(s) dict_keys(['example_bash_operator']) retrieved from /Users/akshaybhoge/PycharmProjects/venvEdgar/lib/python3.7/site-packages/airflow/example_dags/example_bash_operator.py
[2021-03-22 03:23:35,989] {logging_mixin.py:104} INFO - [2021-03-22 03:23:35,988] {dag.py:1818} INFO - Sync 1 DAGs
[2021-03-22 03:23:36,004] {logging_mixin.py:104} INFO - [2021-03-22 03:23:36,004] {dag.py:2273} INFO - Setting next_dagrun for example_bash_operator to 2021-03-20 00:00:00+00:00
[2021-03-22 03:23:36,010] {scheduler_job.py:190} INFO - Processing /Users/akshaybhoge/PycharmProjects/venvEdgar/lib/python3.7/site-packages/airflow/example_dags/example_bash_operator.py took 0.056 seconds
[2021-03-22 03:24:28,196] {scheduler_job.py:182} INFO - Started process (PID=29138) to work on /Users/akshaybhoge/PycharmProjects/venvEdgar/lib/python3.7/site-packages/airflow/example_dags/example_bash_operator.py
[2021-03-22 03:24:28,197] {scheduler_job.py:629} INFO - Processing file /Users/akshaybhoge/PycharmProjects/venvEdgar/lib/python3.7/site-packages/airflow/example_dags/example_bash_operator.py for tasks to queue
[2021-03-22 03:24:28,199] {logging_mixin.py:104} INFO - [2021-03-22 03:24:28,198] {dagbag.py:448} INFO - Filling up the DagBag from /Users/akshaybhoge/PycharmProjects/venvEdgar/lib/python3.7/site-packages/airflow/example_dags/example_bash_operator.py
[2021-03-22 03:24:28,215] {scheduler_job.py:639} INFO - DAG(s) dict_keys(['example_bash_operator']) retrieved from /Users/akshaybhoge/PycharmProjects/venvEdgar/lib/python3.7/site-packages/airflow/example_dags/example_bash_operator.py
[2021-03-22 03:24:28,227] {logging_mixin.py:104} INFO - [2021-03-22 03:24:28,227] {dag.py:1818} INFO - Sync 1 DAGs
[2021-03-22 03:24:28,245] {logging_mixin.py:104} INFO - [2021-03-22 03:24:28,245] {dag.py:2273} INFO - Setting next_dagrun for example_bash_operator to 2021-03-20 00:00:00+00:00
[2021-03-22 03:24:28,252] {scheduler_job.py:190} INFO - Processing /Users/akshaybhoge/PycharmProjects/venvEdgar/lib/python3.7/site-packages/airflow/example_dags/example_bash_operator.py took 0.060 seconds
[2021-03-22 03:27:54,617] {scheduler_job.py:182} INFO - Started process (PID=29231) to work on /Users/akshaybhoge/PycharmProjects/venvEdgar/lib/python3.7/site-packages/airflow/example_dags/example_bash_operator.py
[2021-03-22 03:27:54,618] {scheduler_job.py:629} INFO - Processing file /Users/akshaybhoge/PycharmProjects/venvEdgar/lib/python3.7/site-packages/airflow/example_dags/example_bash_operator.py for tasks to queue
[2021-03-22 03:27:54,619] {logging_mixin.py:104} INFO - [2021-03-22 03:27:54,619] {dagbag.py:448} INFO - Filling up the DagBag from /Users/akshaybhoge/PycharmProjects/venvEdgar/lib/python3.7/site-packages/airflow/example_dags/example_bash_operator.py
[2021-03-22 03:27:54,627] {scheduler_job.py:639} INFO - DAG(s) dict_keys(['example_bash_operator']) retrieved from /Users/akshaybhoge/PycharmProjects/venvEdgar/lib/python3.7/site-packages/airflow/example_dags/example_bash_operator.py
[2021-03-22 03:27:54,638] {logging_mixin.py:104} INFO - [2021-03-22 03:27:54,638] {dag.py:1818} INFO - Sync 1 DAGs
[2021-03-22 03:27:54,653] {logging_mixin.py:104} INFO - [2021-03-22 03:27:54,653] {dag.py:2273} INFO - Setting next_dagrun for example_bash_operator to 2021-03-20 00:00:00+00:00
[2021-03-22 03:27:54,659] {scheduler_job.py:190} INFO - Processing /Users/akshaybhoge/PycharmProjects/venvEdgar/lib/python3.7/site-packages/airflow/example_dags/example_bash_operator.py took 0.046 seconds
[2021-03-22 03:28:28,519] {scheduler_job.py:182} INFO - Started process (PID=29273) to work on /Users/akshaybhoge/PycharmProjects/venvEdgar/lib/python3.7/site-packages/airflow/example_dags/example_bash_operator.py
[2021-03-22 03:28:28,521] {scheduler_job.py:629} INFO - Processing file /Users/akshaybhoge/PycharmProjects/venvEdgar/lib/python3.7/site-packages/airflow/example_dags/example_bash_operator.py for tasks to queue
[2021-03-22 03:28:28,523] {logging_mixin.py:104} INFO - [2021-03-22 03:28:28,522] {dagbag.py:448} INFO - Filling up the DagBag from /Users/akshaybhoge/PycharmProjects/venvEdgar/lib/python3.7/site-packages/airflow/example_dags/example_bash_operator.py
[2021-03-22 03:28:28,531] {scheduler_job.py:639} INFO - DAG(s) dict_keys(['example_bash_operator']) retrieved from /Users/akshaybhoge/PycharmProjects/venvEdgar/lib/python3.7/site-packages/airflow/example_dags/example_bash_operator.py
[2021-03-22 03:28:28,545] {logging_mixin.py:104} INFO - [2021-03-22 03:28:28,544] {dag.py:1818} INFO - Sync 1 DAGs
[2021-03-22 03:28:28,560] {logging_mixin.py:104} INFO - [2021-03-22 03:28:28,559] {dag.py:2273} INFO - Setting next_dagrun for example_bash_operator to 2021-03-20 00:00:00+00:00
[2021-03-22 03:28:28,566] {scheduler_job.py:190} INFO - Processing /Users/akshaybhoge/PycharmProjects/venvEdgar/lib/python3.7/site-packages/airflow/example_dags/example_bash_operator.py took 0.051 seconds
[2021-03-22 03:28:59,937] {scheduler_job.py:182} INFO - Started process (PID=29319) to work on /Users/akshaybhoge/PycharmProjects/venvEdgar/lib/python3.7/site-packages/airflow/example_dags/example_bash_operator.py
[2021-03-22 03:28:59,940] {scheduler_job.py:629} INFO - Processing file /Users/akshaybhoge/PycharmProjects/venvEdgar/lib/python3.7/site-packages/airflow/example_dags/example_bash_operator.py for tasks to queue
[2021-03-22 03:28:59,941] {logging_mixin.py:104} INFO - [2021-03-22 03:28:59,941] {dagbag.py:448} INFO - Filling up the DagBag from /Users/akshaybhoge/PycharmProjects/venvEdgar/lib/python3.7/site-packages/airflow/example_dags/example_bash_operator.py
[2021-03-22 03:28:59,951] {scheduler_job.py:639} INFO - DAG(s) dict_keys(['example_bash_operator']) retrieved from /Users/akshaybhoge/PycharmProjects/venvEdgar/lib/python3.7/site-packages/airflow/example_dags/example_bash_operator.py
[2021-03-22 03:28:59,964] {logging_mixin.py:104} INFO - [2021-03-22 03:28:59,964] {dag.py:1818} INFO - Sync 1 DAGs
[2021-03-22 03:28:59,984] {logging_mixin.py:104} INFO - [2021-03-22 03:28:59,983] {dag.py:2273} INFO - Setting next_dagrun for example_bash_operator to 2021-03-20 00:00:00+00:00
[2021-03-22 03:28:59,992] {scheduler_job.py:190} INFO - Processing /Users/akshaybhoge/PycharmProjects/venvEdgar/lib/python3.7/site-packages/airflow/example_dags/example_bash_operator.py took 0.058 seconds
[2021-03-22 03:29:34,273] {scheduler_job.py:182} INFO - Started process (PID=29357) to work on /Users/akshaybhoge/PycharmProjects/venvEdgar/lib/python3.7/site-packages/airflow/example_dags/example_bash_operator.py
[2021-03-22 03:29:34,275] {scheduler_job.py:629} INFO - Processing file /Users/akshaybhoge/PycharmProjects/venvEdgar/lib/python3.7/site-packages/airflow/example_dags/example_bash_operator.py for tasks to queue
[2021-03-22 03:29:34,277] {logging_mixin.py:104} INFO - [2021-03-22 03:29:34,276] {dagbag.py:448} INFO - Filling up the DagBag from /Users/akshaybhoge/PycharmProjects/venvEdgar/lib/python3.7/site-packages/airflow/example_dags/example_bash_operator.py
[2021-03-22 03:29:34,286] {scheduler_job.py:639} INFO - DAG(s) dict_keys(['example_bash_operator']) retrieved from /Users/akshaybhoge/PycharmProjects/venvEdgar/lib/python3.7/site-packages/airflow/example_dags/example_bash_operator.py
[2021-03-22 03:29:34,300] {logging_mixin.py:104} INFO - [2021-03-22 03:29:34,299] {dag.py:1818} INFO - Sync 1 DAGs
[2021-03-22 03:29:34,316] {logging_mixin.py:104} INFO - [2021-03-22 03:29:34,316] {dag.py:2273} INFO - Setting next_dagrun for example_bash_operator to 2021-03-20 00:00:00+00:00
[2021-03-22 03:29:34,322] {scheduler_job.py:190} INFO - Processing /Users/akshaybhoge/PycharmProjects/venvEdgar/lib/python3.7/site-packages/airflow/example_dags/example_bash_operator.py took 0.054 seconds
[2021-03-22 03:30:05,816] {scheduler_job.py:182} INFO - Started process (PID=29396) to work on /Users/akshaybhoge/PycharmProjects/venvEdgar/lib/python3.7/site-packages/airflow/example_dags/example_bash_operator.py
[2021-03-22 03:30:05,818] {scheduler_job.py:629} INFO - Processing file /Users/akshaybhoge/PycharmProjects/venvEdgar/lib/python3.7/site-packages/airflow/example_dags/example_bash_operator.py for tasks to queue
[2021-03-22 03:30:05,820] {logging_mixin.py:104} INFO - [2021-03-22 03:30:05,819] {dagbag.py:448} INFO - Filling up the DagBag from /Users/akshaybhoge/PycharmProjects/venvEdgar/lib/python3.7/site-packages/airflow/example_dags/example_bash_operator.py
[2021-03-22 03:30:05,830] {scheduler_job.py:639} INFO - DAG(s) dict_keys(['example_bash_operator']) retrieved from /Users/akshaybhoge/PycharmProjects/venvEdgar/lib/python3.7/site-packages/airflow/example_dags/example_bash_operator.py
[2021-03-22 03:30:05,845] {logging_mixin.py:104} INFO - [2021-03-22 03:30:05,844] {dag.py:1818} INFO - Sync 1 DAGs
[2021-03-22 03:30:05,862] {logging_mixin.py:104} INFO - [2021-03-22 03:30:05,862] {dag.py:2273} INFO - Setting next_dagrun for example_bash_operator to 2021-03-20 00:00:00+00:00
[2021-03-22 03:30:05,869] {scheduler_job.py:190} INFO - Processing /Users/akshaybhoge/PycharmProjects/venvEdgar/lib/python3.7/site-packages/airflow/example_dags/example_bash_operator.py took 0.057 seconds
[2021-03-22 03:30:38,488] {scheduler_job.py:182} INFO - Started process (PID=29439) to work on /Users/akshaybhoge/PycharmProjects/venvEdgar/lib/python3.7/site-packages/airflow/example_dags/example_bash_operator.py
[2021-03-22 03:30:38,490] {scheduler_job.py:629} INFO - Processing file /Users/akshaybhoge/PycharmProjects/venvEdgar/lib/python3.7/site-packages/airflow/example_dags/example_bash_operator.py for tasks to queue
[2021-03-22 03:30:38,492] {logging_mixin.py:104} INFO - [2021-03-22 03:30:38,491] {dagbag.py:448} INFO - Filling up the DagBag from /Users/akshaybhoge/PycharmProjects/venvEdgar/lib/python3.7/site-packages/airflow/example_dags/example_bash_operator.py
[2021-03-22 03:30:38,499] {scheduler_job.py:639} INFO - DAG(s) dict_keys(['example_bash_operator']) retrieved from /Users/akshaybhoge/PycharmProjects/venvEdgar/lib/python3.7/site-packages/airflow/example_dags/example_bash_operator.py
[2021-03-22 03:30:38,513] {logging_mixin.py:104} INFO - [2021-03-22 03:30:38,512] {dag.py:1818} INFO - Sync 1 DAGs
[2021-03-22 03:30:38,529] {logging_mixin.py:104} INFO - [2021-03-22 03:30:38,528] {dag.py:2273} INFO - Setting next_dagrun for example_bash_operator to 2021-03-20 00:00:00+00:00
[2021-03-22 03:30:38,534] {scheduler_job.py:190} INFO - Processing /Users/akshaybhoge/PycharmProjects/venvEdgar/lib/python3.7/site-packages/airflow/example_dags/example_bash_operator.py took 0.049 seconds
[2021-03-22 03:31:11,733] {scheduler_job.py:182} INFO - Started process (PID=29474) to work on /Users/akshaybhoge/PycharmProjects/venvEdgar/lib/python3.7/site-packages/airflow/example_dags/example_bash_operator.py
[2021-03-22 03:31:11,735] {scheduler_job.py:629} INFO - Processing file /Users/akshaybhoge/PycharmProjects/venvEdgar/lib/python3.7/site-packages/airflow/example_dags/example_bash_operator.py for tasks to queue
[2021-03-22 03:31:11,736] {logging_mixin.py:104} INFO - [2021-03-22 03:31:11,735] {dagbag.py:448} INFO - Filling up the DagBag from /Users/akshaybhoge/PycharmProjects/venvEdgar/lib/python3.7/site-packages/airflow/example_dags/example_bash_operator.py
[2021-03-22 03:31:11,744] {scheduler_job.py:639} INFO - DAG(s) dict_keys(['example_bash_operator']) retrieved from /Users/akshaybhoge/PycharmProjects/venvEdgar/lib/python3.7/site-packages/airflow/example_dags/example_bash_operator.py
[2021-03-22 03:31:11,755] {logging_mixin.py:104} INFO - [2021-03-22 03:31:11,755] {dag.py:1818} INFO - Sync 1 DAGs
[2021-03-22 03:31:11,771] {logging_mixin.py:104} INFO - [2021-03-22 03:31:11,771] {dag.py:2273} INFO - Setting next_dagrun for example_bash_operator to 2021-03-20 00:00:00+00:00
[2021-03-22 03:31:11,777] {scheduler_job.py:190} INFO - Processing /Users/akshaybhoge/PycharmProjects/venvEdgar/lib/python3.7/site-packages/airflow/example_dags/example_bash_operator.py took 0.047 seconds
[2021-03-22 03:31:43,725] {scheduler_job.py:182} INFO - Started process (PID=29505) to work on /Users/akshaybhoge/PycharmProjects/venvEdgar/lib/python3.7/site-packages/airflow/example_dags/example_bash_operator.py
[2021-03-22 03:31:43,726] {scheduler_job.py:629} INFO - Processing file /Users/akshaybhoge/PycharmProjects/venvEdgar/lib/python3.7/site-packages/airflow/example_dags/example_bash_operator.py for tasks to queue
[2021-03-22 03:31:43,727] {logging_mixin.py:104} INFO - [2021-03-22 03:31:43,727] {dagbag.py:448} INFO - Filling up the DagBag from /Users/akshaybhoge/PycharmProjects/venvEdgar/lib/python3.7/site-packages/airflow/example_dags/example_bash_operator.py
[2021-03-22 03:31:43,735] {scheduler_job.py:639} INFO - DAG(s) dict_keys(['example_bash_operator']) retrieved from /Users/akshaybhoge/PycharmProjects/venvEdgar/lib/python3.7/site-packages/airflow/example_dags/example_bash_operator.py
[2021-03-22 03:31:43,746] {logging_mixin.py:104} INFO - [2021-03-22 03:31:43,746] {dag.py:1818} INFO - Sync 1 DAGs
[2021-03-22 03:31:43,762] {logging_mixin.py:104} INFO - [2021-03-22 03:31:43,761] {dag.py:2273} INFO - Setting next_dagrun for example_bash_operator to 2021-03-20 00:00:00+00:00
[2021-03-22 03:31:43,768] {scheduler_job.py:190} INFO - Processing /Users/akshaybhoge/PycharmProjects/venvEdgar/lib/python3.7/site-packages/airflow/example_dags/example_bash_operator.py took 0.047 seconds
[2021-03-22 03:32:15,937] {scheduler_job.py:182} INFO - Started process (PID=29539) to work on /Users/akshaybhoge/PycharmProjects/venvEdgar/lib/python3.7/site-packages/airflow/example_dags/example_bash_operator.py
[2021-03-22 03:32:15,939] {scheduler_job.py:629} INFO - Processing file /Users/akshaybhoge/PycharmProjects/venvEdgar/lib/python3.7/site-packages/airflow/example_dags/example_bash_operator.py for tasks to queue
[2021-03-22 03:32:15,941] {logging_mixin.py:104} INFO - [2021-03-22 03:32:15,940] {dagbag.py:448} INFO - Filling up the DagBag from /Users/akshaybhoge/PycharmProjects/venvEdgar/lib/python3.7/site-packages/airflow/example_dags/example_bash_operator.py
[2021-03-22 03:32:15,950] {scheduler_job.py:639} INFO - DAG(s) dict_keys(['example_bash_operator']) retrieved from /Users/akshaybhoge/PycharmProjects/venvEdgar/lib/python3.7/site-packages/airflow/example_dags/example_bash_operator.py
[2021-03-22 03:32:15,965] {logging_mixin.py:104} INFO - [2021-03-22 03:32:15,964] {dag.py:1818} INFO - Sync 1 DAGs
[2021-03-22 03:32:15,980] {logging_mixin.py:104} INFO - [2021-03-22 03:32:15,980] {dag.py:2273} INFO - Setting next_dagrun for example_bash_operator to 2021-03-20 00:00:00+00:00
[2021-03-22 03:32:15,987] {scheduler_job.py:190} INFO - Processing /Users/akshaybhoge/PycharmProjects/venvEdgar/lib/python3.7/site-packages/airflow/example_dags/example_bash_operator.py took 0.054 seconds
[2021-03-22 03:32:48,035] {scheduler_job.py:182} INFO - Started process (PID=29569) to work on /Users/akshaybhoge/PycharmProjects/venvEdgar/lib/python3.7/site-packages/airflow/example_dags/example_bash_operator.py
[2021-03-22 03:32:48,037] {scheduler_job.py:629} INFO - Processing file /Users/akshaybhoge/PycharmProjects/venvEdgar/lib/python3.7/site-packages/airflow/example_dags/example_bash_operator.py for tasks to queue
[2021-03-22 03:32:48,038] {logging_mixin.py:104} INFO - [2021-03-22 03:32:48,038] {dagbag.py:448} INFO - Filling up the DagBag from /Users/akshaybhoge/PycharmProjects/venvEdgar/lib/python3.7/site-packages/airflow/example_dags/example_bash_operator.py
[2021-03-22 03:32:48,048] {scheduler_job.py:639} INFO - DAG(s) dict_keys(['example_bash_operator']) retrieved from /Users/akshaybhoge/PycharmProjects/venvEdgar/lib/python3.7/site-packages/airflow/example_dags/example_bash_operator.py
[2021-03-22 03:32:48,063] {logging_mixin.py:104} INFO - [2021-03-22 03:32:48,062] {dag.py:1818} INFO - Sync 1 DAGs
[2021-03-22 03:32:48,081] {logging_mixin.py:104} INFO - [2021-03-22 03:32:48,081] {dag.py:2273} INFO - Setting next_dagrun for example_bash_operator to 2021-03-20 00:00:00+00:00
[2021-03-22 03:32:48,088] {scheduler_job.py:190} INFO - Processing /Users/akshaybhoge/PycharmProjects/venvEdgar/lib/python3.7/site-packages/airflow/example_dags/example_bash_operator.py took 0.057 seconds
[2021-03-22 03:35:31,034] {scheduler_job.py:182} INFO - Started process (PID=29709) to work on /Users/akshaybhoge/PycharmProjects/venvEdgar/lib/python3.7/site-packages/airflow/example_dags/example_bash_operator.py
[2021-03-22 03:35:31,036] {scheduler_job.py:629} INFO - Processing file /Users/akshaybhoge/PycharmProjects/venvEdgar/lib/python3.7/site-packages/airflow/example_dags/example_bash_operator.py for tasks to queue
[2021-03-22 03:35:31,037] {logging_mixin.py:104} INFO - [2021-03-22 03:35:31,036] {dagbag.py:448} INFO - Filling up the DagBag from /Users/akshaybhoge/PycharmProjects/venvEdgar/lib/python3.7/site-packages/airflow/example_dags/example_bash_operator.py
[2021-03-22 03:35:31,051] {scheduler_job.py:639} INFO - DAG(s) dict_keys(['example_bash_operator']) retrieved from /Users/akshaybhoge/PycharmProjects/venvEdgar/lib/python3.7/site-packages/airflow/example_dags/example_bash_operator.py
[2021-03-22 03:35:31,062] {logging_mixin.py:104} INFO - [2021-03-22 03:35:31,061] {dag.py:1818} INFO - Sync 1 DAGs
[2021-03-22 03:35:31,077] {logging_mixin.py:104} INFO - [2021-03-22 03:35:31,076] {dag.py:2273} INFO - Setting next_dagrun for example_bash_operator to 2021-03-20 00:00:00+00:00
[2021-03-22 03:35:31,082] {scheduler_job.py:190} INFO - Processing /Users/akshaybhoge/PycharmProjects/venvEdgar/lib/python3.7/site-packages/airflow/example_dags/example_bash_operator.py took 0.051 seconds
[2021-03-22 03:39:21,917] {scheduler_job.py:182} INFO - Started process (PID=29842) to work on /Users/akshaybhoge/PycharmProjects/venvEdgar/lib/python3.7/site-packages/airflow/example_dags/example_bash_operator.py
[2021-03-22 03:39:21,924] {scheduler_job.py:629} INFO - Processing file /Users/akshaybhoge/PycharmProjects/venvEdgar/lib/python3.7/site-packages/airflow/example_dags/example_bash_operator.py for tasks to queue
[2021-03-22 03:39:21,925] {logging_mixin.py:104} INFO - [2021-03-22 03:39:21,924] {dagbag.py:448} INFO - Filling up the DagBag from /Users/akshaybhoge/PycharmProjects/venvEdgar/lib/python3.7/site-packages/airflow/example_dags/example_bash_operator.py
[2021-03-22 03:39:21,932] {scheduler_job.py:639} INFO - DAG(s) dict_keys(['example_bash_operator']) retrieved from /Users/akshaybhoge/PycharmProjects/venvEdgar/lib/python3.7/site-packages/airflow/example_dags/example_bash_operator.py
[2021-03-22 03:39:21,943] {logging_mixin.py:104} INFO - [2021-03-22 03:39:21,943] {dag.py:1818} INFO - Sync 1 DAGs
[2021-03-22 03:39:21,958] {logging_mixin.py:104} INFO - [2021-03-22 03:39:21,958] {dag.py:2273} INFO - Setting next_dagrun for example_bash_operator to 2021-03-20 00:00:00+00:00
[2021-03-22 03:39:21,964] {scheduler_job.py:190} INFO - Processing /Users/akshaybhoge/PycharmProjects/venvEdgar/lib/python3.7/site-packages/airflow/example_dags/example_bash_operator.py took 0.049 seconds
[2021-03-22 03:39:52,629] {scheduler_job.py:182} INFO - Started process (PID=29878) to work on /Users/akshaybhoge/PycharmProjects/venvEdgar/lib/python3.7/site-packages/airflow/example_dags/example_bash_operator.py
[2021-03-22 03:39:52,630] {scheduler_job.py:629} INFO - Processing file /Users/akshaybhoge/PycharmProjects/venvEdgar/lib/python3.7/site-packages/airflow/example_dags/example_bash_operator.py for tasks to queue
[2021-03-22 03:39:52,632] {logging_mixin.py:104} INFO - [2021-03-22 03:39:52,631] {dagbag.py:448} INFO - Filling up the DagBag from /Users/akshaybhoge/PycharmProjects/venvEdgar/lib/python3.7/site-packages/airflow/example_dags/example_bash_operator.py
[2021-03-22 03:39:52,640] {scheduler_job.py:639} INFO - DAG(s) dict_keys(['example_bash_operator']) retrieved from /Users/akshaybhoge/PycharmProjects/venvEdgar/lib/python3.7/site-packages/airflow/example_dags/example_bash_operator.py
[2021-03-22 03:39:52,653] {logging_mixin.py:104} INFO - [2021-03-22 03:39:52,652] {dag.py:1818} INFO - Sync 1 DAGs
[2021-03-22 03:39:52,669] {logging_mixin.py:104} INFO - [2021-03-22 03:39:52,669] {dag.py:2273} INFO - Setting next_dagrun for example_bash_operator to 2021-03-20 00:00:00+00:00
[2021-03-22 03:39:52,675] {scheduler_job.py:190} INFO - Processing /Users/akshaybhoge/PycharmProjects/venvEdgar/lib/python3.7/site-packages/airflow/example_dags/example_bash_operator.py took 0.049 seconds
[2021-03-22 03:40:23,252] {scheduler_job.py:182} INFO - Started process (PID=29912) to work on /Users/akshaybhoge/PycharmProjects/venvEdgar/lib/python3.7/site-packages/airflow/example_dags/example_bash_operator.py
[2021-03-22 03:40:23,253] {scheduler_job.py:629} INFO - Processing file /Users/akshaybhoge/PycharmProjects/venvEdgar/lib/python3.7/site-packages/airflow/example_dags/example_bash_operator.py for tasks to queue
[2021-03-22 03:40:23,254] {logging_mixin.py:104} INFO - [2021-03-22 03:40:23,254] {dagbag.py:448} INFO - Filling up the DagBag from /Users/akshaybhoge/PycharmProjects/venvEdgar/lib/python3.7/site-packages/airflow/example_dags/example_bash_operator.py
[2021-03-22 03:40:23,263] {scheduler_job.py:639} INFO - DAG(s) dict_keys(['example_bash_operator']) retrieved from /Users/akshaybhoge/PycharmProjects/venvEdgar/lib/python3.7/site-packages/airflow/example_dags/example_bash_operator.py
[2021-03-22 03:40:23,276] {logging_mixin.py:104} INFO - [2021-03-22 03:40:23,275] {dag.py:1818} INFO - Sync 1 DAGs
[2021-03-22 03:40:23,294] {logging_mixin.py:104} INFO - [2021-03-22 03:40:23,294] {dag.py:2273} INFO - Setting next_dagrun for example_bash_operator to 2021-03-20 00:00:00+00:00
[2021-03-22 03:40:23,302] {scheduler_job.py:190} INFO - Processing /Users/akshaybhoge/PycharmProjects/venvEdgar/lib/python3.7/site-packages/airflow/example_dags/example_bash_operator.py took 0.053 seconds
[2021-03-22 03:40:55,633] {scheduler_job.py:182} INFO - Started process (PID=29948) to work on /Users/akshaybhoge/PycharmProjects/venvEdgar/lib/python3.7/site-packages/airflow/example_dags/example_bash_operator.py
[2021-03-22 03:40:55,635] {scheduler_job.py:629} INFO - Processing file /Users/akshaybhoge/PycharmProjects/venvEdgar/lib/python3.7/site-packages/airflow/example_dags/example_bash_operator.py for tasks to queue
[2021-03-22 03:40:55,636] {logging_mixin.py:104} INFO - [2021-03-22 03:40:55,636] {dagbag.py:448} INFO - Filling up the DagBag from /Users/akshaybhoge/PycharmProjects/venvEdgar/lib/python3.7/site-packages/airflow/example_dags/example_bash_operator.py
[2021-03-22 03:40:55,645] {scheduler_job.py:639} INFO - DAG(s) dict_keys(['example_bash_operator']) retrieved from /Users/akshaybhoge/PycharmProjects/venvEdgar/lib/python3.7/site-packages/airflow/example_dags/example_bash_operator.py
[2021-03-22 03:40:55,658] {logging_mixin.py:104} INFO - [2021-03-22 03:40:55,658] {dag.py:1818} INFO - Sync 1 DAGs
[2021-03-22 03:40:55,675] {logging_mixin.py:104} INFO - [2021-03-22 03:40:55,675] {dag.py:2273} INFO - Setting next_dagrun for example_bash_operator to 2021-03-20 00:00:00+00:00
[2021-03-22 03:40:55,681] {scheduler_job.py:190} INFO - Processing /Users/akshaybhoge/PycharmProjects/venvEdgar/lib/python3.7/site-packages/airflow/example_dags/example_bash_operator.py took 0.051 seconds
[2021-03-22 03:41:27,272] {scheduler_job.py:182} INFO - Started process (PID=29987) to work on /Users/akshaybhoge/PycharmProjects/venvEdgar/lib/python3.7/site-packages/airflow/example_dags/example_bash_operator.py
[2021-03-22 03:41:27,277] {scheduler_job.py:629} INFO - Processing file /Users/akshaybhoge/PycharmProjects/venvEdgar/lib/python3.7/site-packages/airflow/example_dags/example_bash_operator.py for tasks to queue
[2021-03-22 03:41:27,301] {logging_mixin.py:104} INFO - [2021-03-22 03:41:27,301] {dagbag.py:448} INFO - Filling up the DagBag from /Users/akshaybhoge/PycharmProjects/venvEdgar/lib/python3.7/site-packages/airflow/example_dags/example_bash_operator.py
[2021-03-22 03:41:27,311] {scheduler_job.py:639} INFO - DAG(s) dict_keys(['example_bash_operator']) retrieved from /Users/akshaybhoge/PycharmProjects/venvEdgar/lib/python3.7/site-packages/airflow/example_dags/example_bash_operator.py
[2021-03-22 03:41:27,325] {logging_mixin.py:104} INFO - [2021-03-22 03:41:27,324] {dag.py:1818} INFO - Sync 1 DAGs
[2021-03-22 03:41:27,340] {logging_mixin.py:104} INFO - [2021-03-22 03:41:27,340] {dag.py:2273} INFO - Setting next_dagrun for example_bash_operator to 2021-03-20 00:00:00+00:00
[2021-03-22 03:41:27,346] {scheduler_job.py:190} INFO - Processing /Users/akshaybhoge/PycharmProjects/venvEdgar/lib/python3.7/site-packages/airflow/example_dags/example_bash_operator.py took 0.077 seconds
[2021-03-22 03:41:57,604] {scheduler_job.py:182} INFO - Started process (PID=30028) to work on /Users/akshaybhoge/PycharmProjects/venvEdgar/lib/python3.7/site-packages/airflow/example_dags/example_bash_operator.py
[2021-03-22 03:41:57,606] {scheduler_job.py:629} INFO - Processing file /Users/akshaybhoge/PycharmProjects/venvEdgar/lib/python3.7/site-packages/airflow/example_dags/example_bash_operator.py for tasks to queue
[2021-03-22 03:41:57,607] {logging_mixin.py:104} INFO - [2021-03-22 03:41:57,607] {dagbag.py:448} INFO - Filling up the DagBag from /Users/akshaybhoge/PycharmProjects/venvEdgar/lib/python3.7/site-packages/airflow/example_dags/example_bash_operator.py
[2021-03-22 03:41:57,616] {scheduler_job.py:639} INFO - DAG(s) dict_keys(['example_bash_operator']) retrieved from /Users/akshaybhoge/PycharmProjects/venvEdgar/lib/python3.7/site-packages/airflow/example_dags/example_bash_operator.py
[2021-03-22 03:41:57,630] {logging_mixin.py:104} INFO - [2021-03-22 03:41:57,630] {dag.py:1818} INFO - Sync 1 DAGs
[2021-03-22 03:41:57,648] {logging_mixin.py:104} INFO - [2021-03-22 03:41:57,647] {dag.py:2273} INFO - Setting next_dagrun for example_bash_operator to 2021-03-20 00:00:00+00:00
[2021-03-22 03:41:57,653] {scheduler_job.py:190} INFO - Processing /Users/akshaybhoge/PycharmProjects/venvEdgar/lib/python3.7/site-packages/airflow/example_dags/example_bash_operator.py took 0.052 seconds
[2021-03-22 03:42:28,483] {scheduler_job.py:182} INFO - Started process (PID=30065) to work on /Users/akshaybhoge/PycharmProjects/venvEdgar/lib/python3.7/site-packages/airflow/example_dags/example_bash_operator.py
[2021-03-22 03:42:28,485] {scheduler_job.py:629} INFO - Processing file /Users/akshaybhoge/PycharmProjects/venvEdgar/lib/python3.7/site-packages/airflow/example_dags/example_bash_operator.py for tasks to queue
[2021-03-22 03:42:28,486] {logging_mixin.py:104} INFO - [2021-03-22 03:42:28,486] {dagbag.py:448} INFO - Filling up the DagBag from /Users/akshaybhoge/PycharmProjects/venvEdgar/lib/python3.7/site-packages/airflow/example_dags/example_bash_operator.py
[2021-03-22 03:42:28,494] {scheduler_job.py:639} INFO - DAG(s) dict_keys(['example_bash_operator']) retrieved from /Users/akshaybhoge/PycharmProjects/venvEdgar/lib/python3.7/site-packages/airflow/example_dags/example_bash_operator.py
[2021-03-22 03:42:28,508] {logging_mixin.py:104} INFO - [2021-03-22 03:42:28,507] {dag.py:1818} INFO - Sync 1 DAGs
[2021-03-22 03:42:28,525] {logging_mixin.py:104} INFO - [2021-03-22 03:42:28,524] {dag.py:2273} INFO - Setting next_dagrun for example_bash_operator to 2021-03-20 00:00:00+00:00
[2021-03-22 03:42:28,530] {scheduler_job.py:190} INFO - Processing /Users/akshaybhoge/PycharmProjects/venvEdgar/lib/python3.7/site-packages/airflow/example_dags/example_bash_operator.py took 0.050 seconds
[2021-03-22 03:43:01,492] {scheduler_job.py:182} INFO - Started process (PID=30106) to work on /Users/akshaybhoge/PycharmProjects/venvEdgar/lib/python3.7/site-packages/airflow/example_dags/example_bash_operator.py
[2021-03-22 03:43:01,493] {scheduler_job.py:629} INFO - Processing file /Users/akshaybhoge/PycharmProjects/venvEdgar/lib/python3.7/site-packages/airflow/example_dags/example_bash_operator.py for tasks to queue
[2021-03-22 03:43:01,495] {logging_mixin.py:104} INFO - [2021-03-22 03:43:01,494] {dagbag.py:448} INFO - Filling up the DagBag from /Users/akshaybhoge/PycharmProjects/venvEdgar/lib/python3.7/site-packages/airflow/example_dags/example_bash_operator.py
[2021-03-22 03:43:01,504] {scheduler_job.py:639} INFO - DAG(s) dict_keys(['example_bash_operator']) retrieved from /Users/akshaybhoge/PycharmProjects/venvEdgar/lib/python3.7/site-packages/airflow/example_dags/example_bash_operator.py
[2021-03-22 03:43:01,517] {logging_mixin.py:104} INFO - [2021-03-22 03:43:01,517] {dag.py:1818} INFO - Sync 1 DAGs
[2021-03-22 03:43:01,534] {logging_mixin.py:104} INFO - [2021-03-22 03:43:01,534] {dag.py:2273} INFO - Setting next_dagrun for example_bash_operator to 2021-03-20 00:00:00+00:00
[2021-03-22 03:43:01,540] {scheduler_job.py:190} INFO - Processing /Users/akshaybhoge/PycharmProjects/venvEdgar/lib/python3.7/site-packages/airflow/example_dags/example_bash_operator.py took 0.051 seconds
[2021-03-22 03:43:58,326] {scheduler_job.py:182} INFO - Started process (PID=30154) to work on /Users/akshaybhoge/PycharmProjects/venvEdgar/lib/python3.7/site-packages/airflow/example_dags/example_bash_operator.py
[2021-03-22 03:43:58,328] {scheduler_job.py:629} INFO - Processing file /Users/akshaybhoge/PycharmProjects/venvEdgar/lib/python3.7/site-packages/airflow/example_dags/example_bash_operator.py for tasks to queue
[2021-03-22 03:43:58,330] {logging_mixin.py:104} INFO - [2021-03-22 03:43:58,329] {dagbag.py:448} INFO - Filling up the DagBag from /Users/akshaybhoge/PycharmProjects/venvEdgar/lib/python3.7/site-packages/airflow/example_dags/example_bash_operator.py
[2021-03-22 03:43:58,340] {scheduler_job.py:639} INFO - DAG(s) dict_keys(['example_bash_operator']) retrieved from /Users/akshaybhoge/PycharmProjects/venvEdgar/lib/python3.7/site-packages/airflow/example_dags/example_bash_operator.py
[2021-03-22 03:43:58,355] {logging_mixin.py:104} INFO - [2021-03-22 03:43:58,355] {dag.py:1818} INFO - Sync 1 DAGs
[2021-03-22 03:43:58,375] {logging_mixin.py:104} INFO - [2021-03-22 03:43:58,375] {dag.py:2273} INFO - Setting next_dagrun for example_bash_operator to 2021-03-20 00:00:00+00:00
[2021-03-22 03:43:58,382] {scheduler_job.py:190} INFO - Processing /Users/akshaybhoge/PycharmProjects/venvEdgar/lib/python3.7/site-packages/airflow/example_dags/example_bash_operator.py took 0.059 seconds
[2021-03-22 03:44:58,556] {scheduler_job.py:182} INFO - Started process (PID=30200) to work on /Users/akshaybhoge/PycharmProjects/venvEdgar/lib/python3.7/site-packages/airflow/example_dags/example_bash_operator.py
[2021-03-22 03:44:58,558] {scheduler_job.py:629} INFO - Processing file /Users/akshaybhoge/PycharmProjects/venvEdgar/lib/python3.7/site-packages/airflow/example_dags/example_bash_operator.py for tasks to queue
[2021-03-22 03:44:58,560] {logging_mixin.py:104} INFO - [2021-03-22 03:44:58,559] {dagbag.py:448} INFO - Filling up the DagBag from /Users/akshaybhoge/PycharmProjects/venvEdgar/lib/python3.7/site-packages/airflow/example_dags/example_bash_operator.py
[2021-03-22 03:44:58,571] {scheduler_job.py:639} INFO - DAG(s) dict_keys(['example_bash_operator']) retrieved from /Users/akshaybhoge/PycharmProjects/venvEdgar/lib/python3.7/site-packages/airflow/example_dags/example_bash_operator.py
[2021-03-22 03:44:58,587] {logging_mixin.py:104} INFO - [2021-03-22 03:44:58,586] {dag.py:1818} INFO - Sync 1 DAGs
[2021-03-22 03:44:58,606] {logging_mixin.py:104} INFO - [2021-03-22 03:44:58,605] {dag.py:2273} INFO - Setting next_dagrun for example_bash_operator to 2021-03-20 00:00:00+00:00
[2021-03-22 03:44:58,613] {scheduler_job.py:190} INFO - Processing /Users/akshaybhoge/PycharmProjects/venvEdgar/lib/python3.7/site-packages/airflow/example_dags/example_bash_operator.py took 0.060 seconds
