[2021-03-22 02:54:59,756] {scheduler_job.py:182} INFO - Started process (PID=26835) to work on /Users/akshaybhoge/PycharmProjects/venvEdgar/lib/python3.7/site-packages/airflow/example_dags/example_short_circuit_operator.py
[2021-03-22 02:54:59,757] {scheduler_job.py:629} INFO - Processing file /Users/akshaybhoge/PycharmProjects/venvEdgar/lib/python3.7/site-packages/airflow/example_dags/example_short_circuit_operator.py for tasks to queue
[2021-03-22 02:54:59,759] {logging_mixin.py:104} INFO - [2021-03-22 02:54:59,758] {dagbag.py:448} INFO - Filling up the DagBag from /Users/akshaybhoge/PycharmProjects/venvEdgar/lib/python3.7/site-packages/airflow/example_dags/example_short_circuit_operator.py
[2021-03-22 02:54:59,779] {scheduler_job.py:639} INFO - DAG(s) dict_keys(['example_short_circuit_operator']) retrieved from /Users/akshaybhoge/PycharmProjects/venvEdgar/lib/python3.7/site-packages/airflow/example_dags/example_short_circuit_operator.py
[2021-03-22 02:54:59,796] {logging_mixin.py:104} INFO - [2021-03-22 02:54:59,795] {dag.py:1818} INFO - Sync 1 DAGs
[2021-03-22 02:54:59,808] {logging_mixin.py:104} INFO - [2021-03-22 02:54:59,807] {dag.py:2273} INFO - Setting next_dagrun for example_short_circuit_operator to 2021-03-20 00:00:00+00:00
[2021-03-22 02:54:59,816] {scheduler_job.py:190} INFO - Processing /Users/akshaybhoge/PycharmProjects/venvEdgar/lib/python3.7/site-packages/airflow/example_dags/example_short_circuit_operator.py took 0.064 seconds
[2021-03-22 02:55:33,220] {scheduler_job.py:182} INFO - Started process (PID=26913) to work on /Users/akshaybhoge/PycharmProjects/venvEdgar/lib/python3.7/site-packages/airflow/example_dags/example_short_circuit_operator.py
[2021-03-22 02:55:33,222] {scheduler_job.py:629} INFO - Processing file /Users/akshaybhoge/PycharmProjects/venvEdgar/lib/python3.7/site-packages/airflow/example_dags/example_short_circuit_operator.py for tasks to queue
[2021-03-22 02:55:33,223] {logging_mixin.py:104} INFO - [2021-03-22 02:55:33,223] {dagbag.py:448} INFO - Filling up the DagBag from /Users/akshaybhoge/PycharmProjects/venvEdgar/lib/python3.7/site-packages/airflow/example_dags/example_short_circuit_operator.py
[2021-03-22 02:55:33,236] {scheduler_job.py:639} INFO - DAG(s) dict_keys(['example_short_circuit_operator']) retrieved from /Users/akshaybhoge/PycharmProjects/venvEdgar/lib/python3.7/site-packages/airflow/example_dags/example_short_circuit_operator.py
[2021-03-22 02:55:33,249] {logging_mixin.py:104} INFO - [2021-03-22 02:55:33,249] {dag.py:1818} INFO - Sync 1 DAGs
[2021-03-22 02:55:33,259] {logging_mixin.py:104} INFO - [2021-03-22 02:55:33,259] {dag.py:2273} INFO - Setting next_dagrun for example_short_circuit_operator to 2021-03-20 00:00:00+00:00
[2021-03-22 02:55:33,265] {scheduler_job.py:190} INFO - Processing /Users/akshaybhoge/PycharmProjects/venvEdgar/lib/python3.7/site-packages/airflow/example_dags/example_short_circuit_operator.py took 0.048 seconds
[2021-03-22 02:56:05,785] {scheduler_job.py:182} INFO - Started process (PID=27008) to work on /Users/akshaybhoge/PycharmProjects/venvEdgar/lib/python3.7/site-packages/airflow/example_dags/example_short_circuit_operator.py
[2021-03-22 02:56:05,787] {scheduler_job.py:629} INFO - Processing file /Users/akshaybhoge/PycharmProjects/venvEdgar/lib/python3.7/site-packages/airflow/example_dags/example_short_circuit_operator.py for tasks to queue
[2021-03-22 02:56:05,789] {logging_mixin.py:104} INFO - [2021-03-22 02:56:05,788] {dagbag.py:448} INFO - Filling up the DagBag from /Users/akshaybhoge/PycharmProjects/venvEdgar/lib/python3.7/site-packages/airflow/example_dags/example_short_circuit_operator.py
[2021-03-22 02:56:05,807] {scheduler_job.py:639} INFO - DAG(s) dict_keys(['example_short_circuit_operator']) retrieved from /Users/akshaybhoge/PycharmProjects/venvEdgar/lib/python3.7/site-packages/airflow/example_dags/example_short_circuit_operator.py
[2021-03-22 02:56:05,825] {logging_mixin.py:104} INFO - [2021-03-22 02:56:05,824] {dag.py:1818} INFO - Sync 1 DAGs
[2021-03-22 02:56:05,838] {logging_mixin.py:104} INFO - [2021-03-22 02:56:05,837] {dag.py:2273} INFO - Setting next_dagrun for example_short_circuit_operator to 2021-03-20 00:00:00+00:00
[2021-03-22 02:56:05,847] {scheduler_job.py:190} INFO - Processing /Users/akshaybhoge/PycharmProjects/venvEdgar/lib/python3.7/site-packages/airflow/example_dags/example_short_circuit_operator.py took 0.066 seconds
[2021-03-22 02:56:38,300] {scheduler_job.py:182} INFO - Started process (PID=27089) to work on /Users/akshaybhoge/PycharmProjects/venvEdgar/lib/python3.7/site-packages/airflow/example_dags/example_short_circuit_operator.py
[2021-03-22 02:56:38,302] {scheduler_job.py:629} INFO - Processing file /Users/akshaybhoge/PycharmProjects/venvEdgar/lib/python3.7/site-packages/airflow/example_dags/example_short_circuit_operator.py for tasks to queue
[2021-03-22 02:56:38,304] {logging_mixin.py:104} INFO - [2021-03-22 02:56:38,304] {dagbag.py:448} INFO - Filling up the DagBag from /Users/akshaybhoge/PycharmProjects/venvEdgar/lib/python3.7/site-packages/airflow/example_dags/example_short_circuit_operator.py
[2021-03-22 02:56:38,329] {scheduler_job.py:639} INFO - DAG(s) dict_keys(['example_short_circuit_operator']) retrieved from /Users/akshaybhoge/PycharmProjects/venvEdgar/lib/python3.7/site-packages/airflow/example_dags/example_short_circuit_operator.py
[2021-03-22 02:56:38,357] {logging_mixin.py:104} INFO - [2021-03-22 02:56:38,356] {dag.py:1818} INFO - Sync 1 DAGs
[2021-03-22 02:56:38,375] {logging_mixin.py:104} INFO - [2021-03-22 02:56:38,375] {dag.py:2273} INFO - Setting next_dagrun for example_short_circuit_operator to 2021-03-20 00:00:00+00:00
[2021-03-22 02:56:38,394] {scheduler_job.py:190} INFO - Processing /Users/akshaybhoge/PycharmProjects/venvEdgar/lib/python3.7/site-packages/airflow/example_dags/example_short_circuit_operator.py took 0.100 seconds
[2021-03-22 02:57:11,243] {scheduler_job.py:182} INFO - Started process (PID=27159) to work on /Users/akshaybhoge/PycharmProjects/venvEdgar/lib/python3.7/site-packages/airflow/example_dags/example_short_circuit_operator.py
[2021-03-22 02:57:11,247] {scheduler_job.py:629} INFO - Processing file /Users/akshaybhoge/PycharmProjects/venvEdgar/lib/python3.7/site-packages/airflow/example_dags/example_short_circuit_operator.py for tasks to queue
[2021-03-22 02:57:11,249] {logging_mixin.py:104} INFO - [2021-03-22 02:57:11,249] {dagbag.py:448} INFO - Filling up the DagBag from /Users/akshaybhoge/PycharmProjects/venvEdgar/lib/python3.7/site-packages/airflow/example_dags/example_short_circuit_operator.py
[2021-03-22 02:57:11,278] {scheduler_job.py:639} INFO - DAG(s) dict_keys(['example_short_circuit_operator']) retrieved from /Users/akshaybhoge/PycharmProjects/venvEdgar/lib/python3.7/site-packages/airflow/example_dags/example_short_circuit_operator.py
[2021-03-22 02:57:11,306] {logging_mixin.py:104} INFO - [2021-03-22 02:57:11,305] {dag.py:1818} INFO - Sync 1 DAGs
[2021-03-22 02:57:11,325] {logging_mixin.py:104} INFO - [2021-03-22 02:57:11,324] {dag.py:2273} INFO - Setting next_dagrun for example_short_circuit_operator to 2021-03-20 00:00:00+00:00
[2021-03-22 02:57:11,337] {scheduler_job.py:190} INFO - Processing /Users/akshaybhoge/PycharmProjects/venvEdgar/lib/python3.7/site-packages/airflow/example_dags/example_short_circuit_operator.py took 0.102 seconds
[2021-03-22 02:57:44,712] {scheduler_job.py:182} INFO - Started process (PID=27225) to work on /Users/akshaybhoge/PycharmProjects/venvEdgar/lib/python3.7/site-packages/airflow/example_dags/example_short_circuit_operator.py
[2021-03-22 02:57:44,715] {scheduler_job.py:629} INFO - Processing file /Users/akshaybhoge/PycharmProjects/venvEdgar/lib/python3.7/site-packages/airflow/example_dags/example_short_circuit_operator.py for tasks to queue
[2021-03-22 02:57:44,717] {logging_mixin.py:104} INFO - [2021-03-22 02:57:44,716] {dagbag.py:448} INFO - Filling up the DagBag from /Users/akshaybhoge/PycharmProjects/venvEdgar/lib/python3.7/site-packages/airflow/example_dags/example_short_circuit_operator.py
[2021-03-22 02:57:44,741] {scheduler_job.py:639} INFO - DAG(s) dict_keys(['example_short_circuit_operator']) retrieved from /Users/akshaybhoge/PycharmProjects/venvEdgar/lib/python3.7/site-packages/airflow/example_dags/example_short_circuit_operator.py
[2021-03-22 02:57:44,764] {logging_mixin.py:104} INFO - [2021-03-22 02:57:44,763] {dag.py:1818} INFO - Sync 1 DAGs
[2021-03-22 02:57:44,781] {logging_mixin.py:104} INFO - [2021-03-22 02:57:44,781] {dag.py:2273} INFO - Setting next_dagrun for example_short_circuit_operator to 2021-03-20 00:00:00+00:00
[2021-03-22 02:57:44,793] {scheduler_job.py:190} INFO - Processing /Users/akshaybhoge/PycharmProjects/venvEdgar/lib/python3.7/site-packages/airflow/example_dags/example_short_circuit_operator.py took 0.086 seconds
[2021-03-22 02:58:33,785] {scheduler_job.py:182} INFO - Started process (PID=27315) to work on /Users/akshaybhoge/PycharmProjects/venvEdgar/lib/python3.7/site-packages/airflow/example_dags/example_short_circuit_operator.py
[2021-03-22 02:58:33,788] {scheduler_job.py:629} INFO - Processing file /Users/akshaybhoge/PycharmProjects/venvEdgar/lib/python3.7/site-packages/airflow/example_dags/example_short_circuit_operator.py for tasks to queue
[2021-03-22 02:58:33,789] {logging_mixin.py:104} INFO - [2021-03-22 02:58:33,788] {dagbag.py:448} INFO - Filling up the DagBag from /Users/akshaybhoge/PycharmProjects/venvEdgar/lib/python3.7/site-packages/airflow/example_dags/example_short_circuit_operator.py
[2021-03-22 02:58:33,802] {scheduler_job.py:639} INFO - DAG(s) dict_keys(['example_short_circuit_operator']) retrieved from /Users/akshaybhoge/PycharmProjects/venvEdgar/lib/python3.7/site-packages/airflow/example_dags/example_short_circuit_operator.py
[2021-03-22 02:58:33,815] {logging_mixin.py:104} INFO - [2021-03-22 02:58:33,815] {dag.py:1818} INFO - Sync 1 DAGs
[2021-03-22 02:58:33,825] {logging_mixin.py:104} INFO - [2021-03-22 02:58:33,825] {dag.py:2273} INFO - Setting next_dagrun for example_short_circuit_operator to 2021-03-20 00:00:00+00:00
[2021-03-22 02:58:33,832] {scheduler_job.py:190} INFO - Processing /Users/akshaybhoge/PycharmProjects/venvEdgar/lib/python3.7/site-packages/airflow/example_dags/example_short_circuit_operator.py took 0.051 seconds
[2021-03-22 02:59:06,990] {scheduler_job.py:182} INFO - Started process (PID=27386) to work on /Users/akshaybhoge/PycharmProjects/venvEdgar/lib/python3.7/site-packages/airflow/example_dags/example_short_circuit_operator.py
[2021-03-22 02:59:06,991] {scheduler_job.py:629} INFO - Processing file /Users/akshaybhoge/PycharmProjects/venvEdgar/lib/python3.7/site-packages/airflow/example_dags/example_short_circuit_operator.py for tasks to queue
[2021-03-22 02:59:06,993] {logging_mixin.py:104} INFO - [2021-03-22 02:59:06,992] {dagbag.py:448} INFO - Filling up the DagBag from /Users/akshaybhoge/PycharmProjects/venvEdgar/lib/python3.7/site-packages/airflow/example_dags/example_short_circuit_operator.py
[2021-03-22 02:59:07,005] {scheduler_job.py:639} INFO - DAG(s) dict_keys(['example_short_circuit_operator']) retrieved from /Users/akshaybhoge/PycharmProjects/venvEdgar/lib/python3.7/site-packages/airflow/example_dags/example_short_circuit_operator.py
[2021-03-22 02:59:07,017] {logging_mixin.py:104} INFO - [2021-03-22 02:59:07,017] {dag.py:1818} INFO - Sync 1 DAGs
[2021-03-22 02:59:07,026] {logging_mixin.py:104} INFO - [2021-03-22 02:59:07,026] {dag.py:2273} INFO - Setting next_dagrun for example_short_circuit_operator to 2021-03-20 00:00:00+00:00
[2021-03-22 02:59:07,032] {scheduler_job.py:190} INFO - Processing /Users/akshaybhoge/PycharmProjects/venvEdgar/lib/python3.7/site-packages/airflow/example_dags/example_short_circuit_operator.py took 0.046 seconds
[2021-03-22 02:59:39,087] {scheduler_job.py:182} INFO - Started process (PID=27450) to work on /Users/akshaybhoge/PycharmProjects/venvEdgar/lib/python3.7/site-packages/airflow/example_dags/example_short_circuit_operator.py
[2021-03-22 02:59:39,089] {scheduler_job.py:629} INFO - Processing file /Users/akshaybhoge/PycharmProjects/venvEdgar/lib/python3.7/site-packages/airflow/example_dags/example_short_circuit_operator.py for tasks to queue
[2021-03-22 02:59:39,090] {logging_mixin.py:104} INFO - [2021-03-22 02:59:39,089] {dagbag.py:448} INFO - Filling up the DagBag from /Users/akshaybhoge/PycharmProjects/venvEdgar/lib/python3.7/site-packages/airflow/example_dags/example_short_circuit_operator.py
[2021-03-22 02:59:39,102] {scheduler_job.py:639} INFO - DAG(s) dict_keys(['example_short_circuit_operator']) retrieved from /Users/akshaybhoge/PycharmProjects/venvEdgar/lib/python3.7/site-packages/airflow/example_dags/example_short_circuit_operator.py
[2021-03-22 02:59:39,115] {logging_mixin.py:104} INFO - [2021-03-22 02:59:39,114] {dag.py:1818} INFO - Sync 1 DAGs
[2021-03-22 02:59:39,124] {logging_mixin.py:104} INFO - [2021-03-22 02:59:39,124] {dag.py:2273} INFO - Setting next_dagrun for example_short_circuit_operator to 2021-03-20 00:00:00+00:00
[2021-03-22 02:59:39,131] {scheduler_job.py:190} INFO - Processing /Users/akshaybhoge/PycharmProjects/venvEdgar/lib/python3.7/site-packages/airflow/example_dags/example_short_circuit_operator.py took 0.047 seconds
[2021-03-22 03:00:11,287] {scheduler_job.py:182} INFO - Started process (PID=27501) to work on /Users/akshaybhoge/PycharmProjects/venvEdgar/lib/python3.7/site-packages/airflow/example_dags/example_short_circuit_operator.py
[2021-03-22 03:00:11,289] {scheduler_job.py:629} INFO - Processing file /Users/akshaybhoge/PycharmProjects/venvEdgar/lib/python3.7/site-packages/airflow/example_dags/example_short_circuit_operator.py for tasks to queue
[2021-03-22 03:00:11,290] {logging_mixin.py:104} INFO - [2021-03-22 03:00:11,290] {dagbag.py:448} INFO - Filling up the DagBag from /Users/akshaybhoge/PycharmProjects/venvEdgar/lib/python3.7/site-packages/airflow/example_dags/example_short_circuit_operator.py
[2021-03-22 03:00:11,302] {scheduler_job.py:639} INFO - DAG(s) dict_keys(['example_short_circuit_operator']) retrieved from /Users/akshaybhoge/PycharmProjects/venvEdgar/lib/python3.7/site-packages/airflow/example_dags/example_short_circuit_operator.py
[2021-03-22 03:00:11,315] {logging_mixin.py:104} INFO - [2021-03-22 03:00:11,314] {dag.py:1818} INFO - Sync 1 DAGs
[2021-03-22 03:00:11,324] {logging_mixin.py:104} INFO - [2021-03-22 03:00:11,324] {dag.py:2273} INFO - Setting next_dagrun for example_short_circuit_operator to 2021-03-20 00:00:00+00:00
[2021-03-22 03:00:11,330] {scheduler_job.py:190} INFO - Processing /Users/akshaybhoge/PycharmProjects/venvEdgar/lib/python3.7/site-packages/airflow/example_dags/example_short_circuit_operator.py took 0.046 seconds
[2021-03-22 03:00:43,498] {scheduler_job.py:182} INFO - Started process (PID=27562) to work on /Users/akshaybhoge/PycharmProjects/venvEdgar/lib/python3.7/site-packages/airflow/example_dags/example_short_circuit_operator.py
[2021-03-22 03:00:43,500] {scheduler_job.py:629} INFO - Processing file /Users/akshaybhoge/PycharmProjects/venvEdgar/lib/python3.7/site-packages/airflow/example_dags/example_short_circuit_operator.py for tasks to queue
[2021-03-22 03:00:43,501] {logging_mixin.py:104} INFO - [2021-03-22 03:00:43,501] {dagbag.py:448} INFO - Filling up the DagBag from /Users/akshaybhoge/PycharmProjects/venvEdgar/lib/python3.7/site-packages/airflow/example_dags/example_short_circuit_operator.py
[2021-03-22 03:00:43,515] {scheduler_job.py:639} INFO - DAG(s) dict_keys(['example_short_circuit_operator']) retrieved from /Users/akshaybhoge/PycharmProjects/venvEdgar/lib/python3.7/site-packages/airflow/example_dags/example_short_circuit_operator.py
[2021-03-22 03:00:43,528] {logging_mixin.py:104} INFO - [2021-03-22 03:00:43,527] {dag.py:1818} INFO - Sync 1 DAGs
[2021-03-22 03:00:43,537] {logging_mixin.py:104} INFO - [2021-03-22 03:00:43,537] {dag.py:2273} INFO - Setting next_dagrun for example_short_circuit_operator to 2021-03-20 00:00:00+00:00
[2021-03-22 03:00:43,543] {scheduler_job.py:190} INFO - Processing /Users/akshaybhoge/PycharmProjects/venvEdgar/lib/python3.7/site-packages/airflow/example_dags/example_short_circuit_operator.py took 0.049 seconds
[2021-03-22 03:01:15,608] {scheduler_job.py:182} INFO - Started process (PID=27606) to work on /Users/akshaybhoge/PycharmProjects/venvEdgar/lib/python3.7/site-packages/airflow/example_dags/example_short_circuit_operator.py
[2021-03-22 03:01:15,609] {scheduler_job.py:629} INFO - Processing file /Users/akshaybhoge/PycharmProjects/venvEdgar/lib/python3.7/site-packages/airflow/example_dags/example_short_circuit_operator.py for tasks to queue
[2021-03-22 03:01:15,611] {logging_mixin.py:104} INFO - [2021-03-22 03:01:15,610] {dagbag.py:448} INFO - Filling up the DagBag from /Users/akshaybhoge/PycharmProjects/venvEdgar/lib/python3.7/site-packages/airflow/example_dags/example_short_circuit_operator.py
[2021-03-22 03:01:15,624] {scheduler_job.py:639} INFO - DAG(s) dict_keys(['example_short_circuit_operator']) retrieved from /Users/akshaybhoge/PycharmProjects/venvEdgar/lib/python3.7/site-packages/airflow/example_dags/example_short_circuit_operator.py
[2021-03-22 03:01:15,637] {logging_mixin.py:104} INFO - [2021-03-22 03:01:15,636] {dag.py:1818} INFO - Sync 1 DAGs
[2021-03-22 03:01:15,646] {logging_mixin.py:104} INFO - [2021-03-22 03:01:15,646] {dag.py:2273} INFO - Setting next_dagrun for example_short_circuit_operator to 2021-03-20 00:00:00+00:00
[2021-03-22 03:01:15,652] {scheduler_job.py:190} INFO - Processing /Users/akshaybhoge/PycharmProjects/venvEdgar/lib/python3.7/site-packages/airflow/example_dags/example_short_circuit_operator.py took 0.047 seconds
[2021-03-22 03:01:47,712] {scheduler_job.py:182} INFO - Started process (PID=27636) to work on /Users/akshaybhoge/PycharmProjects/venvEdgar/lib/python3.7/site-packages/airflow/example_dags/example_short_circuit_operator.py
[2021-03-22 03:01:47,714] {scheduler_job.py:629} INFO - Processing file /Users/akshaybhoge/PycharmProjects/venvEdgar/lib/python3.7/site-packages/airflow/example_dags/example_short_circuit_operator.py for tasks to queue
[2021-03-22 03:01:47,715] {logging_mixin.py:104} INFO - [2021-03-22 03:01:47,715] {dagbag.py:448} INFO - Filling up the DagBag from /Users/akshaybhoge/PycharmProjects/venvEdgar/lib/python3.7/site-packages/airflow/example_dags/example_short_circuit_operator.py
[2021-03-22 03:01:47,728] {scheduler_job.py:639} INFO - DAG(s) dict_keys(['example_short_circuit_operator']) retrieved from /Users/akshaybhoge/PycharmProjects/venvEdgar/lib/python3.7/site-packages/airflow/example_dags/example_short_circuit_operator.py
[2021-03-22 03:01:47,741] {logging_mixin.py:104} INFO - [2021-03-22 03:01:47,741] {dag.py:1818} INFO - Sync 1 DAGs
[2021-03-22 03:01:47,751] {logging_mixin.py:104} INFO - [2021-03-22 03:01:47,751] {dag.py:2273} INFO - Setting next_dagrun for example_short_circuit_operator to 2021-03-20 00:00:00+00:00
[2021-03-22 03:01:47,757] {scheduler_job.py:190} INFO - Processing /Users/akshaybhoge/PycharmProjects/venvEdgar/lib/python3.7/site-packages/airflow/example_dags/example_short_circuit_operator.py took 0.049 seconds
[2021-03-22 03:02:19,713] {scheduler_job.py:182} INFO - Started process (PID=27667) to work on /Users/akshaybhoge/PycharmProjects/venvEdgar/lib/python3.7/site-packages/airflow/example_dags/example_short_circuit_operator.py
[2021-03-22 03:02:19,715] {scheduler_job.py:629} INFO - Processing file /Users/akshaybhoge/PycharmProjects/venvEdgar/lib/python3.7/site-packages/airflow/example_dags/example_short_circuit_operator.py for tasks to queue
[2021-03-22 03:02:19,716] {logging_mixin.py:104} INFO - [2021-03-22 03:02:19,716] {dagbag.py:448} INFO - Filling up the DagBag from /Users/akshaybhoge/PycharmProjects/venvEdgar/lib/python3.7/site-packages/airflow/example_dags/example_short_circuit_operator.py
[2021-03-22 03:02:19,731] {scheduler_job.py:639} INFO - DAG(s) dict_keys(['example_short_circuit_operator']) retrieved from /Users/akshaybhoge/PycharmProjects/venvEdgar/lib/python3.7/site-packages/airflow/example_dags/example_short_circuit_operator.py
[2021-03-22 03:02:19,745] {logging_mixin.py:104} INFO - [2021-03-22 03:02:19,745] {dag.py:1818} INFO - Sync 1 DAGs
[2021-03-22 03:02:19,755] {logging_mixin.py:104} INFO - [2021-03-22 03:02:19,754] {dag.py:2273} INFO - Setting next_dagrun for example_short_circuit_operator to 2021-03-20 00:00:00+00:00
[2021-03-22 03:02:19,760] {scheduler_job.py:190} INFO - Processing /Users/akshaybhoge/PycharmProjects/venvEdgar/lib/python3.7/site-packages/airflow/example_dags/example_short_circuit_operator.py took 0.051 seconds
[2021-03-22 03:02:51,857] {scheduler_job.py:182} INFO - Started process (PID=27698) to work on /Users/akshaybhoge/PycharmProjects/venvEdgar/lib/python3.7/site-packages/airflow/example_dags/example_short_circuit_operator.py
[2021-03-22 03:02:51,858] {scheduler_job.py:629} INFO - Processing file /Users/akshaybhoge/PycharmProjects/venvEdgar/lib/python3.7/site-packages/airflow/example_dags/example_short_circuit_operator.py for tasks to queue
[2021-03-22 03:02:51,859] {logging_mixin.py:104} INFO - [2021-03-22 03:02:51,859] {dagbag.py:448} INFO - Filling up the DagBag from /Users/akshaybhoge/PycharmProjects/venvEdgar/lib/python3.7/site-packages/airflow/example_dags/example_short_circuit_operator.py
[2021-03-22 03:02:51,872] {scheduler_job.py:639} INFO - DAG(s) dict_keys(['example_short_circuit_operator']) retrieved from /Users/akshaybhoge/PycharmProjects/venvEdgar/lib/python3.7/site-packages/airflow/example_dags/example_short_circuit_operator.py
[2021-03-22 03:02:51,885] {logging_mixin.py:104} INFO - [2021-03-22 03:02:51,885] {dag.py:1818} INFO - Sync 1 DAGs
[2021-03-22 03:02:51,895] {logging_mixin.py:104} INFO - [2021-03-22 03:02:51,894] {dag.py:2273} INFO - Setting next_dagrun for example_short_circuit_operator to 2021-03-20 00:00:00+00:00
[2021-03-22 03:02:51,901] {scheduler_job.py:190} INFO - Processing /Users/akshaybhoge/PycharmProjects/venvEdgar/lib/python3.7/site-packages/airflow/example_dags/example_short_circuit_operator.py took 0.048 seconds
[2021-03-22 03:03:23,981] {scheduler_job.py:182} INFO - Started process (PID=27745) to work on /Users/akshaybhoge/PycharmProjects/venvEdgar/lib/python3.7/site-packages/airflow/example_dags/example_short_circuit_operator.py
[2021-03-22 03:03:23,982] {scheduler_job.py:629} INFO - Processing file /Users/akshaybhoge/PycharmProjects/venvEdgar/lib/python3.7/site-packages/airflow/example_dags/example_short_circuit_operator.py for tasks to queue
[2021-03-22 03:03:23,984] {logging_mixin.py:104} INFO - [2021-03-22 03:03:23,983] {dagbag.py:448} INFO - Filling up the DagBag from /Users/akshaybhoge/PycharmProjects/venvEdgar/lib/python3.7/site-packages/airflow/example_dags/example_short_circuit_operator.py
[2021-03-22 03:03:23,997] {scheduler_job.py:639} INFO - DAG(s) dict_keys(['example_short_circuit_operator']) retrieved from /Users/akshaybhoge/PycharmProjects/venvEdgar/lib/python3.7/site-packages/airflow/example_dags/example_short_circuit_operator.py
[2021-03-22 03:03:24,010] {logging_mixin.py:104} INFO - [2021-03-22 03:03:24,010] {dag.py:1818} INFO - Sync 1 DAGs
[2021-03-22 03:03:24,019] {logging_mixin.py:104} INFO - [2021-03-22 03:03:24,018] {dag.py:2273} INFO - Setting next_dagrun for example_short_circuit_operator to 2021-03-20 00:00:00+00:00
[2021-03-22 03:03:24,024] {scheduler_job.py:190} INFO - Processing /Users/akshaybhoge/PycharmProjects/venvEdgar/lib/python3.7/site-packages/airflow/example_dags/example_short_circuit_operator.py took 0.047 seconds
[2021-03-22 03:03:56,090] {scheduler_job.py:182} INFO - Started process (PID=27786) to work on /Users/akshaybhoge/PycharmProjects/venvEdgar/lib/python3.7/site-packages/airflow/example_dags/example_short_circuit_operator.py
[2021-03-22 03:03:56,092] {scheduler_job.py:629} INFO - Processing file /Users/akshaybhoge/PycharmProjects/venvEdgar/lib/python3.7/site-packages/airflow/example_dags/example_short_circuit_operator.py for tasks to queue
[2021-03-22 03:03:56,094] {logging_mixin.py:104} INFO - [2021-03-22 03:03:56,093] {dagbag.py:448} INFO - Filling up the DagBag from /Users/akshaybhoge/PycharmProjects/venvEdgar/lib/python3.7/site-packages/airflow/example_dags/example_short_circuit_operator.py
[2021-03-22 03:03:56,107] {scheduler_job.py:639} INFO - DAG(s) dict_keys(['example_short_circuit_operator']) retrieved from /Users/akshaybhoge/PycharmProjects/venvEdgar/lib/python3.7/site-packages/airflow/example_dags/example_short_circuit_operator.py
[2021-03-22 03:03:56,120] {logging_mixin.py:104} INFO - [2021-03-22 03:03:56,120] {dag.py:1818} INFO - Sync 1 DAGs
[2021-03-22 03:03:56,129] {logging_mixin.py:104} INFO - [2021-03-22 03:03:56,129] {dag.py:2273} INFO - Setting next_dagrun for example_short_circuit_operator to 2021-03-20 00:00:00+00:00
[2021-03-22 03:03:56,135] {scheduler_job.py:190} INFO - Processing /Users/akshaybhoge/PycharmProjects/venvEdgar/lib/python3.7/site-packages/airflow/example_dags/example_short_circuit_operator.py took 0.048 seconds
[2021-03-22 03:04:28,198] {scheduler_job.py:182} INFO - Started process (PID=27824) to work on /Users/akshaybhoge/PycharmProjects/venvEdgar/lib/python3.7/site-packages/airflow/example_dags/example_short_circuit_operator.py
[2021-03-22 03:04:28,200] {scheduler_job.py:629} INFO - Processing file /Users/akshaybhoge/PycharmProjects/venvEdgar/lib/python3.7/site-packages/airflow/example_dags/example_short_circuit_operator.py for tasks to queue
[2021-03-22 03:04:28,201] {logging_mixin.py:104} INFO - [2021-03-22 03:04:28,201] {dagbag.py:448} INFO - Filling up the DagBag from /Users/akshaybhoge/PycharmProjects/venvEdgar/lib/python3.7/site-packages/airflow/example_dags/example_short_circuit_operator.py
[2021-03-22 03:04:28,214] {scheduler_job.py:639} INFO - DAG(s) dict_keys(['example_short_circuit_operator']) retrieved from /Users/akshaybhoge/PycharmProjects/venvEdgar/lib/python3.7/site-packages/airflow/example_dags/example_short_circuit_operator.py
[2021-03-22 03:04:28,228] {logging_mixin.py:104} INFO - [2021-03-22 03:04:28,228] {dag.py:1818} INFO - Sync 1 DAGs
[2021-03-22 03:04:28,237] {logging_mixin.py:104} INFO - [2021-03-22 03:04:28,237] {dag.py:2273} INFO - Setting next_dagrun for example_short_circuit_operator to 2021-03-20 00:00:00+00:00
[2021-03-22 03:04:28,243] {scheduler_job.py:190} INFO - Processing /Users/akshaybhoge/PycharmProjects/venvEdgar/lib/python3.7/site-packages/airflow/example_dags/example_short_circuit_operator.py took 0.049 seconds
[2021-03-22 03:05:00,317] {scheduler_job.py:182} INFO - Started process (PID=27865) to work on /Users/akshaybhoge/PycharmProjects/venvEdgar/lib/python3.7/site-packages/airflow/example_dags/example_short_circuit_operator.py
[2021-03-22 03:05:00,318] {scheduler_job.py:629} INFO - Processing file /Users/akshaybhoge/PycharmProjects/venvEdgar/lib/python3.7/site-packages/airflow/example_dags/example_short_circuit_operator.py for tasks to queue
[2021-03-22 03:05:00,320] {logging_mixin.py:104} INFO - [2021-03-22 03:05:00,320] {dagbag.py:448} INFO - Filling up the DagBag from /Users/akshaybhoge/PycharmProjects/venvEdgar/lib/python3.7/site-packages/airflow/example_dags/example_short_circuit_operator.py
[2021-03-22 03:05:00,333] {scheduler_job.py:639} INFO - DAG(s) dict_keys(['example_short_circuit_operator']) retrieved from /Users/akshaybhoge/PycharmProjects/venvEdgar/lib/python3.7/site-packages/airflow/example_dags/example_short_circuit_operator.py
[2021-03-22 03:05:00,346] {logging_mixin.py:104} INFO - [2021-03-22 03:05:00,346] {dag.py:1818} INFO - Sync 1 DAGs
[2021-03-22 03:05:00,356] {logging_mixin.py:104} INFO - [2021-03-22 03:05:00,356] {dag.py:2273} INFO - Setting next_dagrun for example_short_circuit_operator to 2021-03-20 00:00:00+00:00
[2021-03-22 03:05:00,362] {scheduler_job.py:190} INFO - Processing /Users/akshaybhoge/PycharmProjects/venvEdgar/lib/python3.7/site-packages/airflow/example_dags/example_short_circuit_operator.py took 0.048 seconds
[2021-03-22 03:05:32,444] {scheduler_job.py:182} INFO - Started process (PID=27899) to work on /Users/akshaybhoge/PycharmProjects/venvEdgar/lib/python3.7/site-packages/airflow/example_dags/example_short_circuit_operator.py
[2021-03-22 03:05:32,446] {scheduler_job.py:629} INFO - Processing file /Users/akshaybhoge/PycharmProjects/venvEdgar/lib/python3.7/site-packages/airflow/example_dags/example_short_circuit_operator.py for tasks to queue
[2021-03-22 03:05:32,447] {logging_mixin.py:104} INFO - [2021-03-22 03:05:32,446] {dagbag.py:448} INFO - Filling up the DagBag from /Users/akshaybhoge/PycharmProjects/venvEdgar/lib/python3.7/site-packages/airflow/example_dags/example_short_circuit_operator.py
[2021-03-22 03:05:32,460] {scheduler_job.py:639} INFO - DAG(s) dict_keys(['example_short_circuit_operator']) retrieved from /Users/akshaybhoge/PycharmProjects/venvEdgar/lib/python3.7/site-packages/airflow/example_dags/example_short_circuit_operator.py
[2021-03-22 03:05:32,473] {logging_mixin.py:104} INFO - [2021-03-22 03:05:32,473] {dag.py:1818} INFO - Sync 1 DAGs
[2021-03-22 03:05:32,483] {logging_mixin.py:104} INFO - [2021-03-22 03:05:32,482] {dag.py:2273} INFO - Setting next_dagrun for example_short_circuit_operator to 2021-03-20 00:00:00+00:00
[2021-03-22 03:05:32,489] {scheduler_job.py:190} INFO - Processing /Users/akshaybhoge/PycharmProjects/venvEdgar/lib/python3.7/site-packages/airflow/example_dags/example_short_circuit_operator.py took 0.049 seconds
[2021-03-22 03:06:04,561] {scheduler_job.py:182} INFO - Started process (PID=27937) to work on /Users/akshaybhoge/PycharmProjects/venvEdgar/lib/python3.7/site-packages/airflow/example_dags/example_short_circuit_operator.py
[2021-03-22 03:06:04,562] {scheduler_job.py:629} INFO - Processing file /Users/akshaybhoge/PycharmProjects/venvEdgar/lib/python3.7/site-packages/airflow/example_dags/example_short_circuit_operator.py for tasks to queue
[2021-03-22 03:06:04,564] {logging_mixin.py:104} INFO - [2021-03-22 03:06:04,563] {dagbag.py:448} INFO - Filling up the DagBag from /Users/akshaybhoge/PycharmProjects/venvEdgar/lib/python3.7/site-packages/airflow/example_dags/example_short_circuit_operator.py
[2021-03-22 03:06:04,576] {scheduler_job.py:639} INFO - DAG(s) dict_keys(['example_short_circuit_operator']) retrieved from /Users/akshaybhoge/PycharmProjects/venvEdgar/lib/python3.7/site-packages/airflow/example_dags/example_short_circuit_operator.py
[2021-03-22 03:06:04,590] {logging_mixin.py:104} INFO - [2021-03-22 03:06:04,589] {dag.py:1818} INFO - Sync 1 DAGs
[2021-03-22 03:06:04,600] {logging_mixin.py:104} INFO - [2021-03-22 03:06:04,599] {dag.py:2273} INFO - Setting next_dagrun for example_short_circuit_operator to 2021-03-20 00:00:00+00:00
[2021-03-22 03:06:04,605] {scheduler_job.py:190} INFO - Processing /Users/akshaybhoge/PycharmProjects/venvEdgar/lib/python3.7/site-packages/airflow/example_dags/example_short_circuit_operator.py took 0.048 seconds
[2021-03-22 03:06:36,787] {scheduler_job.py:182} INFO - Started process (PID=27971) to work on /Users/akshaybhoge/PycharmProjects/venvEdgar/lib/python3.7/site-packages/airflow/example_dags/example_short_circuit_operator.py
[2021-03-22 03:06:36,789] {scheduler_job.py:629} INFO - Processing file /Users/akshaybhoge/PycharmProjects/venvEdgar/lib/python3.7/site-packages/airflow/example_dags/example_short_circuit_operator.py for tasks to queue
[2021-03-22 03:06:36,790] {logging_mixin.py:104} INFO - [2021-03-22 03:06:36,790] {dagbag.py:448} INFO - Filling up the DagBag from /Users/akshaybhoge/PycharmProjects/venvEdgar/lib/python3.7/site-packages/airflow/example_dags/example_short_circuit_operator.py
[2021-03-22 03:06:36,805] {scheduler_job.py:639} INFO - DAG(s) dict_keys(['example_short_circuit_operator']) retrieved from /Users/akshaybhoge/PycharmProjects/venvEdgar/lib/python3.7/site-packages/airflow/example_dags/example_short_circuit_operator.py
[2021-03-22 03:06:36,819] {logging_mixin.py:104} INFO - [2021-03-22 03:06:36,818] {dag.py:1818} INFO - Sync 1 DAGs
[2021-03-22 03:06:36,829] {logging_mixin.py:104} INFO - [2021-03-22 03:06:36,828] {dag.py:2273} INFO - Setting next_dagrun for example_short_circuit_operator to 2021-03-20 00:00:00+00:00
[2021-03-22 03:06:36,834] {scheduler_job.py:190} INFO - Processing /Users/akshaybhoge/PycharmProjects/venvEdgar/lib/python3.7/site-packages/airflow/example_dags/example_short_circuit_operator.py took 0.051 seconds
[2021-03-22 03:07:09,029] {scheduler_job.py:182} INFO - Started process (PID=28004) to work on /Users/akshaybhoge/PycharmProjects/venvEdgar/lib/python3.7/site-packages/airflow/example_dags/example_short_circuit_operator.py
[2021-03-22 03:07:09,032] {scheduler_job.py:629} INFO - Processing file /Users/akshaybhoge/PycharmProjects/venvEdgar/lib/python3.7/site-packages/airflow/example_dags/example_short_circuit_operator.py for tasks to queue
[2021-03-22 03:07:09,033] {logging_mixin.py:104} INFO - [2021-03-22 03:07:09,033] {dagbag.py:448} INFO - Filling up the DagBag from /Users/akshaybhoge/PycharmProjects/venvEdgar/lib/python3.7/site-packages/airflow/example_dags/example_short_circuit_operator.py
[2021-03-22 03:07:09,047] {scheduler_job.py:639} INFO - DAG(s) dict_keys(['example_short_circuit_operator']) retrieved from /Users/akshaybhoge/PycharmProjects/venvEdgar/lib/python3.7/site-packages/airflow/example_dags/example_short_circuit_operator.py
[2021-03-22 03:07:09,059] {logging_mixin.py:104} INFO - [2021-03-22 03:07:09,059] {dag.py:1818} INFO - Sync 1 DAGs
[2021-03-22 03:07:09,068] {logging_mixin.py:104} INFO - [2021-03-22 03:07:09,068] {dag.py:2273} INFO - Setting next_dagrun for example_short_circuit_operator to 2021-03-20 00:00:00+00:00
[2021-03-22 03:07:09,074] {scheduler_job.py:190} INFO - Processing /Users/akshaybhoge/PycharmProjects/venvEdgar/lib/python3.7/site-packages/airflow/example_dags/example_short_circuit_operator.py took 0.049 seconds
[2021-03-22 03:07:41,246] {scheduler_job.py:182} INFO - Started process (PID=28038) to work on /Users/akshaybhoge/PycharmProjects/venvEdgar/lib/python3.7/site-packages/airflow/example_dags/example_short_circuit_operator.py
[2021-03-22 03:07:41,247] {scheduler_job.py:629} INFO - Processing file /Users/akshaybhoge/PycharmProjects/venvEdgar/lib/python3.7/site-packages/airflow/example_dags/example_short_circuit_operator.py for tasks to queue
[2021-03-22 03:07:41,249] {logging_mixin.py:104} INFO - [2021-03-22 03:07:41,248] {dagbag.py:448} INFO - Filling up the DagBag from /Users/akshaybhoge/PycharmProjects/venvEdgar/lib/python3.7/site-packages/airflow/example_dags/example_short_circuit_operator.py
[2021-03-22 03:07:41,262] {scheduler_job.py:639} INFO - DAG(s) dict_keys(['example_short_circuit_operator']) retrieved from /Users/akshaybhoge/PycharmProjects/venvEdgar/lib/python3.7/site-packages/airflow/example_dags/example_short_circuit_operator.py
[2021-03-22 03:07:41,275] {logging_mixin.py:104} INFO - [2021-03-22 03:07:41,275] {dag.py:1818} INFO - Sync 1 DAGs
[2021-03-22 03:07:41,284] {logging_mixin.py:104} INFO - [2021-03-22 03:07:41,284] {dag.py:2273} INFO - Setting next_dagrun for example_short_circuit_operator to 2021-03-20 00:00:00+00:00
[2021-03-22 03:07:41,290] {scheduler_job.py:190} INFO - Processing /Users/akshaybhoge/PycharmProjects/venvEdgar/lib/python3.7/site-packages/airflow/example_dags/example_short_circuit_operator.py took 0.047 seconds
[2021-03-22 03:08:13,483] {scheduler_job.py:182} INFO - Started process (PID=28069) to work on /Users/akshaybhoge/PycharmProjects/venvEdgar/lib/python3.7/site-packages/airflow/example_dags/example_short_circuit_operator.py
[2021-03-22 03:08:13,485] {scheduler_job.py:629} INFO - Processing file /Users/akshaybhoge/PycharmProjects/venvEdgar/lib/python3.7/site-packages/airflow/example_dags/example_short_circuit_operator.py for tasks to queue
[2021-03-22 03:08:13,487] {logging_mixin.py:104} INFO - [2021-03-22 03:08:13,486] {dagbag.py:448} INFO - Filling up the DagBag from /Users/akshaybhoge/PycharmProjects/venvEdgar/lib/python3.7/site-packages/airflow/example_dags/example_short_circuit_operator.py
[2021-03-22 03:08:13,500] {scheduler_job.py:639} INFO - DAG(s) dict_keys(['example_short_circuit_operator']) retrieved from /Users/akshaybhoge/PycharmProjects/venvEdgar/lib/python3.7/site-packages/airflow/example_dags/example_short_circuit_operator.py
[2021-03-22 03:08:13,513] {logging_mixin.py:104} INFO - [2021-03-22 03:08:13,513] {dag.py:1818} INFO - Sync 1 DAGs
[2021-03-22 03:08:13,522] {logging_mixin.py:104} INFO - [2021-03-22 03:08:13,522] {dag.py:2273} INFO - Setting next_dagrun for example_short_circuit_operator to 2021-03-20 00:00:00+00:00
[2021-03-22 03:08:13,528] {scheduler_job.py:190} INFO - Processing /Users/akshaybhoge/PycharmProjects/venvEdgar/lib/python3.7/site-packages/airflow/example_dags/example_short_circuit_operator.py took 0.049 seconds
[2021-03-22 03:08:45,760] {scheduler_job.py:182} INFO - Started process (PID=28111) to work on /Users/akshaybhoge/PycharmProjects/venvEdgar/lib/python3.7/site-packages/airflow/example_dags/example_short_circuit_operator.py
[2021-03-22 03:08:45,762] {scheduler_job.py:629} INFO - Processing file /Users/akshaybhoge/PycharmProjects/venvEdgar/lib/python3.7/site-packages/airflow/example_dags/example_short_circuit_operator.py for tasks to queue
[2021-03-22 03:08:45,763] {logging_mixin.py:104} INFO - [2021-03-22 03:08:45,763] {dagbag.py:448} INFO - Filling up the DagBag from /Users/akshaybhoge/PycharmProjects/venvEdgar/lib/python3.7/site-packages/airflow/example_dags/example_short_circuit_operator.py
[2021-03-22 03:08:45,776] {scheduler_job.py:639} INFO - DAG(s) dict_keys(['example_short_circuit_operator']) retrieved from /Users/akshaybhoge/PycharmProjects/venvEdgar/lib/python3.7/site-packages/airflow/example_dags/example_short_circuit_operator.py
[2021-03-22 03:08:45,788] {logging_mixin.py:104} INFO - [2021-03-22 03:08:45,788] {dag.py:1818} INFO - Sync 1 DAGs
[2021-03-22 03:08:45,797] {logging_mixin.py:104} INFO - [2021-03-22 03:08:45,797] {dag.py:2273} INFO - Setting next_dagrun for example_short_circuit_operator to 2021-03-20 00:00:00+00:00
[2021-03-22 03:08:45,802] {scheduler_job.py:190} INFO - Processing /Users/akshaybhoge/PycharmProjects/venvEdgar/lib/python3.7/site-packages/airflow/example_dags/example_short_circuit_operator.py took 0.046 seconds
[2021-03-22 03:12:03,643] {scheduler_job.py:182} INFO - Started process (PID=28257) to work on /Users/akshaybhoge/PycharmProjects/venvEdgar/lib/python3.7/site-packages/airflow/example_dags/example_short_circuit_operator.py
[2021-03-22 03:12:03,649] {scheduler_job.py:629} INFO - Processing file /Users/akshaybhoge/PycharmProjects/venvEdgar/lib/python3.7/site-packages/airflow/example_dags/example_short_circuit_operator.py for tasks to queue
[2021-03-22 03:12:03,654] {logging_mixin.py:104} INFO - [2021-03-22 03:12:03,652] {dagbag.py:448} INFO - Filling up the DagBag from /Users/akshaybhoge/PycharmProjects/venvEdgar/lib/python3.7/site-packages/airflow/example_dags/example_short_circuit_operator.py
[2021-03-22 03:12:03,706] {scheduler_job.py:639} INFO - DAG(s) dict_keys(['example_short_circuit_operator']) retrieved from /Users/akshaybhoge/PycharmProjects/venvEdgar/lib/python3.7/site-packages/airflow/example_dags/example_short_circuit_operator.py
[2021-03-22 03:12:03,757] {logging_mixin.py:104} INFO - [2021-03-22 03:12:03,755] {dag.py:1818} INFO - Sync 1 DAGs
[2021-03-22 03:12:03,875] {logging_mixin.py:104} INFO - [2021-03-22 03:12:03,873] {dag.py:2273} INFO - Setting next_dagrun for example_short_circuit_operator to 2021-03-20 00:00:00+00:00
[2021-03-22 03:12:03,925] {scheduler_job.py:190} INFO - Processing /Users/akshaybhoge/PycharmProjects/venvEdgar/lib/python3.7/site-packages/airflow/example_dags/example_short_circuit_operator.py took 0.296 seconds
[2021-03-22 03:12:39,699] {scheduler_job.py:182} INFO - Started process (PID=28290) to work on /Users/akshaybhoge/PycharmProjects/venvEdgar/lib/python3.7/site-packages/airflow/example_dags/example_short_circuit_operator.py
[2021-03-22 03:12:39,706] {scheduler_job.py:629} INFO - Processing file /Users/akshaybhoge/PycharmProjects/venvEdgar/lib/python3.7/site-packages/airflow/example_dags/example_short_circuit_operator.py for tasks to queue
[2021-03-22 03:12:39,710] {logging_mixin.py:104} INFO - [2021-03-22 03:12:39,709] {dagbag.py:448} INFO - Filling up the DagBag from /Users/akshaybhoge/PycharmProjects/venvEdgar/lib/python3.7/site-packages/airflow/example_dags/example_short_circuit_operator.py
[2021-03-22 03:12:39,756] {scheduler_job.py:639} INFO - DAG(s) dict_keys(['example_short_circuit_operator']) retrieved from /Users/akshaybhoge/PycharmProjects/venvEdgar/lib/python3.7/site-packages/airflow/example_dags/example_short_circuit_operator.py
[2021-03-22 03:12:39,802] {logging_mixin.py:104} INFO - [2021-03-22 03:12:39,800] {dag.py:1818} INFO - Sync 1 DAGs
[2021-03-22 03:12:39,838] {logging_mixin.py:104} INFO - [2021-03-22 03:12:39,837] {dag.py:2273} INFO - Setting next_dagrun for example_short_circuit_operator to 2021-03-20 00:00:00+00:00
[2021-03-22 03:12:39,861] {scheduler_job.py:190} INFO - Processing /Users/akshaybhoge/PycharmProjects/venvEdgar/lib/python3.7/site-packages/airflow/example_dags/example_short_circuit_operator.py took 0.174 seconds
[2021-03-22 03:13:57,640] {scheduler_job.py:182} INFO - Started process (PID=28363) to work on /Users/akshaybhoge/PycharmProjects/venvEdgar/lib/python3.7/site-packages/airflow/example_dags/example_short_circuit_operator.py
[2021-03-22 03:13:57,643] {scheduler_job.py:629} INFO - Processing file /Users/akshaybhoge/PycharmProjects/venvEdgar/lib/python3.7/site-packages/airflow/example_dags/example_short_circuit_operator.py for tasks to queue
[2021-03-22 03:13:57,645] {logging_mixin.py:104} INFO - [2021-03-22 03:13:57,644] {dagbag.py:448} INFO - Filling up the DagBag from /Users/akshaybhoge/PycharmProjects/venvEdgar/lib/python3.7/site-packages/airflow/example_dags/example_short_circuit_operator.py
[2021-03-22 03:13:57,660] {scheduler_job.py:639} INFO - DAG(s) dict_keys(['example_short_circuit_operator']) retrieved from /Users/akshaybhoge/PycharmProjects/venvEdgar/lib/python3.7/site-packages/airflow/example_dags/example_short_circuit_operator.py
[2021-03-22 03:13:57,674] {logging_mixin.py:104} INFO - [2021-03-22 03:13:57,673] {dag.py:1818} INFO - Sync 1 DAGs
[2021-03-22 03:13:57,683] {logging_mixin.py:104} INFO - [2021-03-22 03:13:57,683] {dag.py:2273} INFO - Setting next_dagrun for example_short_circuit_operator to 2021-03-20 00:00:00+00:00
[2021-03-22 03:13:57,690] {scheduler_job.py:190} INFO - Processing /Users/akshaybhoge/PycharmProjects/venvEdgar/lib/python3.7/site-packages/airflow/example_dags/example_short_circuit_operator.py took 0.053 seconds
[2021-03-22 03:14:28,603] {scheduler_job.py:182} INFO - Started process (PID=28414) to work on /Users/akshaybhoge/PycharmProjects/venvEdgar/lib/python3.7/site-packages/airflow/example_dags/example_short_circuit_operator.py
[2021-03-22 03:14:28,607] {scheduler_job.py:629} INFO - Processing file /Users/akshaybhoge/PycharmProjects/venvEdgar/lib/python3.7/site-packages/airflow/example_dags/example_short_circuit_operator.py for tasks to queue
[2021-03-22 03:14:28,609] {logging_mixin.py:104} INFO - [2021-03-22 03:14:28,608] {dagbag.py:448} INFO - Filling up the DagBag from /Users/akshaybhoge/PycharmProjects/venvEdgar/lib/python3.7/site-packages/airflow/example_dags/example_short_circuit_operator.py
[2021-03-22 03:14:28,621] {scheduler_job.py:639} INFO - DAG(s) dict_keys(['example_short_circuit_operator']) retrieved from /Users/akshaybhoge/PycharmProjects/venvEdgar/lib/python3.7/site-packages/airflow/example_dags/example_short_circuit_operator.py
[2021-03-22 03:14:28,636] {logging_mixin.py:104} INFO - [2021-03-22 03:14:28,636] {dag.py:1818} INFO - Sync 1 DAGs
[2021-03-22 03:14:28,645] {logging_mixin.py:104} INFO - [2021-03-22 03:14:28,645] {dag.py:2273} INFO - Setting next_dagrun for example_short_circuit_operator to 2021-03-20 00:00:00+00:00
[2021-03-22 03:14:28,651] {scheduler_job.py:190} INFO - Processing /Users/akshaybhoge/PycharmProjects/venvEdgar/lib/python3.7/site-packages/airflow/example_dags/example_short_circuit_operator.py took 0.051 seconds
[2021-03-22 03:15:01,754] {scheduler_job.py:182} INFO - Started process (PID=28459) to work on /Users/akshaybhoge/PycharmProjects/venvEdgar/lib/python3.7/site-packages/airflow/example_dags/example_short_circuit_operator.py
[2021-03-22 03:15:01,757] {scheduler_job.py:629} INFO - Processing file /Users/akshaybhoge/PycharmProjects/venvEdgar/lib/python3.7/site-packages/airflow/example_dags/example_short_circuit_operator.py for tasks to queue
[2021-03-22 03:15:01,759] {logging_mixin.py:104} INFO - [2021-03-22 03:15:01,758] {dagbag.py:448} INFO - Filling up the DagBag from /Users/akshaybhoge/PycharmProjects/venvEdgar/lib/python3.7/site-packages/airflow/example_dags/example_short_circuit_operator.py
[2021-03-22 03:15:01,773] {scheduler_job.py:639} INFO - DAG(s) dict_keys(['example_short_circuit_operator']) retrieved from /Users/akshaybhoge/PycharmProjects/venvEdgar/lib/python3.7/site-packages/airflow/example_dags/example_short_circuit_operator.py
[2021-03-22 03:15:01,786] {logging_mixin.py:104} INFO - [2021-03-22 03:15:01,786] {dag.py:1818} INFO - Sync 1 DAGs
[2021-03-22 03:15:01,796] {logging_mixin.py:104} INFO - [2021-03-22 03:15:01,795] {dag.py:2273} INFO - Setting next_dagrun for example_short_circuit_operator to 2021-03-20 00:00:00+00:00
[2021-03-22 03:15:01,801] {scheduler_job.py:190} INFO - Processing /Users/akshaybhoge/PycharmProjects/venvEdgar/lib/python3.7/site-packages/airflow/example_dags/example_short_circuit_operator.py took 0.051 seconds
[2021-03-22 03:15:35,465] {scheduler_job.py:182} INFO - Started process (PID=28497) to work on /Users/akshaybhoge/PycharmProjects/venvEdgar/lib/python3.7/site-packages/airflow/example_dags/example_short_circuit_operator.py
[2021-03-22 03:15:35,467] {scheduler_job.py:629} INFO - Processing file /Users/akshaybhoge/PycharmProjects/venvEdgar/lib/python3.7/site-packages/airflow/example_dags/example_short_circuit_operator.py for tasks to queue
[2021-03-22 03:15:35,468] {logging_mixin.py:104} INFO - [2021-03-22 03:15:35,468] {dagbag.py:448} INFO - Filling up the DagBag from /Users/akshaybhoge/PycharmProjects/venvEdgar/lib/python3.7/site-packages/airflow/example_dags/example_short_circuit_operator.py
[2021-03-22 03:15:35,479] {scheduler_job.py:639} INFO - DAG(s) dict_keys(['example_short_circuit_operator']) retrieved from /Users/akshaybhoge/PycharmProjects/venvEdgar/lib/python3.7/site-packages/airflow/example_dags/example_short_circuit_operator.py
[2021-03-22 03:15:35,489] {logging_mixin.py:104} INFO - [2021-03-22 03:15:35,488] {dag.py:1818} INFO - Sync 1 DAGs
[2021-03-22 03:15:35,497] {logging_mixin.py:104} INFO - [2021-03-22 03:15:35,497] {dag.py:2273} INFO - Setting next_dagrun for example_short_circuit_operator to 2021-03-20 00:00:00+00:00
[2021-03-22 03:15:35,503] {scheduler_job.py:190} INFO - Processing /Users/akshaybhoge/PycharmProjects/venvEdgar/lib/python3.7/site-packages/airflow/example_dags/example_short_circuit_operator.py took 0.041 seconds
[2021-03-22 03:16:08,222] {scheduler_job.py:182} INFO - Started process (PID=28534) to work on /Users/akshaybhoge/PycharmProjects/venvEdgar/lib/python3.7/site-packages/airflow/example_dags/example_short_circuit_operator.py
[2021-03-22 03:16:08,224] {scheduler_job.py:629} INFO - Processing file /Users/akshaybhoge/PycharmProjects/venvEdgar/lib/python3.7/site-packages/airflow/example_dags/example_short_circuit_operator.py for tasks to queue
[2021-03-22 03:16:08,225] {logging_mixin.py:104} INFO - [2021-03-22 03:16:08,224] {dagbag.py:448} INFO - Filling up the DagBag from /Users/akshaybhoge/PycharmProjects/venvEdgar/lib/python3.7/site-packages/airflow/example_dags/example_short_circuit_operator.py
[2021-03-22 03:16:08,236] {scheduler_job.py:639} INFO - DAG(s) dict_keys(['example_short_circuit_operator']) retrieved from /Users/akshaybhoge/PycharmProjects/venvEdgar/lib/python3.7/site-packages/airflow/example_dags/example_short_circuit_operator.py
[2021-03-22 03:16:08,248] {logging_mixin.py:104} INFO - [2021-03-22 03:16:08,248] {dag.py:1818} INFO - Sync 1 DAGs
[2021-03-22 03:16:08,258] {logging_mixin.py:104} INFO - [2021-03-22 03:16:08,257] {dag.py:2273} INFO - Setting next_dagrun for example_short_circuit_operator to 2021-03-20 00:00:00+00:00
[2021-03-22 03:16:08,264] {scheduler_job.py:190} INFO - Processing /Users/akshaybhoge/PycharmProjects/venvEdgar/lib/python3.7/site-packages/airflow/example_dags/example_short_circuit_operator.py took 0.046 seconds
[2021-03-22 03:16:40,470] {scheduler_job.py:182} INFO - Started process (PID=28583) to work on /Users/akshaybhoge/PycharmProjects/venvEdgar/lib/python3.7/site-packages/airflow/example_dags/example_short_circuit_operator.py
[2021-03-22 03:16:40,476] {scheduler_job.py:629} INFO - Processing file /Users/akshaybhoge/PycharmProjects/venvEdgar/lib/python3.7/site-packages/airflow/example_dags/example_short_circuit_operator.py for tasks to queue
[2021-03-22 03:16:40,479] {logging_mixin.py:104} INFO - [2021-03-22 03:16:40,478] {dagbag.py:448} INFO - Filling up the DagBag from /Users/akshaybhoge/PycharmProjects/venvEdgar/lib/python3.7/site-packages/airflow/example_dags/example_short_circuit_operator.py
[2021-03-22 03:16:40,502] {scheduler_job.py:639} INFO - DAG(s) dict_keys(['example_short_circuit_operator']) retrieved from /Users/akshaybhoge/PycharmProjects/venvEdgar/lib/python3.7/site-packages/airflow/example_dags/example_short_circuit_operator.py
[2021-03-22 03:16:40,516] {logging_mixin.py:104} INFO - [2021-03-22 03:16:40,516] {dag.py:1818} INFO - Sync 1 DAGs
[2021-03-22 03:16:40,525] {logging_mixin.py:104} INFO - [2021-03-22 03:16:40,524] {dag.py:2273} INFO - Setting next_dagrun for example_short_circuit_operator to 2021-03-20 00:00:00+00:00
[2021-03-22 03:16:40,531] {scheduler_job.py:190} INFO - Processing /Users/akshaybhoge/PycharmProjects/venvEdgar/lib/python3.7/site-packages/airflow/example_dags/example_short_circuit_operator.py took 0.078 seconds
[2021-03-22 03:17:12,564] {scheduler_job.py:182} INFO - Started process (PID=28620) to work on /Users/akshaybhoge/PycharmProjects/venvEdgar/lib/python3.7/site-packages/airflow/example_dags/example_short_circuit_operator.py
[2021-03-22 03:17:12,565] {scheduler_job.py:629} INFO - Processing file /Users/akshaybhoge/PycharmProjects/venvEdgar/lib/python3.7/site-packages/airflow/example_dags/example_short_circuit_operator.py for tasks to queue
[2021-03-22 03:17:12,567] {logging_mixin.py:104} INFO - [2021-03-22 03:17:12,566] {dagbag.py:448} INFO - Filling up the DagBag from /Users/akshaybhoge/PycharmProjects/venvEdgar/lib/python3.7/site-packages/airflow/example_dags/example_short_circuit_operator.py
[2021-03-22 03:17:12,579] {scheduler_job.py:639} INFO - DAG(s) dict_keys(['example_short_circuit_operator']) retrieved from /Users/akshaybhoge/PycharmProjects/venvEdgar/lib/python3.7/site-packages/airflow/example_dags/example_short_circuit_operator.py
[2021-03-22 03:17:12,592] {logging_mixin.py:104} INFO - [2021-03-22 03:17:12,592] {dag.py:1818} INFO - Sync 1 DAGs
[2021-03-22 03:17:12,602] {logging_mixin.py:104} INFO - [2021-03-22 03:17:12,602] {dag.py:2273} INFO - Setting next_dagrun for example_short_circuit_operator to 2021-03-20 00:00:00+00:00
[2021-03-22 03:17:12,608] {scheduler_job.py:190} INFO - Processing /Users/akshaybhoge/PycharmProjects/venvEdgar/lib/python3.7/site-packages/airflow/example_dags/example_short_circuit_operator.py took 0.048 seconds
[2021-03-22 03:17:44,578] {scheduler_job.py:182} INFO - Started process (PID=28653) to work on /Users/akshaybhoge/PycharmProjects/venvEdgar/lib/python3.7/site-packages/airflow/example_dags/example_short_circuit_operator.py
[2021-03-22 03:17:44,579] {scheduler_job.py:629} INFO - Processing file /Users/akshaybhoge/PycharmProjects/venvEdgar/lib/python3.7/site-packages/airflow/example_dags/example_short_circuit_operator.py for tasks to queue
[2021-03-22 03:17:44,580] {logging_mixin.py:104} INFO - [2021-03-22 03:17:44,580] {dagbag.py:448} INFO - Filling up the DagBag from /Users/akshaybhoge/PycharmProjects/venvEdgar/lib/python3.7/site-packages/airflow/example_dags/example_short_circuit_operator.py
[2021-03-22 03:17:44,593] {scheduler_job.py:639} INFO - DAG(s) dict_keys(['example_short_circuit_operator']) retrieved from /Users/akshaybhoge/PycharmProjects/venvEdgar/lib/python3.7/site-packages/airflow/example_dags/example_short_circuit_operator.py
[2021-03-22 03:17:44,606] {logging_mixin.py:104} INFO - [2021-03-22 03:17:44,606] {dag.py:1818} INFO - Sync 1 DAGs
[2021-03-22 03:17:44,616] {logging_mixin.py:104} INFO - [2021-03-22 03:17:44,616] {dag.py:2273} INFO - Setting next_dagrun for example_short_circuit_operator to 2021-03-20 00:00:00+00:00
[2021-03-22 03:17:44,622] {scheduler_job.py:190} INFO - Processing /Users/akshaybhoge/PycharmProjects/venvEdgar/lib/python3.7/site-packages/airflow/example_dags/example_short_circuit_operator.py took 0.048 seconds
[2021-03-22 03:18:16,586] {scheduler_job.py:182} INFO - Started process (PID=28683) to work on /Users/akshaybhoge/PycharmProjects/venvEdgar/lib/python3.7/site-packages/airflow/example_dags/example_short_circuit_operator.py
[2021-03-22 03:18:16,587] {scheduler_job.py:629} INFO - Processing file /Users/akshaybhoge/PycharmProjects/venvEdgar/lib/python3.7/site-packages/airflow/example_dags/example_short_circuit_operator.py for tasks to queue
[2021-03-22 03:18:16,588] {logging_mixin.py:104} INFO - [2021-03-22 03:18:16,588] {dagbag.py:448} INFO - Filling up the DagBag from /Users/akshaybhoge/PycharmProjects/venvEdgar/lib/python3.7/site-packages/airflow/example_dags/example_short_circuit_operator.py
[2021-03-22 03:18:16,601] {scheduler_job.py:639} INFO - DAG(s) dict_keys(['example_short_circuit_operator']) retrieved from /Users/akshaybhoge/PycharmProjects/venvEdgar/lib/python3.7/site-packages/airflow/example_dags/example_short_circuit_operator.py
[2021-03-22 03:18:16,614] {logging_mixin.py:104} INFO - [2021-03-22 03:18:16,613] {dag.py:1818} INFO - Sync 1 DAGs
[2021-03-22 03:18:16,623] {logging_mixin.py:104} INFO - [2021-03-22 03:18:16,622] {dag.py:2273} INFO - Setting next_dagrun for example_short_circuit_operator to 2021-03-20 00:00:00+00:00
[2021-03-22 03:18:16,628] {scheduler_job.py:190} INFO - Processing /Users/akshaybhoge/PycharmProjects/venvEdgar/lib/python3.7/site-packages/airflow/example_dags/example_short_circuit_operator.py took 0.046 seconds
[2021-03-22 03:18:48,687] {scheduler_job.py:182} INFO - Started process (PID=28723) to work on /Users/akshaybhoge/PycharmProjects/venvEdgar/lib/python3.7/site-packages/airflow/example_dags/example_short_circuit_operator.py
[2021-03-22 03:18:48,689] {scheduler_job.py:629} INFO - Processing file /Users/akshaybhoge/PycharmProjects/venvEdgar/lib/python3.7/site-packages/airflow/example_dags/example_short_circuit_operator.py for tasks to queue
[2021-03-22 03:18:48,690] {logging_mixin.py:104} INFO - [2021-03-22 03:18:48,690] {dagbag.py:448} INFO - Filling up the DagBag from /Users/akshaybhoge/PycharmProjects/venvEdgar/lib/python3.7/site-packages/airflow/example_dags/example_short_circuit_operator.py
[2021-03-22 03:18:48,705] {scheduler_job.py:639} INFO - DAG(s) dict_keys(['example_short_circuit_operator']) retrieved from /Users/akshaybhoge/PycharmProjects/venvEdgar/lib/python3.7/site-packages/airflow/example_dags/example_short_circuit_operator.py
[2021-03-22 03:18:48,718] {logging_mixin.py:104} INFO - [2021-03-22 03:18:48,718] {dag.py:1818} INFO - Sync 1 DAGs
[2021-03-22 03:18:48,728] {logging_mixin.py:104} INFO - [2021-03-22 03:18:48,727] {dag.py:2273} INFO - Setting next_dagrun for example_short_circuit_operator to 2021-03-20 00:00:00+00:00
[2021-03-22 03:18:48,734] {scheduler_job.py:190} INFO - Processing /Users/akshaybhoge/PycharmProjects/venvEdgar/lib/python3.7/site-packages/airflow/example_dags/example_short_circuit_operator.py took 0.051 seconds
[2021-03-22 03:19:21,260] {scheduler_job.py:182} INFO - Started process (PID=28767) to work on /Users/akshaybhoge/PycharmProjects/venvEdgar/lib/python3.7/site-packages/airflow/example_dags/example_short_circuit_operator.py
[2021-03-22 03:19:21,261] {scheduler_job.py:629} INFO - Processing file /Users/akshaybhoge/PycharmProjects/venvEdgar/lib/python3.7/site-packages/airflow/example_dags/example_short_circuit_operator.py for tasks to queue
[2021-03-22 03:19:21,262] {logging_mixin.py:104} INFO - [2021-03-22 03:19:21,262] {dagbag.py:448} INFO - Filling up the DagBag from /Users/akshaybhoge/PycharmProjects/venvEdgar/lib/python3.7/site-packages/airflow/example_dags/example_short_circuit_operator.py
[2021-03-22 03:19:21,276] {scheduler_job.py:639} INFO - DAG(s) dict_keys(['example_short_circuit_operator']) retrieved from /Users/akshaybhoge/PycharmProjects/venvEdgar/lib/python3.7/site-packages/airflow/example_dags/example_short_circuit_operator.py
[2021-03-22 03:19:21,290] {logging_mixin.py:104} INFO - [2021-03-22 03:19:21,289] {dag.py:1818} INFO - Sync 1 DAGs
[2021-03-22 03:19:21,300] {logging_mixin.py:104} INFO - [2021-03-22 03:19:21,299] {dag.py:2273} INFO - Setting next_dagrun for example_short_circuit_operator to 2021-03-20 00:00:00+00:00
[2021-03-22 03:19:21,306] {scheduler_job.py:190} INFO - Processing /Users/akshaybhoge/PycharmProjects/venvEdgar/lib/python3.7/site-packages/airflow/example_dags/example_short_circuit_operator.py took 0.050 seconds
[2021-03-22 03:19:55,410] {scheduler_job.py:182} INFO - Started process (PID=28801) to work on /Users/akshaybhoge/PycharmProjects/venvEdgar/lib/python3.7/site-packages/airflow/example_dags/example_short_circuit_operator.py
[2021-03-22 03:19:55,414] {scheduler_job.py:629} INFO - Processing file /Users/akshaybhoge/PycharmProjects/venvEdgar/lib/python3.7/site-packages/airflow/example_dags/example_short_circuit_operator.py for tasks to queue
[2021-03-22 03:19:55,415] {logging_mixin.py:104} INFO - [2021-03-22 03:19:55,415] {dagbag.py:448} INFO - Filling up the DagBag from /Users/akshaybhoge/PycharmProjects/venvEdgar/lib/python3.7/site-packages/airflow/example_dags/example_short_circuit_operator.py
[2021-03-22 03:19:55,428] {scheduler_job.py:639} INFO - DAG(s) dict_keys(['example_short_circuit_operator']) retrieved from /Users/akshaybhoge/PycharmProjects/venvEdgar/lib/python3.7/site-packages/airflow/example_dags/example_short_circuit_operator.py
[2021-03-22 03:19:55,441] {logging_mixin.py:104} INFO - [2021-03-22 03:19:55,441] {dag.py:1818} INFO - Sync 1 DAGs
[2021-03-22 03:19:55,451] {logging_mixin.py:104} INFO - [2021-03-22 03:19:55,451] {dag.py:2273} INFO - Setting next_dagrun for example_short_circuit_operator to 2021-03-20 00:00:00+00:00
[2021-03-22 03:19:55,457] {scheduler_job.py:190} INFO - Processing /Users/akshaybhoge/PycharmProjects/venvEdgar/lib/python3.7/site-packages/airflow/example_dags/example_short_circuit_operator.py took 0.051 seconds
[2021-03-22 03:20:27,417] {scheduler_job.py:182} INFO - Started process (PID=28842) to work on /Users/akshaybhoge/PycharmProjects/venvEdgar/lib/python3.7/site-packages/airflow/example_dags/example_short_circuit_operator.py
[2021-03-22 03:20:27,419] {scheduler_job.py:629} INFO - Processing file /Users/akshaybhoge/PycharmProjects/venvEdgar/lib/python3.7/site-packages/airflow/example_dags/example_short_circuit_operator.py for tasks to queue
[2021-03-22 03:20:27,420] {logging_mixin.py:104} INFO - [2021-03-22 03:20:27,419] {dagbag.py:448} INFO - Filling up the DagBag from /Users/akshaybhoge/PycharmProjects/venvEdgar/lib/python3.7/site-packages/airflow/example_dags/example_short_circuit_operator.py
[2021-03-22 03:20:27,430] {scheduler_job.py:639} INFO - DAG(s) dict_keys(['example_short_circuit_operator']) retrieved from /Users/akshaybhoge/PycharmProjects/venvEdgar/lib/python3.7/site-packages/airflow/example_dags/example_short_circuit_operator.py
[2021-03-22 03:20:27,441] {logging_mixin.py:104} INFO - [2021-03-22 03:20:27,441] {dag.py:1818} INFO - Sync 1 DAGs
[2021-03-22 03:20:27,450] {logging_mixin.py:104} INFO - [2021-03-22 03:20:27,450] {dag.py:2273} INFO - Setting next_dagrun for example_short_circuit_operator to 2021-03-20 00:00:00+00:00
[2021-03-22 03:20:27,455] {scheduler_job.py:190} INFO - Processing /Users/akshaybhoge/PycharmProjects/venvEdgar/lib/python3.7/site-packages/airflow/example_dags/example_short_circuit_operator.py took 0.041 seconds
[2021-03-22 03:20:59,720] {scheduler_job.py:182} INFO - Started process (PID=28888) to work on /Users/akshaybhoge/PycharmProjects/venvEdgar/lib/python3.7/site-packages/airflow/example_dags/example_short_circuit_operator.py
[2021-03-22 03:20:59,722] {scheduler_job.py:629} INFO - Processing file /Users/akshaybhoge/PycharmProjects/venvEdgar/lib/python3.7/site-packages/airflow/example_dags/example_short_circuit_operator.py for tasks to queue
[2021-03-22 03:20:59,724] {logging_mixin.py:104} INFO - [2021-03-22 03:20:59,723] {dagbag.py:448} INFO - Filling up the DagBag from /Users/akshaybhoge/PycharmProjects/venvEdgar/lib/python3.7/site-packages/airflow/example_dags/example_short_circuit_operator.py
[2021-03-22 03:20:59,737] {scheduler_job.py:639} INFO - DAG(s) dict_keys(['example_short_circuit_operator']) retrieved from /Users/akshaybhoge/PycharmProjects/venvEdgar/lib/python3.7/site-packages/airflow/example_dags/example_short_circuit_operator.py
[2021-03-22 03:20:59,750] {logging_mixin.py:104} INFO - [2021-03-22 03:20:59,750] {dag.py:1818} INFO - Sync 1 DAGs
[2021-03-22 03:20:59,760] {logging_mixin.py:104} INFO - [2021-03-22 03:20:59,760] {dag.py:2273} INFO - Setting next_dagrun for example_short_circuit_operator to 2021-03-20 00:00:00+00:00
[2021-03-22 03:20:59,767] {scheduler_job.py:190} INFO - Processing /Users/akshaybhoge/PycharmProjects/venvEdgar/lib/python3.7/site-packages/airflow/example_dags/example_short_circuit_operator.py took 0.051 seconds
[2021-03-22 03:21:31,816] {scheduler_job.py:182} INFO - Started process (PID=28938) to work on /Users/akshaybhoge/PycharmProjects/venvEdgar/lib/python3.7/site-packages/airflow/example_dags/example_short_circuit_operator.py
[2021-03-22 03:21:31,818] {scheduler_job.py:629} INFO - Processing file /Users/akshaybhoge/PycharmProjects/venvEdgar/lib/python3.7/site-packages/airflow/example_dags/example_short_circuit_operator.py for tasks to queue
[2021-03-22 03:21:31,819] {logging_mixin.py:104} INFO - [2021-03-22 03:21:31,819] {dagbag.py:448} INFO - Filling up the DagBag from /Users/akshaybhoge/PycharmProjects/venvEdgar/lib/python3.7/site-packages/airflow/example_dags/example_short_circuit_operator.py
[2021-03-22 03:21:31,832] {scheduler_job.py:639} INFO - DAG(s) dict_keys(['example_short_circuit_operator']) retrieved from /Users/akshaybhoge/PycharmProjects/venvEdgar/lib/python3.7/site-packages/airflow/example_dags/example_short_circuit_operator.py
[2021-03-22 03:21:31,844] {logging_mixin.py:104} INFO - [2021-03-22 03:21:31,844] {dag.py:1818} INFO - Sync 1 DAGs
[2021-03-22 03:21:31,854] {logging_mixin.py:104} INFO - [2021-03-22 03:21:31,853] {dag.py:2273} INFO - Setting next_dagrun for example_short_circuit_operator to 2021-03-20 00:00:00+00:00
[2021-03-22 03:21:31,860] {scheduler_job.py:190} INFO - Processing /Users/akshaybhoge/PycharmProjects/venvEdgar/lib/python3.7/site-packages/airflow/example_dags/example_short_circuit_operator.py took 0.047 seconds
[2021-03-22 03:23:26,827] {scheduler_job.py:182} INFO - Started process (PID=29058) to work on /Users/akshaybhoge/PycharmProjects/venvEdgar/lib/python3.7/site-packages/airflow/example_dags/example_short_circuit_operator.py
[2021-03-22 03:23:26,829] {scheduler_job.py:629} INFO - Processing file /Users/akshaybhoge/PycharmProjects/venvEdgar/lib/python3.7/site-packages/airflow/example_dags/example_short_circuit_operator.py for tasks to queue
[2021-03-22 03:23:26,835] {logging_mixin.py:104} INFO - [2021-03-22 03:23:26,830] {dagbag.py:448} INFO - Filling up the DagBag from /Users/akshaybhoge/PycharmProjects/venvEdgar/lib/python3.7/site-packages/airflow/example_dags/example_short_circuit_operator.py
[2021-03-22 03:23:26,848] {scheduler_job.py:639} INFO - DAG(s) dict_keys(['example_short_circuit_operator']) retrieved from /Users/akshaybhoge/PycharmProjects/venvEdgar/lib/python3.7/site-packages/airflow/example_dags/example_short_circuit_operator.py
[2021-03-22 03:23:26,860] {logging_mixin.py:104} INFO - [2021-03-22 03:23:26,859] {dag.py:1818} INFO - Sync 1 DAGs
[2021-03-22 03:23:26,869] {logging_mixin.py:104} INFO - [2021-03-22 03:23:26,868] {dag.py:2273} INFO - Setting next_dagrun for example_short_circuit_operator to 2021-03-20 00:00:00+00:00
[2021-03-22 03:23:26,875] {scheduler_job.py:190} INFO - Processing /Users/akshaybhoge/PycharmProjects/venvEdgar/lib/python3.7/site-packages/airflow/example_dags/example_short_circuit_operator.py took 0.050 seconds
[2021-03-22 03:24:29,326] {scheduler_job.py:182} INFO - Started process (PID=29139) to work on /Users/akshaybhoge/PycharmProjects/venvEdgar/lib/python3.7/site-packages/airflow/example_dags/example_short_circuit_operator.py
[2021-03-22 03:24:29,327] {scheduler_job.py:629} INFO - Processing file /Users/akshaybhoge/PycharmProjects/venvEdgar/lib/python3.7/site-packages/airflow/example_dags/example_short_circuit_operator.py for tasks to queue
[2021-03-22 03:24:29,328] {logging_mixin.py:104} INFO - [2021-03-22 03:24:29,328] {dagbag.py:448} INFO - Filling up the DagBag from /Users/akshaybhoge/PycharmProjects/venvEdgar/lib/python3.7/site-packages/airflow/example_dags/example_short_circuit_operator.py
[2021-03-22 03:24:29,342] {scheduler_job.py:639} INFO - DAG(s) dict_keys(['example_short_circuit_operator']) retrieved from /Users/akshaybhoge/PycharmProjects/venvEdgar/lib/python3.7/site-packages/airflow/example_dags/example_short_circuit_operator.py
[2021-03-22 03:24:29,356] {logging_mixin.py:104} INFO - [2021-03-22 03:24:29,355] {dag.py:1818} INFO - Sync 1 DAGs
[2021-03-22 03:24:29,365] {logging_mixin.py:104} INFO - [2021-03-22 03:24:29,364] {dag.py:2273} INFO - Setting next_dagrun for example_short_circuit_operator to 2021-03-20 00:00:00+00:00
[2021-03-22 03:24:29,371] {scheduler_job.py:190} INFO - Processing /Users/akshaybhoge/PycharmProjects/venvEdgar/lib/python3.7/site-packages/airflow/example_dags/example_short_circuit_operator.py took 0.048 seconds
[2021-03-22 03:27:55,748] {scheduler_job.py:182} INFO - Started process (PID=29232) to work on /Users/akshaybhoge/PycharmProjects/venvEdgar/lib/python3.7/site-packages/airflow/example_dags/example_short_circuit_operator.py
[2021-03-22 03:27:55,750] {scheduler_job.py:629} INFO - Processing file /Users/akshaybhoge/PycharmProjects/venvEdgar/lib/python3.7/site-packages/airflow/example_dags/example_short_circuit_operator.py for tasks to queue
[2021-03-22 03:27:55,751] {logging_mixin.py:104} INFO - [2021-03-22 03:27:55,751] {dagbag.py:448} INFO - Filling up the DagBag from /Users/akshaybhoge/PycharmProjects/venvEdgar/lib/python3.7/site-packages/airflow/example_dags/example_short_circuit_operator.py
[2021-03-22 03:27:55,758] {scheduler_job.py:639} INFO - DAG(s) dict_keys(['example_short_circuit_operator']) retrieved from /Users/akshaybhoge/PycharmProjects/venvEdgar/lib/python3.7/site-packages/airflow/example_dags/example_short_circuit_operator.py
[2021-03-22 03:27:55,770] {logging_mixin.py:104} INFO - [2021-03-22 03:27:55,769] {dag.py:1818} INFO - Sync 1 DAGs
[2021-03-22 03:27:55,778] {logging_mixin.py:104} INFO - [2021-03-22 03:27:55,777] {dag.py:2273} INFO - Setting next_dagrun for example_short_circuit_operator to 2021-03-20 00:00:00+00:00
[2021-03-22 03:27:55,785] {scheduler_job.py:190} INFO - Processing /Users/akshaybhoge/PycharmProjects/venvEdgar/lib/python3.7/site-packages/airflow/example_dags/example_short_circuit_operator.py took 0.040 seconds
[2021-03-22 03:28:27,375] {scheduler_job.py:182} INFO - Started process (PID=29272) to work on /Users/akshaybhoge/PycharmProjects/venvEdgar/lib/python3.7/site-packages/airflow/example_dags/example_short_circuit_operator.py
[2021-03-22 03:28:27,377] {scheduler_job.py:629} INFO - Processing file /Users/akshaybhoge/PycharmProjects/venvEdgar/lib/python3.7/site-packages/airflow/example_dags/example_short_circuit_operator.py for tasks to queue
[2021-03-22 03:28:27,379] {logging_mixin.py:104} INFO - [2021-03-22 03:28:27,378] {dagbag.py:448} INFO - Filling up the DagBag from /Users/akshaybhoge/PycharmProjects/venvEdgar/lib/python3.7/site-packages/airflow/example_dags/example_short_circuit_operator.py
[2021-03-22 03:28:27,386] {scheduler_job.py:639} INFO - DAG(s) dict_keys(['example_short_circuit_operator']) retrieved from /Users/akshaybhoge/PycharmProjects/venvEdgar/lib/python3.7/site-packages/airflow/example_dags/example_short_circuit_operator.py
[2021-03-22 03:28:27,399] {logging_mixin.py:104} INFO - [2021-03-22 03:28:27,399] {dag.py:1818} INFO - Sync 1 DAGs
[2021-03-22 03:28:27,408] {logging_mixin.py:104} INFO - [2021-03-22 03:28:27,407] {dag.py:2273} INFO - Setting next_dagrun for example_short_circuit_operator to 2021-03-20 00:00:00+00:00
[2021-03-22 03:28:27,414] {scheduler_job.py:190} INFO - Processing /Users/akshaybhoge/PycharmProjects/venvEdgar/lib/python3.7/site-packages/airflow/example_dags/example_short_circuit_operator.py took 0.042 seconds
[2021-03-22 03:28:58,802] {scheduler_job.py:182} INFO - Started process (PID=29318) to work on /Users/akshaybhoge/PycharmProjects/venvEdgar/lib/python3.7/site-packages/airflow/example_dags/example_short_circuit_operator.py
[2021-03-22 03:28:58,804] {scheduler_job.py:629} INFO - Processing file /Users/akshaybhoge/PycharmProjects/venvEdgar/lib/python3.7/site-packages/airflow/example_dags/example_short_circuit_operator.py for tasks to queue
[2021-03-22 03:28:58,806] {logging_mixin.py:104} INFO - [2021-03-22 03:28:58,805] {dagbag.py:448} INFO - Filling up the DagBag from /Users/akshaybhoge/PycharmProjects/venvEdgar/lib/python3.7/site-packages/airflow/example_dags/example_short_circuit_operator.py
[2021-03-22 03:28:58,815] {scheduler_job.py:639} INFO - DAG(s) dict_keys(['example_short_circuit_operator']) retrieved from /Users/akshaybhoge/PycharmProjects/venvEdgar/lib/python3.7/site-packages/airflow/example_dags/example_short_circuit_operator.py
[2021-03-22 03:28:58,827] {logging_mixin.py:104} INFO - [2021-03-22 03:28:58,827] {dag.py:1818} INFO - Sync 1 DAGs
[2021-03-22 03:28:58,835] {logging_mixin.py:104} INFO - [2021-03-22 03:28:58,835] {dag.py:2273} INFO - Setting next_dagrun for example_short_circuit_operator to 2021-03-20 00:00:00+00:00
[2021-03-22 03:28:58,841] {scheduler_job.py:190} INFO - Processing /Users/akshaybhoge/PycharmProjects/venvEdgar/lib/python3.7/site-packages/airflow/example_dags/example_short_circuit_operator.py took 0.044 seconds
[2021-03-22 03:29:29,086] {scheduler_job.py:182} INFO - Started process (PID=29351) to work on /Users/akshaybhoge/PycharmProjects/venvEdgar/lib/python3.7/site-packages/airflow/example_dags/example_short_circuit_operator.py
[2021-03-22 03:29:29,087] {scheduler_job.py:629} INFO - Processing file /Users/akshaybhoge/PycharmProjects/venvEdgar/lib/python3.7/site-packages/airflow/example_dags/example_short_circuit_operator.py for tasks to queue
[2021-03-22 03:29:29,089] {logging_mixin.py:104} INFO - [2021-03-22 03:29:29,088] {dagbag.py:448} INFO - Filling up the DagBag from /Users/akshaybhoge/PycharmProjects/venvEdgar/lib/python3.7/site-packages/airflow/example_dags/example_short_circuit_operator.py
[2021-03-22 03:29:29,097] {scheduler_job.py:639} INFO - DAG(s) dict_keys(['example_short_circuit_operator']) retrieved from /Users/akshaybhoge/PycharmProjects/venvEdgar/lib/python3.7/site-packages/airflow/example_dags/example_short_circuit_operator.py
[2021-03-22 03:29:29,109] {logging_mixin.py:104} INFO - [2021-03-22 03:29:29,108] {dag.py:1818} INFO - Sync 1 DAGs
[2021-03-22 03:29:29,117] {logging_mixin.py:104} INFO - [2021-03-22 03:29:29,117] {dag.py:2273} INFO - Setting next_dagrun for example_short_circuit_operator to 2021-03-20 00:00:00+00:00
[2021-03-22 03:29:29,123] {scheduler_job.py:190} INFO - Processing /Users/akshaybhoge/PycharmProjects/venvEdgar/lib/python3.7/site-packages/airflow/example_dags/example_short_circuit_operator.py took 0.041 seconds
[2021-03-22 03:30:01,641] {scheduler_job.py:182} INFO - Started process (PID=29390) to work on /Users/akshaybhoge/PycharmProjects/venvEdgar/lib/python3.7/site-packages/airflow/example_dags/example_short_circuit_operator.py
[2021-03-22 03:30:01,643] {scheduler_job.py:629} INFO - Processing file /Users/akshaybhoge/PycharmProjects/venvEdgar/lib/python3.7/site-packages/airflow/example_dags/example_short_circuit_operator.py for tasks to queue
[2021-03-22 03:30:01,644] {logging_mixin.py:104} INFO - [2021-03-22 03:30:01,644] {dagbag.py:448} INFO - Filling up the DagBag from /Users/akshaybhoge/PycharmProjects/venvEdgar/lib/python3.7/site-packages/airflow/example_dags/example_short_circuit_operator.py
[2021-03-22 03:30:01,652] {scheduler_job.py:639} INFO - DAG(s) dict_keys(['example_short_circuit_operator']) retrieved from /Users/akshaybhoge/PycharmProjects/venvEdgar/lib/python3.7/site-packages/airflow/example_dags/example_short_circuit_operator.py
[2021-03-22 03:30:01,663] {logging_mixin.py:104} INFO - [2021-03-22 03:30:01,662] {dag.py:1818} INFO - Sync 1 DAGs
[2021-03-22 03:30:01,672] {logging_mixin.py:104} INFO - [2021-03-22 03:30:01,671] {dag.py:2273} INFO - Setting next_dagrun for example_short_circuit_operator to 2021-03-20 00:00:00+00:00
[2021-03-22 03:30:01,677] {scheduler_job.py:190} INFO - Processing /Users/akshaybhoge/PycharmProjects/venvEdgar/lib/python3.7/site-packages/airflow/example_dags/example_short_circuit_operator.py took 0.039 seconds
[2021-03-22 03:30:34,498] {scheduler_job.py:182} INFO - Started process (PID=29434) to work on /Users/akshaybhoge/PycharmProjects/venvEdgar/lib/python3.7/site-packages/airflow/example_dags/example_short_circuit_operator.py
[2021-03-22 03:30:34,500] {scheduler_job.py:629} INFO - Processing file /Users/akshaybhoge/PycharmProjects/venvEdgar/lib/python3.7/site-packages/airflow/example_dags/example_short_circuit_operator.py for tasks to queue
[2021-03-22 03:30:34,501] {logging_mixin.py:104} INFO - [2021-03-22 03:30:34,501] {dagbag.py:448} INFO - Filling up the DagBag from /Users/akshaybhoge/PycharmProjects/venvEdgar/lib/python3.7/site-packages/airflow/example_dags/example_short_circuit_operator.py
[2021-03-22 03:30:34,510] {scheduler_job.py:639} INFO - DAG(s) dict_keys(['example_short_circuit_operator']) retrieved from /Users/akshaybhoge/PycharmProjects/venvEdgar/lib/python3.7/site-packages/airflow/example_dags/example_short_circuit_operator.py
[2021-03-22 03:30:34,523] {logging_mixin.py:104} INFO - [2021-03-22 03:30:34,523] {dag.py:1818} INFO - Sync 1 DAGs
[2021-03-22 03:30:34,532] {logging_mixin.py:104} INFO - [2021-03-22 03:30:34,532] {dag.py:2273} INFO - Setting next_dagrun for example_short_circuit_operator to 2021-03-20 00:00:00+00:00
[2021-03-22 03:30:34,537] {scheduler_job.py:190} INFO - Processing /Users/akshaybhoge/PycharmProjects/venvEdgar/lib/python3.7/site-packages/airflow/example_dags/example_short_circuit_operator.py took 0.043 seconds
[2021-03-22 03:31:05,451] {scheduler_job.py:182} INFO - Started process (PID=29466) to work on /Users/akshaybhoge/PycharmProjects/venvEdgar/lib/python3.7/site-packages/airflow/example_dags/example_short_circuit_operator.py
[2021-03-22 03:31:05,454] {scheduler_job.py:629} INFO - Processing file /Users/akshaybhoge/PycharmProjects/venvEdgar/lib/python3.7/site-packages/airflow/example_dags/example_short_circuit_operator.py for tasks to queue
[2021-03-22 03:31:05,455] {logging_mixin.py:104} INFO - [2021-03-22 03:31:05,455] {dagbag.py:448} INFO - Filling up the DagBag from /Users/akshaybhoge/PycharmProjects/venvEdgar/lib/python3.7/site-packages/airflow/example_dags/example_short_circuit_operator.py
[2021-03-22 03:31:05,467] {scheduler_job.py:639} INFO - DAG(s) dict_keys(['example_short_circuit_operator']) retrieved from /Users/akshaybhoge/PycharmProjects/venvEdgar/lib/python3.7/site-packages/airflow/example_dags/example_short_circuit_operator.py
[2021-03-22 03:31:05,480] {logging_mixin.py:104} INFO - [2021-03-22 03:31:05,480] {dag.py:1818} INFO - Sync 1 DAGs
[2021-03-22 03:31:05,490] {logging_mixin.py:104} INFO - [2021-03-22 03:31:05,489] {dag.py:2273} INFO - Setting next_dagrun for example_short_circuit_operator to 2021-03-20 00:00:00+00:00
[2021-03-22 03:31:05,496] {scheduler_job.py:190} INFO - Processing /Users/akshaybhoge/PycharmProjects/venvEdgar/lib/python3.7/site-packages/airflow/example_dags/example_short_circuit_operator.py took 0.049 seconds
[2021-03-22 03:31:37,453] {scheduler_job.py:182} INFO - Started process (PID=29499) to work on /Users/akshaybhoge/PycharmProjects/venvEdgar/lib/python3.7/site-packages/airflow/example_dags/example_short_circuit_operator.py
[2021-03-22 03:31:37,454] {scheduler_job.py:629} INFO - Processing file /Users/akshaybhoge/PycharmProjects/venvEdgar/lib/python3.7/site-packages/airflow/example_dags/example_short_circuit_operator.py for tasks to queue
[2021-03-22 03:31:37,455] {logging_mixin.py:104} INFO - [2021-03-22 03:31:37,455] {dagbag.py:448} INFO - Filling up the DagBag from /Users/akshaybhoge/PycharmProjects/venvEdgar/lib/python3.7/site-packages/airflow/example_dags/example_short_circuit_operator.py
[2021-03-22 03:31:37,462] {scheduler_job.py:639} INFO - DAG(s) dict_keys(['example_short_circuit_operator']) retrieved from /Users/akshaybhoge/PycharmProjects/venvEdgar/lib/python3.7/site-packages/airflow/example_dags/example_short_circuit_operator.py
[2021-03-22 03:31:37,474] {logging_mixin.py:104} INFO - [2021-03-22 03:31:37,473] {dag.py:1818} INFO - Sync 1 DAGs
[2021-03-22 03:31:37,482] {logging_mixin.py:104} INFO - [2021-03-22 03:31:37,481] {dag.py:2273} INFO - Setting next_dagrun for example_short_circuit_operator to 2021-03-20 00:00:00+00:00
[2021-03-22 03:31:37,487] {scheduler_job.py:190} INFO - Processing /Users/akshaybhoge/PycharmProjects/venvEdgar/lib/python3.7/site-packages/airflow/example_dags/example_short_circuit_operator.py took 0.038 seconds
[2021-03-22 03:32:09,658] {scheduler_job.py:182} INFO - Started process (PID=29532) to work on /Users/akshaybhoge/PycharmProjects/venvEdgar/lib/python3.7/site-packages/airflow/example_dags/example_short_circuit_operator.py
[2021-03-22 03:32:09,660] {scheduler_job.py:629} INFO - Processing file /Users/akshaybhoge/PycharmProjects/venvEdgar/lib/python3.7/site-packages/airflow/example_dags/example_short_circuit_operator.py for tasks to queue
[2021-03-22 03:32:09,661] {logging_mixin.py:104} INFO - [2021-03-22 03:32:09,661] {dagbag.py:448} INFO - Filling up the DagBag from /Users/akshaybhoge/PycharmProjects/venvEdgar/lib/python3.7/site-packages/airflow/example_dags/example_short_circuit_operator.py
[2021-03-22 03:32:09,670] {scheduler_job.py:639} INFO - DAG(s) dict_keys(['example_short_circuit_operator']) retrieved from /Users/akshaybhoge/PycharmProjects/venvEdgar/lib/python3.7/site-packages/airflow/example_dags/example_short_circuit_operator.py
[2021-03-22 03:32:09,684] {logging_mixin.py:104} INFO - [2021-03-22 03:32:09,684] {dag.py:1818} INFO - Sync 1 DAGs
[2021-03-22 03:32:09,693] {logging_mixin.py:104} INFO - [2021-03-22 03:32:09,693] {dag.py:2273} INFO - Setting next_dagrun for example_short_circuit_operator to 2021-03-20 00:00:00+00:00
[2021-03-22 03:32:09,699] {scheduler_job.py:190} INFO - Processing /Users/akshaybhoge/PycharmProjects/venvEdgar/lib/python3.7/site-packages/airflow/example_dags/example_short_circuit_operator.py took 0.045 seconds
[2021-03-22 03:32:41,756] {scheduler_job.py:182} INFO - Started process (PID=29563) to work on /Users/akshaybhoge/PycharmProjects/venvEdgar/lib/python3.7/site-packages/airflow/example_dags/example_short_circuit_operator.py
[2021-03-22 03:32:41,760] {scheduler_job.py:629} INFO - Processing file /Users/akshaybhoge/PycharmProjects/venvEdgar/lib/python3.7/site-packages/airflow/example_dags/example_short_circuit_operator.py for tasks to queue
[2021-03-22 03:32:41,761] {logging_mixin.py:104} INFO - [2021-03-22 03:32:41,761] {dagbag.py:448} INFO - Filling up the DagBag from /Users/akshaybhoge/PycharmProjects/venvEdgar/lib/python3.7/site-packages/airflow/example_dags/example_short_circuit_operator.py
[2021-03-22 03:32:41,771] {scheduler_job.py:639} INFO - DAG(s) dict_keys(['example_short_circuit_operator']) retrieved from /Users/akshaybhoge/PycharmProjects/venvEdgar/lib/python3.7/site-packages/airflow/example_dags/example_short_circuit_operator.py
[2021-03-22 03:32:41,785] {logging_mixin.py:104} INFO - [2021-03-22 03:32:41,785] {dag.py:1818} INFO - Sync 1 DAGs
[2021-03-22 03:32:41,795] {logging_mixin.py:104} INFO - [2021-03-22 03:32:41,794] {dag.py:2273} INFO - Setting next_dagrun for example_short_circuit_operator to 2021-03-20 00:00:00+00:00
[2021-03-22 03:32:41,801] {scheduler_job.py:190} INFO - Processing /Users/akshaybhoge/PycharmProjects/venvEdgar/lib/python3.7/site-packages/airflow/example_dags/example_short_circuit_operator.py took 0.049 seconds
[2021-03-22 03:33:13,959] {scheduler_job.py:182} INFO - Started process (PID=29605) to work on /Users/akshaybhoge/PycharmProjects/venvEdgar/lib/python3.7/site-packages/airflow/example_dags/example_short_circuit_operator.py
[2021-03-22 03:33:13,962] {scheduler_job.py:629} INFO - Processing file /Users/akshaybhoge/PycharmProjects/venvEdgar/lib/python3.7/site-packages/airflow/example_dags/example_short_circuit_operator.py for tasks to queue
[2021-03-22 03:33:13,963] {logging_mixin.py:104} INFO - [2021-03-22 03:33:13,963] {dagbag.py:448} INFO - Filling up the DagBag from /Users/akshaybhoge/PycharmProjects/venvEdgar/lib/python3.7/site-packages/airflow/example_dags/example_short_circuit_operator.py
[2021-03-22 03:33:13,972] {scheduler_job.py:639} INFO - DAG(s) dict_keys(['example_short_circuit_operator']) retrieved from /Users/akshaybhoge/PycharmProjects/venvEdgar/lib/python3.7/site-packages/airflow/example_dags/example_short_circuit_operator.py
[2021-03-22 03:33:13,987] {logging_mixin.py:104} INFO - [2021-03-22 03:33:13,986] {dag.py:1818} INFO - Sync 1 DAGs
[2021-03-22 03:33:13,996] {logging_mixin.py:104} INFO - [2021-03-22 03:33:13,996] {dag.py:2273} INFO - Setting next_dagrun for example_short_circuit_operator to 2021-03-20 00:00:00+00:00
[2021-03-22 03:33:14,002] {scheduler_job.py:190} INFO - Processing /Users/akshaybhoge/PycharmProjects/venvEdgar/lib/python3.7/site-packages/airflow/example_dags/example_short_circuit_operator.py took 0.047 seconds
[2021-03-22 03:35:34,463] {scheduler_job.py:182} INFO - Started process (PID=29713) to work on /Users/akshaybhoge/PycharmProjects/venvEdgar/lib/python3.7/site-packages/airflow/example_dags/example_short_circuit_operator.py
[2021-03-22 03:35:34,465] {scheduler_job.py:629} INFO - Processing file /Users/akshaybhoge/PycharmProjects/venvEdgar/lib/python3.7/site-packages/airflow/example_dags/example_short_circuit_operator.py for tasks to queue
[2021-03-22 03:35:34,466] {logging_mixin.py:104} INFO - [2021-03-22 03:35:34,465] {dagbag.py:448} INFO - Filling up the DagBag from /Users/akshaybhoge/PycharmProjects/venvEdgar/lib/python3.7/site-packages/airflow/example_dags/example_short_circuit_operator.py
[2021-03-22 03:35:34,481] {scheduler_job.py:639} INFO - DAG(s) dict_keys(['example_short_circuit_operator']) retrieved from /Users/akshaybhoge/PycharmProjects/venvEdgar/lib/python3.7/site-packages/airflow/example_dags/example_short_circuit_operator.py
[2021-03-22 03:35:34,493] {logging_mixin.py:104} INFO - [2021-03-22 03:35:34,492] {dag.py:1818} INFO - Sync 1 DAGs
[2021-03-22 03:35:34,501] {logging_mixin.py:104} INFO - [2021-03-22 03:35:34,501] {dag.py:2273} INFO - Setting next_dagrun for example_short_circuit_operator to 2021-03-20 00:00:00+00:00
[2021-03-22 03:35:34,507] {scheduler_job.py:190} INFO - Processing /Users/akshaybhoge/PycharmProjects/venvEdgar/lib/python3.7/site-packages/airflow/example_dags/example_short_circuit_operator.py took 0.046 seconds
[2021-03-22 03:39:25,356] {scheduler_job.py:182} INFO - Started process (PID=29846) to work on /Users/akshaybhoge/PycharmProjects/venvEdgar/lib/python3.7/site-packages/airflow/example_dags/example_short_circuit_operator.py
[2021-03-22 03:39:25,361] {scheduler_job.py:629} INFO - Processing file /Users/akshaybhoge/PycharmProjects/venvEdgar/lib/python3.7/site-packages/airflow/example_dags/example_short_circuit_operator.py for tasks to queue
[2021-03-22 03:39:25,362] {logging_mixin.py:104} INFO - [2021-03-22 03:39:25,361] {dagbag.py:448} INFO - Filling up the DagBag from /Users/akshaybhoge/PycharmProjects/venvEdgar/lib/python3.7/site-packages/airflow/example_dags/example_short_circuit_operator.py
[2021-03-22 03:39:25,370] {scheduler_job.py:639} INFO - DAG(s) dict_keys(['example_short_circuit_operator']) retrieved from /Users/akshaybhoge/PycharmProjects/venvEdgar/lib/python3.7/site-packages/airflow/example_dags/example_short_circuit_operator.py
[2021-03-22 03:39:25,383] {logging_mixin.py:104} INFO - [2021-03-22 03:39:25,382] {dag.py:1818} INFO - Sync 1 DAGs
[2021-03-22 03:39:25,403] {logging_mixin.py:104} INFO - [2021-03-22 03:39:25,403] {dag.py:2273} INFO - Setting next_dagrun for example_short_circuit_operator to 2021-03-20 00:00:00+00:00
[2021-03-22 03:39:25,410] {scheduler_job.py:190} INFO - Processing /Users/akshaybhoge/PycharmProjects/venvEdgar/lib/python3.7/site-packages/airflow/example_dags/example_short_circuit_operator.py took 0.057 seconds
[2021-03-22 03:39:56,058] {scheduler_job.py:182} INFO - Started process (PID=29881) to work on /Users/akshaybhoge/PycharmProjects/venvEdgar/lib/python3.7/site-packages/airflow/example_dags/example_short_circuit_operator.py
[2021-03-22 03:39:56,059] {scheduler_job.py:629} INFO - Processing file /Users/akshaybhoge/PycharmProjects/venvEdgar/lib/python3.7/site-packages/airflow/example_dags/example_short_circuit_operator.py for tasks to queue
[2021-03-22 03:39:56,061] {logging_mixin.py:104} INFO - [2021-03-22 03:39:56,060] {dagbag.py:448} INFO - Filling up the DagBag from /Users/akshaybhoge/PycharmProjects/venvEdgar/lib/python3.7/site-packages/airflow/example_dags/example_short_circuit_operator.py
[2021-03-22 03:39:56,069] {scheduler_job.py:639} INFO - DAG(s) dict_keys(['example_short_circuit_operator']) retrieved from /Users/akshaybhoge/PycharmProjects/venvEdgar/lib/python3.7/site-packages/airflow/example_dags/example_short_circuit_operator.py
[2021-03-22 03:39:56,082] {logging_mixin.py:104} INFO - [2021-03-22 03:39:56,082] {dag.py:1818} INFO - Sync 1 DAGs
[2021-03-22 03:39:56,092] {logging_mixin.py:104} INFO - [2021-03-22 03:39:56,092] {dag.py:2273} INFO - Setting next_dagrun for example_short_circuit_operator to 2021-03-20 00:00:00+00:00
[2021-03-22 03:39:56,099] {scheduler_job.py:190} INFO - Processing /Users/akshaybhoge/PycharmProjects/venvEdgar/lib/python3.7/site-packages/airflow/example_dags/example_short_circuit_operator.py took 0.044 seconds
[2021-03-22 03:40:26,836] {scheduler_job.py:182} INFO - Started process (PID=29916) to work on /Users/akshaybhoge/PycharmProjects/venvEdgar/lib/python3.7/site-packages/airflow/example_dags/example_short_circuit_operator.py
[2021-03-22 03:40:26,838] {scheduler_job.py:629} INFO - Processing file /Users/akshaybhoge/PycharmProjects/venvEdgar/lib/python3.7/site-packages/airflow/example_dags/example_short_circuit_operator.py for tasks to queue
[2021-03-22 03:40:26,839] {logging_mixin.py:104} INFO - [2021-03-22 03:40:26,839] {dagbag.py:448} INFO - Filling up the DagBag from /Users/akshaybhoge/PycharmProjects/venvEdgar/lib/python3.7/site-packages/airflow/example_dags/example_short_circuit_operator.py
[2021-03-22 03:40:26,847] {scheduler_job.py:639} INFO - DAG(s) dict_keys(['example_short_circuit_operator']) retrieved from /Users/akshaybhoge/PycharmProjects/venvEdgar/lib/python3.7/site-packages/airflow/example_dags/example_short_circuit_operator.py
[2021-03-22 03:40:26,859] {logging_mixin.py:104} INFO - [2021-03-22 03:40:26,859] {dag.py:1818} INFO - Sync 1 DAGs
[2021-03-22 03:40:26,869] {logging_mixin.py:104} INFO - [2021-03-22 03:40:26,868] {dag.py:2273} INFO - Setting next_dagrun for example_short_circuit_operator to 2021-03-20 00:00:00+00:00
[2021-03-22 03:40:26,874] {scheduler_job.py:190} INFO - Processing /Users/akshaybhoge/PycharmProjects/venvEdgar/lib/python3.7/site-packages/airflow/example_dags/example_short_circuit_operator.py took 0.041 seconds
[2021-03-22 03:40:57,373] {scheduler_job.py:182} INFO - Started process (PID=29950) to work on /Users/akshaybhoge/PycharmProjects/venvEdgar/lib/python3.7/site-packages/airflow/example_dags/example_short_circuit_operator.py
[2021-03-22 03:40:57,376] {scheduler_job.py:629} INFO - Processing file /Users/akshaybhoge/PycharmProjects/venvEdgar/lib/python3.7/site-packages/airflow/example_dags/example_short_circuit_operator.py for tasks to queue
[2021-03-22 03:40:57,378] {logging_mixin.py:104} INFO - [2021-03-22 03:40:57,377] {dagbag.py:448} INFO - Filling up the DagBag from /Users/akshaybhoge/PycharmProjects/venvEdgar/lib/python3.7/site-packages/airflow/example_dags/example_short_circuit_operator.py
[2021-03-22 03:40:57,386] {scheduler_job.py:639} INFO - DAG(s) dict_keys(['example_short_circuit_operator']) retrieved from /Users/akshaybhoge/PycharmProjects/venvEdgar/lib/python3.7/site-packages/airflow/example_dags/example_short_circuit_operator.py
[2021-03-22 03:40:57,400] {logging_mixin.py:104} INFO - [2021-03-22 03:40:57,399] {dag.py:1818} INFO - Sync 1 DAGs
[2021-03-22 03:40:57,409] {logging_mixin.py:104} INFO - [2021-03-22 03:40:57,408] {dag.py:2273} INFO - Setting next_dagrun for example_short_circuit_operator to 2021-03-20 00:00:00+00:00
[2021-03-22 03:40:57,414] {scheduler_job.py:190} INFO - Processing /Users/akshaybhoge/PycharmProjects/venvEdgar/lib/python3.7/site-packages/airflow/example_dags/example_short_circuit_operator.py took 0.045 seconds
[2021-03-22 03:41:29,004] {scheduler_job.py:182} INFO - Started process (PID=29992) to work on /Users/akshaybhoge/PycharmProjects/venvEdgar/lib/python3.7/site-packages/airflow/example_dags/example_short_circuit_operator.py
[2021-03-22 03:41:29,005] {scheduler_job.py:629} INFO - Processing file /Users/akshaybhoge/PycharmProjects/venvEdgar/lib/python3.7/site-packages/airflow/example_dags/example_short_circuit_operator.py for tasks to queue
[2021-03-22 03:41:29,007] {logging_mixin.py:104} INFO - [2021-03-22 03:41:29,006] {dagbag.py:448} INFO - Filling up the DagBag from /Users/akshaybhoge/PycharmProjects/venvEdgar/lib/python3.7/site-packages/airflow/example_dags/example_short_circuit_operator.py
[2021-03-22 03:41:29,016] {scheduler_job.py:639} INFO - DAG(s) dict_keys(['example_short_circuit_operator']) retrieved from /Users/akshaybhoge/PycharmProjects/venvEdgar/lib/python3.7/site-packages/airflow/example_dags/example_short_circuit_operator.py
[2021-03-22 03:41:29,031] {logging_mixin.py:104} INFO - [2021-03-22 03:41:29,030] {dag.py:1818} INFO - Sync 1 DAGs
[2021-03-22 03:41:29,041] {logging_mixin.py:104} INFO - [2021-03-22 03:41:29,040] {dag.py:2273} INFO - Setting next_dagrun for example_short_circuit_operator to 2021-03-20 00:00:00+00:00
[2021-03-22 03:41:29,047] {scheduler_job.py:190} INFO - Processing /Users/akshaybhoge/PycharmProjects/venvEdgar/lib/python3.7/site-packages/airflow/example_dags/example_short_circuit_operator.py took 0.046 seconds
[2021-03-22 03:42:01,014] {scheduler_job.py:182} INFO - Started process (PID=30031) to work on /Users/akshaybhoge/PycharmProjects/venvEdgar/lib/python3.7/site-packages/airflow/example_dags/example_short_circuit_operator.py
[2021-03-22 03:42:01,016] {scheduler_job.py:629} INFO - Processing file /Users/akshaybhoge/PycharmProjects/venvEdgar/lib/python3.7/site-packages/airflow/example_dags/example_short_circuit_operator.py for tasks to queue
[2021-03-22 03:42:01,017] {logging_mixin.py:104} INFO - [2021-03-22 03:42:01,016] {dagbag.py:448} INFO - Filling up the DagBag from /Users/akshaybhoge/PycharmProjects/venvEdgar/lib/python3.7/site-packages/airflow/example_dags/example_short_circuit_operator.py
[2021-03-22 03:42:01,025] {scheduler_job.py:639} INFO - DAG(s) dict_keys(['example_short_circuit_operator']) retrieved from /Users/akshaybhoge/PycharmProjects/venvEdgar/lib/python3.7/site-packages/airflow/example_dags/example_short_circuit_operator.py
[2021-03-22 03:42:01,038] {logging_mixin.py:104} INFO - [2021-03-22 03:42:01,037] {dag.py:1818} INFO - Sync 1 DAGs
[2021-03-22 03:42:01,047] {logging_mixin.py:104} INFO - [2021-03-22 03:42:01,047] {dag.py:2273} INFO - Setting next_dagrun for example_short_circuit_operator to 2021-03-20 00:00:00+00:00
[2021-03-22 03:42:01,054] {scheduler_job.py:190} INFO - Processing /Users/akshaybhoge/PycharmProjects/venvEdgar/lib/python3.7/site-packages/airflow/example_dags/example_short_circuit_operator.py took 0.043 seconds
[2021-03-22 03:42:32,484] {scheduler_job.py:182} INFO - Started process (PID=30069) to work on /Users/akshaybhoge/PycharmProjects/venvEdgar/lib/python3.7/site-packages/airflow/example_dags/example_short_circuit_operator.py
[2021-03-22 03:42:32,486] {scheduler_job.py:629} INFO - Processing file /Users/akshaybhoge/PycharmProjects/venvEdgar/lib/python3.7/site-packages/airflow/example_dags/example_short_circuit_operator.py for tasks to queue
[2021-03-22 03:42:32,487] {logging_mixin.py:104} INFO - [2021-03-22 03:42:32,487] {dagbag.py:448} INFO - Filling up the DagBag from /Users/akshaybhoge/PycharmProjects/venvEdgar/lib/python3.7/site-packages/airflow/example_dags/example_short_circuit_operator.py
[2021-03-22 03:42:32,496] {scheduler_job.py:639} INFO - DAG(s) dict_keys(['example_short_circuit_operator']) retrieved from /Users/akshaybhoge/PycharmProjects/venvEdgar/lib/python3.7/site-packages/airflow/example_dags/example_short_circuit_operator.py
[2021-03-22 03:42:32,510] {logging_mixin.py:104} INFO - [2021-03-22 03:42:32,509] {dag.py:1818} INFO - Sync 1 DAGs
[2021-03-22 03:42:32,519] {logging_mixin.py:104} INFO - [2021-03-22 03:42:32,519] {dag.py:2273} INFO - Setting next_dagrun for example_short_circuit_operator to 2021-03-20 00:00:00+00:00
[2021-03-22 03:42:32,525] {scheduler_job.py:190} INFO - Processing /Users/akshaybhoge/PycharmProjects/venvEdgar/lib/python3.7/site-packages/airflow/example_dags/example_short_circuit_operator.py took 0.044 seconds
[2021-03-22 03:43:05,488] {scheduler_job.py:182} INFO - Started process (PID=30110) to work on /Users/akshaybhoge/PycharmProjects/venvEdgar/lib/python3.7/site-packages/airflow/example_dags/example_short_circuit_operator.py
[2021-03-22 03:43:05,490] {scheduler_job.py:629} INFO - Processing file /Users/akshaybhoge/PycharmProjects/venvEdgar/lib/python3.7/site-packages/airflow/example_dags/example_short_circuit_operator.py for tasks to queue
[2021-03-22 03:43:05,491] {logging_mixin.py:104} INFO - [2021-03-22 03:43:05,491] {dagbag.py:448} INFO - Filling up the DagBag from /Users/akshaybhoge/PycharmProjects/venvEdgar/lib/python3.7/site-packages/airflow/example_dags/example_short_circuit_operator.py
[2021-03-22 03:43:05,500] {scheduler_job.py:639} INFO - DAG(s) dict_keys(['example_short_circuit_operator']) retrieved from /Users/akshaybhoge/PycharmProjects/venvEdgar/lib/python3.7/site-packages/airflow/example_dags/example_short_circuit_operator.py
[2021-03-22 03:43:05,513] {logging_mixin.py:104} INFO - [2021-03-22 03:43:05,513] {dag.py:1818} INFO - Sync 1 DAGs
[2021-03-22 03:43:05,522] {logging_mixin.py:104} INFO - [2021-03-22 03:43:05,522] {dag.py:2273} INFO - Setting next_dagrun for example_short_circuit_operator to 2021-03-20 00:00:00+00:00
[2021-03-22 03:43:05,529] {scheduler_job.py:190} INFO - Processing /Users/akshaybhoge/PycharmProjects/venvEdgar/lib/python3.7/site-packages/airflow/example_dags/example_short_circuit_operator.py took 0.044 seconds
[2021-03-22 03:44:18,902] {scheduler_job.py:182} INFO - Started process (PID=30183) to work on /Users/akshaybhoge/PycharmProjects/venvEdgar/lib/python3.7/site-packages/airflow/example_dags/example_short_circuit_operator.py
[2021-03-22 03:44:18,904] {scheduler_job.py:629} INFO - Processing file /Users/akshaybhoge/PycharmProjects/venvEdgar/lib/python3.7/site-packages/airflow/example_dags/example_short_circuit_operator.py for tasks to queue
[2021-03-22 03:44:18,905] {logging_mixin.py:104} INFO - [2021-03-22 03:44:18,905] {dagbag.py:448} INFO - Filling up the DagBag from /Users/akshaybhoge/PycharmProjects/venvEdgar/lib/python3.7/site-packages/airflow/example_dags/example_short_circuit_operator.py
[2021-03-22 03:44:18,915] {scheduler_job.py:639} INFO - DAG(s) dict_keys(['example_short_circuit_operator']) retrieved from /Users/akshaybhoge/PycharmProjects/venvEdgar/lib/python3.7/site-packages/airflow/example_dags/example_short_circuit_operator.py
[2021-03-22 03:44:18,928] {logging_mixin.py:104} INFO - [2021-03-22 03:44:18,928] {dag.py:1818} INFO - Sync 1 DAGs
[2021-03-22 03:44:18,938] {logging_mixin.py:104} INFO - [2021-03-22 03:44:18,937] {dag.py:2273} INFO - Setting next_dagrun for example_short_circuit_operator to 2021-03-20 00:00:00+00:00
[2021-03-22 03:44:18,944] {scheduler_job.py:190} INFO - Processing /Users/akshaybhoge/PycharmProjects/venvEdgar/lib/python3.7/site-packages/airflow/example_dags/example_short_circuit_operator.py took 0.046 seconds
[2021-03-22 03:45:19,132] {scheduler_job.py:182} INFO - Started process (PID=30224) to work on /Users/akshaybhoge/PycharmProjects/venvEdgar/lib/python3.7/site-packages/airflow/example_dags/example_short_circuit_operator.py
[2021-03-22 03:45:19,135] {scheduler_job.py:629} INFO - Processing file /Users/akshaybhoge/PycharmProjects/venvEdgar/lib/python3.7/site-packages/airflow/example_dags/example_short_circuit_operator.py for tasks to queue
[2021-03-22 03:45:19,136] {logging_mixin.py:104} INFO - [2021-03-22 03:45:19,135] {dagbag.py:448} INFO - Filling up the DagBag from /Users/akshaybhoge/PycharmProjects/venvEdgar/lib/python3.7/site-packages/airflow/example_dags/example_short_circuit_operator.py
[2021-03-22 03:45:19,145] {scheduler_job.py:639} INFO - DAG(s) dict_keys(['example_short_circuit_operator']) retrieved from /Users/akshaybhoge/PycharmProjects/venvEdgar/lib/python3.7/site-packages/airflow/example_dags/example_short_circuit_operator.py
[2021-03-22 03:45:19,158] {logging_mixin.py:104} INFO - [2021-03-22 03:45:19,158] {dag.py:1818} INFO - Sync 1 DAGs
[2021-03-22 03:45:19,168] {logging_mixin.py:104} INFO - [2021-03-22 03:45:19,168] {dag.py:2273} INFO - Setting next_dagrun for example_short_circuit_operator to 2021-03-20 00:00:00+00:00
[2021-03-22 03:45:19,176] {scheduler_job.py:190} INFO - Processing /Users/akshaybhoge/PycharmProjects/venvEdgar/lib/python3.7/site-packages/airflow/example_dags/example_short_circuit_operator.py took 0.047 seconds
