[2021-03-22 02:54:46,043] {scheduler_job.py:182} INFO - Started process (PID=26806) to work on /Users/akshaybhoge/PycharmProjects/venvEdgar/lib/python3.7/site-packages/airflow/example_dags/subdags/subdag.py
[2021-03-22 02:54:46,045] {scheduler_job.py:629} INFO - Processing file /Users/akshaybhoge/PycharmProjects/venvEdgar/lib/python3.7/site-packages/airflow/example_dags/subdags/subdag.py for tasks to queue
[2021-03-22 02:54:46,046] {logging_mixin.py:104} INFO - [2021-03-22 02:54:46,046] {dagbag.py:448} INFO - Filling up the DagBag from /Users/akshaybhoge/PycharmProjects/venvEdgar/lib/python3.7/site-packages/airflow/example_dags/subdags/subdag.py
[2021-03-22 02:54:46,051] {scheduler_job.py:641} WARNING - No viable dags retrieved from /Users/akshaybhoge/PycharmProjects/venvEdgar/lib/python3.7/site-packages/airflow/example_dags/subdags/subdag.py
[2021-03-22 02:54:46,059] {scheduler_job.py:190} INFO - Processing /Users/akshaybhoge/PycharmProjects/venvEdgar/lib/python3.7/site-packages/airflow/example_dags/subdags/subdag.py took 0.021 seconds
[2021-03-22 02:55:18,077] {scheduler_job.py:182} INFO - Started process (PID=26862) to work on /Users/akshaybhoge/PycharmProjects/venvEdgar/lib/python3.7/site-packages/airflow/example_dags/subdags/subdag.py
[2021-03-22 02:55:18,084] {scheduler_job.py:629} INFO - Processing file /Users/akshaybhoge/PycharmProjects/venvEdgar/lib/python3.7/site-packages/airflow/example_dags/subdags/subdag.py for tasks to queue
[2021-03-22 02:55:18,085] {logging_mixin.py:104} INFO - [2021-03-22 02:55:18,085] {dagbag.py:448} INFO - Filling up the DagBag from /Users/akshaybhoge/PycharmProjects/venvEdgar/lib/python3.7/site-packages/airflow/example_dags/subdags/subdag.py
[2021-03-22 02:55:18,089] {scheduler_job.py:641} WARNING - No viable dags retrieved from /Users/akshaybhoge/PycharmProjects/venvEdgar/lib/python3.7/site-packages/airflow/example_dags/subdags/subdag.py
[2021-03-22 02:55:18,096] {scheduler_job.py:190} INFO - Processing /Users/akshaybhoge/PycharmProjects/venvEdgar/lib/python3.7/site-packages/airflow/example_dags/subdags/subdag.py took 0.022 seconds
[2021-03-22 02:55:51,966] {scheduler_job.py:182} INFO - Started process (PID=26970) to work on /Users/akshaybhoge/PycharmProjects/venvEdgar/lib/python3.7/site-packages/airflow/example_dags/subdags/subdag.py
[2021-03-22 02:55:51,968] {scheduler_job.py:629} INFO - Processing file /Users/akshaybhoge/PycharmProjects/venvEdgar/lib/python3.7/site-packages/airflow/example_dags/subdags/subdag.py for tasks to queue
[2021-03-22 02:55:51,970] {logging_mixin.py:104} INFO - [2021-03-22 02:55:51,970] {dagbag.py:448} INFO - Filling up the DagBag from /Users/akshaybhoge/PycharmProjects/venvEdgar/lib/python3.7/site-packages/airflow/example_dags/subdags/subdag.py
[2021-03-22 02:55:51,976] {scheduler_job.py:641} WARNING - No viable dags retrieved from /Users/akshaybhoge/PycharmProjects/venvEdgar/lib/python3.7/site-packages/airflow/example_dags/subdags/subdag.py
[2021-03-22 02:55:51,986] {scheduler_job.py:190} INFO - Processing /Users/akshaybhoge/PycharmProjects/venvEdgar/lib/python3.7/site-packages/airflow/example_dags/subdags/subdag.py took 0.024 seconds
[2021-03-22 02:56:24,306] {scheduler_job.py:182} INFO - Started process (PID=27046) to work on /Users/akshaybhoge/PycharmProjects/venvEdgar/lib/python3.7/site-packages/airflow/example_dags/subdags/subdag.py
[2021-03-22 02:56:24,308] {scheduler_job.py:629} INFO - Processing file /Users/akshaybhoge/PycharmProjects/venvEdgar/lib/python3.7/site-packages/airflow/example_dags/subdags/subdag.py for tasks to queue
[2021-03-22 02:56:24,310] {logging_mixin.py:104} INFO - [2021-03-22 02:56:24,309] {dagbag.py:448} INFO - Filling up the DagBag from /Users/akshaybhoge/PycharmProjects/venvEdgar/lib/python3.7/site-packages/airflow/example_dags/subdags/subdag.py
[2021-03-22 02:56:24,317] {scheduler_job.py:641} WARNING - No viable dags retrieved from /Users/akshaybhoge/PycharmProjects/venvEdgar/lib/python3.7/site-packages/airflow/example_dags/subdags/subdag.py
[2021-03-22 02:56:24,327] {scheduler_job.py:190} INFO - Processing /Users/akshaybhoge/PycharmProjects/venvEdgar/lib/python3.7/site-packages/airflow/example_dags/subdags/subdag.py took 0.027 seconds
[2021-03-22 02:56:59,653] {scheduler_job.py:182} INFO - Started process (PID=27122) to work on /Users/akshaybhoge/PycharmProjects/venvEdgar/lib/python3.7/site-packages/airflow/example_dags/subdags/subdag.py
[2021-03-22 02:56:59,656] {scheduler_job.py:629} INFO - Processing file /Users/akshaybhoge/PycharmProjects/venvEdgar/lib/python3.7/site-packages/airflow/example_dags/subdags/subdag.py for tasks to queue
[2021-03-22 02:56:59,658] {logging_mixin.py:104} INFO - [2021-03-22 02:56:59,657] {dagbag.py:448} INFO - Filling up the DagBag from /Users/akshaybhoge/PycharmProjects/venvEdgar/lib/python3.7/site-packages/airflow/example_dags/subdags/subdag.py
[2021-03-22 02:56:59,666] {scheduler_job.py:641} WARNING - No viable dags retrieved from /Users/akshaybhoge/PycharmProjects/venvEdgar/lib/python3.7/site-packages/airflow/example_dags/subdags/subdag.py
[2021-03-22 02:56:59,678] {scheduler_job.py:190} INFO - Processing /Users/akshaybhoge/PycharmProjects/venvEdgar/lib/python3.7/site-packages/airflow/example_dags/subdags/subdag.py took 0.032 seconds
[2021-03-22 02:57:32,700] {scheduler_job.py:182} INFO - Started process (PID=27201) to work on /Users/akshaybhoge/PycharmProjects/venvEdgar/lib/python3.7/site-packages/airflow/example_dags/subdags/subdag.py
[2021-03-22 02:57:32,703] {scheduler_job.py:629} INFO - Processing file /Users/akshaybhoge/PycharmProjects/venvEdgar/lib/python3.7/site-packages/airflow/example_dags/subdags/subdag.py for tasks to queue
[2021-03-22 02:57:32,705] {logging_mixin.py:104} INFO - [2021-03-22 02:57:32,704] {dagbag.py:448} INFO - Filling up the DagBag from /Users/akshaybhoge/PycharmProjects/venvEdgar/lib/python3.7/site-packages/airflow/example_dags/subdags/subdag.py
[2021-03-22 02:57:32,712] {scheduler_job.py:641} WARNING - No viable dags retrieved from /Users/akshaybhoge/PycharmProjects/venvEdgar/lib/python3.7/site-packages/airflow/example_dags/subdags/subdag.py
[2021-03-22 02:57:32,724] {scheduler_job.py:190} INFO - Processing /Users/akshaybhoge/PycharmProjects/venvEdgar/lib/python3.7/site-packages/airflow/example_dags/subdags/subdag.py took 0.030 seconds
[2021-03-22 02:58:23,494] {scheduler_job.py:182} INFO - Started process (PID=27298) to work on /Users/akshaybhoge/PycharmProjects/venvEdgar/lib/python3.7/site-packages/airflow/example_dags/subdags/subdag.py
[2021-03-22 02:58:23,496] {scheduler_job.py:629} INFO - Processing file /Users/akshaybhoge/PycharmProjects/venvEdgar/lib/python3.7/site-packages/airflow/example_dags/subdags/subdag.py for tasks to queue
[2021-03-22 02:58:23,498] {logging_mixin.py:104} INFO - [2021-03-22 02:58:23,497] {dagbag.py:448} INFO - Filling up the DagBag from /Users/akshaybhoge/PycharmProjects/venvEdgar/lib/python3.7/site-packages/airflow/example_dags/subdags/subdag.py
[2021-03-22 02:58:23,504] {scheduler_job.py:641} WARNING - No viable dags retrieved from /Users/akshaybhoge/PycharmProjects/venvEdgar/lib/python3.7/site-packages/airflow/example_dags/subdags/subdag.py
[2021-03-22 02:58:23,511] {scheduler_job.py:190} INFO - Processing /Users/akshaybhoge/PycharmProjects/venvEdgar/lib/python3.7/site-packages/airflow/example_dags/subdags/subdag.py took 0.021 seconds
[2021-03-22 02:58:55,569] {scheduler_job.py:182} INFO - Started process (PID=27353) to work on /Users/akshaybhoge/PycharmProjects/venvEdgar/lib/python3.7/site-packages/airflow/example_dags/subdags/subdag.py
[2021-03-22 02:58:55,571] {scheduler_job.py:629} INFO - Processing file /Users/akshaybhoge/PycharmProjects/venvEdgar/lib/python3.7/site-packages/airflow/example_dags/subdags/subdag.py for tasks to queue
[2021-03-22 02:58:55,572] {logging_mixin.py:104} INFO - [2021-03-22 02:58:55,572] {dagbag.py:448} INFO - Filling up the DagBag from /Users/akshaybhoge/PycharmProjects/venvEdgar/lib/python3.7/site-packages/airflow/example_dags/subdags/subdag.py
[2021-03-22 02:58:55,576] {scheduler_job.py:641} WARNING - No viable dags retrieved from /Users/akshaybhoge/PycharmProjects/venvEdgar/lib/python3.7/site-packages/airflow/example_dags/subdags/subdag.py
[2021-03-22 02:58:55,583] {scheduler_job.py:190} INFO - Processing /Users/akshaybhoge/PycharmProjects/venvEdgar/lib/python3.7/site-packages/airflow/example_dags/subdags/subdag.py took 0.017 seconds
[2021-03-22 02:59:27,669] {scheduler_job.py:182} INFO - Started process (PID=27427) to work on /Users/akshaybhoge/PycharmProjects/venvEdgar/lib/python3.7/site-packages/airflow/example_dags/subdags/subdag.py
[2021-03-22 02:59:27,670] {scheduler_job.py:629} INFO - Processing file /Users/akshaybhoge/PycharmProjects/venvEdgar/lib/python3.7/site-packages/airflow/example_dags/subdags/subdag.py for tasks to queue
[2021-03-22 02:59:27,671] {logging_mixin.py:104} INFO - [2021-03-22 02:59:27,671] {dagbag.py:448} INFO - Filling up the DagBag from /Users/akshaybhoge/PycharmProjects/venvEdgar/lib/python3.7/site-packages/airflow/example_dags/subdags/subdag.py
[2021-03-22 02:59:27,675] {scheduler_job.py:641} WARNING - No viable dags retrieved from /Users/akshaybhoge/PycharmProjects/venvEdgar/lib/python3.7/site-packages/airflow/example_dags/subdags/subdag.py
[2021-03-22 02:59:27,681] {scheduler_job.py:190} INFO - Processing /Users/akshaybhoge/PycharmProjects/venvEdgar/lib/python3.7/site-packages/airflow/example_dags/subdags/subdag.py took 0.015 seconds
[2021-03-22 02:59:59,871] {scheduler_job.py:182} INFO - Started process (PID=27479) to work on /Users/akshaybhoge/PycharmProjects/venvEdgar/lib/python3.7/site-packages/airflow/example_dags/subdags/subdag.py
[2021-03-22 02:59:59,872] {scheduler_job.py:629} INFO - Processing file /Users/akshaybhoge/PycharmProjects/venvEdgar/lib/python3.7/site-packages/airflow/example_dags/subdags/subdag.py for tasks to queue
[2021-03-22 02:59:59,874] {logging_mixin.py:104} INFO - [2021-03-22 02:59:59,873] {dagbag.py:448} INFO - Filling up the DagBag from /Users/akshaybhoge/PycharmProjects/venvEdgar/lib/python3.7/site-packages/airflow/example_dags/subdags/subdag.py
[2021-03-22 02:59:59,877] {scheduler_job.py:641} WARNING - No viable dags retrieved from /Users/akshaybhoge/PycharmProjects/venvEdgar/lib/python3.7/site-packages/airflow/example_dags/subdags/subdag.py
[2021-03-22 02:59:59,884] {scheduler_job.py:190} INFO - Processing /Users/akshaybhoge/PycharmProjects/venvEdgar/lib/python3.7/site-packages/airflow/example_dags/subdags/subdag.py took 0.017 seconds
[2021-03-22 03:00:32,067] {scheduler_job.py:182} INFO - Started process (PID=27548) to work on /Users/akshaybhoge/PycharmProjects/venvEdgar/lib/python3.7/site-packages/airflow/example_dags/subdags/subdag.py
[2021-03-22 03:00:32,069] {scheduler_job.py:629} INFO - Processing file /Users/akshaybhoge/PycharmProjects/venvEdgar/lib/python3.7/site-packages/airflow/example_dags/subdags/subdag.py for tasks to queue
[2021-03-22 03:00:32,070] {logging_mixin.py:104} INFO - [2021-03-22 03:00:32,070] {dagbag.py:448} INFO - Filling up the DagBag from /Users/akshaybhoge/PycharmProjects/venvEdgar/lib/python3.7/site-packages/airflow/example_dags/subdags/subdag.py
[2021-03-22 03:00:32,074] {scheduler_job.py:641} WARNING - No viable dags retrieved from /Users/akshaybhoge/PycharmProjects/venvEdgar/lib/python3.7/site-packages/airflow/example_dags/subdags/subdag.py
[2021-03-22 03:00:32,080] {scheduler_job.py:190} INFO - Processing /Users/akshaybhoge/PycharmProjects/venvEdgar/lib/python3.7/site-packages/airflow/example_dags/subdags/subdag.py took 0.016 seconds
[2021-03-22 03:01:04,174] {scheduler_job.py:182} INFO - Started process (PID=27580) to work on /Users/akshaybhoge/PycharmProjects/venvEdgar/lib/python3.7/site-packages/airflow/example_dags/subdags/subdag.py
[2021-03-22 03:01:04,175] {scheduler_job.py:629} INFO - Processing file /Users/akshaybhoge/PycharmProjects/venvEdgar/lib/python3.7/site-packages/airflow/example_dags/subdags/subdag.py for tasks to queue
[2021-03-22 03:01:04,177] {logging_mixin.py:104} INFO - [2021-03-22 03:01:04,176] {dagbag.py:448} INFO - Filling up the DagBag from /Users/akshaybhoge/PycharmProjects/venvEdgar/lib/python3.7/site-packages/airflow/example_dags/subdags/subdag.py
[2021-03-22 03:01:04,180] {scheduler_job.py:641} WARNING - No viable dags retrieved from /Users/akshaybhoge/PycharmProjects/venvEdgar/lib/python3.7/site-packages/airflow/example_dags/subdags/subdag.py
[2021-03-22 03:01:04,187] {scheduler_job.py:190} INFO - Processing /Users/akshaybhoge/PycharmProjects/venvEdgar/lib/python3.7/site-packages/airflow/example_dags/subdags/subdag.py took 0.016 seconds
[2021-03-22 03:01:36,290] {scheduler_job.py:182} INFO - Started process (PID=27623) to work on /Users/akshaybhoge/PycharmProjects/venvEdgar/lib/python3.7/site-packages/airflow/example_dags/subdags/subdag.py
[2021-03-22 03:01:36,292] {scheduler_job.py:629} INFO - Processing file /Users/akshaybhoge/PycharmProjects/venvEdgar/lib/python3.7/site-packages/airflow/example_dags/subdags/subdag.py for tasks to queue
[2021-03-22 03:01:36,293] {logging_mixin.py:104} INFO - [2021-03-22 03:01:36,293] {dagbag.py:448} INFO - Filling up the DagBag from /Users/akshaybhoge/PycharmProjects/venvEdgar/lib/python3.7/site-packages/airflow/example_dags/subdags/subdag.py
[2021-03-22 03:01:36,297] {scheduler_job.py:641} WARNING - No viable dags retrieved from /Users/akshaybhoge/PycharmProjects/venvEdgar/lib/python3.7/site-packages/airflow/example_dags/subdags/subdag.py
[2021-03-22 03:01:36,303] {scheduler_job.py:190} INFO - Processing /Users/akshaybhoge/PycharmProjects/venvEdgar/lib/python3.7/site-packages/airflow/example_dags/subdags/subdag.py took 0.017 seconds
[2021-03-22 03:02:08,301] {scheduler_job.py:182} INFO - Started process (PID=27654) to work on /Users/akshaybhoge/PycharmProjects/venvEdgar/lib/python3.7/site-packages/airflow/example_dags/subdags/subdag.py
[2021-03-22 03:02:08,303] {scheduler_job.py:629} INFO - Processing file /Users/akshaybhoge/PycharmProjects/venvEdgar/lib/python3.7/site-packages/airflow/example_dags/subdags/subdag.py for tasks to queue
[2021-03-22 03:02:08,304] {logging_mixin.py:104} INFO - [2021-03-22 03:02:08,303] {dagbag.py:448} INFO - Filling up the DagBag from /Users/akshaybhoge/PycharmProjects/venvEdgar/lib/python3.7/site-packages/airflow/example_dags/subdags/subdag.py
[2021-03-22 03:02:08,308] {scheduler_job.py:641} WARNING - No viable dags retrieved from /Users/akshaybhoge/PycharmProjects/venvEdgar/lib/python3.7/site-packages/airflow/example_dags/subdags/subdag.py
[2021-03-22 03:02:08,314] {scheduler_job.py:190} INFO - Processing /Users/akshaybhoge/PycharmProjects/venvEdgar/lib/python3.7/site-packages/airflow/example_dags/subdags/subdag.py took 0.017 seconds
[2021-03-22 03:02:40,419] {scheduler_job.py:182} INFO - Started process (PID=27686) to work on /Users/akshaybhoge/PycharmProjects/venvEdgar/lib/python3.7/site-packages/airflow/example_dags/subdags/subdag.py
[2021-03-22 03:02:40,421] {scheduler_job.py:629} INFO - Processing file /Users/akshaybhoge/PycharmProjects/venvEdgar/lib/python3.7/site-packages/airflow/example_dags/subdags/subdag.py for tasks to queue
[2021-03-22 03:02:40,422] {logging_mixin.py:104} INFO - [2021-03-22 03:02:40,422] {dagbag.py:448} INFO - Filling up the DagBag from /Users/akshaybhoge/PycharmProjects/venvEdgar/lib/python3.7/site-packages/airflow/example_dags/subdags/subdag.py
[2021-03-22 03:02:40,426] {scheduler_job.py:641} WARNING - No viable dags retrieved from /Users/akshaybhoge/PycharmProjects/venvEdgar/lib/python3.7/site-packages/airflow/example_dags/subdags/subdag.py
[2021-03-22 03:02:40,435] {scheduler_job.py:190} INFO - Processing /Users/akshaybhoge/PycharmProjects/venvEdgar/lib/python3.7/site-packages/airflow/example_dags/subdags/subdag.py took 0.021 seconds
[2021-03-22 03:03:12,518] {scheduler_job.py:182} INFO - Started process (PID=27719) to work on /Users/akshaybhoge/PycharmProjects/venvEdgar/lib/python3.7/site-packages/airflow/example_dags/subdags/subdag.py
[2021-03-22 03:03:12,519] {scheduler_job.py:629} INFO - Processing file /Users/akshaybhoge/PycharmProjects/venvEdgar/lib/python3.7/site-packages/airflow/example_dags/subdags/subdag.py for tasks to queue
[2021-03-22 03:03:12,520] {logging_mixin.py:104} INFO - [2021-03-22 03:03:12,520] {dagbag.py:448} INFO - Filling up the DagBag from /Users/akshaybhoge/PycharmProjects/venvEdgar/lib/python3.7/site-packages/airflow/example_dags/subdags/subdag.py
[2021-03-22 03:03:12,523] {scheduler_job.py:641} WARNING - No viable dags retrieved from /Users/akshaybhoge/PycharmProjects/venvEdgar/lib/python3.7/site-packages/airflow/example_dags/subdags/subdag.py
[2021-03-22 03:03:12,528] {scheduler_job.py:190} INFO - Processing /Users/akshaybhoge/PycharmProjects/venvEdgar/lib/python3.7/site-packages/airflow/example_dags/subdags/subdag.py took 0.013 seconds
[2021-03-22 03:03:44,646] {scheduler_job.py:182} INFO - Started process (PID=27769) to work on /Users/akshaybhoge/PycharmProjects/venvEdgar/lib/python3.7/site-packages/airflow/example_dags/subdags/subdag.py
[2021-03-22 03:03:44,648] {scheduler_job.py:629} INFO - Processing file /Users/akshaybhoge/PycharmProjects/venvEdgar/lib/python3.7/site-packages/airflow/example_dags/subdags/subdag.py for tasks to queue
[2021-03-22 03:03:44,649] {logging_mixin.py:104} INFO - [2021-03-22 03:03:44,649] {dagbag.py:448} INFO - Filling up the DagBag from /Users/akshaybhoge/PycharmProjects/venvEdgar/lib/python3.7/site-packages/airflow/example_dags/subdags/subdag.py
[2021-03-22 03:03:44,653] {scheduler_job.py:641} WARNING - No viable dags retrieved from /Users/akshaybhoge/PycharmProjects/venvEdgar/lib/python3.7/site-packages/airflow/example_dags/subdags/subdag.py
[2021-03-22 03:03:44,657] {scheduler_job.py:190} INFO - Processing /Users/akshaybhoge/PycharmProjects/venvEdgar/lib/python3.7/site-packages/airflow/example_dags/subdags/subdag.py took 0.014 seconds
[2021-03-22 03:04:16,747] {scheduler_job.py:182} INFO - Started process (PID=27808) to work on /Users/akshaybhoge/PycharmProjects/venvEdgar/lib/python3.7/site-packages/airflow/example_dags/subdags/subdag.py
[2021-03-22 03:04:16,748] {scheduler_job.py:629} INFO - Processing file /Users/akshaybhoge/PycharmProjects/venvEdgar/lib/python3.7/site-packages/airflow/example_dags/subdags/subdag.py for tasks to queue
[2021-03-22 03:04:16,749] {logging_mixin.py:104} INFO - [2021-03-22 03:04:16,749] {dagbag.py:448} INFO - Filling up the DagBag from /Users/akshaybhoge/PycharmProjects/venvEdgar/lib/python3.7/site-packages/airflow/example_dags/subdags/subdag.py
[2021-03-22 03:04:16,753] {scheduler_job.py:641} WARNING - No viable dags retrieved from /Users/akshaybhoge/PycharmProjects/venvEdgar/lib/python3.7/site-packages/airflow/example_dags/subdags/subdag.py
[2021-03-22 03:04:16,759] {scheduler_job.py:190} INFO - Processing /Users/akshaybhoge/PycharmProjects/venvEdgar/lib/python3.7/site-packages/airflow/example_dags/subdags/subdag.py took 0.015 seconds
[2021-03-22 03:04:48,874] {scheduler_job.py:182} INFO - Started process (PID=27845) to work on /Users/akshaybhoge/PycharmProjects/venvEdgar/lib/python3.7/site-packages/airflow/example_dags/subdags/subdag.py
[2021-03-22 03:04:48,876] {scheduler_job.py:629} INFO - Processing file /Users/akshaybhoge/PycharmProjects/venvEdgar/lib/python3.7/site-packages/airflow/example_dags/subdags/subdag.py for tasks to queue
[2021-03-22 03:04:48,877] {logging_mixin.py:104} INFO - [2021-03-22 03:04:48,877] {dagbag.py:448} INFO - Filling up the DagBag from /Users/akshaybhoge/PycharmProjects/venvEdgar/lib/python3.7/site-packages/airflow/example_dags/subdags/subdag.py
[2021-03-22 03:04:48,881] {scheduler_job.py:641} WARNING - No viable dags retrieved from /Users/akshaybhoge/PycharmProjects/venvEdgar/lib/python3.7/site-packages/airflow/example_dags/subdags/subdag.py
[2021-03-22 03:04:48,889] {scheduler_job.py:190} INFO - Processing /Users/akshaybhoge/PycharmProjects/venvEdgar/lib/python3.7/site-packages/airflow/example_dags/subdags/subdag.py took 0.018 seconds
[2021-03-22 03:05:21,000] {scheduler_job.py:182} INFO - Started process (PID=27883) to work on /Users/akshaybhoge/PycharmProjects/venvEdgar/lib/python3.7/site-packages/airflow/example_dags/subdags/subdag.py
[2021-03-22 03:05:21,001] {scheduler_job.py:629} INFO - Processing file /Users/akshaybhoge/PycharmProjects/venvEdgar/lib/python3.7/site-packages/airflow/example_dags/subdags/subdag.py for tasks to queue
[2021-03-22 03:05:21,003] {logging_mixin.py:104} INFO - [2021-03-22 03:05:21,002] {dagbag.py:448} INFO - Filling up the DagBag from /Users/akshaybhoge/PycharmProjects/venvEdgar/lib/python3.7/site-packages/airflow/example_dags/subdags/subdag.py
[2021-03-22 03:05:21,006] {scheduler_job.py:641} WARNING - No viable dags retrieved from /Users/akshaybhoge/PycharmProjects/venvEdgar/lib/python3.7/site-packages/airflow/example_dags/subdags/subdag.py
[2021-03-22 03:05:21,014] {scheduler_job.py:190} INFO - Processing /Users/akshaybhoge/PycharmProjects/venvEdgar/lib/python3.7/site-packages/airflow/example_dags/subdags/subdag.py took 0.018 seconds
[2021-03-22 03:05:53,115] {scheduler_job.py:182} INFO - Started process (PID=27922) to work on /Users/akshaybhoge/PycharmProjects/venvEdgar/lib/python3.7/site-packages/airflow/example_dags/subdags/subdag.py
[2021-03-22 03:05:53,118] {scheduler_job.py:629} INFO - Processing file /Users/akshaybhoge/PycharmProjects/venvEdgar/lib/python3.7/site-packages/airflow/example_dags/subdags/subdag.py for tasks to queue
[2021-03-22 03:05:53,119] {logging_mixin.py:104} INFO - [2021-03-22 03:05:53,119] {dagbag.py:448} INFO - Filling up the DagBag from /Users/akshaybhoge/PycharmProjects/venvEdgar/lib/python3.7/site-packages/airflow/example_dags/subdags/subdag.py
[2021-03-22 03:05:53,123] {scheduler_job.py:641} WARNING - No viable dags retrieved from /Users/akshaybhoge/PycharmProjects/venvEdgar/lib/python3.7/site-packages/airflow/example_dags/subdags/subdag.py
[2021-03-22 03:05:53,129] {scheduler_job.py:190} INFO - Processing /Users/akshaybhoge/PycharmProjects/venvEdgar/lib/python3.7/site-packages/airflow/example_dags/subdags/subdag.py took 0.017 seconds
[2021-03-22 03:06:25,350] {scheduler_job.py:182} INFO - Started process (PID=27956) to work on /Users/akshaybhoge/PycharmProjects/venvEdgar/lib/python3.7/site-packages/airflow/example_dags/subdags/subdag.py
[2021-03-22 03:06:25,353] {scheduler_job.py:629} INFO - Processing file /Users/akshaybhoge/PycharmProjects/venvEdgar/lib/python3.7/site-packages/airflow/example_dags/subdags/subdag.py for tasks to queue
[2021-03-22 03:06:25,355] {logging_mixin.py:104} INFO - [2021-03-22 03:06:25,354] {dagbag.py:448} INFO - Filling up the DagBag from /Users/akshaybhoge/PycharmProjects/venvEdgar/lib/python3.7/site-packages/airflow/example_dags/subdags/subdag.py
[2021-03-22 03:06:25,360] {scheduler_job.py:641} WARNING - No viable dags retrieved from /Users/akshaybhoge/PycharmProjects/venvEdgar/lib/python3.7/site-packages/airflow/example_dags/subdags/subdag.py
[2021-03-22 03:06:25,366] {scheduler_job.py:190} INFO - Processing /Users/akshaybhoge/PycharmProjects/venvEdgar/lib/python3.7/site-packages/airflow/example_dags/subdags/subdag.py took 0.020 seconds
[2021-03-22 03:06:57,575] {scheduler_job.py:182} INFO - Started process (PID=27991) to work on /Users/akshaybhoge/PycharmProjects/venvEdgar/lib/python3.7/site-packages/airflow/example_dags/subdags/subdag.py
[2021-03-22 03:06:57,578] {scheduler_job.py:629} INFO - Processing file /Users/akshaybhoge/PycharmProjects/venvEdgar/lib/python3.7/site-packages/airflow/example_dags/subdags/subdag.py for tasks to queue
[2021-03-22 03:06:57,579] {logging_mixin.py:104} INFO - [2021-03-22 03:06:57,579] {dagbag.py:448} INFO - Filling up the DagBag from /Users/akshaybhoge/PycharmProjects/venvEdgar/lib/python3.7/site-packages/airflow/example_dags/subdags/subdag.py
[2021-03-22 03:06:57,584] {scheduler_job.py:641} WARNING - No viable dags retrieved from /Users/akshaybhoge/PycharmProjects/venvEdgar/lib/python3.7/site-packages/airflow/example_dags/subdags/subdag.py
[2021-03-22 03:06:57,590] {scheduler_job.py:190} INFO - Processing /Users/akshaybhoge/PycharmProjects/venvEdgar/lib/python3.7/site-packages/airflow/example_dags/subdags/subdag.py took 0.019 seconds
[2021-03-22 03:07:29,809] {scheduler_job.py:182} INFO - Started process (PID=28026) to work on /Users/akshaybhoge/PycharmProjects/venvEdgar/lib/python3.7/site-packages/airflow/example_dags/subdags/subdag.py
[2021-03-22 03:07:29,812] {scheduler_job.py:629} INFO - Processing file /Users/akshaybhoge/PycharmProjects/venvEdgar/lib/python3.7/site-packages/airflow/example_dags/subdags/subdag.py for tasks to queue
[2021-03-22 03:07:29,813] {logging_mixin.py:104} INFO - [2021-03-22 03:07:29,813] {dagbag.py:448} INFO - Filling up the DagBag from /Users/akshaybhoge/PycharmProjects/venvEdgar/lib/python3.7/site-packages/airflow/example_dags/subdags/subdag.py
[2021-03-22 03:07:29,818] {scheduler_job.py:641} WARNING - No viable dags retrieved from /Users/akshaybhoge/PycharmProjects/venvEdgar/lib/python3.7/site-packages/airflow/example_dags/subdags/subdag.py
[2021-03-22 03:07:29,824] {scheduler_job.py:190} INFO - Processing /Users/akshaybhoge/PycharmProjects/venvEdgar/lib/python3.7/site-packages/airflow/example_dags/subdags/subdag.py took 0.018 seconds
[2021-03-22 03:08:02,034] {scheduler_job.py:182} INFO - Started process (PID=28057) to work on /Users/akshaybhoge/PycharmProjects/venvEdgar/lib/python3.7/site-packages/airflow/example_dags/subdags/subdag.py
[2021-03-22 03:08:02,038] {scheduler_job.py:629} INFO - Processing file /Users/akshaybhoge/PycharmProjects/venvEdgar/lib/python3.7/site-packages/airflow/example_dags/subdags/subdag.py for tasks to queue
[2021-03-22 03:08:02,040] {logging_mixin.py:104} INFO - [2021-03-22 03:08:02,039] {dagbag.py:448} INFO - Filling up the DagBag from /Users/akshaybhoge/PycharmProjects/venvEdgar/lib/python3.7/site-packages/airflow/example_dags/subdags/subdag.py
[2021-03-22 03:08:02,046] {scheduler_job.py:641} WARNING - No viable dags retrieved from /Users/akshaybhoge/PycharmProjects/venvEdgar/lib/python3.7/site-packages/airflow/example_dags/subdags/subdag.py
[2021-03-22 03:08:02,053] {scheduler_job.py:190} INFO - Processing /Users/akshaybhoge/PycharmProjects/venvEdgar/lib/python3.7/site-packages/airflow/example_dags/subdags/subdag.py took 0.023 seconds
[2021-03-22 03:08:34,286] {scheduler_job.py:182} INFO - Started process (PID=28096) to work on /Users/akshaybhoge/PycharmProjects/venvEdgar/lib/python3.7/site-packages/airflow/example_dags/subdags/subdag.py
[2021-03-22 03:08:34,288] {scheduler_job.py:629} INFO - Processing file /Users/akshaybhoge/PycharmProjects/venvEdgar/lib/python3.7/site-packages/airflow/example_dags/subdags/subdag.py for tasks to queue
[2021-03-22 03:08:34,290] {logging_mixin.py:104} INFO - [2021-03-22 03:08:34,289] {dagbag.py:448} INFO - Filling up the DagBag from /Users/akshaybhoge/PycharmProjects/venvEdgar/lib/python3.7/site-packages/airflow/example_dags/subdags/subdag.py
[2021-03-22 03:08:34,294] {scheduler_job.py:641} WARNING - No viable dags retrieved from /Users/akshaybhoge/PycharmProjects/venvEdgar/lib/python3.7/site-packages/airflow/example_dags/subdags/subdag.py
[2021-03-22 03:08:34,301] {scheduler_job.py:190} INFO - Processing /Users/akshaybhoge/PycharmProjects/venvEdgar/lib/python3.7/site-packages/airflow/example_dags/subdags/subdag.py took 0.018 seconds
[2021-03-22 03:09:06,553] {scheduler_job.py:182} INFO - Started process (PID=28135) to work on /Users/akshaybhoge/PycharmProjects/venvEdgar/lib/python3.7/site-packages/airflow/example_dags/subdags/subdag.py
[2021-03-22 03:09:06,556] {scheduler_job.py:629} INFO - Processing file /Users/akshaybhoge/PycharmProjects/venvEdgar/lib/python3.7/site-packages/airflow/example_dags/subdags/subdag.py for tasks to queue
[2021-03-22 03:09:06,558] {logging_mixin.py:104} INFO - [2021-03-22 03:09:06,557] {dagbag.py:448} INFO - Filling up the DagBag from /Users/akshaybhoge/PycharmProjects/venvEdgar/lib/python3.7/site-packages/airflow/example_dags/subdags/subdag.py
[2021-03-22 03:09:06,563] {scheduler_job.py:641} WARNING - No viable dags retrieved from /Users/akshaybhoge/PycharmProjects/venvEdgar/lib/python3.7/site-packages/airflow/example_dags/subdags/subdag.py
[2021-03-22 03:09:06,569] {scheduler_job.py:190} INFO - Processing /Users/akshaybhoge/PycharmProjects/venvEdgar/lib/python3.7/site-packages/airflow/example_dags/subdags/subdag.py took 0.020 seconds
[2021-03-22 03:11:52,279] {scheduler_job.py:182} INFO - Started process (PID=28236) to work on /Users/akshaybhoge/PycharmProjects/venvEdgar/lib/python3.7/site-packages/airflow/example_dags/subdags/subdag.py
[2021-03-22 03:11:52,287] {scheduler_job.py:629} INFO - Processing file /Users/akshaybhoge/PycharmProjects/venvEdgar/lib/python3.7/site-packages/airflow/example_dags/subdags/subdag.py for tasks to queue
[2021-03-22 03:11:52,292] {logging_mixin.py:104} INFO - [2021-03-22 03:11:52,290] {dagbag.py:448} INFO - Filling up the DagBag from /Users/akshaybhoge/PycharmProjects/venvEdgar/lib/python3.7/site-packages/airflow/example_dags/subdags/subdag.py
[2021-03-22 03:11:52,307] {scheduler_job.py:641} WARNING - No viable dags retrieved from /Users/akshaybhoge/PycharmProjects/venvEdgar/lib/python3.7/site-packages/airflow/example_dags/subdags/subdag.py
[2021-03-22 03:11:52,333] {scheduler_job.py:190} INFO - Processing /Users/akshaybhoge/PycharmProjects/venvEdgar/lib/python3.7/site-packages/airflow/example_dags/subdags/subdag.py took 0.066 seconds
[2021-03-22 03:12:24,897] {scheduler_job.py:182} INFO - Started process (PID=28280) to work on /Users/akshaybhoge/PycharmProjects/venvEdgar/lib/python3.7/site-packages/airflow/example_dags/subdags/subdag.py
[2021-03-22 03:12:24,904] {scheduler_job.py:629} INFO - Processing file /Users/akshaybhoge/PycharmProjects/venvEdgar/lib/python3.7/site-packages/airflow/example_dags/subdags/subdag.py for tasks to queue
[2021-03-22 03:12:24,909] {logging_mixin.py:104} INFO - [2021-03-22 03:12:24,907] {dagbag.py:448} INFO - Filling up the DagBag from /Users/akshaybhoge/PycharmProjects/venvEdgar/lib/python3.7/site-packages/airflow/example_dags/subdags/subdag.py
[2021-03-22 03:12:24,923] {scheduler_job.py:641} WARNING - No viable dags retrieved from /Users/akshaybhoge/PycharmProjects/venvEdgar/lib/python3.7/site-packages/airflow/example_dags/subdags/subdag.py
[2021-03-22 03:12:24,945] {scheduler_job.py:190} INFO - Processing /Users/akshaybhoge/PycharmProjects/venvEdgar/lib/python3.7/site-packages/airflow/example_dags/subdags/subdag.py took 0.060 seconds
[2021-03-22 03:13:44,984] {scheduler_job.py:182} INFO - Started process (PID=28346) to work on /Users/akshaybhoge/PycharmProjects/venvEdgar/lib/python3.7/site-packages/airflow/example_dags/subdags/subdag.py
[2021-03-22 03:13:44,997] {scheduler_job.py:629} INFO - Processing file /Users/akshaybhoge/PycharmProjects/venvEdgar/lib/python3.7/site-packages/airflow/example_dags/subdags/subdag.py for tasks to queue
[2021-03-22 03:13:44,998] {logging_mixin.py:104} INFO - [2021-03-22 03:13:44,998] {dagbag.py:448} INFO - Filling up the DagBag from /Users/akshaybhoge/PycharmProjects/venvEdgar/lib/python3.7/site-packages/airflow/example_dags/subdags/subdag.py
[2021-03-22 03:13:45,002] {scheduler_job.py:641} WARNING - No viable dags retrieved from /Users/akshaybhoge/PycharmProjects/venvEdgar/lib/python3.7/site-packages/airflow/example_dags/subdags/subdag.py
[2021-03-22 03:13:45,023] {scheduler_job.py:190} INFO - Processing /Users/akshaybhoge/PycharmProjects/venvEdgar/lib/python3.7/site-packages/airflow/example_dags/subdags/subdag.py took 0.043 seconds
[2021-03-22 03:14:17,188] {scheduler_job.py:182} INFO - Started process (PID=28395) to work on /Users/akshaybhoge/PycharmProjects/venvEdgar/lib/python3.7/site-packages/airflow/example_dags/subdags/subdag.py
[2021-03-22 03:14:17,190] {scheduler_job.py:629} INFO - Processing file /Users/akshaybhoge/PycharmProjects/venvEdgar/lib/python3.7/site-packages/airflow/example_dags/subdags/subdag.py for tasks to queue
[2021-03-22 03:14:17,191] {logging_mixin.py:104} INFO - [2021-03-22 03:14:17,190] {dagbag.py:448} INFO - Filling up the DagBag from /Users/akshaybhoge/PycharmProjects/venvEdgar/lib/python3.7/site-packages/airflow/example_dags/subdags/subdag.py
[2021-03-22 03:14:17,196] {scheduler_job.py:641} WARNING - No viable dags retrieved from /Users/akshaybhoge/PycharmProjects/venvEdgar/lib/python3.7/site-packages/airflow/example_dags/subdags/subdag.py
[2021-03-22 03:14:17,202] {scheduler_job.py:190} INFO - Processing /Users/akshaybhoge/PycharmProjects/venvEdgar/lib/python3.7/site-packages/airflow/example_dags/subdags/subdag.py took 0.017 seconds
[2021-03-22 03:14:49,194] {scheduler_job.py:182} INFO - Started process (PID=28441) to work on /Users/akshaybhoge/PycharmProjects/venvEdgar/lib/python3.7/site-packages/airflow/example_dags/subdags/subdag.py
[2021-03-22 03:14:49,195] {scheduler_job.py:629} INFO - Processing file /Users/akshaybhoge/PycharmProjects/venvEdgar/lib/python3.7/site-packages/airflow/example_dags/subdags/subdag.py for tasks to queue
[2021-03-22 03:14:49,197] {logging_mixin.py:104} INFO - [2021-03-22 03:14:49,196] {dagbag.py:448} INFO - Filling up the DagBag from /Users/akshaybhoge/PycharmProjects/venvEdgar/lib/python3.7/site-packages/airflow/example_dags/subdags/subdag.py
[2021-03-22 03:14:49,202] {scheduler_job.py:641} WARNING - No viable dags retrieved from /Users/akshaybhoge/PycharmProjects/venvEdgar/lib/python3.7/site-packages/airflow/example_dags/subdags/subdag.py
[2021-03-22 03:14:49,208] {scheduler_job.py:190} INFO - Processing /Users/akshaybhoge/PycharmProjects/venvEdgar/lib/python3.7/site-packages/airflow/example_dags/subdags/subdag.py took 0.018 seconds
[2021-03-22 03:15:23,212] {scheduler_job.py:182} INFO - Started process (PID=28482) to work on /Users/akshaybhoge/PycharmProjects/venvEdgar/lib/python3.7/site-packages/airflow/example_dags/subdags/subdag.py
[2021-03-22 03:15:23,214] {scheduler_job.py:629} INFO - Processing file /Users/akshaybhoge/PycharmProjects/venvEdgar/lib/python3.7/site-packages/airflow/example_dags/subdags/subdag.py for tasks to queue
[2021-03-22 03:15:23,215] {logging_mixin.py:104} INFO - [2021-03-22 03:15:23,215] {dagbag.py:448} INFO - Filling up the DagBag from /Users/akshaybhoge/PycharmProjects/venvEdgar/lib/python3.7/site-packages/airflow/example_dags/subdags/subdag.py
[2021-03-22 03:15:23,219] {scheduler_job.py:641} WARNING - No viable dags retrieved from /Users/akshaybhoge/PycharmProjects/venvEdgar/lib/python3.7/site-packages/airflow/example_dags/subdags/subdag.py
[2021-03-22 03:15:23,225] {scheduler_job.py:190} INFO - Processing /Users/akshaybhoge/PycharmProjects/venvEdgar/lib/python3.7/site-packages/airflow/example_dags/subdags/subdag.py took 0.018 seconds
[2021-03-22 03:15:55,685] {scheduler_job.py:182} INFO - Started process (PID=28520) to work on /Users/akshaybhoge/PycharmProjects/venvEdgar/lib/python3.7/site-packages/airflow/example_dags/subdags/subdag.py
[2021-03-22 03:15:55,688] {scheduler_job.py:629} INFO - Processing file /Users/akshaybhoge/PycharmProjects/venvEdgar/lib/python3.7/site-packages/airflow/example_dags/subdags/subdag.py for tasks to queue
[2021-03-22 03:15:55,689] {logging_mixin.py:104} INFO - [2021-03-22 03:15:55,689] {dagbag.py:448} INFO - Filling up the DagBag from /Users/akshaybhoge/PycharmProjects/venvEdgar/lib/python3.7/site-packages/airflow/example_dags/subdags/subdag.py
[2021-03-22 03:15:55,694] {scheduler_job.py:641} WARNING - No viable dags retrieved from /Users/akshaybhoge/PycharmProjects/venvEdgar/lib/python3.7/site-packages/airflow/example_dags/subdags/subdag.py
[2021-03-22 03:15:55,701] {scheduler_job.py:190} INFO - Processing /Users/akshaybhoge/PycharmProjects/venvEdgar/lib/python3.7/site-packages/airflow/example_dags/subdags/subdag.py took 0.019 seconds
[2021-03-22 03:16:27,909] {scheduler_job.py:182} INFO - Started process (PID=28567) to work on /Users/akshaybhoge/PycharmProjects/venvEdgar/lib/python3.7/site-packages/airflow/example_dags/subdags/subdag.py
[2021-03-22 03:16:27,912] {scheduler_job.py:629} INFO - Processing file /Users/akshaybhoge/PycharmProjects/venvEdgar/lib/python3.7/site-packages/airflow/example_dags/subdags/subdag.py for tasks to queue
[2021-03-22 03:16:27,913] {logging_mixin.py:104} INFO - [2021-03-22 03:16:27,913] {dagbag.py:448} INFO - Filling up the DagBag from /Users/akshaybhoge/PycharmProjects/venvEdgar/lib/python3.7/site-packages/airflow/example_dags/subdags/subdag.py
[2021-03-22 03:16:27,918] {scheduler_job.py:641} WARNING - No viable dags retrieved from /Users/akshaybhoge/PycharmProjects/venvEdgar/lib/python3.7/site-packages/airflow/example_dags/subdags/subdag.py
[2021-03-22 03:16:27,927] {scheduler_job.py:190} INFO - Processing /Users/akshaybhoge/PycharmProjects/venvEdgar/lib/python3.7/site-packages/airflow/example_dags/subdags/subdag.py took 0.022 seconds
[2021-03-22 03:17:00,005] {scheduler_job.py:182} INFO - Started process (PID=28606) to work on /Users/akshaybhoge/PycharmProjects/venvEdgar/lib/python3.7/site-packages/airflow/example_dags/subdags/subdag.py
[2021-03-22 03:17:00,007] {scheduler_job.py:629} INFO - Processing file /Users/akshaybhoge/PycharmProjects/venvEdgar/lib/python3.7/site-packages/airflow/example_dags/subdags/subdag.py for tasks to queue
[2021-03-22 03:17:00,008] {logging_mixin.py:104} INFO - [2021-03-22 03:17:00,008] {dagbag.py:448} INFO - Filling up the DagBag from /Users/akshaybhoge/PycharmProjects/venvEdgar/lib/python3.7/site-packages/airflow/example_dags/subdags/subdag.py
[2021-03-22 03:17:00,013] {scheduler_job.py:641} WARNING - No viable dags retrieved from /Users/akshaybhoge/PycharmProjects/venvEdgar/lib/python3.7/site-packages/airflow/example_dags/subdags/subdag.py
[2021-03-22 03:17:00,019] {scheduler_job.py:190} INFO - Processing /Users/akshaybhoge/PycharmProjects/venvEdgar/lib/python3.7/site-packages/airflow/example_dags/subdags/subdag.py took 0.018 seconds
[2021-03-22 03:17:32,017] {scheduler_job.py:182} INFO - Started process (PID=28639) to work on /Users/akshaybhoge/PycharmProjects/venvEdgar/lib/python3.7/site-packages/airflow/example_dags/subdags/subdag.py
[2021-03-22 03:17:32,019] {scheduler_job.py:629} INFO - Processing file /Users/akshaybhoge/PycharmProjects/venvEdgar/lib/python3.7/site-packages/airflow/example_dags/subdags/subdag.py for tasks to queue
[2021-03-22 03:17:32,020] {logging_mixin.py:104} INFO - [2021-03-22 03:17:32,019] {dagbag.py:448} INFO - Filling up the DagBag from /Users/akshaybhoge/PycharmProjects/venvEdgar/lib/python3.7/site-packages/airflow/example_dags/subdags/subdag.py
[2021-03-22 03:17:32,024] {scheduler_job.py:641} WARNING - No viable dags retrieved from /Users/akshaybhoge/PycharmProjects/venvEdgar/lib/python3.7/site-packages/airflow/example_dags/subdags/subdag.py
[2021-03-22 03:17:32,030] {scheduler_job.py:190} INFO - Processing /Users/akshaybhoge/PycharmProjects/venvEdgar/lib/python3.7/site-packages/airflow/example_dags/subdags/subdag.py took 0.017 seconds
[2021-03-22 03:18:04,014] {scheduler_job.py:182} INFO - Started process (PID=28669) to work on /Users/akshaybhoge/PycharmProjects/venvEdgar/lib/python3.7/site-packages/airflow/example_dags/subdags/subdag.py
[2021-03-22 03:18:04,016] {scheduler_job.py:629} INFO - Processing file /Users/akshaybhoge/PycharmProjects/venvEdgar/lib/python3.7/site-packages/airflow/example_dags/subdags/subdag.py for tasks to queue
[2021-03-22 03:18:04,017] {logging_mixin.py:104} INFO - [2021-03-22 03:18:04,017] {dagbag.py:448} INFO - Filling up the DagBag from /Users/akshaybhoge/PycharmProjects/venvEdgar/lib/python3.7/site-packages/airflow/example_dags/subdags/subdag.py
[2021-03-22 03:18:04,021] {scheduler_job.py:641} WARNING - No viable dags retrieved from /Users/akshaybhoge/PycharmProjects/venvEdgar/lib/python3.7/site-packages/airflow/example_dags/subdags/subdag.py
[2021-03-22 03:18:04,028] {scheduler_job.py:190} INFO - Processing /Users/akshaybhoge/PycharmProjects/venvEdgar/lib/python3.7/site-packages/airflow/example_dags/subdags/subdag.py took 0.018 seconds
[2021-03-22 03:18:36,126] {scheduler_job.py:182} INFO - Started process (PID=28700) to work on /Users/akshaybhoge/PycharmProjects/venvEdgar/lib/python3.7/site-packages/airflow/example_dags/subdags/subdag.py
[2021-03-22 03:18:36,128] {scheduler_job.py:629} INFO - Processing file /Users/akshaybhoge/PycharmProjects/venvEdgar/lib/python3.7/site-packages/airflow/example_dags/subdags/subdag.py for tasks to queue
[2021-03-22 03:18:36,130] {logging_mixin.py:104} INFO - [2021-03-22 03:18:36,129] {dagbag.py:448} INFO - Filling up the DagBag from /Users/akshaybhoge/PycharmProjects/venvEdgar/lib/python3.7/site-packages/airflow/example_dags/subdags/subdag.py
[2021-03-22 03:18:36,135] {scheduler_job.py:641} WARNING - No viable dags retrieved from /Users/akshaybhoge/PycharmProjects/venvEdgar/lib/python3.7/site-packages/airflow/example_dags/subdags/subdag.py
[2021-03-22 03:18:36,142] {scheduler_job.py:190} INFO - Processing /Users/akshaybhoge/PycharmProjects/venvEdgar/lib/python3.7/site-packages/airflow/example_dags/subdags/subdag.py took 0.020 seconds
[2021-03-22 03:19:10,970] {scheduler_job.py:182} INFO - Started process (PID=28743) to work on /Users/akshaybhoge/PycharmProjects/venvEdgar/lib/python3.7/site-packages/airflow/example_dags/subdags/subdag.py
[2021-03-22 03:19:10,972] {scheduler_job.py:629} INFO - Processing file /Users/akshaybhoge/PycharmProjects/venvEdgar/lib/python3.7/site-packages/airflow/example_dags/subdags/subdag.py for tasks to queue
[2021-03-22 03:19:10,973] {logging_mixin.py:104} INFO - [2021-03-22 03:19:10,973] {dagbag.py:448} INFO - Filling up the DagBag from /Users/akshaybhoge/PycharmProjects/venvEdgar/lib/python3.7/site-packages/airflow/example_dags/subdags/subdag.py
[2021-03-22 03:19:10,976] {scheduler_job.py:641} WARNING - No viable dags retrieved from /Users/akshaybhoge/PycharmProjects/venvEdgar/lib/python3.7/site-packages/airflow/example_dags/subdags/subdag.py
[2021-03-22 03:19:10,983] {scheduler_job.py:190} INFO - Processing /Users/akshaybhoge/PycharmProjects/venvEdgar/lib/python3.7/site-packages/airflow/example_dags/subdags/subdag.py took 0.016 seconds
[2021-03-22 03:19:43,376] {scheduler_job.py:182} INFO - Started process (PID=28787) to work on /Users/akshaybhoge/PycharmProjects/venvEdgar/lib/python3.7/site-packages/airflow/example_dags/subdags/subdag.py
[2021-03-22 03:19:43,379] {scheduler_job.py:629} INFO - Processing file /Users/akshaybhoge/PycharmProjects/venvEdgar/lib/python3.7/site-packages/airflow/example_dags/subdags/subdag.py for tasks to queue
[2021-03-22 03:19:43,381] {logging_mixin.py:104} INFO - [2021-03-22 03:19:43,381] {dagbag.py:448} INFO - Filling up the DagBag from /Users/akshaybhoge/PycharmProjects/venvEdgar/lib/python3.7/site-packages/airflow/example_dags/subdags/subdag.py
[2021-03-22 03:19:43,384] {scheduler_job.py:641} WARNING - No viable dags retrieved from /Users/akshaybhoge/PycharmProjects/venvEdgar/lib/python3.7/site-packages/airflow/example_dags/subdags/subdag.py
[2021-03-22 03:19:43,391] {scheduler_job.py:190} INFO - Processing /Users/akshaybhoge/PycharmProjects/venvEdgar/lib/python3.7/site-packages/airflow/example_dags/subdags/subdag.py took 0.018 seconds
[2021-03-22 03:20:16,519] {scheduler_job.py:182} INFO - Started process (PID=28827) to work on /Users/akshaybhoge/PycharmProjects/venvEdgar/lib/python3.7/site-packages/airflow/example_dags/subdags/subdag.py
[2021-03-22 03:20:16,521] {scheduler_job.py:629} INFO - Processing file /Users/akshaybhoge/PycharmProjects/venvEdgar/lib/python3.7/site-packages/airflow/example_dags/subdags/subdag.py for tasks to queue
[2021-03-22 03:20:16,522] {logging_mixin.py:104} INFO - [2021-03-22 03:20:16,522] {dagbag.py:448} INFO - Filling up the DagBag from /Users/akshaybhoge/PycharmProjects/venvEdgar/lib/python3.7/site-packages/airflow/example_dags/subdags/subdag.py
[2021-03-22 03:20:16,526] {scheduler_job.py:641} WARNING - No viable dags retrieved from /Users/akshaybhoge/PycharmProjects/venvEdgar/lib/python3.7/site-packages/airflow/example_dags/subdags/subdag.py
[2021-03-22 03:20:16,533] {scheduler_job.py:190} INFO - Processing /Users/akshaybhoge/PycharmProjects/venvEdgar/lib/python3.7/site-packages/airflow/example_dags/subdags/subdag.py took 0.017 seconds
[2021-03-22 03:20:48,840] {scheduler_job.py:182} INFO - Started process (PID=28872) to work on /Users/akshaybhoge/PycharmProjects/venvEdgar/lib/python3.7/site-packages/airflow/example_dags/subdags/subdag.py
[2021-03-22 03:20:48,843] {scheduler_job.py:629} INFO - Processing file /Users/akshaybhoge/PycharmProjects/venvEdgar/lib/python3.7/site-packages/airflow/example_dags/subdags/subdag.py for tasks to queue
[2021-03-22 03:20:48,844] {logging_mixin.py:104} INFO - [2021-03-22 03:20:48,844] {dagbag.py:448} INFO - Filling up the DagBag from /Users/akshaybhoge/PycharmProjects/venvEdgar/lib/python3.7/site-packages/airflow/example_dags/subdags/subdag.py
[2021-03-22 03:20:48,850] {scheduler_job.py:641} WARNING - No viable dags retrieved from /Users/akshaybhoge/PycharmProjects/venvEdgar/lib/python3.7/site-packages/airflow/example_dags/subdags/subdag.py
[2021-03-22 03:20:48,858] {scheduler_job.py:190} INFO - Processing /Users/akshaybhoge/PycharmProjects/venvEdgar/lib/python3.7/site-packages/airflow/example_dags/subdags/subdag.py took 0.022 seconds
[2021-03-22 03:21:20,939] {scheduler_job.py:182} INFO - Started process (PID=28918) to work on /Users/akshaybhoge/PycharmProjects/venvEdgar/lib/python3.7/site-packages/airflow/example_dags/subdags/subdag.py
[2021-03-22 03:21:20,941] {scheduler_job.py:629} INFO - Processing file /Users/akshaybhoge/PycharmProjects/venvEdgar/lib/python3.7/site-packages/airflow/example_dags/subdags/subdag.py for tasks to queue
[2021-03-22 03:21:20,942] {logging_mixin.py:104} INFO - [2021-03-22 03:21:20,942] {dagbag.py:448} INFO - Filling up the DagBag from /Users/akshaybhoge/PycharmProjects/venvEdgar/lib/python3.7/site-packages/airflow/example_dags/subdags/subdag.py
[2021-03-22 03:21:20,946] {scheduler_job.py:641} WARNING - No viable dags retrieved from /Users/akshaybhoge/PycharmProjects/venvEdgar/lib/python3.7/site-packages/airflow/example_dags/subdags/subdag.py
[2021-03-22 03:21:20,953] {scheduler_job.py:190} INFO - Processing /Users/akshaybhoge/PycharmProjects/venvEdgar/lib/python3.7/site-packages/airflow/example_dags/subdags/subdag.py took 0.017 seconds
[2021-03-22 03:22:56,744] {scheduler_job.py:182} INFO - Started process (PID=29024) to work on /Users/akshaybhoge/PycharmProjects/venvEdgar/lib/python3.7/site-packages/airflow/example_dags/subdags/subdag.py
[2021-03-22 03:22:56,746] {scheduler_job.py:629} INFO - Processing file /Users/akshaybhoge/PycharmProjects/venvEdgar/lib/python3.7/site-packages/airflow/example_dags/subdags/subdag.py for tasks to queue
[2021-03-22 03:22:56,747] {logging_mixin.py:104} INFO - [2021-03-22 03:22:56,747] {dagbag.py:448} INFO - Filling up the DagBag from /Users/akshaybhoge/PycharmProjects/venvEdgar/lib/python3.7/site-packages/airflow/example_dags/subdags/subdag.py
[2021-03-22 03:22:56,751] {scheduler_job.py:641} WARNING - No viable dags retrieved from /Users/akshaybhoge/PycharmProjects/venvEdgar/lib/python3.7/site-packages/airflow/example_dags/subdags/subdag.py
[2021-03-22 03:22:56,758] {scheduler_job.py:190} INFO - Processing /Users/akshaybhoge/PycharmProjects/venvEdgar/lib/python3.7/site-packages/airflow/example_dags/subdags/subdag.py took 0.017 seconds
[2021-03-22 03:23:42,283] {scheduler_job.py:182} INFO - Started process (PID=29075) to work on /Users/akshaybhoge/PycharmProjects/venvEdgar/lib/python3.7/site-packages/airflow/example_dags/subdags/subdag.py
[2021-03-22 03:23:42,290] {scheduler_job.py:629} INFO - Processing file /Users/akshaybhoge/PycharmProjects/venvEdgar/lib/python3.7/site-packages/airflow/example_dags/subdags/subdag.py for tasks to queue
[2021-03-22 03:23:42,291] {logging_mixin.py:104} INFO - [2021-03-22 03:23:42,291] {dagbag.py:448} INFO - Filling up the DagBag from /Users/akshaybhoge/PycharmProjects/venvEdgar/lib/python3.7/site-packages/airflow/example_dags/subdags/subdag.py
[2021-03-22 03:23:42,294] {scheduler_job.py:641} WARNING - No viable dags retrieved from /Users/akshaybhoge/PycharmProjects/venvEdgar/lib/python3.7/site-packages/airflow/example_dags/subdags/subdag.py
[2021-03-22 03:23:42,299] {scheduler_job.py:190} INFO - Processing /Users/akshaybhoge/PycharmProjects/venvEdgar/lib/python3.7/site-packages/airflow/example_dags/subdags/subdag.py took 0.020 seconds
[2021-03-22 03:24:36,216] {scheduler_job.py:182} INFO - Started process (PID=29148) to work on /Users/akshaybhoge/PycharmProjects/venvEdgar/lib/python3.7/site-packages/airflow/example_dags/subdags/subdag.py
[2021-03-22 03:24:36,218] {scheduler_job.py:629} INFO - Processing file /Users/akshaybhoge/PycharmProjects/venvEdgar/lib/python3.7/site-packages/airflow/example_dags/subdags/subdag.py for tasks to queue
[2021-03-22 03:24:36,219] {logging_mixin.py:104} INFO - [2021-03-22 03:24:36,218] {dagbag.py:448} INFO - Filling up the DagBag from /Users/akshaybhoge/PycharmProjects/venvEdgar/lib/python3.7/site-packages/airflow/example_dags/subdags/subdag.py
[2021-03-22 03:24:36,222] {scheduler_job.py:641} WARNING - No viable dags retrieved from /Users/akshaybhoge/PycharmProjects/venvEdgar/lib/python3.7/site-packages/airflow/example_dags/subdags/subdag.py
[2021-03-22 03:24:36,229] {scheduler_job.py:190} INFO - Processing /Users/akshaybhoge/PycharmProjects/venvEdgar/lib/python3.7/site-packages/airflow/example_dags/subdags/subdag.py took 0.016 seconds
[2021-03-22 03:28:02,629] {scheduler_job.py:182} INFO - Started process (PID=29241) to work on /Users/akshaybhoge/PycharmProjects/venvEdgar/lib/python3.7/site-packages/airflow/example_dags/subdags/subdag.py
[2021-03-22 03:28:02,631] {scheduler_job.py:629} INFO - Processing file /Users/akshaybhoge/PycharmProjects/venvEdgar/lib/python3.7/site-packages/airflow/example_dags/subdags/subdag.py for tasks to queue
[2021-03-22 03:28:02,632] {logging_mixin.py:104} INFO - [2021-03-22 03:28:02,631] {dagbag.py:448} INFO - Filling up the DagBag from /Users/akshaybhoge/PycharmProjects/venvEdgar/lib/python3.7/site-packages/airflow/example_dags/subdags/subdag.py
[2021-03-22 03:28:02,634] {scheduler_job.py:641} WARNING - No viable dags retrieved from /Users/akshaybhoge/PycharmProjects/venvEdgar/lib/python3.7/site-packages/airflow/example_dags/subdags/subdag.py
[2021-03-22 03:28:02,640] {scheduler_job.py:190} INFO - Processing /Users/akshaybhoge/PycharmProjects/venvEdgar/lib/python3.7/site-packages/airflow/example_dags/subdags/subdag.py took 0.014 seconds
[2021-03-22 03:28:36,941] {scheduler_job.py:182} INFO - Started process (PID=29285) to work on /Users/akshaybhoge/PycharmProjects/venvEdgar/lib/python3.7/site-packages/airflow/example_dags/subdags/subdag.py
[2021-03-22 03:28:36,943] {scheduler_job.py:629} INFO - Processing file /Users/akshaybhoge/PycharmProjects/venvEdgar/lib/python3.7/site-packages/airflow/example_dags/subdags/subdag.py for tasks to queue
[2021-03-22 03:28:36,944] {logging_mixin.py:104} INFO - [2021-03-22 03:28:36,944] {dagbag.py:448} INFO - Filling up the DagBag from /Users/akshaybhoge/PycharmProjects/venvEdgar/lib/python3.7/site-packages/airflow/example_dags/subdags/subdag.py
[2021-03-22 03:28:36,948] {scheduler_job.py:641} WARNING - No viable dags retrieved from /Users/akshaybhoge/PycharmProjects/venvEdgar/lib/python3.7/site-packages/airflow/example_dags/subdags/subdag.py
[2021-03-22 03:28:36,956] {scheduler_job.py:190} INFO - Processing /Users/akshaybhoge/PycharmProjects/venvEdgar/lib/python3.7/site-packages/airflow/example_dags/subdags/subdag.py took 0.018 seconds
[2021-03-22 03:29:09,608] {scheduler_job.py:182} INFO - Started process (PID=29331) to work on /Users/akshaybhoge/PycharmProjects/venvEdgar/lib/python3.7/site-packages/airflow/example_dags/subdags/subdag.py
[2021-03-22 03:29:09,611] {scheduler_job.py:629} INFO - Processing file /Users/akshaybhoge/PycharmProjects/venvEdgar/lib/python3.7/site-packages/airflow/example_dags/subdags/subdag.py for tasks to queue
[2021-03-22 03:29:09,612] {logging_mixin.py:104} INFO - [2021-03-22 03:29:09,612] {dagbag.py:448} INFO - Filling up the DagBag from /Users/akshaybhoge/PycharmProjects/venvEdgar/lib/python3.7/site-packages/airflow/example_dags/subdags/subdag.py
[2021-03-22 03:29:09,616] {scheduler_job.py:641} WARNING - No viable dags retrieved from /Users/akshaybhoge/PycharmProjects/venvEdgar/lib/python3.7/site-packages/airflow/example_dags/subdags/subdag.py
[2021-03-22 03:29:09,623] {scheduler_job.py:190} INFO - Processing /Users/akshaybhoge/PycharmProjects/venvEdgar/lib/python3.7/site-packages/airflow/example_dags/subdags/subdag.py took 0.019 seconds
[2021-03-22 03:29:43,086] {scheduler_job.py:182} INFO - Started process (PID=29367) to work on /Users/akshaybhoge/PycharmProjects/venvEdgar/lib/python3.7/site-packages/airflow/example_dags/subdags/subdag.py
[2021-03-22 03:29:43,088] {scheduler_job.py:629} INFO - Processing file /Users/akshaybhoge/PycharmProjects/venvEdgar/lib/python3.7/site-packages/airflow/example_dags/subdags/subdag.py for tasks to queue
[2021-03-22 03:29:43,089] {logging_mixin.py:104} INFO - [2021-03-22 03:29:43,089] {dagbag.py:448} INFO - Filling up the DagBag from /Users/akshaybhoge/PycharmProjects/venvEdgar/lib/python3.7/site-packages/airflow/example_dags/subdags/subdag.py
[2021-03-22 03:29:43,092] {scheduler_job.py:641} WARNING - No viable dags retrieved from /Users/akshaybhoge/PycharmProjects/venvEdgar/lib/python3.7/site-packages/airflow/example_dags/subdags/subdag.py
[2021-03-22 03:29:43,098] {scheduler_job.py:190} INFO - Processing /Users/akshaybhoge/PycharmProjects/venvEdgar/lib/python3.7/site-packages/airflow/example_dags/subdags/subdag.py took 0.017 seconds
[2021-03-22 03:30:14,509] {scheduler_job.py:182} INFO - Started process (PID=29410) to work on /Users/akshaybhoge/PycharmProjects/venvEdgar/lib/python3.7/site-packages/airflow/example_dags/subdags/subdag.py
[2021-03-22 03:30:14,511] {scheduler_job.py:629} INFO - Processing file /Users/akshaybhoge/PycharmProjects/venvEdgar/lib/python3.7/site-packages/airflow/example_dags/subdags/subdag.py for tasks to queue
[2021-03-22 03:30:14,512] {logging_mixin.py:104} INFO - [2021-03-22 03:30:14,512] {dagbag.py:448} INFO - Filling up the DagBag from /Users/akshaybhoge/PycharmProjects/venvEdgar/lib/python3.7/site-packages/airflow/example_dags/subdags/subdag.py
[2021-03-22 03:30:14,516] {scheduler_job.py:641} WARNING - No viable dags retrieved from /Users/akshaybhoge/PycharmProjects/venvEdgar/lib/python3.7/site-packages/airflow/example_dags/subdags/subdag.py
[2021-03-22 03:30:14,523] {scheduler_job.py:190} INFO - Processing /Users/akshaybhoge/PycharmProjects/venvEdgar/lib/python3.7/site-packages/airflow/example_dags/subdags/subdag.py took 0.017 seconds
[2021-03-22 03:30:46,510] {scheduler_job.py:182} INFO - Started process (PID=29449) to work on /Users/akshaybhoge/PycharmProjects/venvEdgar/lib/python3.7/site-packages/airflow/example_dags/subdags/subdag.py
[2021-03-22 03:30:46,511] {scheduler_job.py:629} INFO - Processing file /Users/akshaybhoge/PycharmProjects/venvEdgar/lib/python3.7/site-packages/airflow/example_dags/subdags/subdag.py for tasks to queue
[2021-03-22 03:30:46,513] {logging_mixin.py:104} INFO - [2021-03-22 03:30:46,512] {dagbag.py:448} INFO - Filling up the DagBag from /Users/akshaybhoge/PycharmProjects/venvEdgar/lib/python3.7/site-packages/airflow/example_dags/subdags/subdag.py
[2021-03-22 03:30:46,516] {scheduler_job.py:641} WARNING - No viable dags retrieved from /Users/akshaybhoge/PycharmProjects/venvEdgar/lib/python3.7/site-packages/airflow/example_dags/subdags/subdag.py
[2021-03-22 03:30:46,524] {scheduler_job.py:190} INFO - Processing /Users/akshaybhoge/PycharmProjects/venvEdgar/lib/python3.7/site-packages/airflow/example_dags/subdags/subdag.py took 0.018 seconds
[2021-03-22 03:31:18,613] {scheduler_job.py:182} INFO - Started process (PID=29482) to work on /Users/akshaybhoge/PycharmProjects/venvEdgar/lib/python3.7/site-packages/airflow/example_dags/subdags/subdag.py
[2021-03-22 03:31:18,614] {scheduler_job.py:629} INFO - Processing file /Users/akshaybhoge/PycharmProjects/venvEdgar/lib/python3.7/site-packages/airflow/example_dags/subdags/subdag.py for tasks to queue
[2021-03-22 03:31:18,615] {logging_mixin.py:104} INFO - [2021-03-22 03:31:18,615] {dagbag.py:448} INFO - Filling up the DagBag from /Users/akshaybhoge/PycharmProjects/venvEdgar/lib/python3.7/site-packages/airflow/example_dags/subdags/subdag.py
[2021-03-22 03:31:18,618] {scheduler_job.py:641} WARNING - No viable dags retrieved from /Users/akshaybhoge/PycharmProjects/venvEdgar/lib/python3.7/site-packages/airflow/example_dags/subdags/subdag.py
[2021-03-22 03:31:18,626] {scheduler_job.py:190} INFO - Processing /Users/akshaybhoge/PycharmProjects/venvEdgar/lib/python3.7/site-packages/airflow/example_dags/subdags/subdag.py took 0.016 seconds
[2021-03-22 03:31:50,610] {scheduler_job.py:182} INFO - Started process (PID=29513) to work on /Users/akshaybhoge/PycharmProjects/venvEdgar/lib/python3.7/site-packages/airflow/example_dags/subdags/subdag.py
[2021-03-22 03:31:50,611] {scheduler_job.py:629} INFO - Processing file /Users/akshaybhoge/PycharmProjects/venvEdgar/lib/python3.7/site-packages/airflow/example_dags/subdags/subdag.py for tasks to queue
[2021-03-22 03:31:50,613] {logging_mixin.py:104} INFO - [2021-03-22 03:31:50,612] {dagbag.py:448} INFO - Filling up the DagBag from /Users/akshaybhoge/PycharmProjects/venvEdgar/lib/python3.7/site-packages/airflow/example_dags/subdags/subdag.py
[2021-03-22 03:31:50,616] {scheduler_job.py:641} WARNING - No viable dags retrieved from /Users/akshaybhoge/PycharmProjects/venvEdgar/lib/python3.7/site-packages/airflow/example_dags/subdags/subdag.py
[2021-03-22 03:31:50,625] {scheduler_job.py:190} INFO - Processing /Users/akshaybhoge/PycharmProjects/venvEdgar/lib/python3.7/site-packages/airflow/example_dags/subdags/subdag.py took 0.019 seconds
[2021-03-22 03:32:22,821] {scheduler_job.py:182} INFO - Started process (PID=29548) to work on /Users/akshaybhoge/PycharmProjects/venvEdgar/lib/python3.7/site-packages/airflow/example_dags/subdags/subdag.py
[2021-03-22 03:32:22,825] {scheduler_job.py:629} INFO - Processing file /Users/akshaybhoge/PycharmProjects/venvEdgar/lib/python3.7/site-packages/airflow/example_dags/subdags/subdag.py for tasks to queue
[2021-03-22 03:32:22,826] {logging_mixin.py:104} INFO - [2021-03-22 03:32:22,826] {dagbag.py:448} INFO - Filling up the DagBag from /Users/akshaybhoge/PycharmProjects/venvEdgar/lib/python3.7/site-packages/airflow/example_dags/subdags/subdag.py
[2021-03-22 03:32:22,830] {scheduler_job.py:641} WARNING - No viable dags retrieved from /Users/akshaybhoge/PycharmProjects/venvEdgar/lib/python3.7/site-packages/airflow/example_dags/subdags/subdag.py
[2021-03-22 03:32:22,837] {scheduler_job.py:190} INFO - Processing /Users/akshaybhoge/PycharmProjects/venvEdgar/lib/python3.7/site-packages/airflow/example_dags/subdags/subdag.py took 0.019 seconds
[2021-03-22 03:32:54,920] {scheduler_job.py:182} INFO - Started process (PID=29582) to work on /Users/akshaybhoge/PycharmProjects/venvEdgar/lib/python3.7/site-packages/airflow/example_dags/subdags/subdag.py
[2021-03-22 03:32:54,922] {scheduler_job.py:629} INFO - Processing file /Users/akshaybhoge/PycharmProjects/venvEdgar/lib/python3.7/site-packages/airflow/example_dags/subdags/subdag.py for tasks to queue
[2021-03-22 03:32:54,923] {logging_mixin.py:104} INFO - [2021-03-22 03:32:54,922] {dagbag.py:448} INFO - Filling up the DagBag from /Users/akshaybhoge/PycharmProjects/venvEdgar/lib/python3.7/site-packages/airflow/example_dags/subdags/subdag.py
[2021-03-22 03:32:54,926] {scheduler_job.py:641} WARNING - No viable dags retrieved from /Users/akshaybhoge/PycharmProjects/venvEdgar/lib/python3.7/site-packages/airflow/example_dags/subdags/subdag.py
[2021-03-22 03:32:54,932] {scheduler_job.py:190} INFO - Processing /Users/akshaybhoge/PycharmProjects/venvEdgar/lib/python3.7/site-packages/airflow/example_dags/subdags/subdag.py took 0.015 seconds
[2021-03-22 03:35:38,259] {scheduler_job.py:182} INFO - Started process (PID=29722) to work on /Users/akshaybhoge/PycharmProjects/venvEdgar/lib/python3.7/site-packages/airflow/example_dags/subdags/subdag.py
[2021-03-22 03:35:38,260] {scheduler_job.py:629} INFO - Processing file /Users/akshaybhoge/PycharmProjects/venvEdgar/lib/python3.7/site-packages/airflow/example_dags/subdags/subdag.py for tasks to queue
[2021-03-22 03:35:38,261] {logging_mixin.py:104} INFO - [2021-03-22 03:35:38,261] {dagbag.py:448} INFO - Filling up the DagBag from /Users/akshaybhoge/PycharmProjects/venvEdgar/lib/python3.7/site-packages/airflow/example_dags/subdags/subdag.py
[2021-03-22 03:35:38,265] {scheduler_job.py:641} WARNING - No viable dags retrieved from /Users/akshaybhoge/PycharmProjects/venvEdgar/lib/python3.7/site-packages/airflow/example_dags/subdags/subdag.py
[2021-03-22 03:35:38,271] {scheduler_job.py:190} INFO - Processing /Users/akshaybhoge/PycharmProjects/venvEdgar/lib/python3.7/site-packages/airflow/example_dags/subdags/subdag.py took 0.016 seconds
[2021-03-22 03:39:29,163] {scheduler_job.py:182} INFO - Started process (PID=29850) to work on /Users/akshaybhoge/PycharmProjects/venvEdgar/lib/python3.7/site-packages/airflow/example_dags/subdags/subdag.py
[2021-03-22 03:39:29,166] {scheduler_job.py:629} INFO - Processing file /Users/akshaybhoge/PycharmProjects/venvEdgar/lib/python3.7/site-packages/airflow/example_dags/subdags/subdag.py for tasks to queue
[2021-03-22 03:39:29,167] {logging_mixin.py:104} INFO - [2021-03-22 03:39:29,167] {dagbag.py:448} INFO - Filling up the DagBag from /Users/akshaybhoge/PycharmProjects/venvEdgar/lib/python3.7/site-packages/airflow/example_dags/subdags/subdag.py
[2021-03-22 03:39:29,171] {scheduler_job.py:641} WARNING - No viable dags retrieved from /Users/akshaybhoge/PycharmProjects/venvEdgar/lib/python3.7/site-packages/airflow/example_dags/subdags/subdag.py
[2021-03-22 03:39:29,178] {scheduler_job.py:190} INFO - Processing /Users/akshaybhoge/PycharmProjects/venvEdgar/lib/python3.7/site-packages/airflow/example_dags/subdags/subdag.py took 0.018 seconds
[2021-03-22 03:40:00,067] {scheduler_job.py:182} INFO - Started process (PID=29886) to work on /Users/akshaybhoge/PycharmProjects/venvEdgar/lib/python3.7/site-packages/airflow/example_dags/subdags/subdag.py
[2021-03-22 03:40:00,068] {scheduler_job.py:629} INFO - Processing file /Users/akshaybhoge/PycharmProjects/venvEdgar/lib/python3.7/site-packages/airflow/example_dags/subdags/subdag.py for tasks to queue
[2021-03-22 03:40:00,069] {logging_mixin.py:104} INFO - [2021-03-22 03:40:00,069] {dagbag.py:448} INFO - Filling up the DagBag from /Users/akshaybhoge/PycharmProjects/venvEdgar/lib/python3.7/site-packages/airflow/example_dags/subdags/subdag.py
[2021-03-22 03:40:00,073] {scheduler_job.py:641} WARNING - No viable dags retrieved from /Users/akshaybhoge/PycharmProjects/venvEdgar/lib/python3.7/site-packages/airflow/example_dags/subdags/subdag.py
[2021-03-22 03:40:00,082] {scheduler_job.py:190} INFO - Processing /Users/akshaybhoge/PycharmProjects/venvEdgar/lib/python3.7/site-packages/airflow/example_dags/subdags/subdag.py took 0.018 seconds
[2021-03-22 03:40:30,844] {scheduler_job.py:182} INFO - Started process (PID=29922) to work on /Users/akshaybhoge/PycharmProjects/venvEdgar/lib/python3.7/site-packages/airflow/example_dags/subdags/subdag.py
[2021-03-22 03:40:30,846] {scheduler_job.py:629} INFO - Processing file /Users/akshaybhoge/PycharmProjects/venvEdgar/lib/python3.7/site-packages/airflow/example_dags/subdags/subdag.py for tasks to queue
[2021-03-22 03:40:30,847] {logging_mixin.py:104} INFO - [2021-03-22 03:40:30,846] {dagbag.py:448} INFO - Filling up the DagBag from /Users/akshaybhoge/PycharmProjects/venvEdgar/lib/python3.7/site-packages/airflow/example_dags/subdags/subdag.py
[2021-03-22 03:40:30,850] {scheduler_job.py:641} WARNING - No viable dags retrieved from /Users/akshaybhoge/PycharmProjects/venvEdgar/lib/python3.7/site-packages/airflow/example_dags/subdags/subdag.py
[2021-03-22 03:40:30,857] {scheduler_job.py:190} INFO - Processing /Users/akshaybhoge/PycharmProjects/venvEdgar/lib/python3.7/site-packages/airflow/example_dags/subdags/subdag.py took 0.016 seconds
[2021-03-22 03:41:01,363] {scheduler_job.py:182} INFO - Started process (PID=29955) to work on /Users/akshaybhoge/PycharmProjects/venvEdgar/lib/python3.7/site-packages/airflow/example_dags/subdags/subdag.py
[2021-03-22 03:41:01,366] {scheduler_job.py:629} INFO - Processing file /Users/akshaybhoge/PycharmProjects/venvEdgar/lib/python3.7/site-packages/airflow/example_dags/subdags/subdag.py for tasks to queue
[2021-03-22 03:41:01,367] {logging_mixin.py:104} INFO - [2021-03-22 03:41:01,366] {dagbag.py:448} INFO - Filling up the DagBag from /Users/akshaybhoge/PycharmProjects/venvEdgar/lib/python3.7/site-packages/airflow/example_dags/subdags/subdag.py
[2021-03-22 03:41:01,370] {scheduler_job.py:641} WARNING - No viable dags retrieved from /Users/akshaybhoge/PycharmProjects/venvEdgar/lib/python3.7/site-packages/airflow/example_dags/subdags/subdag.py
[2021-03-22 03:41:01,377] {scheduler_job.py:190} INFO - Processing /Users/akshaybhoge/PycharmProjects/venvEdgar/lib/python3.7/site-packages/airflow/example_dags/subdags/subdag.py took 0.017 seconds
[2021-03-22 03:41:33,567] {scheduler_job.py:182} INFO - Started process (PID=29999) to work on /Users/akshaybhoge/PycharmProjects/venvEdgar/lib/python3.7/site-packages/airflow/example_dags/subdags/subdag.py
[2021-03-22 03:41:33,569] {scheduler_job.py:629} INFO - Processing file /Users/akshaybhoge/PycharmProjects/venvEdgar/lib/python3.7/site-packages/airflow/example_dags/subdags/subdag.py for tasks to queue
[2021-03-22 03:41:33,570] {logging_mixin.py:104} INFO - [2021-03-22 03:41:33,570] {dagbag.py:448} INFO - Filling up the DagBag from /Users/akshaybhoge/PycharmProjects/venvEdgar/lib/python3.7/site-packages/airflow/example_dags/subdags/subdag.py
[2021-03-22 03:41:33,573] {scheduler_job.py:641} WARNING - No viable dags retrieved from /Users/akshaybhoge/PycharmProjects/venvEdgar/lib/python3.7/site-packages/airflow/example_dags/subdags/subdag.py
[2021-03-22 03:41:33,579] {scheduler_job.py:190} INFO - Processing /Users/akshaybhoge/PycharmProjects/venvEdgar/lib/python3.7/site-packages/airflow/example_dags/subdags/subdag.py took 0.015 seconds
[2021-03-22 03:42:03,899] {scheduler_job.py:182} INFO - Started process (PID=30034) to work on /Users/akshaybhoge/PycharmProjects/venvEdgar/lib/python3.7/site-packages/airflow/example_dags/subdags/subdag.py
[2021-03-22 03:42:03,901] {scheduler_job.py:629} INFO - Processing file /Users/akshaybhoge/PycharmProjects/venvEdgar/lib/python3.7/site-packages/airflow/example_dags/subdags/subdag.py for tasks to queue
[2021-03-22 03:42:03,902] {logging_mixin.py:104} INFO - [2021-03-22 03:42:03,902] {dagbag.py:448} INFO - Filling up the DagBag from /Users/akshaybhoge/PycharmProjects/venvEdgar/lib/python3.7/site-packages/airflow/example_dags/subdags/subdag.py
[2021-03-22 03:42:03,905] {scheduler_job.py:641} WARNING - No viable dags retrieved from /Users/akshaybhoge/PycharmProjects/venvEdgar/lib/python3.7/site-packages/airflow/example_dags/subdags/subdag.py
[2021-03-22 03:42:03,912] {scheduler_job.py:190} INFO - Processing /Users/akshaybhoge/PycharmProjects/venvEdgar/lib/python3.7/site-packages/airflow/example_dags/subdags/subdag.py took 0.016 seconds
[2021-03-22 03:42:36,511] {scheduler_job.py:182} INFO - Started process (PID=30074) to work on /Users/akshaybhoge/PycharmProjects/venvEdgar/lib/python3.7/site-packages/airflow/example_dags/subdags/subdag.py
[2021-03-22 03:42:36,513] {scheduler_job.py:629} INFO - Processing file /Users/akshaybhoge/PycharmProjects/venvEdgar/lib/python3.7/site-packages/airflow/example_dags/subdags/subdag.py for tasks to queue
[2021-03-22 03:42:36,514] {logging_mixin.py:104} INFO - [2021-03-22 03:42:36,514] {dagbag.py:448} INFO - Filling up the DagBag from /Users/akshaybhoge/PycharmProjects/venvEdgar/lib/python3.7/site-packages/airflow/example_dags/subdags/subdag.py
[2021-03-22 03:42:36,518] {scheduler_job.py:641} WARNING - No viable dags retrieved from /Users/akshaybhoge/PycharmProjects/venvEdgar/lib/python3.7/site-packages/airflow/example_dags/subdags/subdag.py
[2021-03-22 03:42:36,525] {scheduler_job.py:190} INFO - Processing /Users/akshaybhoge/PycharmProjects/venvEdgar/lib/python3.7/site-packages/airflow/example_dags/subdags/subdag.py took 0.018 seconds
[2021-03-22 03:43:10,636] {scheduler_job.py:182} INFO - Started process (PID=30118) to work on /Users/akshaybhoge/PycharmProjects/venvEdgar/lib/python3.7/site-packages/airflow/example_dags/subdags/subdag.py
[2021-03-22 03:43:10,637] {scheduler_job.py:629} INFO - Processing file /Users/akshaybhoge/PycharmProjects/venvEdgar/lib/python3.7/site-packages/airflow/example_dags/subdags/subdag.py for tasks to queue
[2021-03-22 03:43:10,639] {logging_mixin.py:104} INFO - [2021-03-22 03:43:10,638] {dagbag.py:448} INFO - Filling up the DagBag from /Users/akshaybhoge/PycharmProjects/venvEdgar/lib/python3.7/site-packages/airflow/example_dags/subdags/subdag.py
[2021-03-22 03:43:10,642] {scheduler_job.py:641} WARNING - No viable dags retrieved from /Users/akshaybhoge/PycharmProjects/venvEdgar/lib/python3.7/site-packages/airflow/example_dags/subdags/subdag.py
[2021-03-22 03:43:10,647] {scheduler_job.py:190} INFO - Processing /Users/akshaybhoge/PycharmProjects/venvEdgar/lib/python3.7/site-packages/airflow/example_dags/subdags/subdag.py took 0.014 seconds
[2021-03-22 03:44:05,729] {scheduler_job.py:182} INFO - Started process (PID=30162) to work on /Users/akshaybhoge/PycharmProjects/venvEdgar/lib/python3.7/site-packages/airflow/example_dags/subdags/subdag.py
[2021-03-22 03:44:05,732] {scheduler_job.py:629} INFO - Processing file /Users/akshaybhoge/PycharmProjects/venvEdgar/lib/python3.7/site-packages/airflow/example_dags/subdags/subdag.py for tasks to queue
[2021-03-22 03:44:05,733] {logging_mixin.py:104} INFO - [2021-03-22 03:44:05,733] {dagbag.py:448} INFO - Filling up the DagBag from /Users/akshaybhoge/PycharmProjects/venvEdgar/lib/python3.7/site-packages/airflow/example_dags/subdags/subdag.py
[2021-03-22 03:44:05,737] {scheduler_job.py:641} WARNING - No viable dags retrieved from /Users/akshaybhoge/PycharmProjects/venvEdgar/lib/python3.7/site-packages/airflow/example_dags/subdags/subdag.py
[2021-03-22 03:44:05,745] {scheduler_job.py:190} INFO - Processing /Users/akshaybhoge/PycharmProjects/venvEdgar/lib/python3.7/site-packages/airflow/example_dags/subdags/subdag.py took 0.019 seconds
[2021-03-22 03:45:05,964] {scheduler_job.py:182} INFO - Started process (PID=30208) to work on /Users/akshaybhoge/PycharmProjects/venvEdgar/lib/python3.7/site-packages/airflow/example_dags/subdags/subdag.py
[2021-03-22 03:45:05,966] {scheduler_job.py:629} INFO - Processing file /Users/akshaybhoge/PycharmProjects/venvEdgar/lib/python3.7/site-packages/airflow/example_dags/subdags/subdag.py for tasks to queue
[2021-03-22 03:45:05,968] {logging_mixin.py:104} INFO - [2021-03-22 03:45:05,967] {dagbag.py:448} INFO - Filling up the DagBag from /Users/akshaybhoge/PycharmProjects/venvEdgar/lib/python3.7/site-packages/airflow/example_dags/subdags/subdag.py
[2021-03-22 03:45:05,972] {scheduler_job.py:641} WARNING - No viable dags retrieved from /Users/akshaybhoge/PycharmProjects/venvEdgar/lib/python3.7/site-packages/airflow/example_dags/subdags/subdag.py
[2021-03-22 03:45:05,979] {scheduler_job.py:190} INFO - Processing /Users/akshaybhoge/PycharmProjects/venvEdgar/lib/python3.7/site-packages/airflow/example_dags/subdags/subdag.py took 0.018 seconds
